<?xml version="1.0" encoding="UTF-8"?>
<coverage generated="1769651554092" clover="3.2.0">
  <project timestamp="1769651554092" name="All files">
    <metrics statements="8328" coveredstatements="491" conditionals="7897" coveredconditionals="314" methods="1443" coveredmethods="95" elements="17668" coveredelements="900" complexity="0" loc="8328" ncloc="8328" packages="13" files="104" classes="104"/>
    <package name="server">
      <metrics statements="1884" coveredstatements="16" conditionals="2072" coveredconditionals="0" methods="286" coveredmethods="3"/>
      <file name="checkDatabase.ts" path="/Users/filipevpeixoto/Downloads/7care-producao-sem-offline-main/server/checkDatabase.ts">
        <metrics statements="27" coveredstatements="0" conditionals="6" coveredconditionals="0" methods="4" coveredmethods="0"/>
        <line num="5" count="0" type="stmt"/>
        <line num="6" count="0" type="stmt"/>
        <line num="9" count="0" type="stmt"/>
        <line num="11" count="0" type="stmt"/>
        <line num="13" count="0" type="stmt"/>
        <line num="14" count="0" type="stmt"/>
        <line num="15" count="0" type="stmt"/>
        <line num="17" count="0" type="cond" truecount="0" falsecount="2"/>
        <line num="18" count="0" type="stmt"/>
        <line num="19" count="0" type="stmt"/>
        <line num="20" count="0" type="stmt"/>
        <line num="23" count="0" type="stmt"/>
        <line num="27" count="0" type="stmt"/>
        <line num="28" count="0" type="stmt"/>
        <line num="30" count="0" type="cond" truecount="0" falsecount="2"/>
        <line num="31" count="0" type="stmt"/>
        <line num="32" count="0" type="stmt"/>
        <line num="33" count="0" type="stmt"/>
        <line num="38" count="0" type="stmt"/>
        <line num="39" count="0" type="stmt"/>
        <line num="41" count="0" type="cond" truecount="0" falsecount="2"/>
        <line num="42" count="0" type="stmt"/>
        <line num="43" count="0" type="stmt"/>
        <line num="44" count="0" type="stmt"/>
        <line num="49" count="0" type="stmt"/>
        <line num="52" count="0" type="stmt"/>
        <line num="55" count="0" type="stmt"/>
      </file>
      <file name="config.ts" path="/Users/filipevpeixoto/Downloads/7care-producao-sem-offline-main/server/config.ts">
        <metrics statements="1" coveredstatements="0" conditionals="2" coveredconditionals="0" methods="0" coveredmethods="0"/>
        <line num="1" count="0" type="stmt"/>
      </file>
      <file name="constants.ts" path="/Users/filipevpeixoto/Downloads/7care-producao-sem-offline-main/server/constants.ts">
        <metrics statements="16" coveredstatements="16" conditionals="0" coveredconditionals="0" methods="3" coveredmethods="3"/>
        <line num="14" count="1" type="stmt"/>
        <line num="21" count="1" type="stmt"/>
        <line num="34" count="1" type="stmt"/>
        <line num="56" count="1" type="stmt"/>
        <line num="77" count="1" type="stmt"/>
        <line num="94" count="1" type="stmt"/>
        <line num="124" count="1" type="stmt"/>
        <line num="157" count="1" type="stmt"/>
        <line num="177" count="1" type="stmt"/>
        <line num="196" count="1" type="stmt"/>
        <line num="205" count="1" type="stmt"/>
        <line num="218" count="1" type="stmt"/>
        <line num="238" count="1" type="stmt"/>
        <line num="244" count="1" type="stmt"/>
        <line num="245" count="1" type="stmt"/>
        <line num="246" count="1" type="stmt"/>
      </file>
      <file name="container.ts" path="/Users/filipevpeixoto/Downloads/7care-producao-sem-offline-main/server/container.ts">
        <metrics statements="62" coveredstatements="0" conditionals="6" coveredconditionals="0" methods="13" coveredmethods="0"/>
        <line num="9" count="0" type="stmt"/>
        <line num="10" count="0" type="stmt"/>
        <line num="11" count="0" type="stmt"/>
        <line num="12" count="0" type="stmt"/>
        <line num="13" count="0" type="stmt"/>
        <line num="14" count="0" type="stmt"/>
        <line num="15" count="0" type="stmt"/>
        <line num="16" count="0" type="stmt"/>
        <line num="17" count="0" type="stmt"/>
        <line num="18" count="0" type="stmt"/>
        <line num="19" count="0" type="stmt"/>
        <line num="20" count="0" type="stmt"/>
        <line num="21" count="0" type="stmt"/>
        <line num="22" count="0" type="stmt"/>
        <line num="23" count="0" type="stmt"/>
        <line num="24" count="0" type="stmt"/>
        <line num="75" count="0" type="stmt"/>
        <line num="76" count="0" type="stmt"/>
        <line num="79" count="0" type="stmt"/>
        <line num="87" count="0" type="stmt"/>
        <line num="88" count="0" type="stmt"/>
        <line num="89" count="0" type="stmt"/>
        <line num="90" count="0" type="stmt"/>
        <line num="91" count="0" type="stmt"/>
        <line num="92" count="0" type="stmt"/>
        <line num="93" count="0" type="stmt"/>
        <line num="94" count="0" type="stmt"/>
        <line num="95" count="0" type="stmt"/>
        <line num="96" count="0" type="stmt"/>
        <line num="97" count="0" type="stmt"/>
        <line num="98" count="0" type="stmt"/>
        <line num="99" count="0" type="stmt"/>
        <line num="102" count="0" type="stmt"/>
        <line num="103" count="0" type="stmt"/>
        <line num="104" count="0" type="stmt"/>
        <line num="105" count="0" type="stmt"/>
        <line num="112" count="0" type="stmt"/>
        <line num="119" count="0" type="stmt"/>
        <line num="127" count="0" type="cond" truecount="0" falsecount="2"/>
        <line num="128" count="0" type="stmt"/>
        <line num="132" count="0" type="cond" truecount="0" falsecount="2"/>
        <line num="133" count="0" type="stmt"/>
        <line num="134" count="0" type="stmt"/>
        <line num="135" count="0" type="stmt"/>
        <line num="136" count="0" type="stmt"/>
        <line num="139" count="0" type="stmt"/>
        <line num="146" count="0" type="cond" truecount="0" falsecount="2"/>
        <line num="153" count="0" type="stmt"/>
        <line num="154" count="0" type="stmt"/>
        <line num="161" count="0" type="stmt"/>
        <line num="162" count="0" type="stmt"/>
        <line num="163" count="0" type="stmt"/>
        <line num="170" count="0" type="stmt"/>
        <line num="172" count="0" type="stmt"/>
        <line num="173" count="0" type="stmt"/>
        <line num="175" count="0" type="stmt"/>
        <line num="176" count="0" type="stmt"/>
        <line num="178" count="0" type="stmt"/>
        <line num="183" count="0" type="stmt"/>
        <line num="186" count="0" type="stmt"/>
        <line num="187" count="0" type="stmt"/>
        <line num="189" count="0" type="stmt"/>
      </file>
      <file name="createRelationshipsTable.ts" path="/Users/filipevpeixoto/Downloads/7care-producao-sem-offline-main/server/createRelationshipsTable.ts">
        <metrics statements="10" coveredstatements="0" conditionals="2" coveredconditionals="0" methods="1" coveredmethods="0"/>
        <line num="1" count="0" type="stmt"/>
        <line num="3" count="0" type="cond" truecount="0" falsecount="2"/>
        <line num="5" count="0" type="stmt"/>
        <line num="6" count="0" type="stmt"/>
        <line num="7" count="0" type="stmt"/>
        <line num="9" count="0" type="stmt"/>
        <line num="21" count="0" type="stmt"/>
        <line num="22" count="0" type="stmt"/>
        <line num="24" count="0" type="stmt"/>
        <line num="25" count="0" type="stmt"/>
      </file>
      <file name="createSuperAdmin.ts" path="/Users/filipevpeixoto/Downloads/7care-producao-sem-offline-main/server/createSuperAdmin.ts">
        <metrics statements="25" coveredstatements="0" conditionals="2" coveredconditionals="0" methods="1" coveredmethods="0"/>
        <line num="5" count="0" type="stmt"/>
        <line num="6" count="0" type="stmt"/>
        <line num="7" count="0" type="stmt"/>
        <line num="10" count="0" type="stmt"/>
        <line num="12" count="0" type="stmt"/>
        <line num="14" count="0" type="stmt"/>
        <line num="16" count="0" type="stmt"/>
        <line num="17" count="0" type="cond" truecount="0" falsecount="2"/>
        <line num="18" count="0" type="stmt"/>
        <line num="19" count="0" type="stmt"/>
        <line num="20" count="0" type="stmt"/>
        <line num="21" count="0" type="stmt"/>
        <line num="25" count="0" type="stmt"/>
        <line num="27" count="0" type="stmt"/>
        <line num="70" count="0" type="stmt"/>
        <line num="71" count="0" type="stmt"/>
        <line num="72" count="0" type="stmt"/>
        <line num="73" count="0" type="stmt"/>
        <line num="74" count="0" type="stmt"/>
        <line num="75" count="0" type="stmt"/>
        <line num="76" count="0" type="stmt"/>
        <line num="79" count="0" type="stmt"/>
        <line num="80" count="0" type="stmt"/>
        <line num="83" count="0" type="stmt"/>
        <line num="86" count="0" type="stmt"/>
      </file>
      <file name="index.ts" path="/Users/filipevpeixoto/Downloads/7care-producao-sem-offline-main/server/index.ts">
        <metrics statements="88" coveredstatements="0" conditionals="44" coveredconditionals="0" methods="12" coveredmethods="0"/>
        <line num="1" count="0" type="stmt"/>
        <line num="2" count="0" type="stmt"/>
        <line num="3" count="0" type="stmt"/>
        <line num="4" count="0" type="stmt"/>
        <line num="5" count="0" type="stmt"/>
        <line num="6" count="0" type="stmt"/>
        <line num="7" count="0" type="stmt"/>
        <line num="8" count="0" type="stmt"/>
        <line num="9" count="0" type="stmt"/>
        <line num="10" count="0" type="stmt"/>
        <line num="12" count="0" type="stmt"/>
        <line num="15" count="0" type="stmt"/>
        <line num="18" count="0" type="stmt"/>
        <line num="24" count="0" type="stmt"/>
        <line num="26" count="0" type="cond" truecount="0" falsecount="2"/>
        <line num="27" count="0" type="stmt"/>
        <line num="29" count="0" type="stmt"/>
        <line num="34" count="0" type="stmt"/>
        <line num="35" count="0" type="cond" truecount="0" falsecount="2"/>
        <line num="37" count="0" type="stmt"/>
        <line num="39" count="0" type="stmt"/>
        <line num="40" count="0" type="stmt"/>
        <line num="42" count="0" type="cond" truecount="0" falsecount="5"/>
        <line num="43" count="0" type="stmt"/>
        <line num="44" count="0" type="stmt"/>
        <line num="45" count="0" type="cond" truecount="0" falsecount="2"/>
        <line num="46" count="0" type="stmt"/>
        <line num="49" count="0" type="stmt"/>
        <line num="50" count="0" type="stmt"/>
        <line num="52" count="0" type="cond" truecount="0" falsecount="2"/>
        <line num="53" count="0" type="stmt"/>
        <line num="55" count="0" type="stmt"/>
        <line num="59" count="0" type="stmt"/>
        <line num="60" count="0" type="stmt"/>
        <line num="61" count="0" type="stmt"/>
        <line num="62" count="0" type="stmt"/>
        <line num="63" count="0" type="stmt"/>
        <line num="64" count="0" type="cond" truecount="0" falsecount="2"/>
        <line num="65" count="0" type="stmt"/>
        <line num="67" count="0" type="stmt"/>
        <line num="72" count="0" type="stmt"/>
        <line num="73" count="0" type="stmt"/>
        <line num="76" count="0" type="stmt"/>
        <line num="79" count="0" type="cond" truecount="0" falsecount="2"/>
        <line num="80" count="0" type="stmt"/>
        <line num="86" count="0" type="stmt"/>
        <line num="87" count="0" type="stmt"/>
        <line num="88" count="0" type="stmt"/>
        <line num="92" count="0" type="stmt"/>
        <line num="93" count="0" type="stmt"/>
        <line num="94" count="0" type="stmt"/>
        <line num="95" count="0" type="stmt"/>
        <line num="97" count="0" type="stmt"/>
        <line num="98" count="0" type="stmt"/>
        <line num="99" count="0" type="stmt"/>
        <line num="100" count="0" type="stmt"/>
        <line num="103" count="0" type="stmt"/>
        <line num="104" count="0" type="stmt"/>
        <line num="105" count="0" type="cond" truecount="0" falsecount="2"/>
        <line num="106" count="0" type="stmt"/>
        <line num="107" count="0" type="cond" truecount="0" falsecount="4"/>
        <line num="108" count="0" type="stmt"/>
        <line num="111" count="0" type="cond" truecount="0" falsecount="2"/>
        <line num="112" count="0" type="stmt"/>
        <line num="115" count="0" type="stmt"/>
        <line num="119" count="0" type="stmt"/>
        <line num="123" count="0" type="stmt"/>
        <line num="124" count="0" type="stmt"/>
        <line num="136" count="0" type="stmt"/>
        <line num="139" count="0" type="stmt"/>
        <line num="140" count="0" type="stmt"/>
        <line num="142" count="0" type="stmt"/>
        <line num="143" count="0" type="cond" truecount="0" falsecount="3"/>
        <line num="144" count="0" type="cond" truecount="0" falsecount="2"/>
        <line num="146" count="0" type="stmt"/>
        <line num="147" count="0" type="stmt"/>
        <line num="150" count="0" type="cond" truecount="0" falsecount="2"/>
        <line num="151" count="0" type="stmt"/>
        <line num="153" count="0" type="stmt"/>
        <line num="156" count="0" type="cond" truecount="0" falsecount="2"/>
        <line num="157" count="0" type="stmt"/>
        <line num="161" count="0" type="stmt"/>
        <line num="162" count="0" type="stmt"/>
        <line num="163" count="0" type="cond" truecount="0" falsecount="2"/>
        <line num="164" count="0" type="stmt"/>
        <line num="166" count="0" type="cond" truecount="0" falsecount="2"/>
        <line num="167" count="0" type="stmt"/>
        <line num="170" count="0" type="stmt"/>
      </file>
      <file name="migrateExtraDataToColumns.ts" path="/Users/filipevpeixoto/Downloads/7care-producao-sem-offline-main/server/migrateExtraDataToColumns.ts">
        <metrics statements="51" coveredstatements="0" conditionals="43" coveredconditionals="0" methods="3" coveredmethods="0"/>
        <line num="1" count="0" type="stmt"/>
        <line num="2" count="0" type="stmt"/>
        <line num="5" count="0" type="stmt"/>
        <line num="7" count="0" type="stmt"/>
        <line num="10" count="0" type="stmt"/>
        <line num="12" count="0" type="stmt"/>
        <line num="14" count="0" type="stmt"/>
        <line num="16" count="0" type="stmt"/>
        <line num="36" count="0" type="stmt"/>
        <line num="39" count="0" type="stmt"/>
        <line num="40" count="0" type="stmt"/>
        <line num="41" count="0" type="stmt"/>
        <line num="44" count="0" type="stmt"/>
        <line num="45" count="0" type="stmt"/>
        <line num="46" count="0" type="stmt"/>
        <line num="48" count="0" type="stmt"/>
        <line num="49" count="0" type="stmt"/>
        <line num="50" count="0" type="stmt"/>
        <line num="53" count="0" type="cond" truecount="0" falsecount="2"/>
        <line num="54" count="0" type="cond" truecount="0" falsecount="2"/>
        <line num="55" count="0" type="stmt"/>
        <line num="57" count="0" type="stmt"/>
        <line num="62" count="0" type="cond" truecount="0" falsecount="4"/>
        <line num="63" count="0" type="stmt"/>
        <line num="64" count="0" type="stmt"/>
        <line num="68" count="0" type="cond" truecount="0" falsecount="2"/>
        <line num="69" count="0" type="cond" truecount="0" falsecount="2"/>
        <line num="70" count="0" type="cond" truecount="0" falsecount="2"/>
        <line num="71" count="0" type="cond" truecount="0" falsecount="3"/>
        <line num="74" count="0" type="stmt"/>
        <line num="95" count="0" type="stmt"/>
        <line num="97" count="0" type="cond" truecount="0" falsecount="2"/>
        <line num="98" count="0" type="stmt"/>
        <line num="102" count="0" type="stmt"/>
        <line num="106" count="0" type="stmt"/>
        <line num="107" count="0" type="stmt"/>
        <line num="108" count="0" type="stmt"/>
        <line num="111" count="0" type="stmt"/>
        <line num="113" count="0" type="stmt"/>
        <line num="114" count="0" type="stmt"/>
        <line num="115" count="0" type="stmt"/>
        <line num="116" count="0" type="stmt"/>
        <line num="118" count="0" type="stmt"/>
        <line num="120" count="0" type="stmt"/>
        <line num="123" count="0" type="stmt"/>
        <line num="124" count="0" type="stmt"/>
        <line num="129" count="0" type="stmt"/>
        <line num="131" count="0" type="stmt"/>
        <line num="132" count="0" type="stmt"/>
        <line num="135" count="0" type="stmt"/>
        <line num="136" count="0" type="stmt"/>
      </file>
      <file name="migrateRoles.ts" path="/Users/filipevpeixoto/Downloads/7care-producao-sem-offline-main/server/migrateRoles.ts">
        <metrics statements="58" coveredstatements="0" conditionals="12" coveredconditionals="0" methods="3" coveredmethods="0"/>
        <line num="1" count="0" type="stmt"/>
        <line num="7" count="0" type="stmt"/>
        <line num="8" count="0" type="stmt"/>
        <line num="10" count="0" type="stmt"/>
        <line num="12" count="0" type="stmt"/>
        <line num="13" count="0" type="stmt"/>
        <line num="24" count="0" type="stmt"/>
        <line num="27" count="0" type="stmt"/>
        <line num="28" count="0" type="stmt"/>
        <line num="32" count="0" type="stmt"/>
        <line num="35" count="0" type="stmt"/>
        <line num="36" count="0" type="stmt"/>
        <line num="40" count="0" type="stmt"/>
        <line num="43" count="0" type="stmt"/>
        <line num="44" count="0" type="stmt"/>
        <line num="50" count="0" type="cond" truecount="0" falsecount="4"/>
        <line num="51" count="0" type="stmt"/>
        <line num="54" count="0" type="stmt"/>
        <line num="55" count="0" type="stmt"/>
        <line num="61" count="0" type="stmt"/>
        <line num="64" count="0" type="stmt"/>
        <line num="65" count="0" type="stmt"/>
        <line num="71" count="0" type="cond" truecount="0" falsecount="2"/>
        <line num="72" count="0" type="stmt"/>
        <line num="75" count="0" type="stmt"/>
        <line num="78" count="0" type="cond" truecount="0" falsecount="2"/>
        <line num="79" count="0" type="stmt"/>
        <line num="84" count="0" type="stmt"/>
        <line num="86" count="0" type="stmt"/>
        <line num="91" count="0" type="cond" truecount="0" falsecount="2"/>
        <line num="92" count="0" type="stmt"/>
        <line num="93" count="0" type="stmt"/>
        <line num="99" count="0" type="stmt"/>
        <line num="103" count="0" type="cond" truecount="0" falsecount="2"/>
        <line num="104" count="0" type="stmt"/>
        <line num="105" count="0" type="stmt"/>
        <line num="111" count="0" type="stmt"/>
        <line num="115" count="0" type="stmt"/>
        <line num="116" count="0" type="stmt"/>
        <line num="117" count="0" type="stmt"/>
        <line num="118" count="0" type="stmt"/>
        <line num="119" count="0" type="stmt"/>
        <line num="120" count="0" type="stmt"/>
        <line num="122" count="0" type="stmt"/>
        <line num="123" count="0" type="stmt"/>
        <line num="124" count="0" type="stmt"/>
        <line num="125" count="0" type="stmt"/>
        <line num="126" count="0" type="stmt"/>
        <line num="127" count="0" type="stmt"/>
        <line num="128" count="0" type="stmt"/>
        <line num="129" count="0" type="stmt"/>
        <line num="132" count="0" type="stmt"/>
        <line num="133" count="0" type="stmt"/>
        <line num="138" count="0" type="stmt"/>
        <line num="140" count="0" type="stmt"/>
        <line num="141" count="0" type="stmt"/>
        <line num="144" count="0" type="stmt"/>
        <line num="145" count="0" type="stmt"/>
      </file>
      <file name="migrateToNeon.ts" path="/Users/filipevpeixoto/Downloads/7care-producao-sem-offline-main/server/migrateToNeon.ts">
        <metrics statements="45" coveredstatements="0" conditionals="2" coveredconditionals="0" methods="2" coveredmethods="0"/>
        <line num="1" count="0" type="stmt"/>
        <line num="4" count="0" type="stmt"/>
        <line num="5" count="0" type="stmt"/>
        <line num="7" count="0" type="stmt"/>
        <line num="9" count="0" type="stmt"/>
        <line num="12" count="0" type="stmt"/>
        <line num="47" count="0" type="stmt"/>
        <line num="62" count="0" type="stmt"/>
        <line num="81" count="0" type="stmt"/>
        <line num="94" count="0" type="stmt"/>
        <line num="110" count="0" type="stmt"/>
        <line num="122" count="0" type="stmt"/>
        <line num="133" count="0" type="stmt"/>
        <line num="146" count="0" type="stmt"/>
        <line num="159" count="0" type="stmt"/>
        <line num="172" count="0" type="stmt"/>
        <line num="188" count="0" type="stmt"/>
        <line num="210" count="0" type="stmt"/>
        <line num="222" count="0" type="stmt"/>
        <line num="234" count="0" type="stmt"/>
        <line num="246" count="0" type="stmt"/>
        <line num="258" count="0" type="stmt"/>
        <line num="270" count="0" type="stmt"/>
        <line num="281" count="0" type="stmt"/>
        <line num="292" count="0" type="stmt"/>
        <line num="302" count="0" type="stmt"/>
        <line num="313" count="0" type="stmt"/>
        <line num="327" count="0" type="stmt"/>
        <line num="337" count="0" type="stmt"/>
        <line num="352" count="0" type="stmt"/>
        <line num="363" count="0" type="stmt"/>
        <line num="372" count="0" type="stmt"/>
        <line num="375" count="0" type="stmt"/>
        <line num="377" count="0" type="stmt"/>
        <line num="381" count="0" type="cond" truecount="0" falsecount="2"/>
        <line num="382" count="0" type="stmt"/>
        <line num="384" count="0" type="stmt"/>
        <line num="385" count="0" type="stmt"/>
        <line num="387" count="0" type="stmt"/>
        <line num="406" count="0" type="stmt"/>
        <line num="422" count="0" type="stmt"/>
        <line num="424" count="0" type="stmt"/>
        <line num="427" count="0" type="stmt"/>
        <line num="430" count="0" type="stmt"/>
        <line num="431" count="0" type="stmt"/>
      </file>
      <file name="neonAdapter.ts" path="/Users/filipevpeixoto/Downloads/7care-producao-sem-offline-main/server/neonAdapter.ts">
        <metrics statements="1204" coveredstatements="0" conditionals="1728" coveredconditionals="0" methods="192" coveredmethods="0"/>
        <line num="1" count="0" type="stmt"/>
        <line num="2" count="0" type="stmt"/>
        <line num="3" count="0" type="stmt"/>
        <line num="4" count="0" type="stmt"/>
        <line num="5" count="0" type="stmt"/>
        <line num="6" count="0" type="stmt"/>
        <line num="7" count="0" type="stmt"/>
        <line num="57" count="0" type="stmt"/>
        <line num="59" count="0" type="cond" truecount="0" falsecount="2"/>
        <line num="60" count="0" type="stmt"/>
        <line num="62" count="0" type="stmt"/>
        <line num="66" count="0" type="cond" truecount="0" falsecount="2"/>
        <line num="67" count="0" type="stmt"/>
        <line num="69" count="0" type="cond" truecount="0" falsecount="2"/>
        <line num="70" count="0" type="stmt"/>
        <line num="72" count="0" type="stmt"/>
        <line num="76" count="0" type="cond" truecount="0" falsecount="2"/>
        <line num="77" count="0" type="stmt"/>
        <line num="79" count="0" type="cond" truecount="0" falsecount="2"/>
        <line num="83" count="0" type="cond" truecount="0" falsecount="2"/>
        <line num="84" count="0" type="stmt"/>
        <line num="86" count="0" type="cond" truecount="0" falsecount="2"/>
        <line num="87" count="0" type="stmt"/>
        <line num="89" count="0" type="cond" truecount="0" falsecount="2"/>
        <line num="90" count="0" type="stmt"/>
        <line num="92" count="0" type="stmt"/>
        <line num="96" count="0" type="stmt"/>
        <line num="136" count="0" type="stmt"/>
        <line num="138" count="0" type="stmt"/>
        <line num="140" count="0" type="stmt"/>
        <line num="144" count="0" type="cond" truecount="0" falsecount="2"/>
        <line num="148" count="0" type="cond" truecount="0" falsecount="4"/>
        <line num="149" count="0" type="stmt"/>
        <line num="150" count="0" type="stmt"/>
        <line num="152" count="0" type="stmt"/>
        <line num="153" count="0" type="stmt"/>
        <line num="157" count="0" type="cond" truecount="0" falsecount="2"/>
        <line num="158" count="0" type="stmt"/>
        <line num="160" count="0" type="stmt"/>
        <line num="161" count="0" type="stmt"/>
        <line num="162" count="0" type="stmt"/>
        <line num="163" count="0" type="stmt"/>
        <line num="168" count="0" type="stmt"/>
        <line num="178" count="0" type="cond" truecount="0" falsecount="4"/>
        <line num="179" count="0" type="cond" truecount="0" falsecount="4"/>
        <line num="180" count="0" type="cond" truecount="0" falsecount="4"/>
        <line num="181" count="0" type="stmt"/>
        <line num="196" count="0" type="stmt"/>
        <line num="218" count="0" type="stmt"/>
        <line num="233" count="0" type="stmt"/>
        <line num="253" count="0" type="stmt"/>
        <line num="265" count="0" type="cond" truecount="0" falsecount="2"/>
        <line num="266" count="0" type="stmt"/>
        <line num="278" count="0" type="stmt"/>
        <line num="291" count="0" type="stmt"/>
        <line num="302" count="0" type="stmt"/>
        <line num="317" count="0" type="cond" truecount="0" falsecount="2"/>
        <line num="318" count="0" type="cond" truecount="0" falsecount="2"/>
        <line num="319" count="0" type="stmt"/>
        <line num="334" count="0" type="stmt"/>
        <line num="348" count="0" type="stmt"/>
        <line num="363" count="0" type="stmt"/>
        <line num="377" count="0" type="stmt"/>
        <line num="390" count="0" type="stmt"/>
        <line num="391" count="0" type="stmt"/>
        <line num="392" count="0" type="stmt"/>
        <line num="394" count="0" type="stmt"/>
        <line num="395" count="0" type="stmt"/>
        <line num="400" count="0" type="stmt"/>
        <line num="401" count="0" type="stmt"/>
        <line num="411" count="0" type="stmt"/>
        <line num="413" count="0" type="stmt"/>
        <line num="414" count="0" type="stmt"/>
        <line num="419" count="0" type="stmt"/>
        <line num="420" count="0" type="stmt"/>
        <line num="421" count="0" type="cond" truecount="0" falsecount="2"/>
        <line num="422" count="0" type="cond" truecount="0" falsecount="2"/>
        <line num="424" count="0" type="stmt"/>
        <line num="425" count="0" type="stmt"/>
        <line num="430" count="0" type="stmt"/>
        <line num="431" count="0" type="stmt"/>
        <line num="432" count="0" type="cond" truecount="0" falsecount="2"/>
        <line num="433" count="0" type="cond" truecount="0" falsecount="2"/>
        <line num="435" count="0" type="stmt"/>
        <line num="436" count="0" type="stmt"/>
        <line num="441" count="0" type="stmt"/>
        <line num="443" count="0" type="cond" truecount="0" falsecount="2"/>
        <line num="444" count="0" type="stmt"/>
        <line num="445" count="0" type="cond" truecount="0" falsecount="2"/>
        <line num="446" count="0" type="stmt"/>
        <line num="449" count="0" type="stmt"/>
        <line num="456" count="0" type="stmt"/>
        <line num="457" count="0" type="stmt"/>
        <line num="459" count="0" type="stmt"/>
        <line num="460" count="0" type="stmt"/>
        <line num="465" count="0" type="stmt"/>
        <line num="467" count="0" type="cond" truecount="0" falsecount="4"/>
        <line num="468" count="0" type="stmt"/>
        <line num="472" count="0" type="stmt"/>
        <line num="473" count="0" type="cond" truecount="0" falsecount="2"/>
        <line num="474" count="0" type="stmt"/>
        <line num="477" count="0" type="stmt"/>
        <line num="483" count="0" type="cond" truecount="0" falsecount="2"/>
        <line num="485" count="0" type="stmt"/>
        <line num="486" count="0" type="stmt"/>
        <line num="491" count="0" type="stmt"/>
        <line num="492" count="0" type="stmt"/>
        <line num="495" count="0" type="cond" truecount="0" falsecount="4"/>
        <line num="496" count="0" type="stmt"/>
        <line num="499" count="0" type="stmt"/>
        <line num="502" count="0" type="cond" truecount="0" falsecount="2"/>
        <line num="506" count="0" type="stmt"/>
        <line num="513" count="0" type="cond" truecount="0" falsecount="4"/>
        <line num="514" count="0" type="stmt"/>
        <line num="516" count="0" type="stmt"/>
        <line num="517" count="0" type="stmt"/>
        <line num="522" count="0" type="stmt"/>
        <line num="524" count="0" type="stmt"/>
        <line num="525" count="0" type="cond" truecount="0" falsecount="4"/>
        <line num="526" count="0" type="stmt"/>
        <line num="530" count="0" type="cond" truecount="0" falsecount="4"/>
        <line num="531" count="0" type="stmt"/>
        <line num="534" count="0" type="stmt"/>
        <line num="535" count="0" type="stmt"/>
        <line num="537" count="0" type="stmt"/>
        <line num="538" count="0" type="stmt"/>
        <line num="544" count="0" type="stmt"/>
        <line num="545" count="0" type="stmt"/>
        <line num="546" count="0" type="stmt"/>
        <line num="548" count="0" type="stmt"/>
        <line num="549" count="0" type="stmt"/>
        <line num="554" count="0" type="stmt"/>
        <line num="555" count="0" type="stmt"/>
        <line num="559" count="0" type="stmt"/>
        <line num="561" count="0" type="stmt"/>
        <line num="562" count="0" type="stmt"/>
        <line num="567" count="0" type="stmt"/>
        <line num="568" count="0" type="stmt"/>
        <line num="569" count="0" type="cond" truecount="0" falsecount="2"/>
        <line num="571" count="0" type="stmt"/>
        <line num="572" count="0" type="stmt"/>
        <line num="577" count="0" type="stmt"/>
        <line num="578" count="0" type="stmt"/>
        <line num="579" count="0" type="stmt"/>
        <line num="580" count="0" type="stmt"/>
        <line num="587" count="0" type="stmt"/>
        <line num="588" count="0" type="stmt"/>
        <line num="590" count="0" type="stmt"/>
        <line num="591" count="0" type="stmt"/>
        <line num="596" count="0" type="stmt"/>
        <line num="597" count="0" type="stmt"/>
        <line num="599" count="0" type="stmt"/>
        <line num="605" count="0" type="cond" truecount="0" falsecount="2"/>
        <line num="607" count="0" type="stmt"/>
        <line num="608" count="0" type="stmt"/>
        <line num="613" count="0" type="stmt"/>
        <line num="614" count="0" type="stmt"/>
        <line num="615" count="0" type="stmt"/>
        <line num="617" count="0" type="stmt"/>
        <line num="618" count="0" type="stmt"/>
        <line num="624" count="0" type="stmt"/>
        <line num="626" count="0" type="stmt"/>
        <line num="645" count="0" type="stmt"/>
        <line num="647" count="0" type="stmt"/>
        <line num="648" count="0" type="stmt"/>
        <line num="653" count="0" type="stmt"/>
        <line num="654" count="0" type="stmt"/>
        <line num="655" count="0" type="cond" truecount="0" falsecount="2"/>
        <line num="657" count="0" type="stmt"/>
        <line num="658" count="0" type="stmt"/>
        <line num="663" count="0" type="stmt"/>
        <line num="664" count="0" type="stmt"/>
        <line num="674" count="0" type="stmt"/>
        <line num="675" count="0" type="cond" truecount="0" falsecount="2"/>
        <line num="676" count="0" type="stmt"/>
        <line num="677" count="0" type="stmt"/>
        <line num="678" count="0" type="stmt"/>
        <line num="679" count="0" type="cond" truecount="0" falsecount="2"/>
        <line num="680" count="0" type="stmt"/>
        <line num="682" count="0" type="cond" truecount="0" falsecount="2"/>
        <line num="683" count="0" type="stmt"/>
        <line num="687" count="0" type="stmt"/>
        <line num="704" count="0" type="stmt"/>
        <line num="705" count="0" type="stmt"/>
        <line num="707" count="0" type="stmt"/>
        <line num="708" count="0" type="stmt"/>
        <line num="713" count="0" type="stmt"/>
        <line num="714" count="0" type="stmt"/>
        <line num="724" count="0" type="stmt"/>
        <line num="726" count="0" type="cond" truecount="0" falsecount="2"/>
        <line num="727" count="0" type="cond" truecount="0" falsecount="6"/>
        <line num="728" count="0" type="cond" truecount="0" falsecount="6"/>
        <line num="729" count="0" type="cond" truecount="0" falsecount="2"/>
        <line num="730" count="0" type="cond" truecount="0" falsecount="2"/>
        <line num="731" count="0" type="cond" truecount="0" falsecount="6"/>
        <line num="732" count="0" type="cond" truecount="0" falsecount="6"/>
        <line num="733" count="0" type="cond" truecount="0" falsecount="6"/>
        <line num="734" count="0" type="cond" truecount="0" falsecount="6"/>
        <line num="735" count="0" type="cond" truecount="0" falsecount="6"/>
        <line num="736" count="0" type="cond" truecount="0" falsecount="6"/>
        <line num="737" count="0" type="cond" truecount="0" falsecount="2"/>
        <line num="738" count="0" type="stmt"/>
        <line num="739" count="0" type="cond" truecount="0" falsecount="2"/>
        <line num="740" count="0" type="stmt"/>
        <line num="741" count="0" type="stmt"/>
        <line num="742" count="0" type="stmt"/>
        <line num="743" count="0" type="cond" truecount="0" falsecount="2"/>
        <line num="744" count="0" type="stmt"/>
        <line num="746" count="0" type="cond" truecount="0" falsecount="2"/>
        <line num="747" count="0" type="stmt"/>
        <line num="750" count="0" type="stmt"/>
        <line num="752" count="0" type="cond" truecount="0" falsecount="2"/>
        <line num="753" count="0" type="cond" truecount="0" falsecount="2"/>
        <line num="756" count="0" type="stmt"/>
        <line num="762" count="0" type="cond" truecount="0" falsecount="2"/>
        <line num="764" count="0" type="stmt"/>
        <line num="765" count="0" type="stmt"/>
        <line num="770" count="0" type="stmt"/>
        <line num="771" count="0" type="stmt"/>
        <line num="772" count="0" type="stmt"/>
        <line num="774" count="0" type="stmt"/>
        <line num="775" count="0" type="stmt"/>
        <line num="781" count="0" type="stmt"/>
        <line num="782" count="0" type="stmt"/>
        <line num="783" count="0" type="cond" truecount="0" falsecount="2"/>
        <line num="786" count="0" type="stmt"/>
        <line num="787" count="0" type="cond" truecount="0" falsecount="2"/>
        <line num="788" count="0" type="cond" truecount="0" falsecount="2"/>
        <line num="789" count="0" type="stmt"/>
        <line num="790" count="0" type="stmt"/>
        <line num="792" count="0" type="stmt"/>
        <line num="793" count="0" type="stmt"/>
        <line num="795" count="0" type="cond" truecount="0" falsecount="2"/>
        <line num="796" count="0" type="stmt"/>
        <line num="800" count="0" type="stmt"/>
        <line num="805" count="0" type="stmt"/>
        <line num="806" count="0" type="stmt"/>
        <line num="812" count="0" type="stmt"/>
        <line num="814" count="0" type="stmt"/>
        <line num="816" count="0" type="cond" truecount="0" falsecount="2"/>
        <line num="818" count="0" type="stmt"/>
        <line num="821" count="0" type="stmt"/>
        <line num="822" count="0" type="stmt"/>
        <line num="823" count="0" type="stmt"/>
        <line num="824" count="0" type="cond" truecount="0" falsecount="4"/>
        <line num="825" count="0" type="stmt"/>
        <line num="829" count="0" type="stmt"/>
        <line num="830" count="0" type="cond" truecount="0" falsecount="2"/>
        <line num="831" count="0" type="cond" truecount="0" falsecount="2"/>
        <line num="832" count="0" type="cond" truecount="0" falsecount="2"/>
        <line num="833" count="0" type="cond" truecount="0" falsecount="2"/>
        <line num="835" count="0" type="stmt"/>
        <line num="836" count="0" type="stmt"/>
        <line num="837" count="0" type="stmt"/>
        <line num="838" count="0" type="stmt"/>
        <line num="842" count="0" type="stmt"/>
        <line num="845" count="0" type="stmt"/>
        <line num="846" count="0" type="stmt"/>
        <line num="851" count="0" type="stmt"/>
        <line num="933" count="0" type="stmt"/>
        <line num="936" count="0" type="stmt"/>
        <line num="939" count="0" type="stmt"/>
        <line num="947" count="0" type="stmt"/>
        <line num="954" count="0" type="stmt"/>
        <line num="960" count="0" type="stmt"/>
        <line num="968" count="0" type="stmt"/>
        <line num="976" count="0" type="stmt"/>
        <line num="985" count="0" type="stmt"/>
        <line num="992" count="0" type="stmt"/>
        <line num="998" count="0" type="stmt"/>
        <line num="1003" count="0" type="stmt"/>
        <line num="1009" count="0" type="stmt"/>
        <line num="1015" count="0" type="stmt"/>
        <line num="1020" count="0" type="stmt"/>
        <line num="1026" count="0" type="stmt"/>
        <line num="1032" count="0" type="stmt"/>
        <line num="1039" count="0" type="stmt"/>
        <line num="1048" count="0" type="stmt"/>
        <line num="1068" count="0" type="stmt"/>
        <line num="1072" count="0" type="stmt"/>
        <line num="1073" count="0" type="stmt"/>
        <line num="1078" count="0" type="stmt"/>
        <line num="1080" count="0" type="stmt"/>
        <line num="1081" count="0" type="stmt"/>
        <line num="1083" count="0" type="stmt"/>
        <line num="1084" count="0" type="stmt"/>
        <line num="1089" count="0" type="stmt"/>
        <line num="1090" count="0" type="stmt"/>
        <line num="1093" count="0" type="stmt"/>
        <line num="1095" count="0" type="stmt"/>
        <line num="1097" count="0" type="stmt"/>
        <line num="1103" count="0" type="stmt"/>
        <line num="1104" count="0" type="stmt"/>
        <line num="1109" count="0" type="stmt"/>
        <line num="1111" count="0" type="stmt"/>
        <line num="1113" count="0" type="cond" truecount="0" falsecount="4"/>
        <line num="1114" count="0" type="stmt"/>
        <line num="1117" count="0" type="stmt"/>
        <line num="1119" count="0" type="cond" truecount="0" falsecount="2"/>
        <line num="1120" count="0" type="stmt"/>
        <line num="1121" count="0" type="stmt"/>
        <line num="1125" count="0" type="cond" truecount="0" falsecount="2"/>
        <line num="1126" count="0" type="stmt"/>
        <line num="1130" count="0" type="stmt"/>
        <line num="1131" count="0" type="stmt"/>
        <line num="1134" count="0" type="stmt"/>
        <line num="1135" count="0" type="cond" truecount="0" falsecount="2"/>
        <line num="1136" count="0" type="stmt"/>
        <line num="1137" count="0" type="stmt"/>
        <line num="1139" count="0" type="stmt"/>
        <line num="1140" count="0" type="stmt"/>
        <line num="1142" count="0" type="cond" truecount="0" falsecount="4"/>
        <line num="1143" count="0" type="stmt"/>
        <line num="1148" count="0" type="stmt"/>
        <line num="1149" count="0" type="stmt"/>
        <line num="1152" count="0" type="cond" truecount="0" falsecount="6"/>
        <line num="1153" count="0" type="cond" truecount="0" falsecount="2"/>
        <line num="1154" count="0" type="stmt"/>
        <line num="1155" count="0" type="cond" truecount="0" falsecount="2"/>
        <line num="1156" count="0" type="stmt"/>
        <line num="1157" count="0" type="stmt"/>
        <line num="1158" count="0" type="cond" truecount="0" falsecount="4"/>
        <line num="1159" count="0" type="stmt"/>
        <line num="1160" count="0" type="stmt"/>
        <line num="1161" count="0" type="cond" truecount="0" falsecount="2"/>
        <line num="1162" count="0" type="stmt"/>
        <line num="1163" count="0" type="stmt"/>
        <line num="1168" count="0" type="cond" truecount="0" falsecount="6"/>
        <line num="1169" count="0" type="cond" truecount="0" falsecount="2"/>
        <line num="1170" count="0" type="stmt"/>
        <line num="1171" count="0" type="cond" truecount="0" falsecount="4"/>
        <line num="1172" count="0" type="stmt"/>
        <line num="1173" count="0" type="stmt"/>
        <line num="1175" count="0" type="stmt"/>
        <line num="1176" count="0" type="stmt"/>
        <line num="1181" count="0" type="cond" truecount="0" falsecount="6"/>
        <line num="1182" count="0" type="cond" truecount="0" falsecount="2"/>
        <line num="1183" count="0" type="stmt"/>
        <line num="1184" count="0" type="cond" truecount="0" falsecount="4"/>
        <line num="1185" count="0" type="stmt"/>
        <line num="1186" count="0" type="stmt"/>
        <line num="1187" count="0" type="cond" truecount="0" falsecount="2"/>
        <line num="1188" count="0" type="stmt"/>
        <line num="1189" count="0" type="stmt"/>
        <line num="1190" count="0" type="cond" truecount="0" falsecount="2"/>
        <line num="1191" count="0" type="stmt"/>
        <line num="1192" count="0" type="stmt"/>
        <line num="1193" count="0" type="cond" truecount="0" falsecount="2"/>
        <line num="1194" count="0" type="stmt"/>
        <line num="1195" count="0" type="stmt"/>
        <line num="1200" count="0" type="cond" truecount="0" falsecount="6"/>
        <line num="1201" count="0" type="cond" truecount="0" falsecount="2"/>
        <line num="1202" count="0" type="stmt"/>
        <line num="1203" count="0" type="cond" truecount="0" falsecount="4"/>
        <line num="1204" count="0" type="stmt"/>
        <line num="1205" count="0" type="stmt"/>
        <line num="1206" count="0" type="cond" truecount="0" falsecount="2"/>
        <line num="1207" count="0" type="stmt"/>
        <line num="1208" count="0" type="stmt"/>
        <line num="1209" count="0" type="cond" truecount="0" falsecount="2"/>
        <line num="1210" count="0" type="stmt"/>
        <line num="1211" count="0" type="stmt"/>
        <line num="1212" count="0" type="cond" truecount="0" falsecount="2"/>
        <line num="1213" count="0" type="stmt"/>
        <line num="1214" count="0" type="stmt"/>
        <line num="1219" count="0" type="cond" truecount="0" falsecount="6"/>
        <line num="1220" count="0" type="cond" truecount="0" falsecount="5"/>
        <line num="1221" count="0" type="stmt"/>
        <line num="1222" count="0" type="cond" truecount="0" falsecount="4"/>
        <line num="1223" count="0" type="stmt"/>
        <line num="1224" count="0" type="stmt"/>
        <line num="1225" count="0" type="cond" truecount="0" falsecount="4"/>
        <line num="1226" count="0" type="stmt"/>
        <line num="1227" count="0" type="stmt"/>
        <line num="1228" count="0" type="cond" truecount="0" falsecount="4"/>
        <line num="1229" count="0" type="stmt"/>
        <line num="1230" count="0" type="stmt"/>
        <line num="1231" count="0" type="cond" truecount="0" falsecount="4"/>
        <line num="1232" count="0" type="stmt"/>
        <line num="1233" count="0" type="stmt"/>
        <line num="1234" count="0" type="cond" truecount="0" falsecount="2"/>
        <line num="1235" count="0" type="stmt"/>
        <line num="1236" count="0" type="stmt"/>
        <line num="1241" count="0" type="cond" truecount="0" falsecount="7"/>
        <line num="1242" count="0" type="cond" truecount="0" falsecount="4"/>
        <line num="1243" count="0" type="stmt"/>
        <line num="1244" count="0" type="cond" truecount="0" falsecount="2"/>
        <line num="1245" count="0" type="stmt"/>
        <line num="1246" count="0" type="stmt"/>
        <line num="1247" count="0" type="cond" truecount="0" falsecount="2"/>
        <line num="1248" count="0" type="stmt"/>
        <line num="1249" count="0" type="stmt"/>
        <line num="1250" count="0" type="cond" truecount="0" falsecount="2"/>
        <line num="1251" count="0" type="stmt"/>
        <line num="1252" count="0" type="stmt"/>
        <line num="1257" count="0" type="cond" truecount="0" falsecount="7"/>
        <line num="1258" count="0" type="cond" truecount="0" falsecount="4"/>
        <line num="1259" count="0" type="stmt"/>
        <line num="1260" count="0" type="stmt"/>
        <line num="1264" count="0" type="cond" truecount="0" falsecount="8"/>
        <line num="1265" count="0" type="cond" truecount="0" falsecount="5"/>
        <line num="1266" count="0" type="stmt"/>
        <line num="1267" count="0" type="stmt"/>
        <line num="1271" count="0" type="cond" truecount="0" falsecount="8"/>
        <line num="1272" count="0" type="cond" truecount="0" falsecount="4"/>
        <line num="1273" count="0" type="stmt"/>
        <line num="1274" count="0" type="cond" truecount="0" falsecount="2"/>
        <line num="1275" count="0" type="cond" truecount="0" falsecount="4"/>
        <line num="1276" count="0" type="stmt"/>
        <line num="1277" count="0" type="stmt"/>
        <line num="1278" count="0" type="cond" truecount="0" falsecount="4"/>
        <line num="1279" count="0" type="stmt"/>
        <line num="1280" count="0" type="stmt"/>
        <line num="1281" count="0" type="cond" truecount="0" falsecount="4"/>
        <line num="1282" count="0" type="stmt"/>
        <line num="1283" count="0" type="stmt"/>
        <line num="1289" count="0" type="cond" truecount="0" falsecount="12"/>
        <line num="1290" count="0" type="cond" truecount="0" falsecount="2"/>
        <line num="1291" count="0" type="stmt"/>
        <line num="1292" count="0" type="stmt"/>
        <line num="1293" count="0" type="stmt"/>
        <line num="1296" count="0" type="cond" truecount="0" falsecount="12"/>
        <line num="1297" count="0" type="cond" truecount="0" falsecount="2"/>
        <line num="1298" count="0" type="stmt"/>
        <line num="1299" count="0" type="stmt"/>
        <line num="1300" count="0" type="stmt"/>
        <line num="1303" count="0" type="cond" truecount="0" falsecount="12"/>
        <line num="1304" count="0" type="cond" truecount="0" falsecount="2"/>
        <line num="1305" count="0" type="stmt"/>
        <line num="1306" count="0" type="stmt"/>
        <line num="1307" count="0" type="stmt"/>
        <line num="1311" count="0" type="cond" truecount="0" falsecount="8"/>
        <line num="1312" count="0" type="cond" truecount="0" falsecount="5"/>
        <line num="1313" count="0" type="stmt"/>
        <line num="1314" count="0" type="stmt"/>
        <line num="1318" count="0" type="cond" truecount="0" falsecount="12"/>
        <line num="1319" count="0" type="cond" truecount="0" falsecount="2"/>
        <line num="1320" count="0" type="stmt"/>
        <line num="1321" count="0" type="stmt"/>
        <line num="1322" count="0" type="stmt"/>
        <line num="1326" count="0" type="cond" truecount="0" falsecount="8"/>
        <line num="1327" count="0" type="cond" truecount="0" falsecount="5"/>
        <line num="1328" count="0" type="stmt"/>
        <line num="1329" count="0" type="stmt"/>
        <line num="1333" count="0" type="cond" truecount="0" falsecount="8"/>
        <line num="1334" count="0" type="cond" truecount="0" falsecount="5"/>
        <line num="1335" count="0" type="stmt"/>
        <line num="1336" count="0" type="stmt"/>
        <line num="1339" count="0" type="stmt"/>
        <line num="1342" count="0" type="stmt"/>
        <line num="1356" count="0" type="stmt"/>
        <line num="1357" count="0" type="stmt"/>
        <line num="1368" count="0" type="stmt"/>
        <line num="1370" count="0" type="stmt"/>
        <line num="1372" count="0" type="stmt"/>
        <line num="1373" count="0" type="stmt"/>
        <line num="1375" count="0" type="stmt"/>
        <line num="1377" count="0" type="cond" truecount="0" falsecount="2"/>
        <line num="1378" count="0" type="stmt"/>
        <line num="1379" count="0" type="stmt"/>
        <line num="1383" count="0" type="stmt"/>
        <line num="1384" count="0" type="cond" truecount="0" falsecount="2"/>
        <line num="1385" count="0" type="stmt"/>
        <line num="1386" count="0" type="stmt"/>
        <line num="1388" count="0" type="stmt"/>
        <line num="1390" count="0" type="cond" truecount="0" falsecount="4"/>
        <line num="1391" count="0" type="stmt"/>
        <line num="1394" count="0" type="stmt"/>
        <line num="1398" count="0" type="stmt"/>
        <line num="1400" count="0" type="stmt"/>
        <line num="1401" count="0" type="cond" truecount="0" falsecount="4"/>
        <line num="1402" count="0" type="stmt"/>
        <line num="1405" count="0" type="cond" truecount="0" falsecount="8"/>
        <line num="1409" count="0" type="stmt"/>
        <line num="1410" count="0" type="cond" truecount="0" falsecount="2"/>
        <line num="1411" count="0" type="stmt"/>
        <line num="1412" count="0" type="cond" truecount="0" falsecount="2"/>
        <line num="1413" count="0" type="cond" truecount="0" falsecount="8"/>
        <line num="1414" count="0" type="cond" truecount="0" falsecount="4"/>
        <line num="1415" count="0" type="cond" truecount="0" falsecount="8"/>
        <line num="1416" count="0" type="cond" truecount="0" falsecount="2"/>
        <line num="1417" count="0" type="cond" truecount="0" falsecount="8"/>
        <line num="1422" count="0" type="stmt"/>
        <line num="1423" count="0" type="cond" truecount="0" falsecount="2"/>
        <line num="1424" count="0" type="stmt"/>
        <line num="1425" count="0" type="cond" truecount="0" falsecount="4"/>
        <line num="1426" count="0" type="cond" truecount="0" falsecount="8"/>
        <line num="1428" count="0" type="cond" truecount="0" falsecount="8"/>
        <line num="1433" count="0" type="stmt"/>
        <line num="1434" count="0" type="cond" truecount="0" falsecount="2"/>
        <line num="1435" count="0" type="stmt"/>
        <line num="1436" count="0" type="cond" truecount="0" falsecount="4"/>
        <line num="1437" count="0" type="cond" truecount="0" falsecount="8"/>
        <line num="1438" count="0" type="cond" truecount="0" falsecount="2"/>
        <line num="1439" count="0" type="cond" truecount="0" falsecount="8"/>
        <line num="1440" count="0" type="cond" truecount="0" falsecount="2"/>
        <line num="1441" count="0" type="cond" truecount="0" falsecount="8"/>
        <line num="1442" count="0" type="cond" truecount="0" falsecount="2"/>
        <line num="1443" count="0" type="cond" truecount="0" falsecount="8"/>
        <line num="1448" count="0" type="stmt"/>
        <line num="1449" count="0" type="cond" truecount="0" falsecount="2"/>
        <line num="1450" count="0" type="stmt"/>
        <line num="1451" count="0" type="cond" truecount="0" falsecount="4"/>
        <line num="1452" count="0" type="cond" truecount="0" falsecount="8"/>
        <line num="1453" count="0" type="cond" truecount="0" falsecount="2"/>
        <line num="1454" count="0" type="cond" truecount="0" falsecount="8"/>
        <line num="1455" count="0" type="cond" truecount="0" falsecount="2"/>
        <line num="1456" count="0" type="cond" truecount="0" falsecount="8"/>
        <line num="1457" count="0" type="cond" truecount="0" falsecount="2"/>
        <line num="1458" count="0" type="cond" truecount="0" falsecount="8"/>
        <line num="1463" count="0" type="stmt"/>
        <line num="1464" count="0" type="cond" truecount="0" falsecount="4"/>
        <line num="1465" count="0" type="stmt"/>
        <line num="1466" count="0" type="cond" truecount="0" falsecount="4"/>
        <line num="1467" count="0" type="cond" truecount="0" falsecount="2"/>
        <line num="1468" count="0" type="cond" truecount="0" falsecount="4"/>
        <line num="1469" count="0" type="cond" truecount="0" falsecount="2"/>
        <line num="1470" count="0" type="cond" truecount="0" falsecount="4"/>
        <line num="1471" count="0" type="cond" truecount="0" falsecount="2"/>
        <line num="1472" count="0" type="cond" truecount="0" falsecount="4"/>
        <line num="1473" count="0" type="cond" truecount="0" falsecount="2"/>
        <line num="1474" count="0" type="cond" truecount="0" falsecount="4"/>
        <line num="1476" count="0" type="cond" truecount="0" falsecount="4"/>
        <line num="1482" count="0" type="stmt"/>
        <line num="1483" count="0" type="cond" truecount="0" falsecount="4"/>
        <line num="1484" count="0" type="cond" truecount="0" falsecount="4"/>
        <line num="1488" count="0" type="stmt"/>
        <line num="1489" count="0" type="cond" truecount="0" falsecount="4"/>
        <line num="1490" count="0" type="stmt"/>
        <line num="1491" count="0" type="cond" truecount="0" falsecount="4"/>
        <line num="1492" count="0" type="cond" truecount="0" falsecount="4"/>
        <line num="1497" count="0" type="stmt"/>
        <line num="1498" count="0" type="cond" truecount="0" falsecount="4"/>
        <line num="1499" count="0" type="cond" truecount="0" falsecount="2"/>
        <line num="1500" count="0" type="cond" truecount="0" falsecount="4"/>
        <line num="1502" count="0" type="cond" truecount="0" falsecount="4"/>
        <line num="1507" count="0" type="stmt"/>
        <line num="1508" count="0" type="cond" truecount="0" falsecount="4"/>
        <line num="1509" count="0" type="cond" truecount="0" falsecount="2"/>
        <line num="1510" count="0" type="cond" truecount="0" falsecount="4"/>
        <line num="1512" count="0" type="cond" truecount="0" falsecount="4"/>
        <line num="1517" count="0" type="stmt"/>
        <line num="1518" count="0" type="cond" truecount="0" falsecount="4"/>
        <line num="1519" count="0" type="cond" truecount="0" falsecount="4"/>
        <line num="1523" count="0" type="stmt"/>
        <line num="1527" count="0" type="stmt"/>
        <line num="1530" count="0" type="stmt"/>
        <line num="1535" count="0" type="stmt"/>
        <line num="1537" count="0" type="stmt"/>
        <line num="1539" count="0" type="stmt"/>
        <line num="1540" count="0" type="stmt"/>
        <line num="1541" count="0" type="stmt"/>
        <line num="1543" count="0" type="stmt"/>
        <line num="1544" count="0" type="stmt"/>
        <line num="1546" count="0" type="cond" truecount="0" falsecount="2"/>
        <line num="1547" count="0" type="stmt"/>
        <line num="1551" count="0" type="stmt"/>
        <line num="1553" count="0" type="cond" truecount="0" falsecount="4"/>
        <line num="1555" count="0" type="cond" truecount="0" falsecount="2"/>
        <line num="1557" count="0" type="stmt"/>
        <line num="1561" count="0" type="stmt"/>
        <line num="1564" count="0" type="stmt"/>
        <line num="1571" count="0" type="stmt"/>
        <line num="1574" count="0" type="stmt"/>
        <line num="1578" count="0" type="stmt"/>
        <line num="1588" count="0" type="stmt"/>
        <line num="1589" count="0" type="stmt"/>
        <line num="1600" count="0" type="stmt"/>
        <line num="1601" count="0" type="stmt"/>
        <line num="1616" count="0" type="stmt"/>
        <line num="1617" count="0" type="stmt"/>
        <line num="1622" count="0" type="stmt"/>
        <line num="1623" count="0" type="stmt"/>
        <line num="1628" count="0" type="cond" truecount="0" falsecount="4"/>
        <line num="1629" count="0" type="cond" truecount="0" falsecount="2"/>
        <line num="1630" count="0" type="stmt"/>
        <line num="1632" count="0" type="cond" truecount="0" falsecount="2"/>
        <line num="1633" count="0" type="stmt"/>
        <line num="1635" count="0" type="stmt"/>
        <line num="1637" count="0" type="stmt"/>
        <line num="1638" count="0" type="stmt"/>
        <line num="1643" count="0" type="stmt"/>
        <line num="1644" count="0" type="stmt"/>
        <line num="1647" count="0" type="stmt"/>
        <line num="1648" count="0" type="stmt"/>
        <line num="1653" count="0" type="stmt"/>
        <line num="1654" count="0" type="stmt"/>
        <line num="1669" count="0" type="stmt"/>
        <line num="1670" count="0" type="stmt"/>
        <line num="1675" count="0" type="stmt"/>
        <line num="1676" count="0" type="stmt"/>
        <line num="1681" count="0" type="cond" truecount="0" falsecount="4"/>
        <line num="1682" count="0" type="cond" truecount="0" falsecount="2"/>
        <line num="1683" count="0" type="stmt"/>
        <line num="1685" count="0" type="cond" truecount="0" falsecount="2"/>
        <line num="1686" count="0" type="stmt"/>
        <line num="1687" count="0" type="stmt"/>
        <line num="1689" count="0" type="stmt"/>
        <line num="1692" count="0" type="stmt"/>
        <line num="1694" count="0" type="stmt"/>
        <line num="1695" count="0" type="stmt"/>
        <line num="1700" count="0" type="stmt"/>
        <line num="1701" count="0" type="stmt"/>
        <line num="1705" count="0" type="stmt"/>
        <line num="1706" count="0" type="stmt"/>
        <line num="1708" count="0" type="stmt"/>
        <line num="1709" count="0" type="stmt"/>
        <line num="1711" count="0" type="stmt"/>
        <line num="1712" count="0" type="stmt"/>
        <line num="1714" count="0" type="stmt"/>
        <line num="1715" count="0" type="stmt"/>
        <line num="1717" count="0" type="stmt"/>
        <line num="1718" count="0" type="stmt"/>
        <line num="1720" count="0" type="stmt"/>
        <line num="1721" count="0" type="stmt"/>
        <line num="1723" count="0" type="stmt"/>
        <line num="1724" count="0" type="stmt"/>
        <line num="1726" count="0" type="stmt"/>
        <line num="1727" count="0" type="stmt"/>
        <line num="1730" count="0" type="stmt"/>
        <line num="1731" count="0" type="stmt"/>
        <line num="1733" count="0" type="stmt"/>
        <line num="1734" count="0" type="stmt"/>
        <line num="1736" count="0" type="stmt"/>
        <line num="1737" count="0" type="stmt"/>
        <line num="1739" count="0" type="stmt"/>
        <line num="1740" count="0" type="stmt"/>
        <line num="1742" count="0" type="stmt"/>
        <line num="1743" count="0" type="stmt"/>
        <line num="1745" count="0" type="stmt"/>
        <line num="1746" count="0" type="stmt"/>
        <line num="1748" count="0" type="stmt"/>
        <line num="1749" count="0" type="stmt"/>
        <line num="1751" count="0" type="stmt"/>
        <line num="1752" count="0" type="stmt"/>
        <line num="1754" count="0" type="stmt"/>
        <line num="1755" count="0" type="stmt"/>
        <line num="1757" count="0" type="stmt"/>
        <line num="1758" count="0" type="stmt"/>
        <line num="1760" count="0" type="stmt"/>
        <line num="1761" count="0" type="stmt"/>
        <line num="1763" count="0" type="stmt"/>
        <line num="1764" count="0" type="stmt"/>
        <line num="1766" count="0" type="stmt"/>
        <line num="1767" count="0" type="stmt"/>
        <line num="1769" count="0" type="stmt"/>
        <line num="1770" count="0" type="stmt"/>
        <line num="1772" count="0" type="stmt"/>
        <line num="1773" count="0" type="stmt"/>
        <line num="1776" count="0" type="stmt"/>
        <line num="1777" count="0" type="stmt"/>
        <line num="1780" count="0" type="stmt"/>
        <line num="1781" count="0" type="stmt"/>
        <line num="1783" count="0" type="stmt"/>
        <line num="1784" count="0" type="stmt"/>
        <line num="1792" count="0" type="stmt"/>
        <line num="1793" count="0" type="stmt"/>
        <line num="1795" count="0" type="stmt"/>
        <line num="1797" count="0" type="stmt"/>
        <line num="1798" count="0" type="stmt"/>
        <line num="1804" count="0" type="stmt"/>
        <line num="1805" count="0" type="stmt"/>
        <line num="1808" count="0" type="stmt"/>
        <line num="1810" count="0" type="stmt"/>
        <line num="1811" count="0" type="stmt"/>
        <line num="1817" count="0" type="stmt"/>
        <line num="1818" count="0" type="stmt"/>
        <line num="1827" count="0" type="stmt"/>
        <line num="1829" count="0" type="stmt"/>
        <line num="1830" count="0" type="stmt"/>
        <line num="1836" count="0" type="stmt"/>
        <line num="1837" count="0" type="stmt"/>
        <line num="1840" count="0" type="stmt"/>
        <line num="1842" count="0" type="stmt"/>
        <line num="1843" count="0" type="stmt"/>
        <line num="1848" count="0" type="stmt"/>
        <line num="1849" count="0" type="stmt"/>
        <line num="1853" count="0" type="cond" truecount="0" falsecount="2"/>
        <line num="1855" count="0" type="stmt"/>
        <line num="1856" count="0" type="stmt"/>
        <line num="1861" count="0" type="stmt"/>
        <line num="1862" count="0" type="stmt"/>
        <line num="1864" count="0" type="stmt"/>
        <line num="1866" count="0" type="stmt"/>
        <line num="1867" count="0" type="stmt"/>
        <line num="1873" count="0" type="stmt"/>
        <line num="1874" count="0" type="stmt"/>
        <line num="1877" count="0" type="stmt"/>
        <line num="1879" count="0" type="stmt"/>
        <line num="1880" count="0" type="stmt"/>
        <line num="1886" count="0" type="stmt"/>
        <line num="1887" count="0" type="stmt"/>
        <line num="1890" count="0" type="stmt"/>
        <line num="1892" count="0" type="stmt"/>
        <line num="1893" count="0" type="stmt"/>
        <line num="1898" count="0" type="stmt"/>
        <line num="1899" count="0" type="stmt"/>
        <line num="1903" count="0" type="cond" truecount="0" falsecount="2"/>
        <line num="1905" count="0" type="stmt"/>
        <line num="1906" count="0" type="stmt"/>
        <line num="1912" count="0" type="stmt"/>
        <line num="1913" count="0" type="stmt"/>
        <line num="1922" count="0" type="stmt"/>
        <line num="1924" count="0" type="stmt"/>
        <line num="1925" count="0" type="stmt"/>
        <line num="1931" count="0" type="stmt"/>
        <line num="1932" count="0" type="stmt"/>
        <line num="1936" count="0" type="cond" truecount="0" falsecount="2"/>
        <line num="1937" count="0" type="cond" truecount="0" falsecount="2"/>
        <line num="1941" count="0" type="stmt"/>
        <line num="1943" count="0" type="stmt"/>
        <line num="1944" count="0" type="stmt"/>
        <line num="1950" count="0" type="stmt"/>
        <line num="1951" count="0" type="stmt"/>
        <line num="1954" count="0" type="stmt"/>
        <line num="1956" count="0" type="stmt"/>
        <line num="1957" count="0" type="stmt"/>
        <line num="1963" count="0" type="stmt"/>
        <line num="1964" count="0" type="stmt"/>
        <line num="1973" count="0" type="stmt"/>
        <line num="1975" count="0" type="stmt"/>
        <line num="1976" count="0" type="stmt"/>
        <line num="1982" count="0" type="stmt"/>
        <line num="1984" count="0" type="stmt"/>
        <line num="1989" count="0" type="cond" truecount="0" falsecount="2"/>
        <line num="1990" count="0" type="stmt"/>
        <line num="1993" count="0" type="stmt"/>
        <line num="1995" count="0" type="stmt"/>
        <line num="2005" count="0" type="stmt"/>
        <line num="2007" count="0" type="stmt"/>
        <line num="2008" count="0" type="stmt"/>
        <line num="2016" count="0" type="stmt"/>
        <line num="2017" count="0" type="stmt"/>
        <line num="2021" count="0" type="stmt"/>
        <line num="2023" count="0" type="stmt"/>
        <line num="2024" count="0" type="stmt"/>
        <line num="2029" count="0" type="stmt"/>
        <line num="2030" count="0" type="stmt"/>
        <line num="2033" count="0" type="stmt"/>
        <line num="2035" count="0" type="stmt"/>
        <line num="2036" count="0" type="stmt"/>
        <line num="2041" count="0" type="stmt"/>
        <line num="2042" count="0" type="stmt"/>
        <line num="2043" count="0" type="stmt"/>
        <line num="2045" count="0" type="stmt"/>
        <line num="2046" count="0" type="stmt"/>
        <line num="2052" count="0" type="stmt"/>
        <line num="2053" count="0" type="stmt"/>
        <line num="2056" count="0" type="stmt"/>
        <line num="2058" count="0" type="stmt"/>
        <line num="2059" count="0" type="stmt"/>
        <line num="2064" count="0" type="stmt"/>
        <line num="2065" count="0" type="stmt"/>
        <line num="2072" count="0" type="cond" truecount="0" falsecount="2"/>
        <line num="2074" count="0" type="stmt"/>
        <line num="2075" count="0" type="stmt"/>
        <line num="2080" count="0" type="stmt"/>
        <line num="2081" count="0" type="stmt"/>
        <line num="2087" count="0" type="stmt"/>
        <line num="2089" count="0" type="stmt"/>
        <line num="2090" count="0" type="stmt"/>
        <line num="2095" count="0" type="stmt"/>
        <line num="2096" count="0" type="stmt"/>
        <line num="2103" count="0" type="stmt"/>
        <line num="2105" count="0" type="stmt"/>
        <line num="2106" count="0" type="stmt"/>
        <line num="2111" count="0" type="stmt"/>
        <line num="2112" count="0" type="stmt"/>
        <line num="2115" count="0" type="stmt"/>
        <line num="2116" count="0" type="stmt"/>
        <line num="2117" count="0" type="stmt"/>
        <line num="2118" count="0" type="cond" truecount="0" falsecount="2"/>
        <line num="2119" count="0" type="stmt"/>
        <line num="2121" count="0" type="stmt"/>
        <line num="2124" count="0" type="stmt"/>
        <line num="2126" count="0" type="stmt"/>
        <line num="2127" count="0" type="stmt"/>
        <line num="2132" count="0" type="stmt"/>
        <line num="2133" count="0" type="stmt"/>
        <line num="2140" count="0" type="stmt"/>
        <line num="2142" count="0" type="stmt"/>
        <line num="2143" count="0" type="stmt"/>
        <line num="2149" count="0" type="stmt"/>
        <line num="2150" count="0" type="stmt"/>
        <line num="2154" count="0" type="stmt"/>
        <line num="2156" count="0" type="stmt"/>
        <line num="2157" count="0" type="stmt"/>
        <line num="2163" count="0" type="stmt"/>
        <line num="2164" count="0" type="stmt"/>
        <line num="2165" count="0" type="cond" truecount="0" falsecount="6"/>
        <line num="2166" count="0" type="cond" truecount="0" falsecount="6"/>
        <line num="2167" count="0" type="cond" truecount="0" falsecount="6"/>
        <line num="2168" count="0" type="cond" truecount="0" falsecount="6"/>
        <line num="2169" count="0" type="stmt"/>
        <line num="2173" count="0" type="cond" truecount="0" falsecount="2"/>
        <line num="2175" count="0" type="stmt"/>
        <line num="2176" count="0" type="stmt"/>
        <line num="2181" count="0" type="stmt"/>
        <line num="2182" count="0" type="stmt"/>
        <line num="2184" count="0" type="stmt"/>
        <line num="2186" count="0" type="stmt"/>
        <line num="2187" count="0" type="stmt"/>
        <line num="2193" count="0" type="stmt"/>
        <line num="2194" count="0" type="stmt"/>
        <line num="2196" count="0" type="stmt"/>
        <line num="2198" count="0" type="stmt"/>
        <line num="2199" count="0" type="stmt"/>
        <line num="2205" count="0" type="stmt"/>
        <line num="2206" count="0" type="stmt"/>
        <line num="2213" count="0" type="stmt"/>
        <line num="2215" count="0" type="stmt"/>
        <line num="2216" count="0" type="stmt"/>
        <line num="2221" count="0" type="stmt"/>
        <line num="2225" count="0" type="stmt"/>
        <line num="2226" count="0" type="stmt"/>
        <line num="2229" count="0" type="stmt"/>
        <line num="2231" count="0" type="stmt"/>
        <line num="2232" count="0" type="stmt"/>
        <line num="2237" count="0" type="stmt"/>
        <line num="2238" count="0" type="stmt"/>
        <line num="2242" count="0" type="cond" truecount="0" falsecount="2"/>
        <line num="2244" count="0" type="stmt"/>
        <line num="2245" count="0" type="stmt"/>
        <line num="2250" count="0" type="stmt"/>
        <line num="2251" count="0" type="stmt"/>
        <line num="2260" count="0" type="stmt"/>
        <line num="2262" count="0" type="stmt"/>
        <line num="2263" count="0" type="stmt"/>
        <line num="2268" count="0" type="stmt"/>
        <line num="2269" count="0" type="stmt"/>
        <line num="2270" count="0" type="cond" truecount="0" falsecount="6"/>
        <line num="2271" count="0" type="cond" truecount="0" falsecount="6"/>
        <line num="2272" count="0" type="cond" truecount="0" falsecount="6"/>
        <line num="2273" count="0" type="stmt"/>
        <line num="2277" count="0" type="cond" truecount="0" falsecount="2"/>
        <line num="2279" count="0" type="stmt"/>
        <line num="2280" count="0" type="stmt"/>
        <line num="2285" count="0" type="stmt"/>
        <line num="2286" count="0" type="stmt"/>
        <line num="2288" count="0" type="stmt"/>
        <line num="2290" count="0" type="stmt"/>
        <line num="2292" count="0" type="stmt"/>
        <line num="2293" count="0" type="stmt"/>
        <line num="2298" count="0" type="stmt"/>
        <line num="2300" count="0" type="stmt"/>
        <line num="2305" count="0" type="cond" truecount="0" falsecount="2"/>
        <line num="2306" count="0" type="stmt"/>
        <line num="2310" count="0" type="stmt"/>
        <line num="2319" count="0" type="stmt"/>
        <line num="2324" count="0" type="stmt"/>
        <line num="2326" count="0" type="stmt"/>
        <line num="2327" count="0" type="stmt"/>
        <line num="2332" count="0" type="stmt"/>
        <line num="2333" count="0" type="stmt"/>
        <line num="2337" count="0" type="stmt"/>
        <line num="2339" count="0" type="stmt"/>
        <line num="2340" count="0" type="stmt"/>
        <line num="2345" count="0" type="stmt"/>
        <line num="2349" count="0" type="stmt"/>
        <line num="2350" count="0" type="stmt"/>
        <line num="2353" count="0" type="stmt"/>
        <line num="2355" count="0" type="stmt"/>
        <line num="2356" count="0" type="stmt"/>
        <line num="2361" count="0" type="stmt"/>
        <line num="2362" count="0" type="stmt"/>
        <line num="2366" count="0" type="cond" truecount="0" falsecount="2"/>
        <line num="2368" count="0" type="stmt"/>
        <line num="2369" count="0" type="stmt"/>
        <line num="2374" count="0" type="stmt"/>
        <line num="2375" count="0" type="stmt"/>
        <line num="2383" count="0" type="stmt"/>
        <line num="2385" count="0" type="stmt"/>
        <line num="2386" count="0" type="stmt"/>
        <line num="2391" count="0" type="stmt"/>
        <line num="2392" count="0" type="stmt"/>
        <line num="2393" count="0" type="cond" truecount="0" falsecount="2"/>
        <line num="2394" count="0" type="cond" truecount="0" falsecount="6"/>
        <line num="2395" count="0" type="cond" truecount="0" falsecount="6"/>
        <line num="2396" count="0" type="stmt"/>
        <line num="2400" count="0" type="cond" truecount="0" falsecount="2"/>
        <line num="2402" count="0" type="stmt"/>
        <line num="2403" count="0" type="stmt"/>
        <line num="2408" count="0" type="stmt"/>
        <line num="2409" count="0" type="stmt"/>
        <line num="2411" count="0" type="stmt"/>
        <line num="2413" count="0" type="stmt"/>
        <line num="2414" count="0" type="stmt"/>
        <line num="2420" count="0" type="stmt"/>
        <line num="2421" count="0" type="stmt"/>
        <line num="2422" count="0" type="stmt"/>
        <line num="2436" count="0" type="stmt"/>
        <line num="2437" count="0" type="stmt"/>
        <line num="2442" count="0" type="stmt"/>
        <line num="2443" count="0" type="stmt"/>
        <line num="2444" count="0" type="stmt"/>
        <line num="2446" count="0" type="stmt"/>
        <line num="2447" count="0" type="stmt"/>
        <line num="2453" count="0" type="stmt"/>
        <line num="2454" count="0" type="stmt"/>
        <line num="2459" count="0" type="cond" truecount="0" falsecount="4"/>
        <line num="2460" count="0" type="cond" truecount="0" falsecount="2"/>
        <line num="2461" count="0" type="stmt"/>
        <line num="2463" count="0" type="cond" truecount="0" falsecount="2"/>
        <line num="2464" count="0" type="stmt"/>
        <line num="2465" count="0" type="stmt"/>
        <line num="2467" count="0" type="stmt"/>
        <line num="2470" count="0" type="stmt"/>
        <line num="2472" count="0" type="stmt"/>
        <line num="2473" count="0" type="stmt"/>
        <line num="2478" count="0" type="stmt"/>
        <line num="2479" count="0" type="stmt"/>
        <line num="2494" count="0" type="stmt"/>
        <line num="2495" count="0" type="stmt"/>
        <line num="2501" count="0" type="stmt"/>
        <line num="2502" count="0" type="stmt"/>
        <line num="2506" count="0" type="cond" truecount="0" falsecount="2"/>
        <line num="2508" count="0" type="stmt"/>
        <line num="2509" count="0" type="stmt"/>
        <line num="2514" count="0" type="stmt"/>
        <line num="2515" count="0" type="stmt"/>
        <line num="2519" count="0" type="cond" truecount="0" falsecount="2"/>
        <line num="2521" count="0" type="stmt"/>
        <line num="2522" count="0" type="stmt"/>
        <line num="2527" count="0" type="stmt"/>
        <line num="2528" count="0" type="stmt"/>
        <line num="2542" count="0" type="stmt"/>
        <line num="2544" count="0" type="stmt"/>
        <line num="2545" count="0" type="stmt"/>
        <line num="2551" count="0" type="stmt"/>
        <line num="2552" count="0" type="stmt"/>
        <line num="2555" count="0" type="stmt"/>
        <line num="2557" count="0" type="stmt"/>
        <line num="2558" count="0" type="stmt"/>
        <line num="2563" count="0" type="stmt"/>
        <line num="2564" count="0" type="stmt"/>
        <line num="2573" count="0" type="stmt"/>
        <line num="2575" count="0" type="stmt"/>
        <line num="2576" count="0" type="stmt"/>
        <line num="2581" count="0" type="stmt"/>
        <line num="2582" count="0" type="stmt"/>
        <line num="2583" count="0" type="stmt"/>
        <line num="2585" count="0" type="stmt"/>
        <line num="2586" count="0" type="stmt"/>
        <line num="2591" count="0" type="stmt"/>
        <line num="2592" count="0" type="stmt"/>
        <line num="2596" count="0" type="cond" truecount="0" falsecount="2"/>
        <line num="2598" count="0" type="stmt"/>
        <line num="2599" count="0" type="stmt"/>
        <line num="2604" count="0" type="stmt"/>
        <line num="2605" count="0" type="stmt"/>
        <line num="2614" count="0" type="stmt"/>
        <line num="2616" count="0" type="stmt"/>
        <line num="2617" count="0" type="stmt"/>
        <line num="2622" count="0" type="stmt"/>
        <line num="2623" count="0" type="stmt"/>
        <line num="2624" count="0" type="cond" truecount="0" falsecount="2"/>
        <line num="2625" count="0" type="cond" truecount="0" falsecount="6"/>
        <line num="2626" count="0" type="cond" truecount="0" falsecount="2"/>
        <line num="2627" count="0" type="cond" truecount="0" falsecount="6"/>
        <line num="2628" count="0" type="stmt"/>
        <line num="2632" count="0" type="cond" truecount="0" falsecount="2"/>
        <line num="2634" count="0" type="stmt"/>
        <line num="2635" count="0" type="stmt"/>
        <line num="2640" count="0" type="stmt"/>
        <line num="2641" count="0" type="stmt"/>
        <line num="2643" count="0" type="stmt"/>
        <line num="2645" count="0" type="stmt"/>
        <line num="2646" count="0" type="stmt"/>
        <line num="2652" count="0" type="stmt"/>
        <line num="2653" count="0" type="stmt"/>
        <line num="2657" count="0" type="cond" truecount="0" falsecount="2"/>
        <line num="2659" count="0" type="stmt"/>
        <line num="2660" count="0" type="stmt"/>
        <line num="2665" count="0" type="stmt"/>
        <line num="2666" count="0" type="stmt"/>
        <line num="2676" count="0" type="stmt"/>
        <line num="2678" count="0" type="stmt"/>
        <line num="2679" count="0" type="stmt"/>
        <line num="2684" count="0" type="stmt"/>
        <line num="2685" count="0" type="stmt"/>
        <line num="2686" count="0" type="stmt"/>
        <line num="2688" count="0" type="stmt"/>
        <line num="2689" count="0" type="stmt"/>
        <line num="2694" count="0" type="stmt"/>
        <line num="2695" count="0" type="stmt"/>
        <line num="2699" count="0" type="cond" truecount="0" falsecount="2"/>
        <line num="2701" count="0" type="stmt"/>
        <line num="2702" count="0" type="stmt"/>
        <line num="2707" count="0" type="stmt"/>
        <line num="2708" count="0" type="stmt"/>
        <line num="2709" count="0" type="cond" truecount="0" falsecount="6"/>
        <line num="2710" count="0" type="cond" truecount="0" falsecount="6"/>
        <line num="2711" count="0" type="cond" truecount="0" falsecount="6"/>
        <line num="2712" count="0" type="cond" truecount="0" falsecount="6"/>
        <line num="2713" count="0" type="stmt"/>
        <line num="2717" count="0" type="cond" truecount="0" falsecount="2"/>
        <line num="2719" count="0" type="stmt"/>
        <line num="2720" count="0" type="stmt"/>
        <line num="2725" count="0" type="stmt"/>
        <line num="2726" count="0" type="stmt"/>
        <line num="2728" count="0" type="stmt"/>
        <line num="2730" count="0" type="stmt"/>
        <line num="2731" count="0" type="stmt"/>
        <line num="2736" count="0" type="stmt"/>
        <line num="2737" count="0" type="stmt"/>
        <line num="2738" count="0" type="stmt"/>
        <line num="2739" count="0" type="cond" truecount="0" falsecount="2"/>
        <line num="2740" count="0" type="stmt"/>
        <line num="2742" count="0" type="stmt"/>
        <line num="2743" count="0" type="stmt"/>
        <line num="2745" count="0" type="stmt"/>
        <line num="2746" count="0" type="stmt"/>
        <line num="2752" count="0" type="stmt"/>
        <line num="2753" count="0" type="stmt"/>
        <line num="2758" count="0" type="cond" truecount="0" falsecount="4"/>
        <line num="2759" count="0" type="cond" truecount="0" falsecount="2"/>
        <line num="2760" count="0" type="cond" truecount="0" falsecount="2"/>
        <line num="2761" count="0" type="cond" truecount="0" falsecount="2"/>
        <line num="2762" count="0" type="stmt"/>
        <line num="2765" count="0" type="stmt"/>
        <line num="2767" count="0" type="stmt"/>
        <line num="2768" count="0" type="stmt"/>
        <line num="2775" count="0" type="stmt"/>
        <line num="2776" count="0" type="stmt"/>
        <line num="2787" count="0" type="stmt"/>
        <line num="2789" count="0" type="stmt"/>
        <line num="2790" count="0" type="stmt"/>
        <line num="2795" count="0" type="stmt"/>
        <line num="2796" count="0" type="stmt"/>
        <line num="2800" count="0" type="cond" truecount="0" falsecount="2"/>
[...]
        <line num="316" count="7" type="cond" truecount="4" falsecount="0"/>
        <line num="317" count="4" type="stmt"/>
        <line num="320" count="3" type="stmt"/>
        <line num="326" count="1" type="stmt"/>
        <line num="327" count="29" type="cond" truecount="5" falsecount="0"/>
        <line num="328" count="8" type="stmt"/>
        <line num="330" count="21" type="cond" truecount="2" falsecount="0"/>
        <line num="331" count="14" type="stmt"/>
        <line num="332" count="14" type="cond" truecount="4" falsecount="0"/>
        <line num="333" count="11" type="stmt"/>
        <line num="336" count="10" type="stmt"/>
        <line num="342" count="1" type="stmt"/>
        <line num="343" count="9" type="cond" truecount="2" falsecount="0"/>
        <line num="344" count="3" type="stmt"/>
        <line num="345" count="12" type="stmt"/>
        <line num="346" count="12" type="stmt"/>
        <line num="348" count="6" type="cond" truecount="2" falsecount="0"/>
        <line num="349" count="2" type="stmt"/>
        <line num="351" count="6" type="stmt"/>
        <line num="352" count="6" type="stmt"/>
        <line num="354" count="4" type="stmt"/>
        <line num="360" count="1" type="stmt"/>
        <line num="361" count="7" type="cond" truecount="2" falsecount="0"/>
        <line num="362" count="5" type="cond" truecount="2" falsecount="0"/>
        <line num="364" count="3" type="stmt"/>
        <line num="373" count="1" type="stmt"/>
        <line num="374" count="18" type="stmt"/>
        <line num="376" count="18" type="cond" truecount="2" falsecount="0"/>
        <line num="378" count="14" type="stmt"/>
        <line num="379" count="14" type="cond" truecount="2" falsecount="0"/>
      </file>
      <file name="passwordValidator.ts" path="/Users/filipevpeixoto/Downloads/7care-producao-sem-offline-main/server/utils/passwordValidator.ts">
        <metrics statements="58" coveredstatements="0" conditionals="60" coveredconditionals="0" methods="3" coveredmethods="0"/>
        <line num="19" count="0" type="stmt"/>
        <line num="31" count="0" type="stmt"/>
        <line num="40" count="0" type="stmt"/>
        <line num="41" count="0" type="stmt"/>
        <line num="42" count="0" type="stmt"/>
        <line num="45" count="0" type="cond" truecount="0" falsecount="4"/>
        <line num="46" count="0" type="stmt"/>
        <line num="48" count="0" type="stmt"/>
        <line num="51" count="0" type="cond" truecount="0" falsecount="2"/>
        <line num="52" count="0" type="stmt"/>
        <line num="56" count="0" type="cond" truecount="0" falsecount="4"/>
        <line num="57" count="0" type="stmt"/>
        <line num="58" count="0" type="cond" truecount="0" falsecount="2"/>
        <line num="59" count="0" type="stmt"/>
        <line num="63" count="0" type="cond" truecount="0" falsecount="4"/>
        <line num="64" count="0" type="stmt"/>
        <line num="65" count="0" type="cond" truecount="0" falsecount="2"/>
        <line num="66" count="0" type="stmt"/>
        <line num="70" count="0" type="cond" truecount="0" falsecount="4"/>
        <line num="71" count="0" type="stmt"/>
        <line num="72" count="0" type="cond" truecount="0" falsecount="2"/>
        <line num="73" count="0" type="stmt"/>
        <line num="77" count="0" type="cond" truecount="0" falsecount="4"/>
        <line num="78" count="0" type="stmt"/>
        <line num="79" count="0" type="cond" truecount="0" falsecount="2"/>
        <line num="80" count="0" type="stmt"/>
        <line num="84" count="0" type="cond" truecount="0" falsecount="2"/>
        <line num="85" count="0" type="stmt"/>
        <line num="86" count="0" type="stmt"/>
        <line num="90" count="0" type="cond" truecount="0" falsecount="2"/>
        <line num="91" count="0" type="cond" truecount="0" falsecount="2"/>
        <line num="95" count="0" type="cond" truecount="0" falsecount="2"/>
        <line num="96" count="0" type="cond" truecount="0" falsecount="2"/>
        <line num="97" count="0" type="cond" truecount="0" falsecount="2"/>
        <line num="98" count="0" type="stmt"/>
        <line num="100" count="0" type="stmt"/>
        <line num="111" count="0" type="stmt"/>
        <line num="112" count="0" type="stmt"/>
        <line num="114" count="0" type="cond" truecount="0" falsecount="2"/>
        <line num="115" count="0" type="stmt"/>
        <line num="118" count="0" type="cond" truecount="0" falsecount="2"/>
        <line num="119" count="0" type="stmt"/>
        <line num="126" count="0" type="stmt"/>
        <line num="127" count="0" type="stmt"/>
        <line num="128" count="0" type="stmt"/>
        <line num="130" count="0" type="cond" truecount="0" falsecount="2"/>
        <line num="131" count="0" type="stmt"/>
        <line num="134" count="0" type="cond" truecount="0" falsecount="2"/>
        <line num="135" count="0" type="stmt"/>
        <line num="138" count="0" type="cond" truecount="0" falsecount="2"/>
        <line num="139" count="0" type="stmt"/>
        <line num="142" count="0" type="cond" truecount="0" falsecount="2"/>
        <line num="143" count="0" type="stmt"/>
        <line num="146" count="0" type="cond" truecount="0" falsecount="2"/>
        <line num="147" count="0" type="stmt"/>
        <line num="150" count="0" type="cond" truecount="0" falsecount="4"/>
        <line num="151" count="0" type="stmt"/>
        <line num="154" count="0" type="stmt"/>
      </file>
      <file name="permissions.ts" path="/Users/filipevpeixoto/Downloads/7care-producao-sem-offline-main/server/utils/permissions.ts">
        <metrics statements="39" coveredstatements="39" conditionals="42" coveredconditionals="42" methods="11" coveredmethods="11"/>
        <line num="13" count="1" type="stmt"/>
        <line num="14" count="21" type="cond" truecount="2" falsecount="0"/>
        <line num="15" count="17" type="cond" truecount="2" falsecount="0"/>
        <line num="21" count="1" type="stmt"/>
        <line num="22" count="65" type="cond" truecount="2" falsecount="0"/>
        <line num="23" count="58" type="stmt"/>
        <line num="29" count="1" type="stmt"/>
        <line num="30" count="31" type="cond" truecount="2" falsecount="0"/>
        <line num="31" count="28" type="stmt"/>
        <line num="37" count="1" type="stmt"/>
        <line num="38" count="5" type="cond" truecount="2" falsecount="0"/>
        <line num="39" count="4" type="cond" truecount="2" falsecount="0"/>
        <line num="45" count="1" type="stmt"/>
        <line num="46" count="8" type="stmt"/>
        <line num="52" count="1" type="stmt"/>
        <line num="53" count="8" type="stmt"/>
        <line num="60" count="1" type="stmt"/>
        <line num="64" count="9" type="cond" truecount="2" falsecount="0"/>
        <line num="65" count="8" type="cond" truecount="2" falsecount="0"/>
        <line num="66" count="4" type="cond" truecount="4" falsecount="0"/>
        <line num="67" count="3" type="stmt"/>
        <line num="75" count="1" type="stmt"/>
        <line num="79" count="15" type="cond" truecount="2" falsecount="0"/>
        <line num="82" count="13" type="cond" truecount="2" falsecount="0"/>
        <line num="85" count="8" type="cond" truecount="2" falsecount="0"/>
        <line num="86" count="5" type="stmt"/>
        <line num="89" count="3" type="stmt"/>
        <line num="96" count="1" type="stmt"/>
        <line num="100" count="9" type="cond" truecount="2" falsecount="0"/>
        <line num="101" count="8" type="cond" truecount="2" falsecount="0"/>
        <line num="102" count="5" type="cond" truecount="4" falsecount="0"/>
        <line num="103" count="3" type="stmt"/>
        <line num="109" count="1" type="stmt"/>
        <line num="110" count="5" type="stmt"/>
        <line num="117" count="1" type="stmt"/>
        <line num="121" count="7" type="cond" truecount="2" falsecount="0"/>
        <line num="122" count="6" type="cond" truecount="2" falsecount="0"/>
        <line num="123" count="3" type="cond" truecount="4" falsecount="0"/>
        <line num="124" count="2" type="stmt"/>
      </file>
      <file name="route-helpers.ts" path="/Users/filipevpeixoto/Downloads/7care-producao-sem-offline-main/server/utils/route-helpers.ts">
        <metrics statements="148" coveredstatements="0" conditionals="82" coveredconditionals="0" methods="35" coveredmethods="0"/>
        <line num="7" count="0" type="stmt"/>
        <line num="8" count="0" type="stmt"/>
        <line num="13" count="0" type="stmt"/>
        <line num="51" count="0" type="stmt"/>
        <line num="54" count="0" type="stmt"/>
        <line num="55" count="0" type="stmt"/>
        <line num="56" count="0" type="stmt"/>
        <line num="57" count="0" type="stmt"/>
        <line num="65" count="0" type="stmt"/>
        <line num="71" count="0" type="stmt"/>
        <line num="72" count="0" type="stmt"/>
        <line num="77" count="0" type="cond" truecount="0" falsecount="2"/>
        <line num="78" count="0" type="stmt"/>
        <line num="81" count="0" type="stmt"/>
        <line num="87" count="0" type="stmt"/>
        <line num="93" count="0" type="stmt"/>
        <line num="98" count="0" type="cond" truecount="0" falsecount="2"/>
        <line num="99" count="0" type="stmt"/>
        <line num="102" count="0" type="stmt"/>
        <line num="108" count="0" type="stmt"/>
        <line num="109" count="0" type="stmt"/>
        <line num="111" count="0" type="cond" truecount="0" falsecount="1"/>
        <line num="112" count="0" type="stmt"/>
        <line num="114" count="0" type="cond" truecount="0" falsecount="1"/>
        <line num="115" count="0" type="stmt"/>
        <line num="117" count="0" type="cond" truecount="0" falsecount="1"/>
        <line num="118" count="0" type="stmt"/>
        <line num="120" count="0" type="stmt"/>
        <line num="121" count="0" type="stmt"/>
        <line num="123" count="0" type="cond" truecount="0" falsecount="1"/>
        <line num="124" count="0" type="stmt"/>
        <line num="126" count="0" type="cond" truecount="0" falsecount="1"/>
        <line num="127" count="0" type="stmt"/>
        <line num="132" count="0" type="stmt"/>
        <line num="133" count="0" type="stmt"/>
        <line num="134" count="0" type="cond" truecount="0" falsecount="2"/>
        <line num="135" count="0" type="cond" truecount="0" falsecount="2"/>
        <line num="136" count="0" type="cond" truecount="0" falsecount="2"/>
        <line num="142" count="0" type="stmt"/>
        <line num="143" count="0" type="stmt"/>
        <line num="144" count="0" type="cond" truecount="0" falsecount="4"/>
        <line num="150" count="0" type="stmt"/>
        <line num="151" count="0" type="stmt"/>
        <line num="152" count="0" type="cond" truecount="0" falsecount="4"/>
        <line num="158" count="0" type="stmt"/>
        <line num="159" count="0" type="stmt"/>
        <line num="171" count="0" type="stmt"/>
        <line num="172" count="0" type="stmt"/>
        <line num="173" count="0" type="cond" truecount="0" falsecount="2"/>
        <line num="174" count="0" type="cond" truecount="0" falsecount="2"/>
        <line num="175" count="0" type="stmt"/>
        <line num="177" count="0" type="cond" truecount="0" falsecount="7"/>
        <line num="183" count="0" type="stmt"/>
        <line num="184" count="0" type="cond" truecount="0" falsecount="2"/>
        <line num="185" count="0" type="stmt"/>
        <line num="186" count="0" type="cond" truecount="0" falsecount="2"/>
        <line num="192" count="0" type="stmt"/>
        <line num="196" count="0" type="stmt"/>
        <line num="197" count="0" type="stmt"/>
        <line num="198" count="0" type="cond" truecount="0" falsecount="3"/>
        <line num="201" count="0" type="stmt"/>
        <line num="210" count="0" type="stmt"/>
        <line num="211" count="0" type="stmt"/>
        <line num="212" count="0" type="stmt"/>
        <line num="213" count="0" type="cond" truecount="0" falsecount="2"/>
        <line num="214" count="0" type="stmt"/>
        <line num="215" count="0" type="stmt"/>
        <line num="217" count="0" type="stmt"/>
        <line num="224" count="0" type="stmt"/>
        <line num="225" count="0" type="stmt"/>
        <line num="226" count="0" type="cond" truecount="0" falsecount="2"/>
        <line num="227" count="0" type="stmt"/>
        <line num="228" count="0" type="stmt"/>
        <line num="230" count="0" type="stmt"/>
        <line num="236" count="0" type="stmt"/>
        <line num="237" count="0" type="stmt"/>
        <line num="238" count="0" type="stmt"/>
        <line num="239" count="0" type="cond" truecount="0" falsecount="2"/>
        <line num="241" count="0" type="cond" truecount="0" falsecount="4"/>
        <line num="242" count="0" type="stmt"/>
        <line num="243" count="0" type="stmt"/>
        <line num="245" count="0" type="stmt"/>
        <line num="252" count="0" type="stmt"/>
        <line num="256" count="0" type="stmt"/>
        <line num="257" count="0" type="stmt"/>
        <line num="258" count="0" type="stmt"/>
        <line num="259" count="0" type="stmt"/>
        <line num="261" count="0" type="stmt"/>
        <line num="262" count="0" type="stmt"/>
        <line num="270" count="0" type="stmt"/>
        <line num="274" count="0" type="stmt"/>
        <line num="275" count="0" type="stmt"/>
        <line num="276" count="0" type="cond" truecount="0" falsecount="2"/>
        <line num="277" count="0" type="stmt"/>
        <line num="280" count="0" type="stmt"/>
        <line num="281" count="0" type="stmt"/>
        <line num="282" count="0" type="cond" truecount="0" falsecount="2"/>
        <line num="283" count="0" type="stmt"/>
        <line num="285" count="0" type="stmt"/>
        <line num="287" count="0" type="stmt"/>
        <line num="288" count="0" type="stmt"/>
        <line num="296" count="0" type="stmt"/>
        <line num="301" count="0" type="stmt"/>
        <line num="302" count="0" type="stmt"/>
        <line num="303" count="0" type="stmt"/>
        <line num="306" count="0" type="cond" truecount="0" falsecount="2"/>
        <line num="307" count="0" type="stmt"/>
        <line num="308" count="0" type="stmt"/>
        <line num="316" count="0" type="stmt"/>
        <line num="318" count="0" type="stmt"/>
        <line num="319" count="0" type="stmt"/>
        <line num="327" count="0" type="stmt"/>
        <line num="333" count="0" type="stmt"/>
        <line num="334" count="0" type="stmt"/>
        <line num="335" count="0" type="cond" truecount="0" falsecount="2"/>
        <line num="336" count="0" type="stmt"/>
        <line num="339" count="0" type="stmt"/>
        <line num="340" count="0" type="stmt"/>
        <line num="341" count="0" type="cond" truecount="0" falsecount="2"/>
        <line num="342" count="0" type="stmt"/>
        <line num="345" count="0" type="stmt"/>
        <line num="346" count="0" type="cond" truecount="0" falsecount="2"/>
        <line num="347" count="0" type="stmt"/>
        <line num="351" count="0" type="cond" truecount="0" falsecount="2"/>
        <line num="352" count="0" type="stmt"/>
        <line num="353" count="0" type="stmt"/>
        <line num="356" count="0" type="stmt"/>
        <line num="358" count="0" type="stmt"/>
        <line num="359" count="0" type="stmt"/>
        <line num="367" count="0" type="stmt"/>
        <line num="373" count="0" type="stmt"/>
        <line num="374" count="0" type="stmt"/>
        <line num="375" count="0" type="cond" truecount="0" falsecount="2"/>
        <line num="376" count="0" type="stmt"/>
        <line num="379" count="0" type="stmt"/>
        <line num="380" count="0" type="stmt"/>
        <line num="381" count="0" type="cond" truecount="0" falsecount="2"/>
        <line num="382" count="0" type="stmt"/>
        <line num="385" count="0" type="stmt"/>
        <line num="386" count="0" type="cond" truecount="0" falsecount="2"/>
        <line num="387" count="0" type="stmt"/>
        <line num="391" count="0" type="cond" truecount="0" falsecount="2"/>
        <line num="392" count="0" type="stmt"/>
        <line num="393" count="0" type="stmt"/>
        <line num="396" count="0" type="stmt"/>
        <line num="398" count="0" type="stmt"/>
        <line num="399" count="0" type="stmt"/>
        <line num="404" count="0" type="stmt"/>
      </file>
      <file name="validators.ts" path="/Users/filipevpeixoto/Downloads/7care-producao-sem-offline-main/server/utils/validators.ts">
        <metrics statements="60" coveredstatements="0" conditionals="26" coveredconditionals="0" methods="19" coveredmethods="0"/>
        <line num="12" count="0" type="stmt"/>
        <line num="13" count="0" type="stmt"/>
        <line num="15" count="0" type="stmt"/>
        <line num="17" count="0" type="stmt"/>
        <line num="21" count="0" type="cond" truecount="0" falsecount="2"/>
        <line num="30" count="0" type="stmt"/>
        <line num="31" count="0" type="stmt"/>
        <line num="33" count="0" type="stmt"/>
        <line num="35" count="0" type="stmt"/>
        <line num="39" count="0" type="cond" truecount="0" falsecount="2"/>
        <line num="47" count="0" type="stmt"/>
        <line num="48" count="0" type="stmt"/>
        <line num="49" count="0" type="stmt"/>
        <line num="57" count="0" type="stmt"/>
        <line num="58" count="0" type="stmt"/>
        <line num="59" count="0" type="cond" truecount="0" falsecount="2"/>
        <line num="60" count="0" type="stmt"/>
        <line num="68" count="0" type="stmt"/>
        <line num="69" count="0" type="stmt"/>
        <line num="70" count="0" type="cond" truecount="0" falsecount="2"/>
        <line num="78" count="0" type="stmt"/>
        <line num="79" count="0" type="stmt"/>
        <line num="80" count="0" type="cond" truecount="0" falsecount="2"/>
        <line num="81" count="0" type="stmt"/>
        <line num="83" count="0" type="cond" truecount="0" falsecount="2"/>
        <line num="84" count="0" type="stmt"/>
        <line num="86" count="0" type="stmt"/>
        <line num="94" count="0" type="stmt"/>
        <line num="95" count="0" type="stmt"/>
        <line num="96" count="0" type="stmt"/>
        <line num="104" count="0" type="stmt"/>
        <line num="105" count="0" type="stmt"/>
        <line num="117" count="0" type="stmt"/>
        <line num="118" count="0" type="stmt"/>
        <line num="130" count="0" type="cond" truecount="0" falsecount="1"/>
        <line num="131" count="0" type="stmt"/>
        <line num="132" count="0" type="stmt"/>
        <line num="133" count="0" type="stmt"/>
        <line num="142" count="0" type="stmt"/>
        <line num="143" count="0" type="cond" truecount="0" falsecount="2"/>
        <line num="144" count="0" type="stmt"/>
        <line num="152" count="0" type="stmt"/>
        <line num="153" count="0" type="stmt"/>
        <line num="156" count="0" type="stmt"/>
        <line num="165" count="0" type="stmt"/>
        <line num="166" count="0" type="cond" truecount="0" falsecount="2"/>
        <line num="167" count="0" type="stmt"/>
        <line num="168" count="0" type="stmt"/>
        <line num="169" count="0" type="stmt"/>
        <line num="170" count="0" type="cond" truecount="0" falsecount="5"/>
        <line num="171" count="0" type="stmt"/>
        <line num="173" count="0" type="stmt"/>
        <line num="181" count="0" type="stmt"/>
        <line num="182" count="0" type="cond" truecount="0" falsecount="2"/>
        <line num="183" count="0" type="stmt"/>
        <line num="185" count="0" type="cond" truecount="0" falsecount="2"/>
        <line num="186" count="0" type="stmt"/>
        <line num="187" count="0" type="stmt"/>
        <line num="189" count="0" type="stmt"/>
        <line num="192" count="0" type="stmt"/>
      </file>
    </package>
  </project>
</coverage>
