TN:
SF:server/checkDatabase.ts
FN:8,checkDatabase
FN:19,(anonymous_1)
FN:32,(anonymous_2)
FN:43,(anonymous_3)
FNF:4
FNH:0
FNDA:0,checkDatabase
FNDA:0,(anonymous_1)
FNDA:0,(anonymous_2)
FNDA:0,(anonymous_3)
DA:5,0
DA:6,0
DA:9,0
DA:11,0
DA:13,0
DA:14,0
DA:15,0
DA:17,0
DA:18,0
DA:19,0
DA:20,0
DA:23,0
DA:27,0
DA:28,0
DA:30,0
DA:31,0
DA:32,0
DA:33,0
DA:38,0
DA:39,0
DA:41,0
DA:42,0
DA:43,0
DA:44,0
DA:49,0
DA:52,0
DA:55,0
LF:27
LH:0
BRDA:17,0,0,0
BRDA:17,0,1,0
BRDA:30,1,0,0
BRDA:30,1,1,0
BRDA:41,2,0,0
BRDA:41,2,1,0
BRF:6
BRH:0
end_of_record
TN:
SF:server/config.ts
FNF:0
FNH:0
DA:1,0
LF:1
LH:0
BRDA:3,0,0,0
BRDA:3,0,1,0
BRF:2
BRH:0
end_of_record
TN:
SF:server/constants.ts
FN:244,(anonymous_0)
FN:245,(anonymous_1)
FN:246,(anonymous_2)
FNF:3
FNH:3
FNDA:1,(anonymous_0)
FNDA:1,(anonymous_1)
FNDA:1,(anonymous_2)
DA:14,1
DA:21,1
DA:34,1
DA:56,1
DA:77,1
DA:94,1
DA:124,1
DA:157,1
DA:177,1
DA:196,1
DA:205,1
DA:218,1
DA:238,1
DA:244,1
DA:245,1
DA:246,1
LF:16
LH:16
BRF:0
BRH:0
end_of_record
TN:
SF:server/container.ts
FN:78,(anonymous_0)
FN:85,(anonymous_1)
FN:111,(anonymous_2)
FN:118,(anonymous_3)
FN:125,(anonymous_4)
FN:145,(anonymous_5)
FN:152,(anonymous_6)
FN:160,(anonymous_7)
FN:169,(anonymous_8)
FN:172,(anonymous_9)
FN:175,(anonymous_10)
FN:186,(anonymous_11)
FN:187,(anonymous_12)
FNF:13
FNH:0
FNDA:0,(anonymous_0)
FNDA:0,(anonymous_1)
FNDA:0,(anonymous_2)
FNDA:0,(anonymous_3)
FNDA:0,(anonymous_4)
FNDA:0,(anonymous_5)
FNDA:0,(anonymous_6)
FNDA:0,(anonymous_7)
FNDA:0,(anonymous_8)
FNDA:0,(anonymous_9)
FNDA:0,(anonymous_10)
FNDA:0,(anonymous_11)
FNDA:0,(anonymous_12)
DA:9,0
DA:10,0
DA:11,0
DA:12,0
DA:13,0
DA:14,0
DA:15,0
DA:16,0
DA:17,0
DA:18,0
DA:19,0
DA:20,0
DA:21,0
DA:22,0
DA:23,0
DA:24,0
DA:75,0
DA:76,0
DA:79,0
DA:87,0
DA:88,0
DA:89,0
DA:90,0
DA:91,0
DA:92,0
DA:93,0
DA:94,0
DA:95,0
DA:96,0
DA:97,0
DA:98,0
DA:99,0
DA:102,0
DA:103,0
DA:104,0
DA:105,0
DA:112,0
DA:119,0
DA:127,0
DA:128,0
DA:132,0
DA:133,0
DA:134,0
DA:135,0
DA:136,0
DA:139,0
DA:146,0
DA:153,0
DA:154,0
DA:161,0
DA:162,0
DA:163,0
DA:170,0
DA:172,0
DA:173,0
DA:175,0
DA:176,0
DA:178,0
DA:183,0
DA:186,0
DA:187,0
DA:189,0
LF:62
LH:0
BRDA:127,0,0,0
BRDA:127,0,1,0
BRDA:132,1,0,0
BRDA:132,1,1,0
BRDA:146,2,0,0
BRDA:146,2,1,0
BRF:6
BRH:0
end_of_record
TN:
SF:server/createRelationshipsTable.ts
FN:5,createRelationshipsTable
FNF:1
FNH:0
FNDA:0,createRelationshipsTable
DA:1,0
DA:3,0
DA:5,0
DA:6,0
DA:7,0
DA:9,0
DA:21,0
DA:22,0
DA:24,0
DA:25,0
LF:10
LH:0
BRDA:3,0,0,0
BRDA:3,0,1,0
BRF:2
BRH:0
end_of_record
TN:
SF:server/createSuperAdmin.ts
FN:9,createSuperAdmin
FNF:1
FNH:0
FNDA:0,createSuperAdmin
DA:5,0
DA:6,0
DA:7,0
DA:10,0
DA:12,0
DA:14,0
DA:16,0
DA:17,0
DA:18,0
DA:19,0
DA:20,0
DA:21,0
DA:25,0
DA:27,0
DA:70,0
DA:71,0
DA:72,0
DA:73,0
DA:74,0
DA:75,0
DA:76,0
DA:79,0
DA:80,0
DA:83,0
DA:86,0
LF:25
LH:0
BRDA:17,0,0,0
BRDA:17,0,1,0
BRF:2
BRH:0
end_of_record
TN:
SF:server/index.ts
FN:25,(anonymous_1)
FN:34,(anonymous_2)
FN:37,(anonymous_3)
FN:59,(anonymous_4)
FN:86,(anonymous_5)
FN:92,(anonymous_6)
FN:98,(anonymous_7)
FN:103,(anonymous_8)
FN:123,(anonymous_9)
FN:139,(anonymous_10)
FN:142,(anonymous_11)
FN:160,(anonymous_12)
FNF:12
FNH:0
FNDA:0,(anonymous_1)
FNDA:0,(anonymous_2)
FNDA:0,(anonymous_3)
FNDA:0,(anonymous_4)
FNDA:0,(anonymous_5)
FNDA:0,(anonymous_6)
FNDA:0,(anonymous_7)
FNDA:0,(anonymous_8)
FNDA:0,(anonymous_9)
FNDA:0,(anonymous_10)
FNDA:0,(anonymous_11)
FNDA:0,(anonymous_12)
DA:1,0
DA:2,0
DA:3,0
DA:4,0
DA:5,0
DA:6,0
DA:7,0
DA:8,0
DA:9,0
DA:10,0
DA:12,0
DA:15,0
DA:18,0
DA:24,0
DA:26,0
DA:27,0
DA:29,0
DA:34,0
DA:35,0
DA:37,0
DA:39,0
DA:40,0
DA:42,0
DA:43,0
DA:44,0
DA:45,0
DA:46,0
DA:49,0
DA:50,0
DA:52,0
DA:53,0
DA:55,0
DA:59,0
DA:60,0
DA:61,0
DA:62,0
DA:63,0
DA:64,0
DA:65,0
DA:67,0
DA:72,0
DA:73,0
DA:76,0
DA:79,0
DA:80,0
DA:86,0
DA:87,0
DA:88,0
DA:92,0
DA:93,0
DA:94,0
DA:95,0
DA:97,0
DA:98,0
DA:99,0
DA:100,0
DA:103,0
DA:104,0
DA:105,0
DA:106,0
DA:107,0
DA:108,0
DA:111,0
DA:112,0
DA:115,0
DA:119,0
DA:123,0
DA:124,0
DA:136,0
DA:139,0
DA:140,0
DA:142,0
DA:143,0
DA:144,0
DA:146,0
DA:147,0
DA:150,0
DA:151,0
DA:153,0
DA:156,0
DA:157,0
DA:161,0
DA:162,0
DA:163,0
DA:164,0
DA:166,0
DA:167,0
DA:170,0
LF:88
LH:0
BRDA:19,0,0,0
BRDA:19,0,1,0
BRDA:26,1,0,0
BRDA:26,1,1,0
BRDA:35,2,0,0
BRDA:35,2,1,0
BRDA:42,3,0,0
BRDA:42,3,1,0
BRDA:42,4,0,0
BRDA:42,4,1,0
BRDA:42,4,2,0
BRDA:45,5,0,0
BRDA:45,5,1,0
BRDA:52,6,0,0
BRDA:52,6,1,0
BRDA:64,7,0,0
BRDA:64,7,1,0
BRDA:79,8,0,0
BRDA:79,8,1,0
BRDA:105,9,0,0
BRDA:105,9,1,0
BRDA:107,10,0,0
BRDA:107,10,1,0
BRDA:107,11,0,0
BRDA:107,11,1,0
BRDA:111,12,0,0
BRDA:111,12,1,0
BRDA:128,13,0,0
BRDA:128,13,1,0
BRDA:129,14,0,0
BRDA:129,14,1,0
BRDA:143,15,0,0
BRDA:143,15,1,0
BRDA:143,15,2,0
BRDA:144,16,0,0
BRDA:144,16,1,0
BRDA:150,17,0,0
BRDA:150,17,1,0
BRDA:156,18,0,0
BRDA:156,18,1,0
BRDA:163,19,0,0
BRDA:163,19,1,0
BRDA:166,20,0,0
BRDA:166,20,1,0
BRF:44
BRH:0
end_of_record
TN:
SF:server/migrateExtraDataToColumns.ts
FN:9,migrateExtraDataToColumns
FN:130,(anonymous_1)
FN:134,(anonymous_2)
FNF:3
FNH:0
FNDA:0,migrateExtraDataToColumns
FNDA:0,(anonymous_1)
FNDA:0,(anonymous_2)
DA:1,0
DA:2,0
DA:5,0
DA:7,0
DA:10,0
DA:12,0
DA:14,0
DA:16,0
DA:36,0
DA:39,0
DA:40,0
DA:41,0
DA:44,0
DA:45,0
DA:46,0
DA:48,0
DA:49,0
DA:50,0
DA:53,0
DA:54,0
DA:55,0
DA:57,0
DA:62,0
DA:63,0
DA:64,0
DA:68,0
DA:69,0
DA:70,0
DA:71,0
DA:74,0
DA:95,0
DA:97,0
DA:98,0
DA:102,0
DA:106,0
DA:107,0
DA:108,0
DA:111,0
DA:113,0
DA:114,0
DA:115,0
DA:116,0
DA:118,0
DA:120,0
DA:123,0
DA:124,0
DA:129,0
DA:131,0
DA:132,0
DA:135,0
DA:136,0
LF:51
LH:0
BRDA:53,0,0,0
BRDA:53,0,1,0
BRDA:54,1,0,0
BRDA:54,1,1,0
BRDA:62,2,0,0
BRDA:62,2,1,0
BRDA:62,3,0,0
BRDA:62,3,1,0
BRDA:68,4,0,0
BRDA:68,4,1,0
BRDA:69,5,0,0
BRDA:69,5,1,0
BRDA:70,6,0,0
BRDA:70,6,1,0
BRDA:71,7,0,0
BRDA:71,7,1,0
BRDA:71,7,2,0
BRDA:76,8,0,0
BRDA:76,8,1,0
BRDA:77,9,0,0
BRDA:77,9,1,0
BRDA:78,10,0,0
BRDA:78,10,1,0
BRDA:79,11,0,0
BRDA:79,11,1,0
BRDA:80,12,0,0
BRDA:80,12,1,0
BRDA:81,13,0,0
BRDA:81,13,1,0
BRDA:82,14,0,0
BRDA:82,14,1,0
BRDA:84,15,0,0
BRDA:84,15,1,0
BRDA:85,16,0,0
BRDA:85,16,1,0
BRDA:86,17,0,0
BRDA:86,17,1,0
BRDA:87,18,0,0
BRDA:87,18,1,0
BRDA:89,19,0,0
BRDA:89,19,1,0
BRDA:97,20,0,0
BRDA:97,20,1,0
BRF:43
BRH:0
end_of_record
TN:
SF:server/migrateRoles.ts
FN:7,migrateRoles
FN:139,(anonymous_1)
FN:143,(anonymous_2)
FNF:3
FNH:0
FNDA:0,migrateRoles
FNDA:0,(anonymous_1)
FNDA:0,(anonymous_2)
DA:1,0
DA:7,0
DA:8,0
DA:10,0
DA:12,0
DA:13,0
DA:24,0
DA:27,0
DA:28,0
DA:32,0
DA:35,0
DA:36,0
DA:40,0
DA:43,0
DA:44,0
DA:50,0
DA:51,0
DA:54,0
DA:55,0
DA:61,0
DA:64,0
DA:65,0
DA:71,0
DA:72,0
DA:75,0
DA:78,0
DA:79,0
DA:84,0
DA:86,0
DA:91,0
DA:92,0
DA:93,0
DA:99,0
DA:103,0
DA:104,0
DA:105,0
DA:111,0
DA:115,0
DA:116,0
DA:117,0
DA:118,0
DA:119,0
DA:120,0
DA:122,0
DA:123,0
DA:124,0
DA:125,0
DA:126,0
DA:127,0
DA:128,0
DA:129,0
DA:132,0
DA:133,0
DA:138,0
DA:140,0
DA:141,0
DA:144,0
DA:145,0
LF:58
LH:0
BRDA:50,0,0,0
BRDA:50,0,1,0
BRDA:50,1,0,0
BRDA:50,1,1,0
BRDA:71,2,0,0
BRDA:71,2,1,0
BRDA:78,3,0,0
BRDA:78,3,1,0
BRDA:91,4,0,0
BRDA:91,4,1,0
BRDA:103,5,0,0
BRDA:103,5,1,0
BRF:12
BRH:0
end_of_record
TN:
SF:server/migrateToNeon.ts
FN:4,migrateToNeon
FN:384,(anonymous_7)
FNF:2
FNH:0
FNDA:0,migrateToNeon
FNDA:0,(anonymous_7)
DA:1,0
DA:4,0
DA:5,0
DA:7,0
DA:9,0
DA:12,0
DA:47,0
DA:62,0
DA:81,0
DA:94,0
DA:110,0
DA:122,0
DA:133,0
DA:146,0
DA:159,0
DA:172,0
DA:188,0
DA:210,0
DA:222,0
DA:234,0
DA:246,0
DA:258,0
DA:270,0
DA:281,0
DA:292,0
DA:302,0
DA:313,0
DA:327,0
DA:337,0
DA:352,0
DA:363,0
DA:372,0
DA:375,0
DA:377,0
DA:381,0
DA:382,0
DA:384,0
DA:385,0
DA:387,0
DA:406,0
DA:422,0
DA:424,0
DA:427,0
DA:430,0
DA:431,0
LF:45
LH:0
BRDA:381,0,0,0
BRDA:381,0,1,0
BRF:2
BRH:0
end_of_record
TN:
SF:server/neonAdapter.ts
FN:58,(anonymous_7)
FN:65,(anonymous_8)
FN:75,(anonymous_9)
FN:82,(anonymous_10)
FN:95,(anonymous_11)
FN:135,(anonymous_12)
FN:138,(anonymous_13)
FN:140,(anonymous_14)
FN:147,(anonymous_15)
FN:167,(anonymous_16)
FN:177,(anonymous_17)
FN:195,(anonymous_18)
FN:217,(anonymous_19)
FN:232,(anonymous_20)
FN:252,(anonymous_21)
FN:264,(anonymous_22)
FN:277,(anonymous_23)
FN:290,(anonymous_24)
FN:301,(anonymous_25)
FN:316,(anonymous_26)
FN:333,(anonymous_27)
FN:347,(anonymous_28)
FN:362,(anonymous_29)
FN:376,(anonymous_30)
FN:389,(anonymous_31)
FN:392,(anonymous_32)
FN:399,(anonymous_33)
FN:411,(anonymous_34)
FN:418,(anonymous_35)
FN:429,(anonymous_36)
FN:440,(anonymous_37)
FN:464,(anonymous_38)
FN:490,(anonymous_39)
FN:521,(anonymous_40)
FN:543,(anonymous_41)
FN:553,(anonymous_42)
FN:566,(anonymous_43)
FN:576,(anonymous_44)
FN:595,(anonymous_45)
FN:612,(anonymous_46)
FN:623,(anonymous_47)
FN:652,(anonymous_48)
FN:662,(anonymous_49)
FN:712,(anonymous_50)
FN:769,(anonymous_51)
FN:780,(anonymous_52)
FN:811,(anonymous_53)
FN:822,(anonymous_54)
FN:829,(anonymous_55)
FN:850,(anonymous_56)
FN:932,(anonymous_57)
FN:1077,(anonymous_58)
FN:1088,(anonymous_59)
FN:1108,(anonymous_60)
FN:1243,(anonymous_61)
FN:1367,(anonymous_62)
FN:1398,(anonymous_63)
FN:1534,(anonymous_64)
FN:1599,(anonymous_65)
FN:1621,(anonymous_66)
FN:1642,(anonymous_67)
FN:1652,(anonymous_68)
FN:1674,(anonymous_69)
FN:1699,(anonymous_70)
FN:1791,(anonymous_71)
FN:1795,(anonymous_72)
FN:1803,(anonymous_73)
FN:1808,(anonymous_74)
FN:1816,(anonymous_75)
FN:1827,(anonymous_76)
FN:1835,(anonymous_77)
FN:1840,(anonymous_78)
FN:1847,(anonymous_79)
FN:1860,(anonymous_80)
FN:1872,(anonymous_81)
FN:1885,(anonymous_82)
FN:1890,(anonymous_83)
FN:1897,(anonymous_84)
FN:1911,(anonymous_85)
FN:1930,(anonymous_86)
FN:1949,(anonymous_87)
FN:1954,(anonymous_88)
FN:1962,(anonymous_89)
FN:1981,(anonymous_90)
FN:2015,(anonymous_91)
FN:2021,(anonymous_92)
FN:2028,(anonymous_93)
FN:2033,(anonymous_94)
FN:2040,(anonymous_95)
FN:2043,(anonymous_96)
FN:2051,(anonymous_97)
FN:2056,(anonymous_98)
FN:2063,(anonymous_99)
FN:2079,(anonymous_100)
FN:2094,(anonymous_101)
FN:2110,(anonymous_102)
FN:2116,(anonymous_103)
FN:2117,(anonymous_104)
FN:2124,(anonymous_105)
FN:2131,(anonymous_106)
FN:2140,(anonymous_107)
FN:2148,(anonymous_108)
FN:2154,(anonymous_109)
FN:2162,(anonymous_110)
FN:2180,(anonymous_111)
FN:2192,(anonymous_112)
FN:2204,(anonymous_113)
FN:2213,(anonymous_114)
FN:2220,(anonymous_115)
FN:2224,(anonymous_116)
FN:2229,(anonymous_117)
FN:2236,(anonymous_118)
FN:2249,(anonymous_119)
FN:2267,(anonymous_120)
FN:2284,(anonymous_121)
FN:2297,(anonymous_122)
FN:2331,(anonymous_123)
FN:2337,(anonymous_124)
FN:2344,(anonymous_125)
FN:2348,(anonymous_126)
FN:2353,(anonymous_127)
FN:2360,(anonymous_128)
FN:2373,(anonymous_129)
FN:2390,(anonymous_130)
FN:2407,(anonymous_131)
FN:2419,(anonymous_132)
FN:2441,(anonymous_133)
FN:2452,(anonymous_134)
FN:2477,(anonymous_135)
FN:2500,(anonymous_136)
FN:2513,(anonymous_137)
FN:2526,(anonymous_138)
FN:2550,(anonymous_139)
FN:2555,(anonymous_140)
FN:2562,(anonymous_141)
FN:2580,(anonymous_142)
FN:2583,(anonymous_143)
FN:2590,(anonymous_144)
FN:2603,(anonymous_145)
FN:2621,(anonymous_146)
FN:2639,(anonymous_147)
FN:2651,(anonymous_148)
FN:2664,(anonymous_149)
FN:2683,(anonymous_150)
FN:2686,(anonymous_151)
FN:2693,(anonymous_152)
FN:2706,(anonymous_153)
FN:2724,(anonymous_154)
FN:2735,(anonymous_155)
FN:2738,(anonymous_156)
FN:2743,(anonymous_157)
FN:2751,(anonymous_158)
FN:2774,(anonymous_159)
FN:2794,(anonymous_160)
FN:2807,(anonymous_161)
FN:2819,(anonymous_162)
FN:2824,(anonymous_163)
FN:2831,(anonymous_164)
FN:2844,(anonymous_165)
FN:2851,(anonymous_166)
FN:2858,(anonymous_167)
FN:2877,(anonymous_168)
FN:2890,(anonymous_169)
FN:2903,(anonymous_170)
FN:2915,(anonymous_171)
FN:2920,(anonymous_172)
FN:2927,(anonymous_173)
FN:2933,(anonymous_174)
FN:2940,(anonymous_175)
FN:2985,(anonymous_176)
FN:3009,(anonymous_177)
FN:3020,(anonymous_178)
FN:3086,(anonymous_179)
FN:3091,(anonymous_180)
FN:3093,(anonymous_181)
FN:3108,(anonymous_182)
FN:3110,(anonymous_183)
FN:3124,(anonymous_184)
FN:3126,(anonymous_185)
FN:3135,(anonymous_186)
FN:3139,(anonymous_187)
FN:3148,(anonymous_188)
FN:3175,(anonymous_189)
FN:3203,(anonymous_190)
FN:3216,(anonymous_191)
FN:3228,(anonymous_192)
FN:3232,(anonymous_193)
FN:3252,(anonymous_194)
FN:3260,(anonymous_195)
FN:3264,(anonymous_196)
FN:3268,(anonymous_197)
FN:3273,(anonymous_198)
FNF:192
FNH:0
FNDA:0,(anonymous_7)
FNDA:0,(anonymous_8)
FNDA:0,(anonymous_9)
FNDA:0,(anonymous_10)
FNDA:0,(anonymous_11)
FNDA:0,(anonymous_12)
FNDA:0,(anonymous_13)
FNDA:0,(anonymous_14)
FNDA:0,(anonymous_15)
FNDA:0,(anonymous_16)
FNDA:0,(anonymous_17)
FNDA:0,(anonymous_18)
FNDA:0,(anonymous_19)
FNDA:0,(anonymous_20)
FNDA:0,(anonymous_21)
FNDA:0,(anonymous_22)
FNDA:0,(anonymous_23)
FNDA:0,(anonymous_24)
FNDA:0,(anonymous_25)
FNDA:0,(anonymous_26)
FNDA:0,(anonymous_27)
FNDA:0,(anonymous_28)
FNDA:0,(anonymous_29)
FNDA:0,(anonymous_30)
FNDA:0,(anonymous_31)
FNDA:0,(anonymous_32)
FNDA:0,(anonymous_33)
FNDA:0,(anonymous_34)
FNDA:0,(anonymous_35)
FNDA:0,(anonymous_36)
FNDA:0,(anonymous_37)
FNDA:0,(anonymous_38)
FNDA:0,(anonymous_39)
FNDA:0,(anonymous_40)
FNDA:0,(anonymous_41)
FNDA:0,(anonymous_42)
FNDA:0,(anonymous_43)
FNDA:0,(anonymous_44)
FNDA:0,(anonymous_45)
FNDA:0,(anonymous_46)
FNDA:0,(anonymous_47)
FNDA:0,(anonymous_48)
FNDA:0,(anonymous_49)
FNDA:0,(anonymous_50)
FNDA:0,(anonymous_51)
FNDA:0,(anonymous_52)
FNDA:0,(anonymous_53)
FNDA:0,(anonymous_54)
FNDA:0,(anonymous_55)
FNDA:0,(anonymous_56)
FNDA:0,(anonymous_57)
FNDA:0,(anonymous_58)
FNDA:0,(anonymous_59)
FNDA:0,(anonymous_60)
FNDA:0,(anonymous_61)
FNDA:0,(anonymous_62)
FNDA:0,(anonymous_63)
FNDA:0,(anonymous_64)
FNDA:0,(anonymous_65)
FNDA:0,(anonymous_66)
FNDA:0,(anonymous_67)
FNDA:0,(anonymous_68)
FNDA:0,(anonymous_69)
FNDA:0,(anonymous_70)
FNDA:0,(anonymous_71)
FNDA:0,(anonymous_72)
FNDA:0,(anonymous_73)
FNDA:0,(anonymous_74)
FNDA:0,(anonymous_75)
FNDA:0,(anonymous_76)
FNDA:0,(anonymous_77)
FNDA:0,(anonymous_78)
FNDA:0,(anonymous_79)
FNDA:0,(anonymous_80)
FNDA:0,(anonymous_81)
FNDA:0,(anonymous_82)
FNDA:0,(anonymous_83)
FNDA:0,(anonymous_84)
FNDA:0,(anonymous_85)
FNDA:0,(anonymous_86)
FNDA:0,(anonymous_87)
FNDA:0,(anonymous_88)
FNDA:0,(anonymous_89)
FNDA:0,(anonymous_90)
FNDA:0,(anonymous_91)
FNDA:0,(anonymous_92)
FNDA:0,(anonymous_93)
FNDA:0,(anonymous_94)
FNDA:0,(anonymous_95)
FNDA:0,(anonymous_96)
FNDA:0,(anonymous_97)
FNDA:0,(anonymous_98)
FNDA:0,(anonymous_99)
FNDA:0,(anonymous_100)
FNDA:0,(anonymous_101)
FNDA:0,(anonymous_102)
FNDA:0,(anonymous_103)
FNDA:0,(anonymous_104)
FNDA:0,(anonymous_105)
FNDA:0,(anonymous_106)
FNDA:0,(anonymous_107)
FNDA:0,(anonymous_108)
FNDA:0,(anonymous_109)
FNDA:0,(anonymous_110)
FNDA:0,(anonymous_111)
FNDA:0,(anonymous_112)
FNDA:0,(anonymous_113)
FNDA:0,(anonymous_114)
FNDA:0,(anonymous_115)
FNDA:0,(anonymous_116)
FNDA:0,(anonymous_117)
FNDA:0,(anonymous_118)
FNDA:0,(anonymous_119)
FNDA:0,(anonymous_120)
FNDA:0,(anonymous_121)
FNDA:0,(anonymous_122)
FNDA:0,(anonymous_123)
FNDA:0,(anonymous_124)
FNDA:0,(anonymous_125)
FNDA:0,(anonymous_126)
FNDA:0,(anonymous_127)
FNDA:0,(anonymous_128)
FNDA:0,(anonymous_129)
FNDA:0,(anonymous_130)
FNDA:0,(anonymous_131)
FNDA:0,(anonymous_132)
FNDA:0,(anonymous_133)
FNDA:0,(anonymous_134)
FNDA:0,(anonymous_135)
FNDA:0,(anonymous_136)
FNDA:0,(anonymous_137)
FNDA:0,(anonymous_138)
FNDA:0,(anonymous_139)
FNDA:0,(anonymous_140)
FNDA:0,(anonymous_141)
FNDA:0,(anonymous_142)
FNDA:0,(anonymous_143)
FNDA:0,(anonymous_144)
FNDA:0,(anonymous_145)
FNDA:0,(anonymous_146)
FNDA:0,(anonymous_147)
FNDA:0,(anonymous_148)
FNDA:0,(anonymous_149)
FNDA:0,(anonymous_150)
FNDA:0,(anonymous_151)
FNDA:0,(anonymous_152)
FNDA:0,(anonymous_153)
FNDA:0,(anonymous_154)
FNDA:0,(anonymous_155)
FNDA:0,(anonymous_156)
FNDA:0,(anonymous_157)
FNDA:0,(anonymous_158)
FNDA:0,(anonymous_159)
FNDA:0,(anonymous_160)
FNDA:0,(anonymous_161)
FNDA:0,(anonymous_162)
FNDA:0,(anonymous_163)
FNDA:0,(anonymous_164)
FNDA:0,(anonymous_165)
FNDA:0,(anonymous_166)
FNDA:0,(anonymous_167)
FNDA:0,(anonymous_168)
FNDA:0,(anonymous_169)
FNDA:0,(anonymous_170)
FNDA:0,(anonymous_171)
FNDA:0,(anonymous_172)
FNDA:0,(anonymous_173)
FNDA:0,(anonymous_174)
FNDA:0,(anonymous_175)
FNDA:0,(anonymous_176)
FNDA:0,(anonymous_177)
FNDA:0,(anonymous_178)
FNDA:0,(anonymous_179)
FNDA:0,(anonymous_180)
FNDA:0,(anonymous_181)
FNDA:0,(anonymous_182)
FNDA:0,(anonymous_183)
FNDA:0,(anonymous_184)
FNDA:0,(anonymous_185)
FNDA:0,(anonymous_186)
FNDA:0,(anonymous_187)
FNDA:0,(anonymous_188)
FNDA:0,(anonymous_189)
FNDA:0,(anonymous_190)
FNDA:0,(anonymous_191)
FNDA:0,(anonymous_192)
FNDA:0,(anonymous_193)
FNDA:0,(anonymous_194)
FNDA:0,(anonymous_195)
FNDA:0,(anonymous_196)
FNDA:0,(anonymous_197)
FNDA:0,(anonymous_198)
DA:1,0
DA:2,0
DA:3,0
DA:4,0
DA:5,0
DA:6,0
DA:7,0
DA:57,0
DA:59,0
DA:60,0
DA:62,0
DA:66,0
DA:67,0
DA:69,0
DA:70,0
DA:72,0
DA:76,0
DA:77,0
DA:79,0
DA:83,0
DA:84,0
DA:86,0
DA:87,0
DA:89,0
DA:90,0
DA:92,0
DA:96,0
DA:136,0
DA:138,0
DA:140,0
DA:144,0
DA:148,0
DA:149,0
DA:150,0
DA:152,0
DA:153,0
DA:157,0
DA:158,0
DA:160,0
DA:161,0
DA:162,0
DA:163,0
DA:168,0
DA:178,0
DA:179,0
DA:180,0
DA:181,0
DA:196,0
DA:218,0
DA:233,0
DA:253,0
DA:265,0
DA:266,0
DA:278,0
DA:291,0
DA:302,0
DA:317,0
DA:318,0
DA:319,0
DA:334,0
DA:348,0
DA:363,0
DA:377,0
DA:390,0
DA:391,0
DA:392,0
DA:394,0
DA:395,0
DA:400,0
DA:401,0
DA:411,0
DA:413,0
DA:414,0
DA:419,0
DA:420,0
DA:421,0
DA:422,0
DA:424,0
DA:425,0
DA:430,0
DA:431,0
DA:432,0
DA:433,0
DA:435,0
DA:436,0
DA:441,0
DA:443,0
DA:444,0
DA:445,0
DA:446,0
DA:449,0
DA:456,0
DA:457,0
DA:459,0
DA:460,0
DA:465,0
DA:467,0
DA:468,0
DA:472,0
DA:473,0
DA:474,0
DA:477,0
DA:483,0
DA:485,0
DA:486,0
DA:491,0
DA:492,0
DA:495,0
DA:496,0
DA:499,0
DA:502,0
DA:506,0
DA:513,0
DA:514,0
DA:516,0
DA:517,0
DA:522,0
DA:524,0
DA:525,0
DA:526,0
DA:530,0
DA:531,0
DA:534,0
DA:535,0
DA:537,0
DA:538,0
DA:544,0
DA:545,0
DA:546,0
DA:548,0
DA:549,0
DA:554,0
DA:555,0
DA:559,0
DA:561,0
DA:562,0
DA:567,0
DA:568,0
DA:569,0
DA:571,0
DA:572,0
DA:577,0
DA:578,0
DA:579,0
DA:580,0
DA:587,0
DA:588,0
DA:590,0
DA:591,0
DA:596,0
DA:597,0
DA:599,0
DA:605,0
DA:607,0
DA:608,0
DA:613,0
DA:614,0
DA:615,0
DA:617,0
DA:618,0
DA:624,0
DA:626,0
DA:645,0
DA:647,0
DA:648,0
DA:653,0
DA:654,0
DA:655,0
DA:657,0
DA:658,0
DA:663,0
DA:664,0
DA:674,0
DA:675,0
DA:676,0
DA:677,0
DA:678,0
DA:679,0
DA:680,0
DA:682,0
DA:683,0
DA:687,0
DA:704,0
DA:705,0
DA:707,0
DA:708,0
DA:713,0
DA:714,0
DA:724,0
DA:726,0
DA:727,0
DA:728,0
DA:729,0
DA:730,0
DA:731,0
DA:732,0
DA:733,0
DA:734,0
DA:735,0
DA:736,0
DA:737,0
DA:738,0
DA:739,0
DA:740,0
DA:741,0
DA:742,0
DA:743,0
DA:744,0
DA:746,0
DA:747,0
DA:750,0
DA:752,0
DA:753,0
DA:756,0
DA:762,0
DA:764,0
DA:765,0
DA:770,0
DA:771,0
DA:772,0
DA:774,0
DA:775,0
DA:781,0
DA:782,0
DA:783,0
DA:786,0
DA:787,0
DA:788,0
DA:789,0
DA:790,0
DA:792,0
DA:793,0
DA:795,0
DA:796,0
DA:800,0
DA:805,0
DA:806,0
DA:812,0
DA:814,0
DA:816,0
DA:818,0
DA:821,0
DA:822,0
DA:823,0
DA:824,0
DA:825,0
DA:829,0
DA:830,0
DA:831,0
DA:832,0
DA:833,0
DA:835,0
DA:836,0
DA:837,0
DA:838,0
DA:842,0
DA:845,0
DA:846,0
DA:851,0
DA:933,0
DA:936,0
DA:939,0
DA:947,0
DA:954,0
DA:960,0
DA:968,0
DA:976,0
DA:985,0
DA:992,0
DA:998,0
DA:1003,0
DA:1009,0
DA:1015,0
DA:1020,0
DA:1026,0
DA:1032,0
DA:1039,0
DA:1048,0
DA:1068,0
DA:1072,0
DA:1073,0
DA:1078,0
DA:1080,0
DA:1081,0
DA:1083,0
DA:1084,0
DA:1089,0
DA:1090,0
DA:1093,0
DA:1095,0
DA:1097,0
DA:1103,0
DA:1104,0
DA:1109,0
DA:1111,0
DA:1113,0
DA:1114,0
DA:1117,0
DA:1119,0
DA:1120,0
DA:1121,0
DA:1125,0
DA:1126,0
DA:1130,0
DA:1131,0
DA:1134,0
DA:1135,0
DA:1136,0
DA:1137,0
DA:1139,0
DA:1140,0
DA:1142,0
DA:1143,0
DA:1148,0
DA:1149,0
DA:1152,0
DA:1153,0
DA:1154,0
DA:1155,0
DA:1156,0
DA:1157,0
DA:1158,0
DA:1159,0
DA:1160,0
DA:1161,0
DA:1162,0
DA:1163,0
DA:1168,0
DA:1169,0
DA:1170,0
DA:1171,0
DA:1172,0
DA:1173,0
DA:1175,0
DA:1176,0
DA:1181,0
DA:1182,0
DA:1183,0
DA:1184,0
DA:1185,0
DA:1186,0
DA:1187,0
DA:1188,0
DA:1189,0
DA:1190,0
DA:1191,0
DA:1192,0
DA:1193,0
DA:1194,0
DA:1195,0
DA:1200,0
DA:1201,0
DA:1202,0
DA:1203,0
DA:1204,0
DA:1205,0
DA:1206,0
DA:1207,0
DA:1208,0
DA:1209,0
DA:1210,0
DA:1211,0
DA:1212,0
DA:1213,0
DA:1214,0
DA:1219,0
DA:1220,0
DA:1221,0
DA:1222,0
DA:1223,0
DA:1224,0
DA:1225,0
DA:1226,0
DA:1227,0
DA:1228,0
DA:1229,0
DA:1230,0
DA:1231,0
DA:1232,0
DA:1233,0
DA:1234,0
DA:1235,0
DA:1236,0
DA:1241,0
DA:1242,0
DA:1243,0
DA:1244,0
DA:1245,0
DA:1246,0
DA:1247,0
DA:1248,0
DA:1249,0
DA:1250,0
DA:1251,0
DA:1252,0
DA:1257,0
DA:1258,0
DA:1259,0
DA:1260,0
DA:1264,0
DA:1265,0
DA:1266,0
DA:1267,0
DA:1271,0
DA:1272,0
DA:1273,0
DA:1274,0
DA:1275,0
DA:1276,0
DA:1277,0
DA:1278,0
DA:1279,0
DA:1280,0
DA:1281,0
DA:1282,0
DA:1283,0
DA:1289,0
DA:1290,0
DA:1291,0
DA:1292,0
DA:1293,0
DA:1296,0
DA:1297,0
DA:1298,0
DA:1299,0
DA:1300,0
DA:1303,0
DA:1304,0
DA:1305,0
DA:1306,0
DA:1307,0
DA:1311,0
DA:1312,0
DA:1313,0
DA:1314,0
DA:1318,0
DA:1319,0
DA:1320,0
DA:1321,0
DA:1322,0
DA:1326,0
DA:1327,0
DA:1328,0
DA:1329,0
DA:1333,0
DA:1334,0
DA:1335,0
DA:1336,0
DA:1339,0
DA:1342,0
DA:1356,0
DA:1357,0
DA:1368,0
DA:1370,0
DA:1372,0
DA:1373,0
DA:1375,0
DA:1377,0
DA:1378,0
DA:1379,0
DA:1383,0
DA:1384,0
DA:1385,0
DA:1386,0
DA:1388,0
DA:1390,0
DA:1391,0
DA:1394,0
DA:1398,0
DA:1400,0
DA:1401,0
DA:1402,0
DA:1405,0
DA:1409,0
DA:1410,0
DA:1411,0
DA:1412,0
DA:1413,0
DA:1414,0
DA:1415,0
DA:1416,0
DA:1417,0
DA:1422,0
DA:1423,0
DA:1424,0
DA:1425,0
DA:1426,0
DA:1428,0
DA:1433,0
DA:1434,0
DA:1435,0
DA:1436,0
DA:1437,0
DA:1438,0
DA:1439,0
DA:1440,0
DA:1441,0
DA:1442,0
DA:1443,0
DA:1448,0
DA:1449,0
DA:1450,0
DA:1451,0
DA:1452,0
DA:1453,0
DA:1454,0
DA:1455,0
DA:1456,0
DA:1457,0
DA:1458,0
DA:1463,0
DA:1464,0
DA:1465,0
DA:1466,0
DA:1467,0
DA:1468,0
DA:1469,0
DA:1470,0
DA:1471,0
DA:1472,0
DA:1473,0
DA:1474,0
DA:1476,0
DA:1482,0
DA:1483,0
DA:1484,0
DA:1488,0
DA:1489,0
DA:1490,0
DA:1491,0
DA:1492,0
DA:1497,0
DA:1498,0
DA:1499,0
DA:1500,0
DA:1502,0
DA:1507,0
DA:1508,0
DA:1509,0
DA:1510,0
DA:1512,0
DA:1517,0
DA:1518,0
DA:1519,0
DA:1523,0
DA:1527,0
DA:1530,0
DA:1535,0
DA:1537,0
DA:1539,0
DA:1540,0
DA:1541,0
DA:1543,0
DA:1544,0
DA:1546,0
DA:1547,0
DA:1551,0
DA:1553,0
DA:1555,0
DA:1557,0
DA:1561,0
DA:1564,0
DA:1571,0
DA:1574,0
DA:1578,0
DA:1588,0
DA:1589,0
DA:1600,0
DA:1601,0
DA:1616,0
DA:1617,0
DA:1622,0
DA:1623,0
DA:1628,0
DA:1629,0
DA:1630,0
DA:1632,0
DA:1633,0
DA:1635,0
DA:1637,0
DA:1638,0
DA:1643,0
DA:1644,0
DA:1647,0
DA:1648,0
DA:1653,0
DA:1654,0
DA:1669,0
DA:1670,0
DA:1675,0
DA:1676,0
DA:1681,0
DA:1682,0
DA:1683,0
DA:1685,0
DA:1686,0
DA:1687,0
DA:1689,0
DA:1692,0
DA:1694,0
DA:1695,0
DA:1700,0
DA:1701,0
DA:1705,0
DA:1706,0
DA:1708,0
DA:1709,0
DA:1711,0
DA:1712,0
DA:1714,0
DA:1715,0
DA:1717,0
DA:1718,0
DA:1720,0
DA:1721,0
DA:1723,0
DA:1724,0
DA:1726,0
DA:1727,0
DA:1730,0
DA:1731,0
DA:1733,0
DA:1734,0
DA:1736,0
DA:1737,0
DA:1739,0
DA:1740,0
DA:1742,0
DA:1743,0
DA:1745,0
DA:1746,0
DA:1748,0
DA:1749,0
DA:1751,0
DA:1752,0
DA:1754,0
DA:1755,0
DA:1757,0
DA:1758,0
DA:1760,0
DA:1761,0
DA:1763,0
DA:1764,0
DA:1766,0
DA:1767,0
DA:1769,0
DA:1770,0
DA:1772,0
DA:1773,0
DA:1776,0
DA:1777,0
DA:1780,0
DA:1781,0
DA:1783,0
DA:1784,0
DA:1792,0
DA:1793,0
DA:1795,0
DA:1797,0
DA:1798,0
DA:1804,0
DA:1805,0
DA:1808,0
DA:1810,0
DA:1811,0
DA:1817,0
DA:1818,0
DA:1827,0
DA:1829,0
DA:1830,0
DA:1836,0
DA:1837,0
DA:1840,0
DA:1842,0
DA:1843,0
DA:1848,0
DA:1849,0
DA:1853,0
DA:1855,0
DA:1856,0
DA:1861,0
DA:1862,0
DA:1864,0
DA:1866,0
DA:1867,0
DA:1873,0
DA:1874,0
DA:1877,0
DA:1879,0
DA:1880,0
DA:1886,0
DA:1887,0
DA:1890,0
DA:1892,0
DA:1893,0
DA:1898,0
DA:1899,0
DA:1903,0
DA:1905,0
DA:1906,0
DA:1912,0
DA:1913,0
DA:1922,0
DA:1924,0
DA:1925,0
DA:1931,0
DA:1932,0
DA:1936,0
DA:1937,0
DA:1941,0
DA:1943,0
DA:1944,0
DA:1950,0
DA:1951,0
DA:1954,0
DA:1956,0
DA:1957,0
DA:1963,0
DA:1964,0
DA:1973,0
DA:1975,0
DA:1976,0
DA:1982,0
DA:1984,0
DA:1989,0
DA:1990,0
DA:1993,0
DA:1995,0
DA:2005,0
DA:2007,0
DA:2008,0
DA:2016,0
DA:2017,0
DA:2021,0
DA:2023,0
DA:2024,0
DA:2029,0
DA:2030,0
DA:2033,0
DA:2035,0
DA:2036,0
DA:2041,0
DA:2042,0
DA:2043,0
DA:2045,0
DA:2046,0
DA:2052,0
DA:2053,0
DA:2056,0
DA:2058,0
DA:2059,0
DA:2064,0
DA:2065,0
DA:2072,0
DA:2074,0
DA:2075,0
DA:2080,0
DA:2081,0
DA:2087,0
DA:2089,0
DA:2090,0
DA:2095,0
DA:2096,0
DA:2103,0
DA:2105,0
DA:2106,0
DA:2111,0
DA:2112,0
DA:2115,0
DA:2116,0
DA:2117,0
DA:2118,0
DA:2119,0
DA:2121,0
DA:2124,0
DA:2126,0
DA:2127,0
DA:2132,0
DA:2133,0
DA:2140,0
DA:2142,0
DA:2143,0
DA:2149,0
DA:2150,0
DA:2154,0
DA:2156,0
DA:2157,0
DA:2163,0
DA:2164,0
DA:2165,0
DA:2166,0
DA:2167,0
DA:2168,0
DA:2169,0
DA:2173,0
DA:2175,0
DA:2176,0
DA:2181,0
DA:2182,0
DA:2184,0
DA:2186,0
DA:2187,0
DA:2193,0
DA:2194,0
DA:2196,0
DA:2198,0
DA:2199,0
DA:2205,0
DA:2206,0
DA:2213,0
DA:2215,0
DA:2216,0
DA:2221,0
DA:2225,0
DA:2226,0
DA:2229,0
DA:2231,0
DA:2232,0
DA:2237,0
DA:2238,0
DA:2242,0
DA:2244,0
DA:2245,0
DA:2250,0
DA:2251,0
DA:2260,0
DA:2262,0
DA:2263,0
DA:2268,0
DA:2269,0
DA:2270,0
DA:2271,0
DA:2272,0
DA:2273,0
DA:2277,0
DA:2279,0
DA:2280,0
DA:2285,0
DA:2286,0
DA:2288,0
DA:2290,0
DA:2292,0
DA:2293,0
DA:2298,0
DA:2300,0
DA:2305,0
DA:2306,0
DA:2310,0
DA:2319,0
DA:2324,0
DA:2326,0
DA:2327,0
DA:2332,0
DA:2333,0
DA:2337,0
DA:2339,0
DA:2340,0
DA:2345,0
DA:2349,0
DA:2350,0
DA:2353,0
DA:2355,0
DA:2356,0
DA:2361,0
DA:2362,0
DA:2366,0
DA:2368,0
DA:2369,0
DA:2374,0
DA:2375,0
DA:2383,0
DA:2385,0
DA:2386,0
DA:2391,0
DA:2392,0
DA:2393,0
DA:2394,0
DA:2395,0
DA:2396,0
DA:2400,0
DA:2402,0
DA:2403,0
DA:2408,0
DA:2409,0
DA:2411,0
DA:2413,0
DA:2414,0
DA:2420,0
DA:2421,0
DA:2422,0
DA:2436,0
DA:2437,0
DA:2442,0
DA:2443,0
DA:2444,0
DA:2446,0
DA:2447,0
DA:2453,0
DA:2454,0
DA:2459,0
DA:2460,0
DA:2461,0
DA:2463,0
DA:2464,0
DA:2465,0
DA:2467,0
DA:2470,0
DA:2472,0
DA:2473,0
DA:2478,0
DA:2479,0
DA:2494,0
DA:2495,0
DA:2501,0
DA:2502,0
DA:2506,0
DA:2508,0
DA:2509,0
DA:2514,0
DA:2515,0
DA:2519,0
DA:2521,0
DA:2522,0
DA:2527,0
DA:2528,0
DA:2542,0
DA:2544,0
DA:2545,0
DA:2551,0
DA:2552,0
DA:2555,0
DA:2557,0
DA:2558,0
DA:2563,0
DA:2564,0
DA:2573,0
DA:2575,0
DA:2576,0
DA:2581,0
DA:2582,0
DA:2583,0
DA:2585,0
DA:2586,0
DA:2591,0
DA:2592,0
DA:2596,0
DA:2598,0
DA:2599,0
DA:2604,0
DA:2605,0
DA:2614,0
DA:2616,0
DA:2617,0
DA:2622,0
DA:2623,0
DA:2624,0
DA:2625,0
DA:2626,0
DA:2627,0
DA:2628,0
DA:2632,0
DA:2634,0
DA:2635,0
DA:2640,0
DA:2641,0
DA:2643,0
DA:2645,0
DA:2646,0
DA:2652,0
DA:2653,0
DA:2657,0
DA:2659,0
DA:2660,0
DA:2665,0
DA:2666,0
DA:2676,0
DA:2678,0
DA:2679,0
DA:2684,0
DA:2685,0
DA:2686,0
DA:2688,0
DA:2689,0
DA:2694,0
DA:2695,0
DA:2699,0
DA:2701,0
DA:2702,0
DA:2707,0
DA:2708,0
DA:2709,0
DA:2710,0
DA:2711,0
DA:2712,0
DA:2713,0
DA:2717,0
DA:2719,0
DA:2720,0
DA:2725,0
DA:2726,0
DA:2728,0
DA:2730,0
DA:2731,0
DA:2736,0
DA:2737,0
DA:2738,0
DA:2739,0
DA:2740,0
DA:2742,0
DA:2743,0
DA:2745,0
DA:2746,0
DA:2752,0
DA:2753,0
DA:2758,0
DA:2759,0
DA:2760,0
DA:2761,0
DA:2762,0
DA:2765,0
DA:2767,0
DA:2768,0
DA:2775,0
DA:2776,0
DA:2787,0
DA:2789,0
DA:2790,0
DA:2795,0
DA:2796,0
DA:2800,0
DA:2802,0
DA:2803,0
DA:2808,0
DA:2809,0
DA:2811,0
DA:2813,0
DA:2814,0
DA:2820,0
DA:2821,0
DA:2824,0
DA:2826,0
DA:2827,0
DA:2832,0
DA:2833,0
DA:2837,0
DA:2839,0
DA:2840,0
DA:2845,0
DA:2846,0
DA:2851,0
DA:2853,0
DA:2854,0
DA:2859,0
DA:2860,0
DA:2870,0
DA:2872,0
DA:2873,0
DA:2878,0
DA:2879,0
DA:2883,0
DA:2885,0
DA:2886,0
DA:2891,0
DA:2892,0
DA:2896,0
DA:2898,0
DA:2899,0
DA:2904,0
DA:2905,0
DA:2907,0
DA:2909,0
DA:2910,0
DA:2916,0
DA:2917,0
DA:2920,0
DA:2922,0
DA:2923,0
DA:2928,0
DA:2929,0
DA:2933,0
DA:2935,0
DA:2936,0
DA:2941,0
DA:2942,0
DA:2946,0
DA:2951,0
DA:2953,0
DA:2963,0
DA:2967,0
DA:2978,0
DA:2980,0
DA:2981,0
DA:2986,0
DA:2987,0
DA:2991,0
DA:2992,0
DA:2993,0
DA:2995,0
DA:3002,0
DA:3004,0
DA:3005,0
DA:3010,0
DA:3011,0
DA:3013,0
DA:3015,0
DA:3016,0
DA:3021,0
DA:3022,0
DA:3025,0
DA:3026,0
DA:3028,0
DA:3029,0
DA:3032,0
DA:3033,0
DA:3035,0
DA:3036,0
DA:3045,0
DA:3046,0
DA:3048,0
DA:3049,0
DA:3050,0
DA:3057,0
DA:3067,0
DA:3069,0
DA:3070,0
DA:3071,0
DA:3072,0
DA:3079,0
DA:3081,0
DA:3082,0
DA:3087,0
DA:3088,0
DA:3092,0
DA:3093,0
DA:3094,0
DA:3103,0
DA:3104,0
DA:3105,0
DA:3109,0
DA:3110,0
DA:3111,0
DA:3112,0
DA:3114,0
DA:3119,0
DA:3120,0
DA:3121,0
DA:3125,0
DA:3126,0
DA:3127,0
DA:3128,0
DA:3130,0
DA:3131,0
DA:3136,0
DA:3140,0
DA:3141,0
DA:3142,0
DA:3144,0
DA:3149,0
DA:3150,0
DA:3168,0
DA:3170,0
DA:3171,0
DA:3176,0
DA:3177,0
DA:3178,0
DA:3179,0
DA:3180,0
DA:3181,0
DA:3182,0
DA:3183,0
DA:3184,0
DA:3185,0
DA:3186,0
DA:3187,0
DA:3188,0
DA:3189,0
DA:3190,0
DA:3196,0
DA:3198,0
DA:3199,0
DA:3204,0
DA:3205,0
DA:3209,0
DA:3211,0
DA:3212,0
DA:3217,0
DA:3218,0
DA:3220,0
DA:3222,0
DA:3223,0
DA:3229,0
DA:3233,0
DA:3234,0
DA:3245,0
DA:3247,0
DA:3248,0
DA:3253,0
DA:3254,0
DA:3255,0
DA:3257,0
DA:3261,0
DA:3265,0
DA:3269,0
DA:3274,0
LF:1204
LH:0
BRDA:59,0,0,0
BRDA:59,0,1,0
BRDA:66,1,0,0
BRDA:66,1,1,0
BRDA:69,2,0,0
BRDA:69,2,1,0
BRDA:76,3,0,0
BRDA:76,3,1,0
BRDA:79,4,0,0
BRDA:79,4,1,0
BRDA:83,5,0,0
BRDA:83,5,1,0
BRDA:86,6,0,0
BRDA:86,6,1,0
BRDA:89,7,0,0
BRDA:89,7,1,0
BRDA:98,8,0,0
BRDA:98,8,1,0
BRDA:99,9,0,0
BRDA:99,9,1,0
BRDA:100,10,0,0
BRDA:100,10,1,0
BRDA:101,11,0,0
BRDA:101,11,1,0
BRDA:102,12,0,0
BRDA:102,12,1,0
BRDA:103,13,0,0
BRDA:103,13,1,0
BRDA:104,14,0,0
BRDA:104,14,1,0
BRDA:105,15,0,0
BRDA:105,15,1,0
BRDA:106,16,0,0
BRDA:106,16,1,0
BRDA:107,17,0,0
BRDA:107,17,1,0
BRDA:108,18,0,0
BRDA:108,18,1,0
BRDA:109,19,0,0
BRDA:109,19,1,0
BRDA:110,20,0,0
BRDA:110,20,1,0
BRDA:111,21,0,0
BRDA:111,21,1,0
BRDA:112,22,0,0
BRDA:112,22,1,0
BRDA:113,23,0,0
BRDA:113,23,1,0
BRDA:114,24,0,0
BRDA:114,24,1,0
BRDA:118,25,0,0
BRDA:118,25,1,0
BRDA:118,26,0,0
BRDA:118,26,1,0
BRDA:119,27,0,0
BRDA:119,27,1,0
BRDA:120,28,0,0
BRDA:120,28,1,0
BRDA:120,29,0,0
BRDA:120,29,1,0
BRDA:122,30,0,0
BRDA:122,30,1,0
BRDA:126,31,0,0
BRDA:126,31,1,0
BRDA:127,32,0,0
BRDA:127,32,1,0
BRDA:128,33,0,0
BRDA:128,33,1,0
BRDA:129,34,0,0
BRDA:129,34,1,0
BRDA:130,35,0,0
BRDA:130,35,1,0
BRDA:131,36,0,0
BRDA:131,36,1,0
BRDA:144,37,0,0
BRDA:144,37,1,0
BRDA:148,38,0,0
BRDA:148,38,1,0
BRDA:148,39,0,0
BRDA:148,39,1,0
BRDA:157,40,0,0
BRDA:157,40,1,0
BRDA:172,41,0,0
BRDA:172,41,1,0
BRDA:172,42,0,0
BRDA:172,42,1,0
BRDA:173,43,0,0
BRDA:173,43,1,0
BRDA:173,44,0,0
BRDA:173,44,1,0
BRDA:178,45,0,0
BRDA:178,45,1,0
BRDA:178,46,0,0
BRDA:178,46,1,0
BRDA:179,47,0,0
BRDA:179,47,1,0
BRDA:179,48,0,0
BRDA:179,48,1,0
BRDA:180,49,0,0
BRDA:180,49,1,0
BRDA:180,50,0,0
BRDA:180,50,1,0
BRDA:185,51,0,0
BRDA:185,51,1,0
BRDA:186,52,0,0
BRDA:186,52,1,0
BRDA:188,53,0,0
BRDA:188,53,1,0
BRDA:188,54,0,0
BRDA:188,54,1,0
BRDA:190,55,0,0
BRDA:190,55,1,0
BRDA:191,56,0,0
BRDA:191,56,1,0
BRDA:198,57,0,0
BRDA:198,57,1,0
BRDA:199,58,0,0
BRDA:199,58,1,0
BRDA:200,59,0,0
BRDA:200,59,1,0
BRDA:201,60,0,0
BRDA:201,60,1,0
BRDA:202,61,0,0
BRDA:202,61,1,0
BRDA:203,62,0,0
BRDA:203,62,1,0
BRDA:204,63,0,0
BRDA:204,63,1,0
BRDA:205,64,0,0
BRDA:205,64,1,0
BRDA:206,65,0,0
BRDA:206,65,1,0
BRDA:207,66,0,0
BRDA:207,66,1,0
BRDA:208,67,0,0
BRDA:208,67,1,0
BRDA:209,68,0,0
BRDA:209,68,1,0
BRDA:210,69,0,0
BRDA:210,69,1,0
BRDA:211,70,0,0
BRDA:211,70,1,0
BRDA:220,71,0,0
BRDA:220,71,1,0
BRDA:221,72,0,0
BRDA:221,72,1,0
BRDA:222,73,0,0
BRDA:222,73,1,0
BRDA:223,74,0,0
BRDA:223,74,1,0
BRDA:224,75,0,0
BRDA:224,75,1,0
BRDA:225,76,0,0
BRDA:225,76,1,0
BRDA:226,77,0,0
BRDA:226,77,1,0
BRDA:235,78,0,0
BRDA:235,78,1,0
BRDA:235,79,0,0
BRDA:235,79,1,0
BRDA:236,80,0,0
BRDA:236,80,1,0
BRDA:236,81,0,0
BRDA:236,81,1,0
BRDA:237,82,0,0
BRDA:237,82,1,0
BRDA:237,83,0,0
BRDA:237,83,1,0
BRDA:238,84,0,0
BRDA:238,84,1,0
BRDA:239,85,0,0
BRDA:239,85,1,0
BRDA:241,86,0,0
BRDA:241,86,1,0
BRDA:241,87,0,0
BRDA:241,87,1,0
BRDA:242,88,0,0
BRDA:242,88,1,0
BRDA:243,89,0,0
BRDA:243,89,1,0
BRDA:245,90,0,0
BRDA:245,90,1,0
BRDA:246,91,0,0
BRDA:246,91,1,0
BRDA:255,92,0,0
BRDA:255,92,1,0
BRDA:256,93,0,0
BRDA:256,93,1,0
BRDA:257,94,0,0
BRDA:257,94,1,0
BRDA:257,95,0,0
BRDA:257,95,1,0
BRDA:258,96,0,0
BRDA:258,96,1,0
BRDA:265,97,0,0
BRDA:265,97,1,0
BRDA:268,98,0,0
BRDA:268,98,1,0
BRDA:270,99,0,0
BRDA:270,99,1,0
BRDA:271,100,0,0
BRDA:271,100,1,0
BRDA:280,101,0,0
BRDA:280,101,1,0
BRDA:280,102,0,0
BRDA:280,102,1,0
BRDA:281,103,0,0
BRDA:281,103,1,0
BRDA:281,104,0,0
BRDA:281,104,1,0
BRDA:282,105,0,0
BRDA:282,105,1,0
BRDA:283,106,0,0
BRDA:283,106,1,0
BRDA:284,107,0,0
BRDA:284,107,1,0
BRDA:293,108,0,0
BRDA:293,108,1,0
BRDA:293,109,0,0
BRDA:293,109,1,0
BRDA:294,110,0,0
BRDA:294,110,1,0
BRDA:294,111,0,0
BRDA:294,111,1,0
BRDA:294,112,0,0
BRDA:294,112,1,0
BRDA:294,113,0,0
BRDA:294,113,1,0
BRDA:295,114,0,0
BRDA:295,114,1,0
BRDA:295,115,0,0
BRDA:295,115,1,0
BRDA:296,116,0,0
BRDA:296,116,1,0
BRDA:304,117,0,0
BRDA:304,117,1,0
BRDA:305,118,0,0
BRDA:305,118,1,0
BRDA:306,119,0,0
BRDA:306,119,1,0
BRDA:307,120,0,0
BRDA:307,120,1,0
BRDA:307,121,0,0
BRDA:307,121,1,0
BRDA:307,122,0,0
BRDA:307,122,1,0
BRDA:307,123,0,0
BRDA:307,123,1,0
BRDA:308,124,0,0
BRDA:308,124,1,0
BRDA:309,125,0,0
BRDA:309,125,1,0
BRDA:310,126,0,0
BRDA:310,126,1,0
BRDA:317,127,0,0
BRDA:317,127,1,0
BRDA:318,128,0,0
BRDA:318,128,1,0
BRDA:321,129,0,0
BRDA:321,129,1,0
BRDA:321,130,0,0
BRDA:321,130,1,0
BRDA:322,131,0,0
BRDA:322,131,1,0
BRDA:322,132,0,0
BRDA:322,132,1,0
BRDA:323,133,0,0
BRDA:323,133,1,0
BRDA:324,134,0,0
BRDA:324,134,1,0
BRDA:329,135,0,0
BRDA:329,135,1,0
BRDA:336,136,0,0
BRDA:336,136,1,0
BRDA:336,137,0,0
BRDA:336,137,1,0
BRDA:337,138,0,0
BRDA:337,138,1,0
BRDA:338,139,0,0
BRDA:338,139,1,0
BRDA:339,140,0,0
BRDA:339,140,1,0
BRDA:341,141,0,0
BRDA:341,141,1,0
BRDA:350,142,0,0
BRDA:350,142,1,0
BRDA:350,143,0,0
BRDA:350,143,1,0
BRDA:351,144,0,0
BRDA:351,144,1,0
BRDA:351,145,0,0
BRDA:351,145,1,0
BRDA:351,146,0,0
BRDA:351,146,1,0
BRDA:352,147,0,0
BRDA:352,147,1,0
BRDA:353,148,0,0
BRDA:353,148,1,0
BRDA:354,149,0,0
BRDA:354,149,1,0
BRDA:355,150,0,0
BRDA:355,150,1,0
BRDA:355,151,0,0
BRDA:355,151,1,0
BRDA:355,152,0,0
BRDA:355,152,1,0
BRDA:358,153,0,0
BRDA:358,153,1,0
BRDA:365,154,0,0
BRDA:365,154,1,0
BRDA:365,155,0,0
BRDA:365,155,1,0
BRDA:366,156,0,0
BRDA:366,156,1,0
BRDA:367,157,0,0
BRDA:367,157,1,0
BRDA:368,158,0,0
BRDA:368,158,1,0
BRDA:369,159,0,0
BRDA:369,159,1,0
BRDA:372,160,0,0
BRDA:372,160,1,0
BRDA:379,161,0,0
BRDA:379,161,1,0
BRDA:379,162,0,0
BRDA:379,162,1,0
BRDA:380,163,0,0
BRDA:380,163,1,0
BRDA:381,164,0,0
BRDA:381,164,1,0
BRDA:382,165,0,0
BRDA:382,165,1,0
BRDA:383,166,0,0
BRDA:383,166,1,0
BRDA:421,167,0,0
BRDA:421,167,1,0
BRDA:422,168,0,0
BRDA:422,168,1,0
BRDA:432,169,0,0
BRDA:432,169,1,0
BRDA:433,170,0,0
BRDA:433,170,1,0
BRDA:443,171,0,0
BRDA:443,171,1,0
BRDA:445,172,0,0
BRDA:445,172,1,0
BRDA:467,173,0,0
BRDA:467,173,1,0
BRDA:467,174,0,0
BRDA:467,174,1,0
BRDA:473,175,0,0
BRDA:473,175,1,0
BRDA:483,176,0,0
BRDA:483,176,1,0
BRDA:495,177,0,0
BRDA:495,177,1,0
BRDA:495,178,0,0
BRDA:495,178,1,0
BRDA:502,179,0,0
BRDA:502,179,1,0
BRDA:513,180,0,0
BRDA:513,180,1,0
BRDA:513,181,0,0
BRDA:513,181,1,0
BRDA:525,182,0,0
BRDA:525,182,1,0
BRDA:525,183,0,0
BRDA:525,183,1,0
BRDA:530,184,0,0
BRDA:530,184,1,0
BRDA:530,185,0,0
BRDA:530,185,1,0
BRDA:569,186,0,0
BRDA:569,186,1,0
BRDA:605,187,0,0
BRDA:605,187,1,0
BRDA:655,188,0,0
BRDA:655,188,1,0
BRDA:675,189,0,0
BRDA:675,189,1,0
BRDA:679,190,0,0
BRDA:679,190,1,0
BRDA:682,191,0,0
BRDA:682,191,1,0
BRDA:688,192,0,0
BRDA:688,192,1,0
BRDA:689,193,0,0
BRDA:689,193,1,0
BRDA:689,194,0,0
BRDA:689,194,1,0
BRDA:691,195,0,0
BRDA:691,195,1,0
BRDA:692,196,0,0
BRDA:692,196,1,0
BRDA:692,197,0,0
BRDA:692,197,1,0
BRDA:693,198,0,0
BRDA:693,198,1,0
BRDA:694,199,0,0
BRDA:694,199,1,0
BRDA:694,200,0,0
BRDA:694,200,1,0
BRDA:695,201,0,0
BRDA:695,201,1,0
BRDA:695,202,0,0
BRDA:695,202,1,0
BRDA:695,203,0,0
BRDA:695,203,1,0
BRDA:695,204,0,0
BRDA:695,204,1,0
BRDA:696,205,0,0
BRDA:696,205,1,0
BRDA:696,206,0,0
BRDA:696,206,1,0
BRDA:697,207,0,0
BRDA:697,207,1,0
BRDA:697,208,0,0
BRDA:697,208,1,0
BRDA:698,209,0,0
BRDA:698,209,1,0
BRDA:698,210,0,0
BRDA:698,210,1,0
BRDA:699,211,0,0
BRDA:699,211,1,0
BRDA:699,212,0,0
BRDA:699,212,1,0
BRDA:726,213,0,0
BRDA:726,213,1,0
BRDA:727,214,0,0
BRDA:727,214,1,0
BRDA:727,215,0,0
BRDA:727,215,1,0
BRDA:727,216,0,0
BRDA:727,216,1,0
BRDA:728,217,0,0
BRDA:728,217,1,0
BRDA:728,218,0,0
BRDA:728,218,1,0
BRDA:728,219,0,0
BRDA:728,219,1,0
BRDA:729,220,0,0
BRDA:729,220,1,0
BRDA:730,221,0,0
BRDA:730,221,1,0
BRDA:731,222,0,0
BRDA:731,222,1,0
BRDA:731,223,0,0
BRDA:731,223,1,0
BRDA:731,224,0,0
BRDA:731,224,1,0
BRDA:732,225,0,0
BRDA:732,225,1,0
BRDA:732,226,0,0
BRDA:732,226,1,0
BRDA:732,227,0,0
BRDA:732,227,1,0
BRDA:733,228,0,0
BRDA:733,228,1,0
BRDA:733,229,0,0
BRDA:733,229,1,0
BRDA:733,230,0,0
BRDA:733,230,1,0
BRDA:734,231,0,0
BRDA:734,231,1,0
BRDA:734,232,0,0
BRDA:734,232,1,0
BRDA:734,233,0,0
BRDA:734,233,1,0
BRDA:735,234,0,0
BRDA:735,234,1,0
BRDA:735,235,0,0
BRDA:735,235,1,0
BRDA:735,236,0,0
BRDA:735,236,1,0
BRDA:736,237,0,0
BRDA:736,237,1,0
BRDA:736,238,0,0
BRDA:736,238,1,0
BRDA:736,239,0,0
BRDA:736,239,1,0
BRDA:737,240,0,0
BRDA:737,240,1,0
BRDA:739,241,0,0
BRDA:739,241,1,0
BRDA:743,242,0,0
BRDA:743,242,1,0
BRDA:746,243,0,0
BRDA:746,243,1,0
BRDA:752,244,0,0
BRDA:752,244,1,0
BRDA:753,245,0,0
BRDA:753,245,1,0
BRDA:762,246,0,0
BRDA:762,246,1,0
BRDA:783,247,0,0
BRDA:783,247,1,0
BRDA:787,248,0,0
BRDA:787,248,1,0
BRDA:788,249,0,0
BRDA:788,249,1,0
BRDA:795,250,0,0
BRDA:795,250,1,0
BRDA:816,251,0,0
BRDA:816,251,1,0
BRDA:824,252,0,0
BRDA:824,252,1,0
BRDA:824,253,0,0
BRDA:824,253,1,0
BRDA:830,254,0,0
BRDA:830,254,1,0
BRDA:831,255,0,0
BRDA:831,255,1,0
BRDA:832,256,0,0
BRDA:832,256,1,0
BRDA:833,257,0,0
BRDA:833,257,1,0
BRDA:940,258,0,0
BRDA:940,258,1,0
BRDA:941,259,0,0
BRDA:941,259,1,0
BRDA:942,260,0,0
BRDA:942,260,1,0
BRDA:943,261,0,0
BRDA:943,261,1,0
BRDA:948,262,0,0
BRDA:948,262,1,0
BRDA:948,263,0,0
BRDA:948,263,1,0
BRDA:948,264,0,0
BRDA:948,264,1,0
BRDA:949,265,0,0
BRDA:949,265,1,0
BRDA:949,266,0,0
BRDA:949,266,1,0
BRDA:949,267,0,0
BRDA:949,267,1,0
BRDA:950,268,0,0
BRDA:950,268,1,0
BRDA:950,269,0,0
BRDA:950,269,1,0
BRDA:950,270,0,0
BRDA:950,270,1,0
BRDA:955,271,0,0
BRDA:955,271,1,0
BRDA:955,272,0,0
BRDA:955,272,1,0
BRDA:955,273,0,0
BRDA:955,273,1,0
BRDA:956,274,0,0
BRDA:956,274,1,0
BRDA:956,275,0,0
BRDA:956,275,1,0
BRDA:956,276,0,0
BRDA:956,276,1,0
BRDA:961,277,0,0
BRDA:961,277,1,0
BRDA:961,278,0,0
BRDA:961,278,1,0
BRDA:961,279,0,0
BRDA:961,279,1,0
BRDA:962,280,0,0
BRDA:962,280,1,0
BRDA:962,281,0,0
BRDA:962,281,1,0
BRDA:962,282,0,0
BRDA:962,282,1,0
BRDA:963,283,0,0
BRDA:963,283,1,0
BRDA:963,284,0,0
BRDA:963,284,1,0
BRDA:963,285,0,0
BRDA:963,285,1,0
BRDA:964,286,0,0
BRDA:964,286,1,0
BRDA:964,287,0,0
BRDA:964,287,1,0
BRDA:964,288,0,0
BRDA:964,288,1,0
BRDA:969,289,0,0
BRDA:969,289,1,0
BRDA:969,290,0,0
BRDA:969,290,1,0
BRDA:969,291,0,0
BRDA:969,291,1,0
BRDA:970,292,0,0
BRDA:970,292,1,0
BRDA:970,293,0,0
BRDA:970,293,1,0
BRDA:970,294,0,0
BRDA:970,294,1,0
BRDA:971,295,0,0
BRDA:971,295,1,0
BRDA:971,296,0,0
BRDA:971,296,1,0
BRDA:971,297,0,0
BRDA:971,297,1,0
BRDA:972,298,0,0
BRDA:972,298,1,0
BRDA:972,299,0,0
BRDA:972,299,1,0
BRDA:972,300,0,0
BRDA:972,300,1,0
BRDA:977,301,0,0
BRDA:977,301,1,0
BRDA:977,302,0,0
BRDA:977,302,1,0
BRDA:977,303,0,0
BRDA:977,303,1,0
BRDA:978,304,0,0
BRDA:978,304,1,0
BRDA:978,305,0,0
BRDA:978,305,1,0
BRDA:978,306,0,0
BRDA:978,306,1,0
BRDA:979,307,0,0
BRDA:979,307,1,0
BRDA:979,308,0,0
BRDA:979,308,1,0
BRDA:979,309,0,0
BRDA:979,309,1,0
BRDA:980,310,0,0
BRDA:980,310,1,0
BRDA:980,311,0,0
BRDA:980,311,1,0
BRDA:980,312,0,0
BRDA:980,312,1,0
BRDA:981,313,0,0
BRDA:981,313,1,0
BRDA:981,314,0,0
BRDA:981,314,1,0
BRDA:981,315,0,0
BRDA:981,315,1,0
BRDA:986,316,0,0
BRDA:986,316,1,0
BRDA:986,317,0,0
BRDA:986,317,1,0
BRDA:986,318,0,0
BRDA:986,318,1,0
BRDA:987,319,0,0
BRDA:987,319,1,0
BRDA:987,320,0,0
BRDA:987,320,1,0
BRDA:987,321,0,0
BRDA:987,321,1,0
BRDA:988,322,0,0
BRDA:988,322,1,0
BRDA:988,323,0,0
BRDA:988,323,1,0
BRDA:988,324,0,0
BRDA:988,324,1,0
BRDA:993,325,0,0
BRDA:993,325,1,0
BRDA:993,326,0,0
BRDA:993,326,1,0
BRDA:993,327,0,0
BRDA:993,327,1,0
BRDA:994,328,0,0
BRDA:994,328,1,0
BRDA:994,329,0,0
BRDA:994,329,1,0
BRDA:994,330,0,0
BRDA:994,330,1,0
BRDA:999,331,0,0
BRDA:999,331,1,0
BRDA:999,332,0,0
BRDA:999,332,1,0
BRDA:999,333,0,0
BRDA:999,333,1,0
BRDA:1004,334,0,0
BRDA:1004,334,1,0
BRDA:1004,335,0,0
BRDA:1004,335,1,0
BRDA:1004,336,0,0
BRDA:1004,336,1,0
BRDA:1005,337,0,0
BRDA:1005,337,1,0
BRDA:1005,338,0,0
BRDA:1005,338,1,0
BRDA:1005,339,0,0
BRDA:1005,339,1,0
BRDA:1010,340,0,0
BRDA:1010,340,1,0
BRDA:1010,341,0,0
BRDA:1010,341,1,0
BRDA:1010,342,0,0
BRDA:1010,342,1,0
BRDA:1011,343,0,0
BRDA:1011,343,1,0
BRDA:1011,344,0,0
BRDA:1011,344,1,0
BRDA:1011,345,0,0
BRDA:1011,345,1,0
BRDA:1016,346,0,0
BRDA:1016,346,1,0
BRDA:1016,347,0,0
BRDA:1016,347,1,0
BRDA:1016,348,0,0
BRDA:1016,348,1,0
BRDA:1021,349,0,0
BRDA:1021,349,1,0
BRDA:1021,350,0,0
BRDA:1021,350,1,0
BRDA:1021,351,0,0
BRDA:1021,351,1,0
BRDA:1022,352,0,0
BRDA:1022,352,1,0
BRDA:1022,353,0,0
BRDA:1022,353,1,0
BRDA:1022,354,0,0
BRDA:1022,354,1,0
BRDA:1027,355,0,0
BRDA:1027,355,1,0
BRDA:1027,356,0,0
BRDA:1027,356,1,0
BRDA:1027,357,0,0
BRDA:1027,357,1,0
BRDA:1028,358,0,0
BRDA:1028,358,1,0
BRDA:1028,359,0,0
BRDA:1028,359,1,0
BRDA:1028,360,0,0
BRDA:1028,360,1,0
BRDA:1033,361,0,0
BRDA:1033,361,1,0
BRDA:1033,362,0,0
BRDA:1033,362,1,0
BRDA:1033,363,0,0
BRDA:1033,363,1,0
BRDA:1034,364,0,0
BRDA:1034,364,1,0
BRDA:1034,365,0,0
BRDA:1034,365,1,0
BRDA:1034,366,0,0
BRDA:1034,366,1,0
BRDA:1035,367,0,0
BRDA:1035,367,1,0
BRDA:1035,368,0,0
BRDA:1035,368,1,0
BRDA:1035,369,0,0
BRDA:1035,369,1,0
BRDA:1040,370,0,0
BRDA:1040,370,1,0
BRDA:1040,371,0,0
BRDA:1040,371,1,0
BRDA:1040,372,0,0
BRDA:1040,372,1,0
BRDA:1041,373,0,0
BRDA:1041,373,1,0
BRDA:1041,374,0,0
BRDA:1041,374,1,0
BRDA:1041,375,0,0
BRDA:1041,375,1,0
BRDA:1042,376,0,0
BRDA:1042,376,1,0
BRDA:1042,377,0,0
BRDA:1042,377,1,0
BRDA:1042,378,0,0
BRDA:1042,378,1,0
BRDA:1043,379,0,0
BRDA:1043,379,1,0
BRDA:1043,380,0,0
BRDA:1043,380,1,0
BRDA:1043,381,0,0
BRDA:1043,381,1,0
BRDA:1044,382,0,0
BRDA:1044,382,1,0
BRDA:1044,383,0,0
BRDA:1044,383,1,0
BRDA:1044,384,0,0
BRDA:1044,384,1,0
BRDA:1113,385,0,0
BRDA:1113,385,1,0
BRDA:1113,386,0,0
BRDA:1113,386,1,0
BRDA:1119,387,0,0
BRDA:1119,387,1,0
BRDA:1125,388,0,0
BRDA:1125,388,1,0
BRDA:1135,389,0,0
BRDA:1135,389,1,0
BRDA:1142,390,0,0
BRDA:1142,390,1,0
BRDA:1142,391,0,0
BRDA:1142,391,1,0
BRDA:1152,392,0,0
BRDA:1152,392,1,0
BRDA:1152,393,0,0
BRDA:1152,393,1,0
BRDA:1152,394,0,0
BRDA:1152,394,1,0
BRDA:1153,395,0,0
BRDA:1153,395,1,0
BRDA:1155,396,0,0
BRDA:1155,396,1,0
BRDA:1158,397,0,0
BRDA:1158,397,1,0
BRDA:1158,398,0,0
BRDA:1158,398,1,0
BRDA:1161,399,0,0
BRDA:1161,399,1,0
BRDA:1168,400,0,0
BRDA:1168,400,1,0
BRDA:1168,401,0,0
BRDA:1168,401,1,0
BRDA:1168,402,0,0
BRDA:1168,402,1,0
BRDA:1169,403,0,0
BRDA:1169,403,1,0
BRDA:1171,404,0,0
BRDA:1171,404,1,0
BRDA:1171,405,0,0
BRDA:1171,405,1,0
BRDA:1181,406,0,0
BRDA:1181,406,1,0
BRDA:1181,407,0,0
BRDA:1181,407,1,0
BRDA:1181,408,0,0
BRDA:1181,408,1,0
BRDA:1182,409,0,0
BRDA:1182,409,1,0
BRDA:1184,410,0,0
BRDA:1184,410,1,0
BRDA:1184,411,0,0
BRDA:1184,411,1,0
BRDA:1187,412,0,0
BRDA:1187,412,1,0
BRDA:1190,413,0,0
BRDA:1190,413,1,0
BRDA:1193,414,0,0
BRDA:1193,414,1,0
BRDA:1200,415,0,0
BRDA:1200,415,1,0
BRDA:1200,416,0,0
BRDA:1200,416,1,0
BRDA:1200,417,0,0
BRDA:1200,417,1,0
BRDA:1201,418,0,0
BRDA:1201,418,1,0
BRDA:1203,419,0,0
BRDA:1203,419,1,0
BRDA:1203,420,0,0
BRDA:1203,420,1,0
BRDA:1206,421,0,0
BRDA:1206,421,1,0
BRDA:1209,422,0,0
BRDA:1209,422,1,0
BRDA:1212,423,0,0
BRDA:1212,423,1,0
BRDA:1219,424,0,0
BRDA:1219,424,1,0
BRDA:1219,425,0,0
BRDA:1219,425,1,0
BRDA:1219,426,0,0
BRDA:1219,426,1,0
BRDA:1220,427,0,0
BRDA:1220,427,1,0
BRDA:1220,428,0,0
BRDA:1220,428,1,0
BRDA:1220,428,2,0
BRDA:1222,429,0,0
BRDA:1222,429,1,0
BRDA:1222,430,0,0
BRDA:1222,430,1,0
BRDA:1225,431,0,0
BRDA:1225,431,1,0
BRDA:1225,432,0,0
BRDA:1225,432,1,0
BRDA:1228,433,0,0
BRDA:1228,433,1,0
BRDA:1228,434,0,0
BRDA:1228,434,1,0
BRDA:1231,435,0,0
BRDA:1231,435,1,0
BRDA:1231,436,0,0
BRDA:1231,436,1,0
BRDA:1234,437,0,0
BRDA:1234,437,1,0
BRDA:1241,438,0,0
BRDA:1241,438,1,0
BRDA:1241,438,2,0
BRDA:1241,439,0,0
BRDA:1241,439,1,0
BRDA:1241,440,0,0
BRDA:1241,440,1,0
BRDA:1242,441,0,0
BRDA:1242,441,1,0
BRDA:1242,442,0,0
BRDA:1242,442,1,0
BRDA:1244,443,0,0
BRDA:1244,443,1,0
BRDA:1247,444,0,0
BRDA:1247,444,1,0
BRDA:1250,445,0,0
BRDA:1250,445,1,0
BRDA:1257,446,0,0
BRDA:1257,446,1,0
BRDA:1257,446,2,0
BRDA:1257,447,0,0
BRDA:1257,447,1,0
BRDA:1257,448,0,0
BRDA:1257,448,1,0
BRDA:1258,449,0,0
BRDA:1258,449,1,0
BRDA:1258,450,0,0
BRDA:1258,450,1,0
BRDA:1264,451,0,0
BRDA:1264,451,1,0
BRDA:1264,452,0,0
BRDA:1264,452,1,0
BRDA:1264,453,0,0
BRDA:1264,453,1,0
BRDA:1264,454,0,0
BRDA:1264,454,1,0
BRDA:1265,455,0,0
BRDA:1265,455,1,0
BRDA:1265,456,0,0
BRDA:1265,456,1,0
BRDA:1265,456,2,0
BRDA:1271,457,0,0
BRDA:1271,457,1,0
BRDA:1271,458,0,0
BRDA:1271,458,1,0
BRDA:1271,459,0,0
BRDA:1271,459,1,0
BRDA:1271,460,0,0
BRDA:1271,460,1,0
BRDA:1272,461,0,0
BRDA:1272,461,1,0
BRDA:1272,462,0,0
BRDA:1272,462,1,0
BRDA:1274,463,0,0
BRDA:1274,463,1,0
BRDA:1275,464,0,0
BRDA:1275,464,1,0
BRDA:1275,465,0,0
BRDA:1275,465,1,0
BRDA:1278,466,0,0
BRDA:1278,466,1,0
BRDA:1278,467,0,0
BRDA:1278,467,1,0
BRDA:1281,468,0,0
BRDA:1281,468,1,0
BRDA:1281,469,0,0
BRDA:1281,469,1,0
BRDA:1289,470,0,0
BRDA:1289,470,1,0
BRDA:1289,471,0,0
BRDA:1289,471,1,0
BRDA:1289,472,0,0
BRDA:1289,472,1,0
BRDA:1289,473,0,0
BRDA:1289,473,1,0
BRDA:1289,474,0,0
BRDA:1289,474,1,0
BRDA:1289,475,0,0
BRDA:1289,475,1,0
BRDA:1290,476,0,0
BRDA:1290,476,1,0
BRDA:1296,477,0,0
BRDA:1296,477,1,0
BRDA:1296,478,0,0
BRDA:1296,478,1,0
BRDA:1296,479,0,0
BRDA:1296,479,1,0
BRDA:1296,480,0,0
BRDA:1296,480,1,0
BRDA:1296,481,0,0
BRDA:1296,481,1,0
BRDA:1296,482,0,0
BRDA:1296,482,1,0
BRDA:1297,483,0,0
BRDA:1297,483,1,0
BRDA:1303,484,0,0
BRDA:1303,484,1,0
BRDA:1303,485,0,0
BRDA:1303,485,1,0
BRDA:1303,486,0,0
BRDA:1303,486,1,0
BRDA:1303,487,0,0
BRDA:1303,487,1,0
BRDA:1303,488,0,0
BRDA:1303,488,1,0
BRDA:1303,489,0,0
BRDA:1303,489,1,0
BRDA:1304,490,0,0
BRDA:1304,490,1,0
BRDA:1311,491,0,0
BRDA:1311,491,1,0
BRDA:1311,492,0,0
BRDA:1311,492,1,0
BRDA:1311,493,0,0
BRDA:1311,493,1,0
BRDA:1311,494,0,0
BRDA:1311,494,1,0
BRDA:1312,495,0,0
BRDA:1312,495,1,0
BRDA:1312,496,0,0
BRDA:1312,496,1,0
BRDA:1312,496,2,0
BRDA:1318,497,0,0
BRDA:1318,497,1,0
BRDA:1318,498,0,0
BRDA:1318,498,1,0
BRDA:1318,499,0,0
BRDA:1318,499,1,0
BRDA:1318,500,0,0
BRDA:1318,500,1,0
BRDA:1318,501,0,0
BRDA:1318,501,1,0
BRDA:1318,502,0,0
BRDA:1318,502,1,0
BRDA:1319,503,0,0
BRDA:1319,503,1,0
BRDA:1326,504,0,0
BRDA:1326,504,1,0
BRDA:1326,505,0,0
BRDA:1326,505,1,0
BRDA:1326,506,0,0
BRDA:1326,506,1,0
BRDA:1326,507,0,0
BRDA:1326,507,1,0
BRDA:1327,508,0,0
BRDA:1327,508,1,0
BRDA:1327,509,0,0
BRDA:1327,509,1,0
BRDA:1327,509,2,0
BRDA:1333,510,0,0
BRDA:1333,510,1,0
BRDA:1333,511,0,0
BRDA:1333,511,1,0
BRDA:1333,512,0,0
BRDA:1333,512,1,0
BRDA:1333,513,0,0
BRDA:1333,513,1,0
BRDA:1334,514,0,0
BRDA:1334,514,1,0
BRDA:1334,515,0,0
BRDA:1334,515,1,0
BRDA:1334,515,2,0
BRDA:1377,516,0,0
BRDA:1377,516,1,0
BRDA:1384,517,0,0
BRDA:1384,517,1,0
BRDA:1390,518,0,0
BRDA:1390,518,1,0
BRDA:1390,519,0,0
BRDA:1390,519,1,0
BRDA:1401,520,0,0
BRDA:1401,520,1,0
BRDA:1401,521,0,0
BRDA:1401,521,1,0
BRDA:1405,522,0,0
BRDA:1405,522,1,0
BRDA:1405,523,0,0
BRDA:1405,523,1,0
BRDA:1405,524,0,0
BRDA:1405,524,1,0
BRDA:1405,525,0,0
BRDA:1405,525,1,0
BRDA:1410,526,0,0
BRDA:1410,526,1,0
BRDA:1412,527,0,0
BRDA:1412,527,1,0
BRDA:1413,528,0,0
BRDA:1413,528,1,0
BRDA:1413,529,0,0
BRDA:1413,529,1,0
BRDA:1413,530,0,0
BRDA:1413,530,1,0
BRDA:1413,531,0,0
BRDA:1413,531,1,0
BRDA:1414,532,0,0
BRDA:1414,532,1,0
BRDA:1414,533,0,0
BRDA:1414,533,1,0
BRDA:1415,534,0,0
BRDA:1415,534,1,0
BRDA:1415,535,0,0
BRDA:1415,535,1,0
BRDA:1415,536,0,0
BRDA:1415,536,1,0
BRDA:1415,537,0,0
BRDA:1415,537,1,0
BRDA:1416,538,0,0
BRDA:1416,538,1,0
BRDA:1417,539,0,0
BRDA:1417,539,1,0
BRDA:1417,540,0,0
BRDA:1417,540,1,0
BRDA:1417,541,0,0
BRDA:1417,541,1,0
BRDA:1417,542,0,0
BRDA:1417,542,1,0
BRDA:1423,543,0,0
BRDA:1423,543,1,0
BRDA:1425,544,0,0
BRDA:1425,544,1,0
BRDA:1425,545,0,0
BRDA:1425,545,1,0
BRDA:1426,546,0,0
BRDA:1426,546,1,0
BRDA:1426,547,0,0
BRDA:1426,547,1,0
BRDA:1426,548,0,0
BRDA:1426,548,1,0
BRDA:1426,549,0,0
BRDA:1426,549,1,0
BRDA:1428,550,0,0
BRDA:1428,550,1,0
BRDA:1428,551,0,0
BRDA:1428,551,1,0
BRDA:1428,552,0,0
BRDA:1428,552,1,0
BRDA:1428,553,0,0
BRDA:1428,553,1,0
BRDA:1434,554,0,0
BRDA:1434,554,1,0
BRDA:1436,555,0,0
BRDA:1436,555,1,0
BRDA:1436,556,0,0
BRDA:1436,556,1,0
BRDA:1437,557,0,0
BRDA:1437,557,1,0
BRDA:1437,558,0,0
BRDA:1437,558,1,0
BRDA:1437,559,0,0
BRDA:1437,559,1,0
BRDA:1437,560,0,0
BRDA:1437,560,1,0
BRDA:1438,561,0,0
BRDA:1438,561,1,0
BRDA:1439,562,0,0
BRDA:1439,562,1,0
BRDA:1439,563,0,0
BRDA:1439,563,1,0
BRDA:1439,564,0,0
BRDA:1439,564,1,0
BRDA:1439,565,0,0
BRDA:1439,565,1,0
BRDA:1440,566,0,0
BRDA:1440,566,1,0
BRDA:1441,567,0,0
BRDA:1441,567,1,0
BRDA:1441,568,0,0
BRDA:1441,568,1,0
BRDA:1441,569,0,0
BRDA:1441,569,1,0
BRDA:1441,570,0,0
BRDA:1441,570,1,0
BRDA:1442,571,0,0
BRDA:1442,571,1,0
BRDA:1443,572,0,0
BRDA:1443,572,1,0
BRDA:1443,573,0,0
BRDA:1443,573,1,0
BRDA:1443,574,0,0
BRDA:1443,574,1,0
BRDA:1443,575,0,0
BRDA:1443,575,1,0
BRDA:1449,576,0,0
BRDA:1449,576,1,0
BRDA:1451,577,0,0
BRDA:1451,577,1,0
BRDA:1451,578,0,0
BRDA:1451,578,1,0
BRDA:1452,579,0,0
BRDA:1452,579,1,0
BRDA:1452,580,0,0
BRDA:1452,580,1,0
BRDA:1452,581,0,0
BRDA:1452,581,1,0
BRDA:1452,582,0,0
BRDA:1452,582,1,0
BRDA:1453,583,0,0
BRDA:1453,583,1,0
BRDA:1454,584,0,0
BRDA:1454,584,1,0
BRDA:1454,585,0,0
BRDA:1454,585,1,0
BRDA:1454,586,0,0
BRDA:1454,586,1,0
BRDA:1454,587,0,0
BRDA:1454,587,1,0
BRDA:1455,588,0,0
BRDA:1455,588,1,0
BRDA:1456,589,0,0
BRDA:1456,589,1,0
BRDA:1456,590,0,0
BRDA:1456,590,1,0
BRDA:1456,591,0,0
BRDA:1456,591,1,0
BRDA:1456,592,0,0
BRDA:1456,592,1,0
BRDA:1457,593,0,0
BRDA:1457,593,1,0
BRDA:1458,594,0,0
BRDA:1458,594,1,0
BRDA:1458,595,0,0
BRDA:1458,595,1,0
BRDA:1458,596,0,0
BRDA:1458,596,1,0
BRDA:1458,597,0,0
BRDA:1458,597,1,0
BRDA:1464,598,0,0
BRDA:1464,598,1,0
BRDA:1464,599,0,0
BRDA:1464,599,1,0
BRDA:1466,600,0,0
BRDA:1466,600,1,0
BRDA:1466,601,0,0
BRDA:1466,601,1,0
BRDA:1467,602,0,0
BRDA:1467,602,1,0
BRDA:1468,603,0,0
BRDA:1468,603,1,0
BRDA:1468,604,0,0
BRDA:1468,604,1,0
BRDA:1469,605,0,0
BRDA:1469,605,1,0
BRDA:1470,606,0,0
BRDA:1470,606,1,0
BRDA:1470,607,0,0
BRDA:1470,607,1,0
BRDA:1471,608,0,0
BRDA:1471,608,1,0
BRDA:1472,609,0,0
BRDA:1472,609,1,0
BRDA:1472,610,0,0
BRDA:1472,610,1,0
BRDA:1473,611,0,0
BRDA:1473,611,1,0
BRDA:1474,612,0,0
BRDA:1474,612,1,0
BRDA:1474,613,0,0
BRDA:1474,613,1,0
BRDA:1476,614,0,0
BRDA:1476,614,1,0
BRDA:1476,615,0,0
BRDA:1476,615,1,0
BRDA:1483,616,0,0
BRDA:1483,616,1,0
BRDA:1483,617,0,0
BRDA:1483,617,1,0
BRDA:1484,618,0,0
BRDA:1484,618,1,0
BRDA:1484,619,0,0
BRDA:1484,619,1,0
BRDA:1489,620,0,0
BRDA:1489,620,1,0
BRDA:1489,621,0,0
BRDA:1489,621,1,0
BRDA:1491,622,0,0
BRDA:1491,622,1,0
BRDA:1491,623,0,0
BRDA:1491,623,1,0
BRDA:1492,624,0,0
BRDA:1492,624,1,0
BRDA:1492,625,0,0
BRDA:1492,625,1,0
BRDA:1498,626,0,0
BRDA:1498,626,1,0
BRDA:1498,627,0,0
BRDA:1498,627,1,0
BRDA:1499,628,0,0
BRDA:1499,628,1,0
BRDA:1500,629,0,0
BRDA:1500,629,1,0
BRDA:1500,630,0,0
BRDA:1500,630,1,0
BRDA:1502,631,0,0
BRDA:1502,631,1,0
BRDA:1502,632,0,0
BRDA:1502,632,1,0
BRDA:1508,633,0,0
BRDA:1508,633,1,0
BRDA:1508,634,0,0
BRDA:1508,634,1,0
BRDA:1509,635,0,0
BRDA:1509,635,1,0
BRDA:1510,636,0,0
BRDA:1510,636,1,0
BRDA:1510,637,0,0
BRDA:1510,637,1,0
BRDA:1512,638,0,0
BRDA:1512,638,1,0
BRDA:1512,639,0,0
BRDA:1512,639,1,0
BRDA:1518,640,0,0
BRDA:1518,640,1,0
BRDA:1518,641,0,0
BRDA:1518,641,1,0
BRDA:1519,642,0,0
BRDA:1519,642,1,0
BRDA:1519,643,0,0
BRDA:1519,643,1,0
BRDA:1546,644,0,0
BRDA:1546,644,1,0
BRDA:1553,645,0,0
BRDA:1553,645,1,0
BRDA:1553,646,0,0
BRDA:1553,646,1,0
BRDA:1555,647,0,0
BRDA:1555,647,1,0
BRDA:1628,648,0,0
BRDA:1628,648,1,0
BRDA:1628,649,0,0
BRDA:1628,649,1,0
BRDA:1629,650,0,0
BRDA:1629,650,1,0
BRDA:1632,651,0,0
BRDA:1632,651,1,0
BRDA:1681,652,0,0
BRDA:1681,652,1,0
BRDA:1681,653,0,0
BRDA:1681,653,1,0
BRDA:1682,654,0,0
BRDA:1682,654,1,0
BRDA:1685,655,0,0
BRDA:1685,655,1,0
BRDA:1853,656,0,0
BRDA:1853,656,1,0
BRDA:1903,657,0,0
BRDA:1903,657,1,0
BRDA:1917,658,0,0
BRDA:1917,658,1,0
BRDA:1936,659,0,0
BRDA:1936,659,1,0
BRDA:1937,660,0,0
BRDA:1937,660,1,0
BRDA:1967,661,0,0
BRDA:1967,661,1,0
BRDA:1967,662,0,0
BRDA:1967,662,1,0
BRDA:1968,663,0,0
BRDA:1968,663,1,0
BRDA:1989,664,0,0
BRDA:1989,664,1,0
BRDA:2072,665,0,0
BRDA:2072,665,1,0
BRDA:2118,666,0,0
BRDA:2118,666,1,0
BRDA:2165,667,0,0
BRDA:2165,667,1,0
BRDA:2165,668,0,0
BRDA:2165,668,1,0
BRDA:2165,669,0,0
BRDA:2165,669,1,0
BRDA:2166,670,0,0
BRDA:2166,670,1,0
BRDA:2166,671,0,0
BRDA:2166,671,1,0
BRDA:2166,672,0,0
BRDA:2166,672,1,0
BRDA:2167,673,0,0
BRDA:2167,673,1,0
BRDA:2167,674,0,0
BRDA:2167,674,1,0
BRDA:2167,675,0,0
BRDA:2167,675,1,0
BRDA:2168,676,0,0
BRDA:2168,676,1,0
BRDA:2168,677,0,0
BRDA:2168,677,1,0
BRDA:2168,678,0,0
BRDA:2168,678,1,0
BRDA:2173,679,0,0
BRDA:2173,679,1,0
BRDA:2242,680,0,0
BRDA:2242,680,1,0
BRDA:2253,681,0,0
BRDA:2253,681,1,0
BRDA:2253,682,0,0
BRDA:2253,682,1,0
BRDA:2254,683,0,0
BRDA:2254,683,1,0
BRDA:2254,684,0,0
BRDA:2254,684,1,0
BRDA:2255,685,0,0
BRDA:2255,685,1,0
BRDA:2255,686,0,0
BRDA:2255,686,1,0
BRDA:2270,687,0,0
BRDA:2270,687,1,0
BRDA:2270,688,0,0
BRDA:2270,688,1,0
BRDA:2270,689,0,0
BRDA:2270,689,1,0
BRDA:2271,690,0,0
BRDA:2271,690,1,0
BRDA:2271,691,0,0
BRDA:2271,691,1,0
BRDA:2271,692,0,0
BRDA:2271,692,1,0
BRDA:2272,693,0,0
BRDA:2272,693,1,0
BRDA:2272,694,0,0
BRDA:2272,694,1,0
BRDA:2272,695,0,0
BRDA:2272,695,1,0
BRDA:2277,696,0,0
BRDA:2277,696,1,0
BRDA:2305,697,0,0
BRDA:2305,697,1,0
BRDA:2366,698,0,0
BRDA:2366,698,1,0
BRDA:2393,699,0,0
BRDA:2393,699,1,0
BRDA:2394,700,0,0
BRDA:2394,700,1,0
BRDA:2394,701,0,0
BRDA:2394,701,1,0
BRDA:2394,702,0,0
BRDA:2394,702,1,0
BRDA:2395,703,0,0
BRDA:2395,703,1,0
BRDA:2395,704,0,0
BRDA:2395,704,1,0
BRDA:2395,705,0,0
BRDA:2395,705,1,0
BRDA:2400,706,0,0
BRDA:2400,706,1,0
BRDA:2459,707,0,0
BRDA:2459,707,1,0
BRDA:2459,708,0,0
BRDA:2459,708,1,0
BRDA:2460,709,0,0
BRDA:2460,709,1,0
BRDA:2463,710,0,0
BRDA:2463,710,1,0
BRDA:2506,711,0,0
BRDA:2506,711,1,0
BRDA:2519,712,0,0
BRDA:2519,712,1,0
BRDA:2566,713,0,0
BRDA:2566,713,1,0
BRDA:2566,714,0,0
BRDA:2566,714,1,0
BRDA:2567,715,0,0
BRDA:2567,715,1,0
BRDA:2567,716,0,0
BRDA:2567,716,1,0
BRDA:2568,717,0,0
BRDA:2568,717,1,0
BRDA:2568,718,0,0
BRDA:2568,718,1,0
BRDA:2569,719,0,0
BRDA:2569,719,1,0
BRDA:2569,720,0,0
BRDA:2569,720,1,0
BRDA:2596,721,0,0
BRDA:2596,721,1,0
BRDA:2607,722,0,0
BRDA:2607,722,1,0
BRDA:2607,723,0,0
BRDA:2607,723,1,0
BRDA:2608,724,0,0
BRDA:2608,724,1,0
BRDA:2608,725,0,0
BRDA:2608,725,1,0
BRDA:2609,726,0,0
BRDA:2609,726,1,0
BRDA:2609,727,0,0
BRDA:2609,727,1,0
BRDA:2610,728,0,0
BRDA:2610,728,1,0
BRDA:2610,729,0,0
BRDA:2610,729,1,0
BRDA:2624,730,0,0
BRDA:2624,730,1,0
BRDA:2625,731,0,0
BRDA:2625,731,1,0
BRDA:2625,732,0,0
BRDA:2625,732,1,0
BRDA:2625,733,0,0
BRDA:2625,733,1,0
BRDA:2626,734,0,0
BRDA:2626,734,1,0
BRDA:2627,735,0,0
BRDA:2627,735,1,0
BRDA:2627,736,0,0
BRDA:2627,736,1,0
BRDA:2627,737,0,0
BRDA:2627,737,1,0
BRDA:2632,738,0,0
BRDA:2632,738,1,0
BRDA:2657,739,0,0
BRDA:2657,739,1,0
BRDA:2669,740,0,0
BRDA:2669,740,1,0
BRDA:2669,741,0,0
BRDA:2669,741,1,0
BRDA:2670,742,0,0
BRDA:2670,742,1,0
BRDA:2670,743,0,0
BRDA:2670,743,1,0
BRDA:2671,744,0,0
BRDA:2671,744,1,0
BRDA:2671,745,0,0
BRDA:2671,745,1,0
BRDA:2699,746,0,0
BRDA:2699,746,1,0
BRDA:2709,747,0,0
BRDA:2709,747,1,0
BRDA:2709,748,0,0
BRDA:2709,748,1,0
BRDA:2709,749,0,0
BRDA:2709,749,1,0
BRDA:2710,750,0,0
BRDA:2710,750,1,0
BRDA:2710,751,0,0
BRDA:2710,751,1,0
BRDA:2710,752,0,0
BRDA:2710,752,1,0
BRDA:2711,753,0,0
BRDA:2711,753,1,0
BRDA:2711,754,0,0
BRDA:2711,754,1,0
BRDA:2711,755,0,0
BRDA:2711,755,1,0
BRDA:2712,756,0,0
BRDA:2712,756,1,0
BRDA:2712,757,0,0
BRDA:2712,757,1,0
BRDA:2712,758,0,0
BRDA:2712,758,1,0
BRDA:2717,759,0,0
BRDA:2717,759,1,0
BRDA:2739,760,0,0
BRDA:2739,760,1,0
BRDA:2758,761,0,0
BRDA:2758,761,1,0
BRDA:2758,762,0,0
BRDA:2758,762,1,0
BRDA:2759,763,0,0
BRDA:2759,763,1,0
BRDA:2760,764,0,0
BRDA:2760,764,1,0
BRDA:2761,765,0,0
BRDA:2761,765,1,0
BRDA:2779,766,0,0
BRDA:2779,766,1,0
BRDA:2779,767,0,0
BRDA:2779,767,1,0
BRDA:2780,768,0,0
BRDA:2780,768,1,0
BRDA:2780,769,0,0
BRDA:2780,769,1,0
BRDA:2781,770,0,0
BRDA:2781,770,1,0
BRDA:2781,771,0,0
BRDA:2781,771,1,0
BRDA:2782,772,0,0
BRDA:2782,772,1,0
BRDA:2782,773,0,0
BRDA:2782,773,1,0
BRDA:2783,774,0,0
BRDA:2783,774,1,0
BRDA:2783,775,0,0
BRDA:2783,775,1,0
BRDA:2800,776,0,0
BRDA:2800,776,1,0
BRDA:2837,777,0,0
BRDA:2837,777,1,0
BRDA:2844,778,0,0
BRDA:2865,779,0,0
BRDA:2865,779,1,0
BRDA:2883,780,0,0
BRDA:2883,780,1,0
BRDA:2896,781,0,0
BRDA:2896,781,1,0
BRDA:2942,782,0,0
BRDA:2942,782,1,0
BRDA:2951,783,0,0
BRDA:2951,783,1,0
BRDA:2958,784,0,0
BRDA:2958,784,1,0
BRDA:2958,785,0,0
BRDA:2958,785,1,0
BRDA:2973,786,0,0
BRDA:2973,786,1,0
BRDA:2973,787,0,0
BRDA:2973,787,1,0
BRDA:2992,788,0,0
BRDA:2992,788,1,0
BRDA:3002,789,0,0
BRDA:3002,789,1,0
BRDA:3021,790,0,0
BRDA:3021,790,1,0
BRDA:3025,791,0,0
BRDA:3025,791,1,0
BRDA:3028,792,0,0
BRDA:3028,792,1,0
BRDA:3032,793,0,0
BRDA:3032,793,1,0
BRDA:3053,794,0,0
BRDA:3053,794,1,0
BRDA:3054,795,0,0
BRDA:3054,795,1,0
BRDA:3071,796,0,0
BRDA:3071,796,1,0
BRDA:3071,797,0,0
BRDA:3071,797,1,0
BRDA:3071,798,0,0
BRDA:3071,798,1,0
BRDA:3071,799,0,0
BRDA:3071,799,1,0
BRDA:3071,800,0,0
BRDA:3071,800,1,0
BRDA:3071,801,0,0
BRDA:3071,801,1,0
BRDA:3093,802,0,0
BRDA:3093,802,1,0
BRDA:3097,803,0,0
BRDA:3097,803,1,0
BRDA:3097,804,0,0
BRDA:3097,804,1,0
BRDA:3098,805,0,0
BRDA:3098,805,1,0
BRDA:3098,806,0,0
BRDA:3098,806,1,0
BRDA:3099,807,0,0
BRDA:3099,807,1,0
BRDA:3099,808,0,0
BRDA:3099,808,1,0
BRDA:3100,809,0,0
BRDA:3100,809,1,0
BRDA:3100,810,0,0
BRDA:3100,810,1,0
BRDA:3101,811,0,0
BRDA:3101,811,1,0
BRDA:3101,812,0,0
BRDA:3101,812,1,0
BRDA:3111,813,0,0
BRDA:3111,813,1,0
BRDA:3127,814,0,0
BRDA:3127,814,1,0
BRDA:3141,815,0,0
BRDA:3141,815,1,0
BRDA:3153,816,0,0
BRDA:3153,816,1,0
BRDA:3155,817,0,0
BRDA:3155,817,1,0
BRDA:3156,818,0,0
BRDA:3156,818,1,0
BRDA:3160,819,0,0
BRDA:3160,819,1,0
BRDA:3160,820,0,0
BRDA:3160,820,1,0
BRDA:3161,821,0,0
BRDA:3161,821,1,0
BRDA:3162,822,0,0
BRDA:3162,822,1,0
BRDA:3163,823,0,0
BRDA:3163,823,1,0
BRDA:3178,824,0,0
BRDA:3178,824,1,0
BRDA:3179,825,0,0
BRDA:3179,825,1,0
BRDA:3179,826,0,0
BRDA:3179,826,1,0
BRDA:3179,827,0,0
BRDA:3179,827,1,0
BRDA:3180,828,0,0
BRDA:3180,828,1,0
BRDA:3181,829,0,0
BRDA:3181,829,1,0
BRDA:3181,830,0,0
BRDA:3181,830,1,0
BRDA:3181,831,0,0
BRDA:3181,831,1,0
BRDA:3182,832,0,0
BRDA:3182,832,1,0
BRDA:3182,833,0,0
BRDA:3182,833,1,0
BRDA:3182,834,0,0
BRDA:3182,834,1,0
BRDA:3183,835,0,0
BRDA:3183,835,1,0
BRDA:3183,836,0,0
BRDA:3183,836,1,0
BRDA:3183,837,0,0
BRDA:3183,837,1,0
BRDA:3184,838,0,0
BRDA:3184,838,1,0
BRDA:3184,839,0,0
BRDA:3184,839,1,0
BRDA:3184,840,0,0
BRDA:3184,840,1,0
BRDA:3185,841,0,0
BRDA:3185,841,1,0
BRDA:3185,842,0,0
BRDA:3185,842,1,0
BRDA:3185,843,0,0
BRDA:3185,843,1,0
BRDA:3186,844,0,0
BRDA:3186,844,1,0
BRDA:3186,845,0,0
BRDA:3186,845,1,0
BRDA:3186,846,0,0
BRDA:3186,846,1,0
BRDA:3187,847,0,0
BRDA:3187,847,1,0
BRDA:3187,848,0,0
BRDA:3187,848,1,0
BRDA:3187,849,0,0
BRDA:3187,849,1,0
BRDA:3188,850,0,0
BRDA:3188,850,1,0
BRDA:3188,851,0,0
BRDA:3188,851,1,0
BRDA:3188,852,0,0
BRDA:3188,852,1,0
BRDA:3189,853,0,0
BRDA:3189,853,1,0
BRDA:3189,854,0,0
BRDA:3189,854,1,0
BRDA:3189,855,0,0
BRDA:3189,855,1,0
BRDA:3196,856,0,0
BRDA:3196,856,1,0
BRDA:3209,857,0,0
BRDA:3209,857,1,0
BRDA:3238,858,0,0
BRDA:3238,858,1,0
BRDA:3239,859,0,0
BRDA:3239,859,1,0
BRDA:3254,860,0,0
BRDA:3254,860,1,0
BRF:1728
BRH:0
end_of_record
TN:
SF:server/neonConfig.ts
FN:23,withRetry
FN:49,(anonymous_1)
FN:69,createQuerySignal
FN:82,dbQuery
FN:112,getConnectionMetrics
FN:119,dbQueryWithMetrics
FN:139,checkDatabaseHealth
FNF:7
FNH:0
FNDA:0,withRetry
FNDA:0,(anonymous_1)
FNDA:0,createQuerySignal
FNDA:0,dbQuery
FNDA:0,getConnectionMetrics
FNDA:0,dbQueryWithMetrics
FNDA:0,checkDatabaseHealth
DA:1,0
DA:2,0
DA:5,0
DA:8,0
DA:14,0
DA:28,0
DA:29,0
DA:31,0
DA:32,0
DA:33,0
DA:34,0
DA:39,0
DA:44,0
DA:45,0
DA:48,0
DA:49,0
DA:52,0
DA:53,0
DA:60,0
DA:69,0
DA:70,0
DA:74,0
DA:76,0
DA:79,0
DA:82,0
DA:83,0
DA:87,0
DA:90,0
DA:101,0
DA:112,0
DA:113,0
DA:119,0
DA:120,0
DA:121,0
DA:123,0
DA:124,0
DA:125,0
DA:126,0
DA:127,0
DA:129,0
DA:131,0
DA:132,0
DA:139,0
DA:144,0
DA:145,0
DA:146,0
DA:147,0
DA:153,0
DA:154,0
DA:165,0
DA:166,0
DA:168,0
LF:52
LH:0
BRDA:5,0,0,0
BRDA:5,0,1,0
BRDA:25,1,0,0
BRDA:26,2,0,0
BRDA:32,3,0,0
BRDA:32,3,1,0
BRDA:39,4,0,0
BRDA:39,4,1,0
BRDA:39,4,2,0
BRDA:39,4,3,0
BRDA:39,5,0,0
BRDA:39,5,1,0
BRDA:39,6,0,0
BRDA:39,6,1,0
BRDA:40,7,0,0
BRDA:40,7,1,0
BRDA:40,8,0,0
BRDA:40,8,1,0
BRDA:41,9,0,0
BRDA:41,9,1,0
BRDA:41,10,0,0
BRDA:41,10,1,0
BRDA:44,11,0,0
BRDA:44,11,1,0
BRDA:69,12,0,0
BRDA:153,13,0,0
BRDA:153,13,1,0
BRF:27
BRH:0
end_of_record
TN:
SF:server/recalcularCamposVazios.ts
FN:9,recalcularCamposVazios
FN:37,(anonymous_1)
FN:115,(anonymous_2)
FN:162,(anonymous_3)
FN:163,(anonymous_4)
FNF:5
FNH:0
FNDA:0,recalcularCamposVazios
FNDA:0,(anonymous_1)
FNDA:0,(anonymous_2)
FNDA:0,(anonymous_3)
FNDA:0,(anonymous_4)
DA:1,0
DA:2,0
DA:5,0
DA:7,0
DA:10,0
DA:12,0
DA:14,0
DA:15,0
DA:17,0
DA:18,0
DA:19,0
DA:21,0
DA:23,0
DA:37,0
DA:38,0
DA:45,0
DA:48,0
DA:54,0
DA:55,0
DA:57,0
DA:60,0
DA:62,0
DA:63,0
DA:67,0
DA:68,0
DA:69,0
DA:70,0
DA:73,0
DA:76,0
DA:77,0
DA:78,0
DA:79,0
DA:82,0
DA:83,0
DA:86,0
DA:88,0
DA:89,0
DA:90,0
DA:93,0
DA:94,0
DA:95,0
DA:97,0
DA:98,0
DA:100,0
DA:101,0
DA:102,0
DA:104,0
DA:105,0
DA:106,0
DA:108,0
DA:109,0
DA:110,0
DA:111,0
DA:112,0
DA:114,0
DA:115,0
DA:116,0
DA:117,0
DA:118,0
DA:121,0
DA:122,0
DA:124,0
DA:125,0
DA:126,0
DA:128,0
DA:129,0
DA:130,0
DA:131,0
DA:132,0
DA:133,0
DA:136,0
DA:138,0
DA:141,0
DA:142,0
DA:143,0
DA:147,0
DA:151,0
DA:152,0
DA:155,0
DA:156,0
DA:161,0
DA:162,0
DA:164,0
DA:165,0
LF:84
LH:0
BRDA:38,0,0,0
BRDA:38,0,1,0
BRDA:38,0,2,0
BRDA:38,0,3,0
BRDA:54,1,0,0
BRDA:54,1,1,0
BRDA:62,2,0,0
BRDA:62,2,1,0
BRDA:77,3,0,0
BRDA:77,3,1,0
BRDA:93,4,0,0
BRDA:93,4,1,0
BRDA:93,5,0,0
BRDA:93,5,1,0
BRDA:93,6,0,0
BRDA:93,6,1,0
BRDA:93,7,0,0
BRDA:93,7,1,0
BRDA:94,8,0,0
BRDA:94,8,1,0
BRDA:94,9,0,0
BRDA:94,9,1,0
BRDA:94,10,0,0
BRDA:94,10,1,0
BRDA:94,11,0,0
BRDA:94,11,1,0
BRDA:95,12,0,0
BRDA:95,12,1,0
BRDA:95,13,0,0
BRDA:95,13,1,0
BRDA:95,14,0,0
BRDA:95,14,1,0
BRDA:95,15,0,0
BRDA:95,15,1,0
BRDA:97,16,0,0
BRDA:97,16,1,0
BRDA:97,17,0,0
BRDA:97,17,1,0
BRDA:97,18,0,0
BRDA:97,18,1,0
BRDA:97,19,0,0
BRDA:97,19,1,0
BRDA:98,20,0,0
BRDA:98,20,1,0
BRDA:98,21,0,0
BRDA:98,21,1,0
BRDA:100,22,0,0
BRDA:100,22,1,0
BRDA:100,23,0,0
BRDA:100,23,1,0
BRDA:100,24,0,0
BRDA:100,24,1,0
BRDA:100,25,0,0
BRDA:100,25,1,0
BRDA:101,26,0,0
BRDA:101,26,1,0
BRDA:101,27,0,0
BRDA:101,27,1,0
BRDA:101,28,0,0
BRDA:101,28,1,0
BRDA:101,29,0,0
BRDA:101,29,1,0
BRDA:102,30,0,0
BRDA:102,30,1,0
BRDA:102,31,0,0
BRDA:102,31,1,0
BRDA:102,32,0,0
BRDA:102,32,1,0
BRDA:102,33,0,0
BRDA:102,33,1,0
BRDA:104,34,0,0
BRDA:104,34,1,0
BRDA:104,35,0,0
BRDA:104,35,1,0
BRDA:104,36,0,0
BRDA:104,36,1,0
BRDA:104,37,0,0
BRDA:104,37,1,0
BRDA:105,38,0,0
BRDA:105,38,1,0
BRDA:105,39,0,0
BRDA:105,39,1,0
BRDA:105,40,0,0
BRDA:105,40,1,0
BRDA:105,41,0,0
BRDA:105,41,1,0
BRDA:106,42,0,0
BRDA:106,42,1,0
BRDA:106,43,0,0
BRDA:106,43,1,0
BRDA:106,44,0,0
BRDA:106,44,1,0
BRDA:106,45,0,0
BRDA:106,45,1,0
BRDA:108,46,0,0
BRDA:108,46,1,0
BRDA:108,47,0,0
BRDA:108,47,1,0
BRDA:109,48,0,0
BRDA:109,48,1,0
BRDA:109,49,0,0
BRDA:109,49,1,0
BRDA:110,50,0,0
BRDA:110,50,1,0
BRDA:110,51,0,0
BRDA:110,51,1,0
BRDA:111,52,0,0
BRDA:111,52,1,0
BRDA:111,53,0,0
BRDA:111,53,1,0
BRDA:112,54,0,0
BRDA:112,54,1,0
BRDA:112,55,0,0
BRDA:112,55,1,0
BRDA:114,56,0,0
BRDA:114,56,1,0
BRDA:116,57,0,0
BRDA:116,57,1,0
BRDA:116,58,0,0
BRDA:116,58,1,0
BRDA:117,59,0,0
BRDA:117,59,1,0
BRDA:117,60,0,0
BRDA:117,60,1,0
BRDA:118,61,0,0
BRDA:118,61,1,0
BRDA:118,62,0,0
BRDA:118,62,1,0
BRDA:121,63,0,0
BRDA:121,63,1,0
BRDA:121,64,0,0
BRDA:121,64,1,0
BRDA:122,65,0,0
BRDA:122,65,1,0
BRDA:122,66,0,0
BRDA:122,66,1,0
BRDA:124,67,0,0
BRDA:124,67,1,0
BRDA:124,68,0,0
BRDA:124,68,1,0
BRDA:125,69,0,0
BRDA:125,69,1,0
BRDA:125,70,0,0
BRDA:125,70,1,0
BRDA:126,71,0,0
BRDA:126,71,1,0
BRDA:126,72,0,0
BRDA:126,72,1,0
BRDA:128,73,0,0
BRDA:128,73,1,0
BRDA:128,74,0,0
BRDA:128,74,1,0
BRDA:129,75,0,0
BRDA:129,75,1,0
BRDA:129,76,0,0
BRDA:129,76,1,0
BRDA:130,77,0,0
BRDA:130,77,1,0
BRDA:130,78,0,0
BRDA:130,78,1,0
BRDA:131,79,0,0
BRDA:131,79,1,0
BRDA:131,80,0,0
BRDA:131,80,1,0
BRDA:132,81,0,0
BRDA:132,81,1,0
BRDA:132,82,0,0
BRDA:132,82,1,0
BRDA:133,83,0,0
BRDA:133,83,1,0
BRDA:133,84,0,0
BRDA:133,84,1,0
BRDA:136,85,0,0
BRDA:136,85,1,0
BRDA:136,86,0,0
BRDA:136,86,1,0
BRDA:141,87,0,0
BRDA:141,87,1,0
BRF:178
BRH:0
end_of_record
TN:
SF:server/resetDatabase.ts
FN:12,resetDatabase
FNF:1
FNH:0
FNDA:0,resetDatabase
DA:6,0
DA:7,0
DA:8,0
DA:9,0
DA:10,0
DA:13,0
DA:15,0
DA:17,0
DA:18,0
DA:19,0
DA:22,0
DA:23,0
DA:26,0
DA:27,0
DA:28,0
DA:30,0
DA:31,0
DA:36,0
DA:37,0
DA:40,0
DA:41,0
DA:42,0
DA:44,0
DA:45,0
DA:47,0
DA:49,0
DA:50,0
DA:54,0
LF:28
LH:0
BRDA:30,0,0,0
BRDA:30,0,1,0
BRDA:30,1,0,0
BRDA:30,1,1,0
BRF:4
BRH:0
end_of_record
TN:
SF:server/schema.ts
FN:24,(anonymous_0)
FN:77,(anonymous_1)
FN:95,(anonymous_2)
FN:96,(anonymous_3)
FN:104,(anonymous_4)
FN:105,(anonymous_5)
FN:120,(anonymous_6)
FN:121,(anonymous_7)
FN:122,(anonymous_8)
FN:135,(anonymous_9)
FN:136,(anonymous_10)
FN:145,(anonymous_11)
FN:155,(anonymous_12)
FN:164,(anonymous_13)
FN:176,(anonymous_14)
FN:177,(anonymous_15)
FN:187,(anonymous_16)
FN:198,(anonymous_17)
FN:232,(anonymous_18)
FN:262,(anonymous_19)
FN:263,(anonymous_20)
FN:280,(anonymous_21)
FN:281,(anonymous_22)
FN:288,(anonymous_23)
FN:299,(anonymous_24)
FN:309,(anonymous_25)
FN:310,(anonymous_26)
FN:319,(anonymous_27)
FN:330,(anonymous_28)
FN:331,(anonymous_29)
FN:339,(anonymous_30)
FN:340,(anonymous_31)
FN:357,(anonymous_32)
FN:363,(anonymous_33)
FN:365,(anonymous_34)
FN:366,(anonymous_35)
FNF:36
FNH:0
FNDA:0,(anonymous_0)
FNDA:0,(anonymous_1)
FNDA:0,(anonymous_2)
FNDA:0,(anonymous_3)
FNDA:0,(anonymous_4)
FNDA:0,(anonymous_5)
FNDA:0,(anonymous_6)
FNDA:0,(anonymous_7)
FNDA:0,(anonymous_8)
FNDA:0,(anonymous_9)
FNDA:0,(anonymous_10)
FNDA:0,(anonymous_11)
FNDA:0,(anonymous_12)
FNDA:0,(anonymous_13)
FNDA:0,(anonymous_14)
FNDA:0,(anonymous_15)
FNDA:0,(anonymous_16)
FNDA:0,(anonymous_17)
FNDA:0,(anonymous_18)
FNDA:0,(anonymous_19)
FNDA:0,(anonymous_20)
FNDA:0,(anonymous_21)
FNDA:0,(anonymous_22)
FNDA:0,(anonymous_23)
FNDA:0,(anonymous_24)
FNDA:0,(anonymous_25)
FNDA:0,(anonymous_26)
FNDA:0,(anonymous_27)
FNDA:0,(anonymous_28)
FNDA:0,(anonymous_29)
FNDA:0,(anonymous_30)
FNDA:0,(anonymous_31)
FNDA:0,(anonymous_32)
FNDA:0,(anonymous_33)
FNDA:0,(anonymous_34)
FNDA:0,(anonymous_35)
DA:1,0
DA:5,0
DA:16,0
DA:24,0
DA:69,0
DA:77,0
DA:83,0
DA:95,0
DA:96,0
DA:102,0
DA:104,0
DA:105,0
DA:113,0
DA:120,0
DA:121,0
DA:122,0
DA:132,0
DA:135,0
DA:136,0
DA:141,0
DA:145,0
DA:151,0
DA:155,0
DA:162,0
DA:164,0
DA:174,0
DA:176,0
DA:177,0
DA:185,0
DA:187,0
DA:196,0
DA:198,0
DA:210,0
DA:220,0
DA:230,0
DA:232,0
DA:240,0
DA:250,0
DA:260,0
DA:262,0
DA:263,0
DA:269,0
DA:278,0
DA:280,0
DA:281,0
DA:286,0
DA:288,0
DA:295,0
DA:299,0
DA:307,0
DA:309,0
DA:310,0
DA:315,0
DA:319,0
DA:328,0
DA:330,0
DA:331,0
DA:337,0
DA:339,0
DA:340,0
DA:345,0
DA:353,0
DA:357,0
DA:363,0
DA:365,0
DA:366,0
DA:372,0
LF:67
LH:0
BRF:0
BRH:0
end_of_record
TN:
SF:server/setupNeonData.ts
FN:4,setupNeonData
FN:11,(anonymous_7)
FNF:2
FNH:0
FNDA:0,setupNeonData
FNDA:0,(anonymous_7)
DA:1,0
DA:2,0
DA:4,0
DA:5,0
DA:7,0
DA:10,0
DA:11,0
DA:12,0
DA:13,0
DA:14,0
DA:17,0
DA:18,0
DA:19,0
DA:69,0
DA:72,0
DA:201,0
DA:203,0
DA:204,0
DA:206,0
DA:210,0
DA:214,0
DA:215,0
DA:232,0
DA:235,0
DA:236,0
DA:272,0
DA:273,0
DA:274,0
DA:277,0
DA:278,0
DA:279,0
DA:280,0
DA:281,0
DA:282,0
DA:284,0
LF:35
LH:0
BRDA:12,0,0,0
BRDA:12,0,1,0
BRF:2
BRH:0
end_of_record
TN:
SF:server/testLogin.ts
FN:9,testLogin
FNF:1
FNH:0
FNDA:0,testLogin
DA:5,0
DA:6,0
DA:7,0
DA:10,0
DA:12,0
DA:14,0
DA:16,0
DA:18,0
DA:19,0
DA:20,0
DA:23,0
DA:24,0
DA:25,0
DA:26,0
DA:29,0
DA:30,0
DA:31,0
DA:32,0
DA:33,0
DA:35,0
DA:37,0
DA:38,0
DA:39,0
DA:41,0
DA:42,0
DA:43,0
DA:44,0
DA:45,0
DA:49,0
DA:52,0
DA:55,0
LF:31
LH:0
BRDA:18,0,0,0
BRDA:18,0,1,0
BRDA:26,1,0,0
BRDA:26,1,1,0
BRDA:26,2,0,0
BRDA:26,2,1,0
BRDA:30,3,0,0
BRDA:30,3,1,0
BRDA:30,4,0,0
BRDA:30,4,1,0
BRDA:31,5,0,0
BRDA:31,5,1,0
BRDA:38,6,0,0
BRDA:38,6,1,0
BRF:14
BRH:0
end_of_record
TN:
SF:server/adapters/eventAdapter.ts
FN:15,toEvent
FN:39,getAllEvents
FN:44,(anonymous_2)
FN:50,getEventById
FN:63,getEventsByChurchId
FN:69,(anonymous_5)
FN:75,getEventsByDistrictId
FN:94,(anonymous_7)
FN:100,getEventsByDateRange
FN:137,(anonymous_9)
FN:143,getUpcomingEvents
FN:159,(anonymous_11)
FN:165,getPastEvents
FN:181,(anonymous_13)
FN:187,createEvent
FN:211,updateEvent
FN:239,deleteEvent
FN:250,updateEventStatus
FN:267,countEvents
FN:311,getEventsPaginated
FN:372,(anonymous_20)
FNF:21
FNH:0
FNDA:0,toEvent
FNDA:0,getAllEvents
FNDA:0,(anonymous_2)
FNDA:0,getEventById
FNDA:0,getEventsByChurchId
FNDA:0,(anonymous_5)
FNDA:0,getEventsByDistrictId
FNDA:0,(anonymous_7)
FNDA:0,getEventsByDateRange
FNDA:0,(anonymous_9)
FNDA:0,getUpcomingEvents
FNDA:0,(anonymous_11)
FNDA:0,getPastEvents
FNDA:0,(anonymous_13)
FNDA:0,createEvent
FNDA:0,updateEvent
FNDA:0,deleteEvent
FNDA:0,updateEventStatus
FNDA:0,countEvents
FNDA:0,getEventsPaginated
FNDA:0,(anonymous_20)
DA:6,0
DA:7,0
DA:8,0
DA:15,0
DA:16,0
DA:39,0
DA:40,0
DA:44,0
DA:50,0
DA:51,0
DA:56,0
DA:57,0
DA:63,0
DA:64,0
DA:69,0
DA:75,0
DA:76,0
DA:94,0
DA:100,0
DA:106,0
DA:111,0
DA:112,0
DA:115,0
DA:116,0
DA:131,0
DA:137,0
DA:143,0
DA:144,0
DA:148,0
DA:149,0
DA:152,0
DA:159,0
DA:165,0
DA:166,0
DA:170,0
DA:171,0
DA:174,0
DA:181,0
DA:187,0
DA:188,0
DA:205,0
DA:211,0
DA:212,0
DA:214,0
DA:215,0
DA:216,0
DA:217,0
DA:219,0
DA:224,0
DA:226,0
DA:232,0
DA:233,0
DA:239,0
DA:240,0
DA:244,0
DA:250,0
DA:251,0
DA:260,0
DA:261,0
DA:267,0
DA:272,0
DA:274,0
DA:275,0
DA:278,0
DA:279,0
DA:294,0
DA:295,0
DA:298,0
DA:300,0
DA:305,0
DA:311,0
DA:323,0
DA:324,0
DA:326,0
DA:327,0
DA:330,0
DA:331,0
DA:346,0
DA:347,0
DA:349,0
DA:350,0
DA:352,0
DA:353,0
DA:356,0
DA:358,0
DA:370,0
DA:371,0
DA:372,0
DA:374,0
DA:377,0
LF:90
LH:0
BRDA:18,0,0,0
BRDA:18,0,1,0
BRDA:19,1,0,0
BRDA:19,1,1,0
BRDA:20,2,0,0
BRDA:20,2,1,0
BRDA:21,3,0,0
BRDA:21,3,1,0
BRDA:21,4,0,0
BRDA:21,4,1,0
BRDA:21,5,0,0
BRDA:21,5,1,0
BRDA:22,6,0,0
BRDA:22,6,1,0
BRDA:22,7,0,0
BRDA:22,7,1,0
BRDA:23,8,0,0
BRDA:23,8,1,0
BRDA:24,9,0,0
BRDA:24,9,1,0
BRDA:25,10,0,0
BRDA:25,10,1,0
BRDA:26,11,0,0
BRDA:26,11,1,0
BRDA:27,12,0,0
BRDA:27,12,1,0
BRDA:28,13,0,0
BRDA:28,13,1,0
BRDA:30,14,0,0
BRDA:30,14,1,0
BRDA:31,15,0,0
BRDA:31,15,1,0
BRDA:31,16,0,0
BRDA:31,16,1,0
BRDA:31,17,0,0
BRDA:31,17,1,0
BRDA:32,18,0,0
BRDA:32,18,1,0
BRDA:32,19,0,0
BRDA:32,19,1,0
BRDA:32,20,0,0
BRDA:32,20,1,0
BRDA:56,21,0,0
BRDA:56,21,1,0
BRDA:111,22,0,0
BRDA:111,22,1,0
BRDA:115,23,0,0
BRDA:115,23,1,0
BRDA:143,24,0,0
BRDA:148,25,0,0
BRDA:148,25,1,0
BRDA:165,26,0,0
BRDA:170,27,0,0
BRDA:170,27,1,0
BRDA:191,28,0,0
BRDA:191,28,1,0
BRDA:191,28,2,0
BRDA:193,29,0,0
BRDA:193,29,1,0
BRDA:194,30,0,0
BRDA:194,30,1,0
BRDA:196,31,0,0
BRDA:196,31,1,0
BRDA:199,32,0,0
BRDA:199,32,1,0
BRDA:199,32,2,0
BRDA:200,33,0,0
BRDA:200,33,1,0
BRDA:201,34,0,0
BRDA:201,34,1,0
BRDA:215,35,0,0
BRDA:215,35,1,0
BRDA:216,36,0,0
BRDA:216,36,1,0
BRDA:216,37,0,0
BRDA:216,37,1,0
BRDA:217,38,0,0
BRDA:217,38,1,0
BRDA:232,39,0,0
BRDA:232,39,1,0
BRDA:260,40,0,0
BRDA:260,40,1,0
BRDA:274,41,0,0
BRDA:274,41,1,0
BRDA:274,42,0,0
BRDA:274,42,1,0
BRDA:274,43,0,0
BRDA:274,43,1,0
BRDA:278,44,0,0
BRDA:278,44,1,0
BRDA:278,45,0,0
BRDA:278,45,1,0
BRDA:278,46,0,0
BRDA:278,46,1,0
BRDA:294,47,0,0
BRDA:294,47,1,0
BRDA:294,48,0,0
BRDA:294,48,1,0
BRDA:294,49,0,0
BRDA:294,49,1,0
BRDA:298,50,0,0
BRDA:298,50,1,0
BRDA:305,51,0,0
BRDA:305,51,1,0
BRDA:305,52,0,0
BRDA:305,52,1,0
BRDA:305,53,0,0
BRDA:305,53,1,0
BRDA:305,54,0,0
BRDA:305,54,1,0
BRDA:312,55,0,0
BRDA:313,56,0,0
BRDA:326,57,0,0
BRDA:326,57,1,0
BRDA:326,58,0,0
BRDA:326,58,1,0
BRDA:326,59,0,0
BRDA:326,59,1,0
BRDA:330,60,0,0
BRDA:330,60,1,0
BRDA:330,61,0,0
BRDA:330,61,1,0
BRDA:330,62,0,0
BRDA:330,62,1,0
BRDA:346,63,0,0
BRDA:346,63,1,0
BRDA:346,64,0,0
BRDA:346,64,1,0
BRDA:346,65,0,0
BRDA:346,65,1,0
BRDA:349,66,0,0
BRDA:349,66,1,0
BRDA:349,67,0,0
BRDA:349,67,1,0
BRDA:349,68,0,0
BRDA:349,68,1,0
BRDA:352,69,0,0
BRDA:352,69,1,0
BRDA:352,70,0,0
BRDA:352,70,1,0
BRDA:352,71,0,0
BRDA:352,71,1,0
BRDA:356,72,0,0
BRDA:356,72,1,0
BRDA:370,73,0,0
BRDA:370,73,1,0
BRDA:370,74,0,0
BRDA:370,74,1,0
BRDA:370,75,0,0
BRDA:370,75,1,0
BRDA:370,76,0,0
BRDA:370,76,1,0
BRF:152
BRH:0
end_of_record
TN:
SF:server/adapters/index.ts
FNF:0
FNH:0
DA:6,0
DA:7,0
DA:8,0
DA:10,0
DA:11,0
DA:12,0
DA:14,0
DA:20,0
LF:8
LH:0
BRF:0
BRH:0
end_of_record
TN:
SF:server/adapters/userAdapter.ts
FN:19,toUser
FN:53,getAllUsers
FN:55,(anonymous_8)
FN:61,getVisitedUsers
FN:67,(anonymous_10)
FN:73,getUserById
FN:86,getUserByEmail
FN:99,getUsersByChurchId
FN:105,(anonymous_14)
FN:111,getUsersByDistrictId
FN:117,(anonymous_16)
FN:123,getUsersByRole
FN:129,(anonymous_18)
FN:135,createUser
FN:177,updateUser
FN:205,updateUserDirectly
FN:229,deleteUser
FN:240,countUsers
FN:250,countUsersByStatus
FN:261,getUsersPaginated
FN:314,(anonymous_26)
FN:322,emailExists
FN:340,updateLastLogin
FN:350,updateUserPoints
FN:365,getUsersRanking
FN:372,(anonymous_31)
FNF:26
FNH:0
FNDA:0,toUser
FNDA:0,getAllUsers
FNDA:0,(anonymous_8)
FNDA:0,getVisitedUsers
FNDA:0,(anonymous_10)
FNDA:0,getUserById
FNDA:0,getUserByEmail
FNDA:0,getUsersByChurchId
FNDA:0,(anonymous_14)
FNDA:0,getUsersByDistrictId
FNDA:0,(anonymous_16)
FNDA:0,getUsersByRole
FNDA:0,(anonymous_18)
FNDA:0,createUser
FNDA:0,updateUser
FNDA:0,updateUserDirectly
FNDA:0,deleteUser
FNDA:0,countUsers
FNDA:0,countUsersByStatus
FNDA:0,getUsersPaginated
FNDA:0,(anonymous_26)
FNDA:0,emailExists
FNDA:0,updateLastLogin
FNDA:0,updateUserPoints
FNDA:0,getUsersRanking
FNDA:0,(anonymous_31)
DA:6,0
DA:7,0
DA:8,0
DA:9,0
DA:19,0
DA:20,0
DA:53,0
DA:54,0
DA:55,0
DA:61,0
DA:62,0
DA:67,0
DA:73,0
DA:74,0
DA:79,0
DA:80,0
DA:86,0
DA:87,0
DA:92,0
DA:93,0
DA:99,0
DA:100,0
DA:105,0
DA:111,0
DA:112,0
DA:117,0
DA:123,0
DA:124,0
DA:129,0
DA:135,0
DA:136,0
DA:141,0
DA:156,0
DA:157,0
DA:158,0
DA:159,0
DA:160,0
DA:163,0
DA:165,0
DA:171,0
DA:177,0
DA:178,0
DA:180,0
DA:181,0
DA:182,0
DA:183,0
DA:185,0
DA:190,0
DA:192,0
DA:198,0
DA:199,0
DA:205,0
DA:206,0
DA:208,0
DA:209,0
DA:210,0
DA:214,0
DA:216,0
DA:222,0
DA:223,0
DA:229,0
DA:230,0
DA:234,0
DA:240,0
DA:241,0
DA:244,0
DA:250,0
DA:251,0
DA:255,0
DA:261,0
DA:272,0
DA:273,0
DA:276,0
DA:277,0
DA:279,0
DA:280,0
DA:282,0
DA:283,0
DA:285,0
DA:286,0
DA:290,0
DA:291,0
DA:296,0
DA:300,0
DA:312,0
DA:313,0
DA:314,0
DA:316,0
DA:322,0
DA:323,0
DA:324,0
DA:325,0
DA:328,0
DA:334,0
DA:340,0
DA:341,0
DA:350,0
DA:351,0
DA:352,0
DA:353,0
DA:356,0
DA:365,0
DA:366,0
DA:372,0
DA:375,0
LF:105
LH:0
BRDA:22,0,0,0
BRDA:22,0,1,0
BRDA:23,1,0,0
BRDA:23,1,1,0
BRDA:24,2,0,0
BRDA:24,2,1,0
BRDA:25,3,0,0
BRDA:25,3,1,0
BRDA:26,4,0,0
BRDA:26,4,1,0
BRDA:27,5,0,0
BRDA:27,5,1,0
BRDA:28,6,0,0
BRDA:28,6,1,0
BRDA:29,7,0,0
BRDA:29,7,1,0
BRDA:30,8,0,0
BRDA:30,8,1,0
BRDA:31,9,0,0
BRDA:31,9,1,0
BRDA:32,10,0,0
BRDA:32,10,1,0
BRDA:33,11,0,0
BRDA:33,11,1,0
BRDA:34,12,0,0
BRDA:34,12,1,0
BRDA:35,13,0,0
BRDA:35,13,1,0
BRDA:35,14,0,0
BRDA:35,14,1,0
BRDA:36,15,0,0
BRDA:36,15,1,0
BRDA:37,16,0,0
BRDA:37,16,1,0
BRDA:38,17,0,0
BRDA:38,17,1,0
BRDA:39,18,0,0
BRDA:39,18,1,0
BRDA:40,19,0,0
BRDA:40,19,1,0
BRDA:41,20,0,0
BRDA:41,20,1,0
BRDA:42,21,0,0
BRDA:42,21,1,0
BRDA:43,22,0,0
BRDA:43,22,1,0
BRDA:43,23,0,0
BRDA:43,23,1,0
BRDA:43,24,0,0
BRDA:43,24,1,0
BRDA:44,25,0,0
BRDA:44,25,1,0
BRDA:44,26,0,0
BRDA:44,26,1,0
BRDA:44,27,0,0
BRDA:44,27,1,0
BRDA:45,28,0,0
BRDA:45,28,1,0
BRDA:45,29,0,0
BRDA:45,29,1,0
BRDA:46,30,0,0
BRDA:46,30,1,0
BRDA:46,31,0,0
BRDA:46,31,1,0
BRDA:79,32,0,0
BRDA:79,32,1,0
BRDA:92,33,0,0
BRDA:92,33,1,0
BRDA:136,34,0,0
BRDA:136,34,1,0
BRDA:145,35,0,0
BRDA:145,35,1,0
BRDA:145,36,0,0
BRDA:145,36,1,0
BRDA:146,37,0,0
BRDA:146,37,1,0
BRDA:146,38,0,0
BRDA:146,38,1,0
BRDA:147,39,0,0
BRDA:147,39,1,0
BRDA:147,40,0,0
BRDA:147,40,1,0
BRDA:148,41,0,0
BRDA:148,41,1,0
BRDA:148,42,0,0
BRDA:148,42,1,0
BRDA:149,43,0,0
BRDA:149,43,1,0
BRDA:149,44,0,0
BRDA:149,44,1,0
BRDA:150,45,0,0
BRDA:150,45,1,0
BRDA:150,46,0,0
BRDA:150,46,1,0
BRDA:157,47,0,0
BRDA:157,47,1,0
BRDA:158,48,0,0
BRDA:158,48,1,0
BRDA:159,49,0,0
BRDA:159,49,1,0
BRDA:160,50,0,0
BRDA:160,50,1,0
BRDA:181,51,0,0
BRDA:181,51,1,0
BRDA:182,52,0,0
BRDA:182,52,1,0
BRDA:182,53,0,0
BRDA:182,53,1,0
BRDA:198,54,0,0
BRDA:198,54,1,0
BRDA:209,55,0,0
BRDA:209,55,1,0
BRDA:222,56,0,0
BRDA:222,56,1,0
BRDA:244,57,0,0
BRDA:244,57,1,0
BRDA:244,58,0,0
BRDA:244,58,1,0
BRDA:244,59,0,0
BRDA:244,59,1,0
BRDA:244,60,0,0
BRDA:244,60,1,0
BRDA:255,61,0,0
BRDA:255,61,1,0
BRDA:255,62,0,0
BRDA:255,62,1,0
BRDA:255,63,0,0
BRDA:255,63,1,0
BRDA:255,64,0,0
BRDA:255,64,1,0
BRDA:262,65,0,0
BRDA:263,66,0,0
BRDA:276,67,0,0
BRDA:276,67,1,0
BRDA:276,68,0,0
BRDA:276,68,1,0
BRDA:276,69,0,0
BRDA:276,69,1,0
BRDA:279,70,0,0
BRDA:279,70,1,0
BRDA:279,71,0,0
BRDA:279,71,1,0
BRDA:279,72,0,0
BRDA:279,72,1,0
BRDA:282,73,0,0
BRDA:282,73,1,0
BRDA:282,74,0,0
BRDA:282,74,1,0
BRDA:282,75,0,0
BRDA:282,75,1,0
BRDA:285,76,0,0
BRDA:285,76,1,0
BRDA:285,77,0,0
BRDA:285,77,1,0
BRDA:285,78,0,0
BRDA:285,78,1,0
BRDA:290,79,0,0
BRDA:290,79,1,0
BRDA:296,80,0,0
BRDA:296,80,1,0
BRDA:312,81,0,0
BRDA:312,81,1,0
BRDA:312,82,0,0
BRDA:312,82,1,0
BRDA:312,83,0,0
BRDA:312,83,1,0
BRDA:312,84,0,0
BRDA:312,84,1,0
BRDA:324,85,0,0
BRDA:324,85,1,0
BRDA:352,86,0,0
BRDA:352,86,1,0
BRDA:365,87,0,0
BRF:173
BRH:0
end_of_record
TN:
SF:server/config/jwtConfig.ts
FNF:0
FNH:0
DA:8,0
DA:9,0
DA:12,0
DA:13,0
DA:14,0
DA:16,0
DA:17,0
DA:21,0
DA:22,0
DA:24,0
DA:25,0
DA:30,0
DA:33,0
DA:37,0
DA:38,0
DA:41,0
DA:42,0
DA:45,0
LF:18
LH:0
BRDA:12,0,0,0
BRDA:12,0,1,0
BRDA:13,1,0,0
BRDA:13,1,1,0
BRDA:16,2,0,0
BRDA:16,2,1,0
BRDA:21,3,0,0
BRDA:21,3,1,0
BRDA:24,4,0,0
BRDA:24,4,1,0
BRDA:30,5,0,0
BRDA:30,5,1,0
BRDA:31,6,0,0
BRDA:31,6,1,0
BRDA:33,7,0,0
BRDA:33,7,1,0
BRDA:34,8,0,0
BRDA:34,8,1,0
BRDA:41,9,0,0
BRDA:41,9,1,0
BRDA:41,10,0,0
BRDA:41,10,1,0
BRF:22
BRH:0
end_of_record
TN:
SF:server/config/redisConfig.ts
FN:34,(anonymous_0)
FN:37,(anonymous_1)
FN:47,(anonymous_2)
FN:51,(anonymous_3)
FN:60,(anonymous_4)
FN:67,(anonymous_5)
FN:71,(anonymous_6)
FN:78,(anonymous_7)
FN:87,(anonymous_8)
FN:111,(anonymous_9)
FN:129,(anonymous_10)
FN:146,(anonymous_11)
FN:158,(anonymous_12)
FN:163,(anonymous_13)
FN:168,(anonymous_14)
FN:176,(anonymous_15)
FN:177,(anonymous_16)
FN:177,(anonymous_17)
FN:178,(anonymous_18)
FN:179,(anonymous_19)
FN:179,(anonymous_20)
FN:180,(anonymous_21)
FN:181,(anonymous_22)
FN:182,(anonymous_23)
FN:182,(anonymous_24)
FN:192,(anonymous_25)
FN:194,(anonymous_26)
FN:200,(anonymous_27)
FN:204,(anonymous_28)
FN:234,(anonymous_29)
FN:249,(anonymous_30)
FN:264,(anonymous_31)
FN:275,(anonymous_32)
FN:279,(anonymous_33)
FN:287,getRateLimitStore
FN:294,closeRateLimitStore
FN:296,(anonymous_36)
FN:324,createRateLimiter
FN:328,(anonymous_38)
FN:335,(anonymous_39)
FNF:40
FNH:0
FNDA:0,(anonymous_0)
FNDA:0,(anonymous_1)
FNDA:0,(anonymous_2)
FNDA:0,(anonymous_3)
FNDA:0,(anonymous_4)
FNDA:0,(anonymous_5)
FNDA:0,(anonymous_6)
FNDA:0,(anonymous_7)
FNDA:0,(anonymous_8)
FNDA:0,(anonymous_9)
FNDA:0,(anonymous_10)
FNDA:0,(anonymous_11)
FNDA:0,(anonymous_12)
FNDA:0,(anonymous_13)
FNDA:0,(anonymous_14)
FNDA:0,(anonymous_15)
FNDA:0,(anonymous_16)
FNDA:0,(anonymous_17)
FNDA:0,(anonymous_18)
FNDA:0,(anonymous_19)
FNDA:0,(anonymous_20)
FNDA:0,(anonymous_21)
FNDA:0,(anonymous_22)
FNDA:0,(anonymous_23)
FNDA:0,(anonymous_24)
FNDA:0,(anonymous_25)
FNDA:0,(anonymous_26)
FNDA:0,(anonymous_27)
FNDA:0,(anonymous_28)
FNDA:0,(anonymous_29)
FNDA:0,(anonymous_30)
FNDA:0,(anonymous_31)
FNDA:0,(anonymous_32)
FNDA:0,(anonymous_33)
FNDA:0,getRateLimitStore
FNDA:0,closeRateLimitStore
FNDA:0,(anonymous_36)
FNDA:0,createRateLimiter
FNDA:0,(anonymous_38)
FNDA:0,(anonymous_39)
DA:21,0
DA:35,0
DA:38,0
DA:39,0
DA:40,0
DA:41,0
DA:42,0
DA:44,0
DA:48,0
DA:52,0
DA:53,0
DA:54,0
DA:55,0
DA:56,0
DA:57,0
DA:61,0
DA:62,0
DA:63,0
DA:68,0
DA:72,0
DA:73,0
DA:74,0
DA:75,0
DA:79,0
DA:80,0
DA:81,0
DA:82,0
DA:88,0
DA:104,0
DA:106,0
DA:108,0
DA:109,0
DA:112,0
DA:113,0
DA:114,0
DA:117,0
DA:118,0
DA:119,0
DA:120,0
DA:122,0
DA:124,0
DA:125,0
DA:130,0
DA:133,0
DA:135,0
DA:136,0
DA:137,0
DA:138,0
DA:141,0
DA:147,0
DA:148,0
DA:149,0
DA:151,0
DA:158,0
DA:159,0
DA:160,0
DA:163,0
DA:164,0
DA:165,0
DA:168,0
DA:169,0
DA:172,0
DA:175,0
DA:176,0
DA:177,0
DA:178,0
DA:179,0
DA:180,0
DA:181,0
DA:182,0
DA:186,0
DA:187,0
DA:188,0
DA:193,0
DA:194,0
DA:195,0
DA:201,0
DA:205,0
DA:207,0
DA:208,0
DA:209,0
DA:210,0
DA:212,0
DA:213,0
DA:214,0
DA:217,0
DA:219,0
DA:224,0
DA:225,0
DA:227,0
DA:228,0
DA:231,0
DA:235,0
DA:237,0
DA:238,0
DA:239,0
DA:240,0
DA:246,0
DA:250,0
DA:252,0
DA:253,0
DA:254,0
DA:255,0
DA:261,0
DA:265,0
DA:266,0
DA:267,0
DA:269,0
DA:270,0
DA:271,0
DA:276,0
DA:280,0
DA:285,0
DA:287,0
DA:288,0
DA:289,0
DA:291,0
DA:294,0
DA:295,0
DA:296,0
DA:297,0
DA:300,0
DA:324,0
DA:328,0
DA:331,0
DA:333,0
DA:335,0
DA:340,0
DA:342,0
DA:343,0
DA:345,0
DA:346,0
DA:347,0
DA:349,0
DA:350,0
DA:351,0
DA:356,0
DA:359,0
DA:362,0
DA:363,0
DA:368,0
LF:141
LH:0
BRDA:22,0,0,0
BRDA:22,0,1,0
BRDA:23,1,0,0
BRDA:23,1,1,0
BRDA:24,2,0,0
BRDA:24,2,1,0
BRDA:25,3,0,0
BRDA:25,3,1,0
BRDA:39,4,0,0
BRDA:39,4,1,0
BRDA:40,5,0,0
BRDA:40,5,1,0
BRDA:53,6,0,0
BRDA:53,6,1,0
BRDA:55,7,0,0
BRDA:55,7,1,0
BRDA:55,8,0,0
BRDA:55,8,1,0
BRDA:55,9,0,0
BRDA:55,9,1,0
[...]
DA:44,0
DA:50,0
DA:51,0
DA:52,0
DA:53,0
DA:59,0
DA:60,0
DA:63,0
DA:64,0
DA:68,0
DA:69,0
DA:70,0
DA:71,0
DA:73,0
DA:74,0
DA:79,0
DA:85,0
DA:87,0
DA:89,0
DA:90,0
DA:93,0
DA:94,0
DA:97,0
DA:98,0
DA:100,0
DA:101,0
DA:102,0
DA:104,0
DA:108,0
DA:111,0
DA:117,0
DA:118,0
DA:124,0
DA:129,0
DA:130,0
DA:138,0
DA:139,0
DA:147,0
DA:148,0
DA:156,0
DA:157,0
DA:165,0
DA:166,0
DA:175,0
DA:176,0
DA:177,0
DA:185,0
DA:186,0
DA:187,0
DA:195,0
DA:196,0
DA:197,0
DA:205,0
DA:206,0
DA:207,0
DA:212,0
LF:64
LH:0
BRDA:42,0,0,0
BRDA:42,0,1,0
BRDA:43,1,0,0
BRDA:43,1,1,0
BRDA:52,2,0,0
BRDA:52,2,1,0
BRDA:63,3,0,0
BRDA:63,3,1,0
BRDA:68,4,0,0
BRDA:68,4,1,0
BRDA:69,5,0,0
BRDA:69,5,1,0
BRDA:70,6,0,0
BRDA:70,6,1,0
BRDA:73,7,0,0
BRDA:73,7,1,0
BRDA:73,8,0,0
BRDA:73,8,1,0
BRDA:73,8,2,0
BRDA:85,9,0,0
BRDA:87,10,0,0
BRDA:87,10,1,0
BRDA:89,11,0,0
BRDA:89,11,1,0
BRDA:89,12,0,0
BRDA:89,12,1,0
BRDA:93,13,0,0
BRDA:93,13,1,0
BRDA:97,14,0,0
BRDA:97,14,1,0
BRDA:101,15,0,0
BRDA:101,15,1,0
BRDA:101,16,0,0
BRDA:101,16,1,0
BRDA:129,17,0,0
BRDA:129,17,1,0
BRDA:129,18,0,0
BRDA:129,18,1,0
BRDA:138,19,0,0
BRDA:138,19,1,0
BRDA:147,20,0,0
BRDA:147,20,1,0
BRDA:147,21,0,0
BRDA:147,21,1,0
BRDA:156,22,0,0
BRDA:156,22,1,0
BRDA:156,23,0,0
BRDA:156,23,1,0
BRDA:165,24,0,0
BRDA:165,24,1,0
BRDA:165,25,0,0
BRDA:165,25,1,0
BRDA:175,26,0,0
BRDA:175,26,1,0
BRDA:175,27,0,0
BRDA:175,27,1,0
BRDA:185,28,0,0
BRDA:185,28,1,0
BRDA:185,29,0,0
BRDA:185,29,1,0
BRDA:186,30,0,0
BRDA:186,30,1,0
BRDA:195,31,0,0
BRDA:195,31,1,0
BRDA:195,32,0,0
BRDA:195,32,1,0
BRDA:196,33,0,0
BRDA:196,33,1,0
BRDA:205,34,0,0
BRDA:205,34,1,0
BRDA:206,35,0,0
BRDA:206,35,1,0
BRF:72
BRH:0
end_of_record
TN:
SF:server/utils/migrationRunner.ts
FN:23,ensureMigrationsTable
FN:36,getExecutedMigrations
FN:38,(anonymous_8)
FN:44,markMigrationAsExecuted
FN:51,getMigrationFiles
FN:59,(anonymous_11)
FN:60,(anonymous_12)
FN:67,runMigrations
FN:77,(anonymous_14)
FN:92,(anonymous_15)
FN:121,rollbackLastMigration
FN:142,(anonymous_17)
FN:160,getMigrationStatus
FN:171,(anonymous_19)
FN:174,(anonymous_20)
FN:185,(anonymous_21)
FN:186,(anonymous_22)
FN:190,(anonymous_23)
FN:191,(anonymous_24)
FN:195,(anonymous_25)
FN:196,(anonymous_26)
FN:203,(anonymous_27)
FNF:22
FNH:0
FNDA:0,ensureMigrationsTable
FNDA:0,getExecutedMigrations
FNDA:0,(anonymous_8)
FNDA:0,markMigrationAsExecuted
FNDA:0,getMigrationFiles
FNDA:0,(anonymous_11)
FNDA:0,(anonymous_12)
FNDA:0,runMigrations
FNDA:0,(anonymous_14)
FNDA:0,(anonymous_15)
FNDA:0,rollbackLastMigration
FNDA:0,(anonymous_17)
FNDA:0,getMigrationStatus
FNDA:0,(anonymous_19)
FNDA:0,(anonymous_20)
FNDA:0,(anonymous_21)
FNDA:0,(anonymous_22)
FNDA:0,(anonymous_23)
FNDA:0,(anonymous_24)
FNDA:0,(anonymous_25)
FNDA:0,(anonymous_26)
FNDA:0,(anonymous_27)
DA:6,0
DA:7,0
DA:8,0
DA:9,0
DA:11,0
DA:12,0
DA:24,0
DA:37,0
DA:38,0
DA:45,0
DA:52,0
DA:54,0
DA:55,0
DA:58,0
DA:59,0
DA:60,0
DA:67,0
DA:68,0
DA:70,0
DA:71,0
DA:73,0
DA:74,0
DA:76,0
DA:77,0
DA:80,0
DA:81,0
DA:82,0
DA:85,0
DA:87,0
DA:88,0
DA:90,0
DA:91,0
DA:92,0
DA:94,0
DA:95,0
DA:96,0
DA:97,0
DA:99,0
DA:100,0
DA:103,0
DA:104,0
DA:106,0
DA:107,0
DA:111,0
DA:113,0
DA:114,0
DA:121,0
DA:122,0
DA:124,0
DA:125,0
DA:127,0
DA:133,0
DA:134,0
DA:135,0
DA:138,0
DA:139,0
DA:141,0
DA:142,0
DA:144,0
DA:145,0
DA:146,0
DA:147,0
DA:149,0
DA:152,0
DA:153,0
DA:160,0
DA:161,0
DA:163,0
DA:169,0
DA:171,0
DA:174,0
DA:179,0
DA:180,0
DA:182,0
DA:184,0
DA:185,0
DA:186,0
DA:187,0
DA:189,0
DA:190,0
DA:191,0
DA:192,0
DA:194,0
DA:196,0
DA:201,0
DA:203,0
DA:204,0
DA:206,0
DA:207,0
LF:89
LH:0
BRDA:11,0,0,0
BRDA:11,0,1,0
BRDA:54,1,0,0
BRDA:54,1,1,0
BRDA:59,2,0,0
BRDA:59,2,1,0
BRDA:80,3,0,0
BRDA:80,3,1,0
BRDA:94,4,0,0
BRDA:94,4,1,0
BRDA:96,5,0,0
BRDA:96,5,1,0
BRDA:133,6,0,0
BRDA:133,6,1,0
BRDA:144,7,0,0
BRDA:144,7,1,0
BRDA:174,8,0,0
BRDA:174,8,1,0
BRDA:174,9,0,0
BRDA:174,9,1,0
BRDA:179,10,0,0
BRDA:179,10,1,0
BRDA:182,11,0,0
BRDA:182,11,1,0
BRDA:182,11,2,0
BRDA:182,11,3,0
BRDA:198,12,0,0
BRDA:198,12,1,0
BRDA:199,13,0,0
BRDA:199,13,1,0
BRDA:199,14,0,0
BRDA:199,14,1,0
BRDA:199,15,0,0
BRDA:199,15,1,0
BRF:34
BRH:0
end_of_record
TN:
SF:server/utils/pagination.ts
FN:41,extractPaginationParams
FN:68,createPaginationMeta
FN:88,createPaginatedResponse
FN:103,paginateArray
FN:118,validatePaginationParams
FN:145,generatePaginationLinks
FN:151,(anonymous_6)
FNF:7
FNH:0
FNDA:0,extractPaginationParams
FNDA:0,createPaginationMeta
FNDA:0,createPaginatedResponse
FNDA:0,paginateArray
FNDA:0,validatePaginationParams
FNDA:0,generatePaginationLinks
FNDA:0,(anonymous_6)
DA:31,0
DA:41,0
DA:45,0
DA:50,0
DA:51,0
DA:56,0
DA:58,0
DA:59,0
DA:60,0
DA:62,0
DA:68,0
DA:73,0
DA:75,0
DA:88,0
DA:94,0
DA:103,0
DA:108,0
DA:109,0
DA:110,0
DA:112,0
DA:118,0
DA:122,0
DA:124,0
DA:125,0
DA:128,0
DA:129,0
DA:132,0
DA:133,0
DA:136,0
DA:145,0
DA:151,0
DA:153,0
DA:162,0
LF:33
LH:0
BRDA:47,0,0,0
BRDA:47,0,1,0
BRDA:47,0,2,0
BRDA:47,1,0,0
BRDA:47,1,1,0
BRDA:47,2,0,0
BRDA:47,2,1,0
BRDA:50,3,0,0
BRDA:50,3,1,0
BRDA:50,3,2,0
BRDA:50,4,0,0
BRDA:50,4,1,0
BRDA:50,5,0,0
BRDA:50,5,1,0
BRDA:58,6,0,0
BRDA:58,6,1,0
BRDA:58,6,2,0
BRDA:58,7,0,0
BRDA:58,7,1,0
BRDA:58,8,0,0
BRDA:58,8,1,0
BRDA:59,9,0,0
BRDA:59,9,1,0
BRDA:59,10,0,0
BRDA:59,10,1,0
BRDA:60,11,0,0
BRDA:60,11,1,0
BRDA:124,12,0,0
BRDA:124,12,1,0
BRDA:128,13,0,0
BRDA:128,13,1,0
BRDA:132,14,0,0
BRDA:132,14,1,0
BRDA:157,15,0,0
BRDA:157,15,1,0
BRDA:158,16,0,0
BRDA:158,16,1,0
BRF:37
BRH:0
end_of_record
TN:
SF:server/utils/parsers.ts
FN:9,(anonymous_0)
FN:11,(anonymous_1)
FN:15,(anonymous_2)
FN:16,(anonymous_3)
FN:25,(anonymous_4)
FN:39,(anonymous_5)
FN:54,(anonymous_6)
FN:71,(anonymous_7)
FN:283,(anonymous_8)
FN:297,(anonymous_9)
FN:309,(anonymous_10)
FN:326,(anonymous_11)
FN:342,(anonymous_12)
FN:345,(anonymous_13)
FN:346,(anonymous_14)
FN:351,(anonymous_15)
FN:352,(anonymous_16)
FN:360,(anonymous_17)
FN:373,(anonymous_18)
FNF:19
FNH:19
FNDA:9,(anonymous_0)
FNDA:6,(anonymous_1)
FNDA:7,(anonymous_2)
FNDA:7,(anonymous_3)
FNDA:25,(anonymous_4)
FNDA:13,(anonymous_5)
FNDA:10,(anonymous_6)
FNDA:22,(anonymous_7)
FNDA:4,(anonymous_8)
FNDA:9,(anonymous_9)
FNDA:10,(anonymous_10)
FNDA:29,(anonymous_11)
FNDA:9,(anonymous_12)
FNDA:12,(anonymous_13)
FNDA:12,(anonymous_14)
FNDA:6,(anonymous_15)
FNDA:6,(anonymous_16)
FNDA:7,(anonymous_17)
FNDA:18,(anonymous_18)
DA:9,1
DA:10,9
DA:11,6
DA:12,4
DA:13,2
DA:15,7
DA:16,7
DA:18,2
DA:25,1
DA:26,25
DA:27,23
DA:28,19
DA:29,15
DA:30,15
DA:32,4
DA:39,1
DA:40,13
DA:41,4
DA:43,9
DA:44,5
DA:45,5
DA:47,4
DA:54,1
DA:55,10
DA:56,3
DA:58,7
DA:60,5
DA:61,5
DA:62,5
DA:64,2
DA:71,1
DA:72,22
DA:74,18
DA:76,18
DA:77,2
DA:81,16
DA:84,16
DA:86,0
DA:87,0
DA:88,0
DA:90,0
DA:91,0
DA:96,16
DA:97,11
DA:98,11
DA:99,10
DA:100,10
DA:101,10
DA:102,10
DA:105,10
DA:106,3
DA:110,10
DA:115,7
DA:116,7
DA:121,6
DA:127,5
DA:128,1
DA:129,1
DA:130,1
DA:131,1
DA:133,1
DA:137,1
DA:138,1
DA:139,1
DA:146,9
DA:147,1
DA:148,1
DA:149,1
DA:150,1
DA:151,1
DA:153,1
DA:158,1
DA:159,1
DA:164,1
DA:170,8
DA:171,1
DA:172,1
DA:173,1
DA:174,1
DA:176,1
DA:182,1
DA:183,1
DA:188,1
DA:194,7
DA:195,1
DA:196,1
DA:197,1
DA:198,1
DA:199,1
DA:201,1
DA:206,1
DA:207,1
DA:212,1
DA:218,6
DA:219,1
DA:220,1
DA:221,1
DA:222,1
DA:223,1
DA:225,1
DA:230,1
DA:231,1
DA:236,1
DA:242,5
DA:243,1
DA:244,1
DA:245,1
DA:246,1
DA:247,1
DA:249,1
DA:251,1
DA:256,1
DA:257,1
DA:262,1
DA:268,4
DA:269,4
DA:271,0
DA:274,4
DA:276,0
DA:283,1
DA:284,4
DA:285,4
DA:287,2
DA:288,2
DA:289,2
DA:291,2
DA:297,1
DA:298,9
DA:300,6
DA:301,6
DA:303,6
DA:309,1
DA:310,10
DA:313,7
DA:316,7
DA:317,4
DA:320,3
DA:326,1
DA:327,29
DA:328,8
DA:330,21
DA:331,14
DA:332,14
DA:333,11
DA:336,10
DA:342,1
DA:343,9
DA:344,3
DA:345,12
DA:346,12
DA:348,6
DA:349,2
DA:351,6
DA:352,6
DA:354,4
DA:360,1
DA:361,7
DA:362,5
DA:364,3
DA:373,1
DA:374,18
DA:376,18
DA:378,14
DA:379,14
LF:164
LH:157
BRDA:10,0,0,3
BRDA:10,0,1,6
BRDA:11,1,0,2
BRDA:11,1,1,4
BRDA:12,2,0,2
BRDA:12,2,1,2
BRDA:26,3,0,2
BRDA:26,3,1,23
BRDA:27,4,0,4
BRDA:27,4,1,19
BRDA:28,5,0,15
BRDA:28,5,1,4
BRDA:30,6,0,15
BRDA:30,6,1,12
BRDA:30,6,2,8
BRDA:30,6,3,7
BRDA:40,7,0,4
BRDA:40,7,1,9
BRDA:41,8,0,1
BRDA:41,8,1,3
BRDA:43,9,0,5
BRDA:43,9,1,4
BRDA:45,10,0,2
BRDA:45,10,1,3
BRDA:55,11,0,3
BRDA:55,11,1,7
BRDA:56,12,0,1
BRDA:56,12,1,2
BRDA:58,13,0,5
BRDA:58,13,1,2
BRDA:62,14,0,1
BRDA:62,14,1,4
BRDA:72,15,0,4
BRDA:72,15,1,18
BRDA:76,16,0,2
BRDA:76,16,1,16
BRDA:77,17,0,1
BRDA:77,17,1,1
BRDA:84,18,0,0
BRDA:84,18,1,16
BRDA:84,19,0,16
BRDA:84,19,1,0
BRDA:90,20,0,0
BRDA:90,20,1,0
BRDA:90,21,0,0
BRDA:90,21,1,0
BRDA:96,22,0,11
BRDA:96,22,1,5
BRDA:98,23,0,10
BRDA:98,23,1,1
BRDA:105,24,0,3
BRDA:105,24,1,7
BRDA:106,25,0,2
BRDA:106,25,1,1
BRDA:110,26,0,7
BRDA:110,26,1,3
BRDA:111,27,0,10
BRDA:111,27,1,10
BRDA:111,27,2,8
BRDA:111,27,3,8
BRDA:111,27,4,7
BRDA:111,27,5,7
BRDA:116,28,0,6
BRDA:116,28,1,1
BRDA:117,29,0,7
BRDA:117,29,1,6
BRDA:117,29,2,6
BRDA:127,30,0,1
BRDA:127,30,1,4
BRDA:133,31,0,1
BRDA:133,31,1,0
BRDA:134,32,0,1
BRDA:134,32,1,1
BRDA:134,32,2,1
BRDA:134,32,3,1
BRDA:138,33,0,1
BRDA:138,33,1,0
BRDA:138,34,0,1
BRDA:138,34,1,1
BRDA:146,35,0,1
BRDA:146,35,1,8
BRDA:153,36,0,1
BRDA:153,36,1,0
BRDA:154,37,0,1
BRDA:154,37,1,1
BRDA:154,37,2,1
BRDA:154,37,3,1
BRDA:154,37,4,1
BRDA:154,37,5,1
BRDA:159,38,0,1
BRDA:159,38,1,0
BRDA:160,39,0,1
BRDA:160,39,1,1
BRDA:160,39,2,1
BRDA:170,40,0,1
BRDA:170,40,1,7
BRDA:176,41,0,1
BRDA:176,41,1,0
BRDA:177,42,0,1
BRDA:177,42,1,1
BRDA:177,42,2,1
BRDA:177,42,3,1
BRDA:177,42,4,1
BRDA:177,42,5,1
BRDA:183,43,0,1
BRDA:183,43,1,0
BRDA:184,44,0,1
BRDA:184,44,1,1
BRDA:184,44,2,1
BRDA:194,45,0,1
BRDA:194,45,1,6
BRDA:201,46,0,1
BRDA:201,46,1,0
BRDA:202,47,0,1
BRDA:202,47,1,1
BRDA:202,47,2,1
BRDA:202,47,3,1
BRDA:202,47,4,1
BRDA:202,47,5,1
BRDA:207,48,0,1
BRDA:207,48,1,0
BRDA:208,49,0,1
BRDA:208,49,1,1
BRDA:208,49,2,1
BRDA:218,50,0,1
BRDA:218,50,1,5
BRDA:225,51,0,1
BRDA:225,51,1,0
BRDA:226,52,0,1
BRDA:226,52,1,1
BRDA:226,52,2,1
BRDA:226,52,3,1
BRDA:226,52,4,1
BRDA:226,52,5,1
BRDA:231,53,0,1
BRDA:231,53,1,0
BRDA:232,54,0,1
BRDA:232,54,1,1
BRDA:232,54,2,1
BRDA:242,55,0,1
BRDA:242,55,1,4
BRDA:249,56,0,1
BRDA:249,56,1,0
BRDA:251,57,0,1
BRDA:251,57,1,0
BRDA:252,58,0,1
BRDA:252,58,1,1
BRDA:252,58,2,1
BRDA:252,58,3,1
BRDA:252,58,4,1
BRDA:252,58,5,1
BRDA:257,59,0,1
BRDA:257,59,1,0
BRDA:258,60,0,1
BRDA:258,60,1,1
BRDA:258,60,2,1
BRDA:269,61,0,0
BRDA:269,61,1,4
BRDA:269,62,0,4
BRDA:269,62,1,0
BRDA:285,63,0,2
BRDA:285,63,1,2
BRDA:298,64,0,3
BRDA:298,64,1,6
BRDA:298,65,0,9
BRDA:298,65,1,7
BRDA:303,66,0,2
BRDA:303,66,1,4
BRDA:310,67,0,3
BRDA:310,67,1,7
BRDA:310,68,0,10
BRDA:310,68,1,8
BRDA:316,69,0,4
BRDA:316,69,1,3
BRDA:316,70,0,7
BRDA:316,70,1,6
BRDA:327,71,0,8
BRDA:327,71,1,21
BRDA:327,72,0,29
BRDA:327,72,1,13
BRDA:327,72,2,12
BRDA:330,73,0,14
BRDA:330,73,1,7
BRDA:332,74,0,11
BRDA:332,74,1,3
BRDA:332,75,0,14
BRDA:332,75,1,11
BRDA:343,76,0,3
BRDA:343,76,1,6
BRDA:348,77,0,2
BRDA:348,77,1,4
BRDA:361,78,0,2
BRDA:361,78,1,5
BRDA:362,79,0,2
BRDA:362,79,1,3
BRDA:376,80,0,4
BRDA:376,80,1,14
BRDA:379,81,0,10
BRDA:379,81,1,4
BRF:199
BRH:178
end_of_record
TN:
SF:server/utils/passwordValidator.ts
FN:40,validatePasswordStrength
FN:111,requireStrongPassword
FN:126,getPasswordSuggestions
FNF:3
FNH:0
FNDA:0,validatePasswordStrength
FNDA:0,requireStrongPassword
FNDA:0,getPasswordSuggestions
DA:19,0
DA:31,0
DA:40,0
DA:41,0
DA:42,0
DA:45,0
DA:46,0
DA:48,0
DA:51,0
DA:52,0
DA:56,0
DA:57,0
DA:58,0
DA:59,0
DA:63,0
DA:64,0
DA:65,0
DA:66,0
DA:70,0
DA:71,0
DA:72,0
DA:73,0
DA:77,0
DA:78,0
DA:79,0
DA:80,0
DA:84,0
DA:85,0
DA:86,0
DA:90,0
DA:91,0
DA:95,0
DA:96,0
DA:97,0
DA:98,0
DA:100,0
DA:111,0
DA:112,0
DA:114,0
DA:115,0
DA:118,0
DA:119,0
DA:126,0
DA:127,0
DA:128,0
DA:130,0
DA:131,0
DA:134,0
DA:135,0
DA:138,0
DA:139,0
DA:142,0
DA:143,0
DA:146,0
DA:147,0
DA:150,0
DA:151,0
DA:154,0
LF:58
LH:0
BRDA:45,0,0,0
BRDA:45,0,1,0
BRDA:45,1,0,0
BRDA:45,1,1,0
BRDA:51,2,0,0
BRDA:51,2,1,0
BRDA:56,3,0,0
BRDA:56,3,1,0
BRDA:56,4,0,0
BRDA:56,4,1,0
BRDA:58,5,0,0
BRDA:58,5,1,0
BRDA:63,6,0,0
BRDA:63,6,1,0
BRDA:63,7,0,0
BRDA:63,7,1,0
BRDA:65,8,0,0
BRDA:65,8,1,0
BRDA:70,9,0,0
BRDA:70,9,1,0
BRDA:70,10,0,0
BRDA:70,10,1,0
BRDA:72,11,0,0
BRDA:72,11,1,0
BRDA:77,12,0,0
BRDA:77,12,1,0
BRDA:77,13,0,0
BRDA:77,13,1,0
BRDA:79,14,0,0
BRDA:79,14,1,0
BRDA:84,15,0,0
BRDA:84,15,1,0
BRDA:90,16,0,0
BRDA:90,16,1,0
BRDA:91,17,0,0
BRDA:91,17,1,0
BRDA:95,18,0,0
BRDA:95,18,1,0
BRDA:96,19,0,0
BRDA:96,19,1,0
BRDA:97,20,0,0
BRDA:97,20,1,0
BRDA:114,21,0,0
BRDA:114,21,1,0
BRDA:118,22,0,0
BRDA:118,22,1,0
BRDA:130,23,0,0
BRDA:130,23,1,0
BRDA:134,24,0,0
BRDA:134,24,1,0
BRDA:138,25,0,0
BRDA:138,25,1,0
BRDA:142,26,0,0
BRDA:142,26,1,0
BRDA:146,27,0,0
BRDA:146,27,1,0
BRDA:150,28,0,0
BRDA:150,28,1,0
BRDA:150,29,0,0
BRDA:150,29,1,0
BRF:60
BRH:0
end_of_record
TN:
SF:server/utils/permissions.ts
FN:13,(anonymous_0)
FN:21,(anonymous_1)
FN:29,(anonymous_2)
FN:37,(anonymous_3)
FN:45,(anonymous_4)
FN:52,(anonymous_5)
FN:60,(anonymous_6)
FN:75,(anonymous_7)
FN:96,(anonymous_8)
FN:109,(anonymous_9)
FN:117,(anonymous_10)
FNF:11
FNH:11
FNDA:21,(anonymous_0)
FNDA:65,(anonymous_1)
FNDA:31,(anonymous_2)
FNDA:5,(anonymous_3)
FNDA:8,(anonymous_4)
FNDA:8,(anonymous_5)
FNDA:9,(anonymous_6)
FNDA:15,(anonymous_7)
FNDA:9,(anonymous_8)
FNDA:5,(anonymous_9)
FNDA:7,(anonymous_10)
DA:13,1
DA:14,21
DA:15,17
DA:21,1
DA:22,65
DA:23,58
DA:29,1
DA:30,31
DA:31,28
DA:37,1
DA:38,5
DA:39,4
DA:45,1
DA:46,8
DA:52,1
DA:53,8
DA:60,1
DA:64,9
DA:65,8
DA:66,4
DA:67,3
DA:75,1
DA:79,15
DA:82,13
DA:85,8
DA:86,5
DA:89,3
DA:96,1
DA:100,9
DA:101,8
DA:102,5
DA:103,3
DA:109,1
DA:110,5
DA:117,1
DA:121,7
DA:122,6
DA:123,3
DA:124,2
LF:39
LH:39
BRDA:14,0,0,4
BRDA:14,0,1,17
BRDA:15,1,0,17
BRDA:15,1,1,13
BRDA:22,2,0,7
BRDA:22,2,1,58
BRDA:30,3,0,3
BRDA:30,3,1,28
BRDA:38,4,0,1
BRDA:38,4,1,4
BRDA:39,5,0,4
BRDA:39,5,1,3
BRDA:64,6,0,1
BRDA:64,6,1,8
BRDA:65,7,0,4
BRDA:65,7,1,4
BRDA:66,8,0,1
BRDA:66,8,1,3
BRDA:66,9,0,4
BRDA:66,9,1,3
BRDA:79,10,0,2
BRDA:79,10,1,13
BRDA:82,11,0,5
BRDA:82,11,1,8
BRDA:85,12,0,5
BRDA:85,12,1,3
BRDA:100,13,0,1
BRDA:100,13,1,8
BRDA:101,14,0,3
BRDA:101,14,1,5
BRDA:102,15,0,2
BRDA:102,15,1,3
BRDA:102,16,0,5
BRDA:102,16,1,4
BRDA:121,17,0,1
BRDA:121,17,1,6
BRDA:122,18,0,3
BRDA:122,18,1,3
BRDA:123,19,0,1
BRDA:123,19,1,2
BRDA:123,20,0,3
BRDA:123,20,1,2
BRF:42
BRH:42
end_of_record
TN:
SF:server/utils/route-helpers.ts
FN:51,(anonymous_0)
FN:54,(anonymous_1)
FN:55,(anonymous_2)
FN:65,(anonymous_3)
FN:87,(anonymous_4)
FN:108,(anonymous_5)
FN:111,(anonymous_6)
FN:114,(anonymous_7)
FN:117,(anonymous_8)
FN:120,(anonymous_9)
FN:123,(anonymous_10)
FN:126,(anonymous_11)
FN:132,(anonymous_12)
FN:142,(anonymous_13)
FN:150,(anonymous_14)
FN:158,(anonymous_15)
FN:171,(anonymous_16)
FN:183,(anonymous_17)
FN:192,(anonymous_18)
FN:196,(anonymous_19)
FN:210,(anonymous_20)
FN:211,(anonymous_21)
FN:224,(anonymous_22)
FN:236,(anonymous_23)
FN:237,(anonymous_24)
FN:252,(anonymous_25)
FN:256,(anonymous_26)
FN:270,(anonymous_27)
FN:274,(anonymous_28)
FN:296,(anonymous_29)
FN:301,(anonymous_30)
FN:327,(anonymous_31)
FN:333,(anonymous_32)
FN:367,(anonymous_33)
FN:373,(anonymous_34)
FNF:35
FNH:0
FNDA:0,(anonymous_0)
FNDA:0,(anonymous_1)
FNDA:0,(anonymous_2)
FNDA:0,(anonymous_3)
FNDA:0,(anonymous_4)
FNDA:0,(anonymous_5)
FNDA:0,(anonymous_6)
FNDA:0,(anonymous_7)
FNDA:0,(anonymous_8)
FNDA:0,(anonymous_9)
FNDA:0,(anonymous_10)
FNDA:0,(anonymous_11)
FNDA:0,(anonymous_12)
FNDA:0,(anonymous_13)
FNDA:0,(anonymous_14)
FNDA:0,(anonymous_15)
FNDA:0,(anonymous_16)
FNDA:0,(anonymous_17)
FNDA:0,(anonymous_18)
FNDA:0,(anonymous_19)
FNDA:0,(anonymous_20)
FNDA:0,(anonymous_21)
FNDA:0,(anonymous_22)
FNDA:0,(anonymous_23)
FNDA:0,(anonymous_24)
FNDA:0,(anonymous_25)
FNDA:0,(anonymous_26)
FNDA:0,(anonymous_27)
FNDA:0,(anonymous_28)
FNDA:0,(anonymous_29)
FNDA:0,(anonymous_30)
FNDA:0,(anonymous_31)
FNDA:0,(anonymous_32)
FNDA:0,(anonymous_33)
FNDA:0,(anonymous_34)
DA:7,0
DA:8,0
DA:13,0
DA:51,0
DA:54,0
DA:55,0
DA:56,0
DA:57,0
DA:65,0
DA:71,0
DA:72,0
DA:77,0
DA:78,0
DA:81,0
DA:87,0
DA:93,0
DA:98,0
DA:99,0
DA:102,0
DA:108,0
DA:109,0
DA:111,0
DA:112,0
DA:114,0
DA:115,0
DA:117,0
DA:118,0
DA:120,0
DA:121,0
DA:123,0
DA:124,0
DA:126,0
DA:127,0
DA:132,0
DA:133,0
DA:134,0
DA:135,0
DA:136,0
DA:142,0
DA:143,0
DA:144,0
DA:150,0
DA:151,0
DA:152,0
DA:158,0
DA:159,0
DA:171,0
DA:172,0
DA:173,0
DA:174,0
DA:175,0
DA:177,0
DA:183,0
DA:184,0
DA:185,0
DA:186,0
DA:192,0
DA:196,0
DA:197,0
DA:198,0
DA:201,0
DA:210,0
DA:211,0
DA:212,0
DA:213,0
DA:214,0
DA:215,0
DA:217,0
DA:224,0
DA:225,0
DA:226,0
DA:227,0
DA:228,0
DA:230,0
DA:236,0
DA:237,0
DA:238,0
DA:239,0
DA:241,0
DA:242,0
DA:243,0
DA:245,0
DA:252,0
DA:256,0
DA:257,0
DA:258,0
DA:259,0
DA:261,0
DA:262,0
DA:270,0
DA:274,0
DA:275,0
DA:276,0
DA:277,0
DA:280,0
DA:281,0
DA:282,0
DA:283,0
DA:285,0
DA:287,0
DA:288,0
DA:296,0
DA:301,0
DA:302,0
DA:303,0
DA:306,0
DA:307,0
DA:308,0
DA:316,0
DA:318,0
DA:319,0
DA:327,0
DA:333,0
DA:334,0
DA:335,0
DA:336,0
DA:339,0
DA:340,0
DA:341,0
DA:342,0
DA:345,0
DA:346,0
DA:347,0
DA:351,0
DA:352,0
DA:353,0
DA:356,0
DA:358,0
DA:359,0
DA:367,0
DA:373,0
DA:374,0
DA:375,0
DA:376,0
DA:379,0
DA:380,0
DA:381,0
DA:382,0
DA:385,0
DA:386,0
DA:387,0
DA:391,0
DA:392,0
DA:393,0
DA:396,0
DA:398,0
DA:399,0
DA:404,0
LF:148
LH:0
BRDA:77,0,0,0
BRDA:77,0,1,0
BRDA:90,1,0,0
BRDA:98,2,0,0
BRDA:98,2,1,0
BRDA:111,3,0,0
BRDA:114,4,0,0
BRDA:117,5,0,0
BRDA:123,6,0,0
BRDA:126,7,0,0
BRDA:134,8,0,0
BRDA:134,8,1,0
BRDA:135,9,0,0
BRDA:135,9,1,0
BRDA:136,10,0,0
BRDA:136,10,1,0
BRDA:144,11,0,0
BRDA:144,11,1,0
BRDA:144,12,0,0
BRDA:144,12,1,0
BRDA:152,13,0,0
BRDA:152,13,1,0
BRDA:152,14,0,0
BRDA:152,14,1,0
BRDA:160,15,0,0
BRDA:160,15,1,0
BRDA:161,16,0,0
BRDA:161,16,1,0
BRDA:163,17,0,0
BRDA:163,17,1,0
BRDA:164,18,0,0
BRDA:164,18,1,0
BRDA:173,19,0,0
BRDA:173,19,1,0
BRDA:174,20,0,0
BRDA:174,20,1,0
BRDA:177,21,0,0
BRDA:177,21,1,0
BRDA:177,21,2,0
BRDA:177,22,0,0
BRDA:177,22,1,0
BRDA:177,23,0,0
BRDA:177,23,1,0
BRDA:184,24,0,0
BRDA:184,24,1,0
BRDA:186,25,0,0
BRDA:186,25,1,0
BRDA:198,26,0,0
BRDA:198,26,1,0
BRDA:198,26,2,0
BRDA:213,27,0,0
BRDA:213,27,1,0
BRDA:226,28,0,0
BRDA:226,28,1,0
BRDA:239,29,0,0
BRDA:239,29,1,0
BRDA:241,30,0,0
BRDA:241,30,1,0
BRDA:241,31,0,0
BRDA:241,31,1,0
BRDA:276,32,0,0
BRDA:276,32,1,0
BRDA:282,33,0,0
BRDA:282,33,1,0
BRDA:306,34,0,0
BRDA:306,34,1,0
BRDA:335,35,0,0
BRDA:335,35,1,0
BRDA:341,36,0,0
BRDA:341,36,1,0
BRDA:346,37,0,0
BRDA:346,37,1,0
BRDA:351,38,0,0
BRDA:351,38,1,0
BRDA:375,39,0,0
BRDA:375,39,1,0
BRDA:381,40,0,0
BRDA:381,40,1,0
BRDA:386,41,0,0
BRDA:386,41,1,0
BRDA:391,42,0,0
BRDA:391,42,1,0
BRF:82
BRH:0
end_of_record
TN:
SF:server/utils/validators.ts
FN:12,generateChurchCode
FN:15,(anonymous_1)
FN:17,(anonymous_2)
FN:30,generateDistrictCode
FN:33,(anonymous_4)
FN:35,(anonymous_5)
FN:47,isValidCpfFormat
FN:57,formatCpf
FN:68,isValidPhoneFormat
FN:78,formatPhone
FN:94,isValidEmail
FN:104,normalizeString
FN:117,sanitizeForCode
FN:130,generateUniqueId
FN:142,truncateString
FN:152,capitalizeWords
FN:156,(anonymous_16)
FN:165,calculateAge
FN:181,isValidDate
FNF:19
FNH:0
FNDA:0,generateChurchCode
FNDA:0,(anonymous_1)
FNDA:0,(anonymous_2)
FNDA:0,generateDistrictCode
FNDA:0,(anonymous_4)
FNDA:0,(anonymous_5)
FNDA:0,isValidCpfFormat
FNDA:0,formatCpf
FNDA:0,isValidPhoneFormat
FNDA:0,formatPhone
FNDA:0,isValidEmail
FNDA:0,normalizeString
FNDA:0,sanitizeForCode
FNDA:0,generateUniqueId
FNDA:0,truncateString
FNDA:0,capitalizeWords
FNDA:0,(anonymous_16)
FNDA:0,calculateAge
FNDA:0,isValidDate
DA:12,0
DA:13,0
DA:15,0
DA:17,0
DA:21,0
DA:30,0
DA:31,0
DA:33,0
DA:35,0
DA:39,0
DA:47,0
DA:48,0
DA:49,0
DA:57,0
DA:58,0
DA:59,0
DA:60,0
DA:68,0
DA:69,0
DA:70,0
DA:78,0
DA:79,0
DA:80,0
DA:81,0
DA:83,0
DA:84,0
DA:86,0
DA:94,0
DA:95,0
DA:96,0
DA:104,0
DA:105,0
DA:117,0
DA:118,0
DA:130,0
DA:131,0
DA:132,0
DA:133,0
DA:142,0
DA:143,0
DA:144,0
DA:152,0
DA:153,0
DA:156,0
DA:165,0
DA:166,0
DA:167,0
DA:168,0
DA:169,0
DA:170,0
DA:171,0
DA:173,0
DA:181,0
DA:182,0
DA:183,0
DA:185,0
DA:186,0
DA:187,0
DA:189,0
DA:192,0
LF:60
LH:0
BRDA:21,0,0,0
BRDA:21,0,1,0
BRDA:39,1,0,0
BRDA:39,1,1,0
BRDA:59,2,0,0
BRDA:59,2,1,0
BRDA:70,3,0,0
BRDA:70,3,1,0
BRDA:80,4,0,0
BRDA:80,4,1,0
BRDA:83,5,0,0
BRDA:83,5,1,0
BRDA:130,6,0,0
BRDA:143,7,0,0
BRDA:143,7,1,0
BRDA:166,8,0,0
BRDA:166,8,1,0
BRDA:170,9,0,0
BRDA:170,9,1,0
BRDA:170,10,0,0
BRDA:170,10,1,0
BRDA:170,10,2,0
BRDA:182,11,0,0
BRDA:182,11,1,0
BRDA:185,12,0,0
BRDA:185,12,1,0
BRF:26
BRH:0
end_of_record
