TN:
SF:server/checkDatabase.ts
FN:8,checkDatabase
FN:19,(anonymous_1)
FN:32,(anonymous_2)
FN:43,(anonymous_3)
FNF:4
FNH:0
FNDA:0,checkDatabase
FNDA:0,(anonymous_1)
FNDA:0,(anonymous_2)
FNDA:0,(anonymous_3)
DA:5,0
DA:6,0
DA:9,0
DA:11,0
DA:13,0
DA:14,0
DA:15,0
DA:17,0
DA:18,0
DA:19,0
DA:20,0
DA:23,0
DA:27,0
DA:28,0
DA:30,0
DA:31,0
DA:32,0
DA:33,0
DA:38,0
DA:39,0
DA:41,0
DA:42,0
DA:43,0
DA:44,0
DA:49,0
DA:52,0
DA:55,0
LF:27
LH:0
BRDA:17,0,0,0
BRDA:17,0,1,0
BRDA:30,1,0,0
BRDA:30,1,1,0
BRDA:41,2,0,0
BRDA:41,2,1,0
BRF:6
BRH:0
end_of_record
TN:
SF:server/config.ts
FNF:0
FNH:0
DA:1,0
LF:1
LH:0
BRDA:3,0,0,0
BRDA:3,0,1,0
BRF:2
BRH:0
end_of_record
TN:
SF:server/constants.ts
FN:230,(anonymous_0)
FN:231,(anonymous_1)
FN:232,(anonymous_2)
FNF:3
FNH:3
FNDA:1,(anonymous_0)
FNDA:1,(anonymous_1)
FNDA:1,(anonymous_2)
DA:14,1
DA:21,1
DA:29,1
DA:51,1
DA:72,1
DA:89,1
DA:119,1
DA:152,1
DA:163,1
DA:182,1
DA:191,1
DA:204,1
DA:224,1
DA:230,1
DA:231,1
DA:232,1
LF:16
LH:16
BRF:0
BRH:0
end_of_record
TN:
SF:server/container.ts
FN:86,(anonymous_0)
FN:93,(anonymous_1)
FN:119,(anonymous_2)
FN:126,(anonymous_3)
FN:133,(anonymous_4)
FN:153,(anonymous_5)
FN:160,(anonymous_6)
FN:168,(anonymous_7)
FN:177,(anonymous_8)
FN:180,(anonymous_9)
FN:183,(anonymous_10)
FN:194,(anonymous_11)
FN:195,(anonymous_12)
FNF:13
FNH:0
FNDA:0,(anonymous_0)
FNDA:0,(anonymous_1)
FNDA:0,(anonymous_2)
FNDA:0,(anonymous_3)
FNDA:0,(anonymous_4)
FNDA:0,(anonymous_5)
FNDA:0,(anonymous_6)
FNDA:0,(anonymous_7)
FNDA:0,(anonymous_8)
FNDA:0,(anonymous_9)
FNDA:0,(anonymous_10)
FNDA:0,(anonymous_11)
FNDA:0,(anonymous_12)
DA:9,0
DA:10,0
DA:11,0
DA:12,0
DA:16,0
DA:17,0
DA:18,0
DA:24,0
DA:25,0
DA:26,0
DA:27,0
DA:28,0
DA:29,0
DA:30,0
DA:31,0
DA:32,0
DA:83,0
DA:84,0
DA:87,0
DA:95,0
DA:96,0
DA:97,0
DA:98,0
DA:99,0
DA:100,0
DA:101,0
DA:102,0
DA:103,0
DA:104,0
DA:105,0
DA:106,0
DA:107,0
DA:110,0
DA:111,0
DA:112,0
DA:113,0
DA:120,0
DA:127,0
DA:135,0
DA:136,0
DA:140,0
DA:141,0
DA:142,0
DA:143,0
DA:144,0
DA:147,0
DA:154,0
DA:161,0
DA:162,0
DA:169,0
DA:170,0
DA:171,0
DA:178,0
DA:180,0
DA:181,0
DA:183,0
DA:184,0
DA:186,0
DA:191,0
DA:194,0
DA:195,0
DA:197,0
LF:62
LH:0
BRDA:135,0,0,0
BRDA:135,0,1,0
BRDA:140,1,0,0
BRDA:140,1,1,0
BRDA:154,2,0,0
BRDA:154,2,1,0
BRF:6
BRH:0
end_of_record
TN:
SF:server/createRelationshipsTable.ts
FN:5,createRelationshipsTable
FNF:1
FNH:0
FNDA:0,createRelationshipsTable
DA:1,0
DA:3,0
DA:5,0
DA:6,0
DA:7,0
DA:9,0
DA:21,0
DA:22,0
DA:24,0
DA:25,0
LF:10
LH:0
BRDA:3,0,0,0
BRDA:3,0,1,0
BRF:2
BRH:0
end_of_record
TN:
SF:server/createSuperAdmin.ts
FN:14,createSuperAdmin
FNF:1
FNH:0
FNDA:0,createSuperAdmin
DA:7,0
DA:8,0
DA:9,0
DA:12,0
DA:15,0
DA:18,0
DA:19,0
DA:22,0
DA:24,0
DA:26,0
DA:27,0
DA:28,0
DA:29,0
DA:30,0
DA:31,0
DA:35,0
DA:37,0
DA:80,0
DA:81,0
DA:82,0
DA:83,0
DA:84,0
DA:85,0
DA:86,0
DA:89,0
DA:90,0
DA:93,0
DA:96,0
LF:28
LH:0
BRDA:12,0,0,0
BRDA:12,0,1,0
BRDA:18,1,0,0
BRDA:18,1,1,0
BRDA:27,2,0,0
BRDA:27,2,1,0
BRDA:84,3,0,0
BRDA:84,3,1,0
BRF:8
BRH:0
end_of_record
TN:
SF:server/index.prod.ts
FN:36,(anonymous_1)
FN:46,(anonymous_2)
FN:49,(anonymous_3)
FN:74,(anonymous_4)
FN:86,(anonymous_5)
FN:90,(anonymous_6)
FN:106,(anonymous_7)
FNF:7
FNH:0
FNDA:0,(anonymous_1)
FNDA:0,(anonymous_2)
FNDA:0,(anonymous_3)
FNDA:0,(anonymous_4)
FNDA:0,(anonymous_5)
FNDA:0,(anonymous_6)
FNDA:0,(anonymous_7)
DA:1,0
DA:2,0
DA:3,0
DA:4,0
DA:5,0
DA:6,0
DA:7,0
DA:8,0
DA:9,0
DA:10,0
DA:11,0
DA:12,0
DA:14,0
DA:17,0
DA:20,0
DA:23,0
DA:26,0
DA:34,0
DA:37,0
DA:38,0
DA:40,0
DA:46,0
DA:47,0
DA:49,0
DA:51,0
DA:52,0
DA:53,0
DA:55,0
DA:56,0
DA:57,0
DA:58,0
DA:60,0
DA:61,0
DA:62,0
DA:64,0
DA:68,0
DA:71,0
DA:74,0
DA:75,0
DA:76,0
DA:77,0
DA:79,0
DA:83,0
DA:84,0
DA:86,0
DA:87,0
DA:90,0
DA:91,0
DA:92,0
DA:93,0
DA:94,0
DA:98,0
DA:100,0
DA:101,0
DA:107,0
LF:55
LH:0
BRDA:37,0,0,0
BRDA:37,0,1,0
BRDA:47,1,0,0
BRDA:47,1,1,0
BRDA:52,2,0,0
BRDA:52,2,1,0
BRDA:52,3,0,0
BRDA:52,3,1,0
BRDA:52,3,2,0
BRDA:53,4,0,0
BRDA:53,4,1,0
BRDA:60,5,0,0
BRDA:60,5,1,0
BRDA:91,6,0,0
BRDA:91,6,1,0
BRDA:91,6,2,0
BRDA:92,7,0,0
BRDA:92,7,1,0
BRDA:100,8,0,0
BRDA:100,8,1,0
BRF:20
BRH:0
end_of_record
TN:
SF:server/index.ts
FN:38,(anonymous_7)
FN:48,(anonymous_8)
FN:51,(anonymous_9)
FN:76,(anonymous_10)
FN:113,(anonymous_11)
FN:119,(anonymous_12)
FN:125,(anonymous_13)
FN:130,(anonymous_14)
FN:150,(anonymous_15)
FN:166,(anonymous_16)
FN:169,(anonymous_17)
FN:182,(anonymous_18)
FN:194,(anonymous_19)
FNF:13
FNH:0
FNDA:0,(anonymous_7)
FNDA:0,(anonymous_8)
FNDA:0,(anonymous_9)
FNDA:0,(anonymous_10)
FNDA:0,(anonymous_11)
FNDA:0,(anonymous_12)
FNDA:0,(anonymous_13)
FNDA:0,(anonymous_14)
FNDA:0,(anonymous_15)
FNDA:0,(anonymous_16)
FNDA:0,(anonymous_17)
FNDA:0,(anonymous_18)
FNDA:0,(anonymous_19)
DA:1,0
DA:2,0
DA:3,0
DA:4,0
DA:5,0
DA:6,0
DA:7,0
DA:8,0
DA:9,0
DA:10,0
DA:11,0
DA:12,0
DA:13,0
DA:14,0
DA:16,0
DA:19,0
DA:22,0
DA:25,0
DA:28,0
DA:36,0
DA:39,0
DA:40,0
DA:42,0
DA:48,0
DA:49,0
DA:51,0
DA:53,0
DA:54,0
DA:56,0
DA:57,0
DA:58,0
DA:59,0
DA:60,0
DA:63,0
DA:64,0
DA:69,0
DA:70,0
DA:72,0
DA:76,0
DA:77,0
DA:78,0
DA:79,0
DA:80,0
DA:81,0
DA:82,0
DA:84,0
DA:89,0
DA:90,0
DA:93,0
DA:96,0
DA:99,0
DA:102,0
DA:103,0
DA:113,0
DA:114,0
DA:115,0
DA:119,0
DA:120,0
DA:121,0
DA:122,0
DA:124,0
DA:125,0
DA:126,0
DA:127,0
DA:130,0
DA:131,0
DA:132,0
DA:133,0
DA:134,0
DA:135,0
DA:138,0
DA:139,0
DA:142,0
DA:146,0
DA:150,0
DA:151,0
DA:163,0
DA:166,0
DA:167,0
DA:169,0
DA:171,0
DA:174,0
DA:176,0
DA:177,0
DA:180,0
DA:182,0
DA:183,0
DA:185,0
DA:188,0
DA:189,0
DA:195,0
DA:196,0
DA:197,0
DA:198,0
DA:200,0
DA:201,0
DA:204,0
LF:97
LH:0
BRDA:30,0,0,0
BRDA:30,0,1,0
BRDA:39,1,0,0
BRDA:39,1,1,0
BRDA:49,2,0,0
BRDA:49,2,1,0
BRDA:56,3,0,0
BRDA:56,3,1,0
BRDA:56,4,0,0
BRDA:56,4,1,0
BRDA:56,4,2,0
BRDA:59,5,0,0
BRDA:59,5,1,0
BRDA:69,6,0,0
BRDA:69,6,1,0
BRDA:81,7,0,0
BRDA:81,7,1,0
BRDA:102,8,0,0
BRDA:102,8,1,0
BRDA:132,9,0,0
BRDA:132,9,1,0
BRDA:134,10,0,0
BRDA:134,10,1,0
BRDA:134,11,0,0
BRDA:134,11,1,0
BRDA:138,12,0,0
BRDA:138,12,1,0
BRDA:155,13,0,0
BRDA:155,13,1,0
BRDA:156,14,0,0
BRDA:156,14,1,0
BRDA:171,15,0,0
BRDA:171,15,1,0
BRDA:171,15,2,0
BRDA:174,16,0,0
BRDA:174,16,1,0
BRDA:180,17,0,0
BRDA:180,17,1,0
BRDA:188,18,0,0
BRDA:188,18,1,0
BRDA:197,19,0,0
BRDA:197,19,1,0
BRDA:200,20,0,0
BRDA:200,20,1,0
BRF:44
BRH:0
end_of_record
TN:
SF:server/migrateExtraDataToColumns.ts
FN:9,migrateExtraDataToColumns
FN:132,(anonymous_1)
FN:136,(anonymous_2)
FNF:3
FNH:0
FNDA:0,migrateExtraDataToColumns
FNDA:0,(anonymous_1)
FNDA:0,(anonymous_2)
DA:1,0
DA:2,0
DA:5,0
DA:7,0
DA:10,0
DA:12,0
DA:14,0
DA:16,0
DA:36,0
DA:39,0
DA:40,0
DA:41,0
DA:44,0
DA:45,0
DA:46,0
DA:48,0
DA:49,0
DA:50,0
DA:53,0
DA:54,0
DA:55,0
DA:57,0
DA:62,0
DA:63,0
DA:64,0
DA:68,0
DA:69,0
DA:70,0
DA:71,0
DA:78,0
DA:99,0
DA:101,0
DA:102,0
DA:105,0
DA:109,0
DA:110,0
DA:111,0
DA:114,0
DA:116,0
DA:117,0
DA:118,0
DA:119,0
DA:121,0
DA:123,0
DA:125,0
DA:126,0
DA:131,0
DA:133,0
DA:134,0
DA:137,0
DA:138,0
LF:51
LH:0
BRDA:53,0,0,0
BRDA:53,0,1,0
BRDA:54,1,0,0
BRDA:54,1,1,0
BRDA:62,2,0,0
BRDA:62,2,1,0
BRDA:62,3,0,0
BRDA:62,3,1,0
BRDA:68,4,0,0
BRDA:68,4,1,0
BRDA:69,5,0,0
BRDA:69,5,1,0
BRDA:70,6,0,0
BRDA:70,6,1,0
BRDA:72,7,0,0
BRDA:72,7,1,0
BRDA:72,7,2,0
BRDA:80,8,0,0
BRDA:80,8,1,0
BRDA:81,9,0,0
BRDA:81,9,1,0
BRDA:82,10,0,0
BRDA:82,10,1,0
BRDA:83,11,0,0
BRDA:83,11,1,0
BRDA:84,12,0,0
BRDA:84,12,1,0
BRDA:85,13,0,0
BRDA:85,13,1,0
BRDA:86,14,0,0
BRDA:86,14,1,0
BRDA:88,15,0,0
BRDA:88,15,1,0
BRDA:89,16,0,0
BRDA:89,16,1,0
BRDA:90,17,0,0
BRDA:90,17,1,0
BRDA:91,18,0,0
BRDA:91,18,1,0
BRDA:93,19,0,0
BRDA:93,19,1,0
BRDA:101,20,0,0
BRDA:101,20,1,0
BRF:43
BRH:0
end_of_record
TN:
SF:server/migrateRoles.ts
FN:7,migrateRoles
FN:139,(anonymous_1)
FN:143,(anonymous_2)
FNF:3
FNH:0
FNDA:0,migrateRoles
FNDA:0,(anonymous_1)
FNDA:0,(anonymous_2)
DA:1,0
DA:7,0
DA:8,0
DA:10,0
DA:12,0
DA:13,0
DA:24,0
DA:27,0
DA:28,0
DA:32,0
DA:35,0
DA:36,0
DA:40,0
DA:43,0
DA:44,0
DA:50,0
DA:51,0
DA:54,0
DA:55,0
DA:61,0
DA:64,0
DA:65,0
DA:71,0
DA:72,0
DA:75,0
DA:78,0
DA:79,0
DA:84,0
DA:86,0
DA:91,0
DA:92,0
DA:93,0
DA:99,0
DA:103,0
DA:104,0
DA:105,0
DA:111,0
DA:115,0
DA:116,0
DA:117,0
DA:118,0
DA:119,0
DA:120,0
DA:122,0
DA:123,0
DA:124,0
DA:125,0
DA:126,0
DA:127,0
DA:128,0
DA:129,0
DA:132,0
DA:133,0
DA:138,0
DA:140,0
DA:141,0
DA:144,0
DA:145,0
LF:58
LH:0
BRDA:71,0,0,0
BRDA:71,0,1,0
BRDA:78,1,0,0
BRDA:78,1,1,0
BRDA:91,2,0,0
BRDA:91,2,1,0
BRDA:103,3,0,0
BRDA:103,3,1,0
BRF:8
BRH:0
end_of_record
TN:
SF:server/migrateToNeon.ts
FN:3,migrateToNeon
FN:383,(anonymous_7)
FNF:2
FNH:0
FNDA:0,migrateToNeon
FNDA:0,(anonymous_7)
DA:1,0
DA:3,0
DA:4,0
DA:6,0
DA:8,0
DA:11,0
DA:46,0
DA:61,0
DA:80,0
DA:93,0
DA:109,0
DA:121,0
DA:132,0
DA:145,0
DA:158,0
DA:171,0
DA:187,0
DA:209,0
DA:221,0
DA:233,0
DA:245,0
DA:257,0
DA:269,0
DA:280,0
DA:291,0
DA:301,0
DA:312,0
DA:326,0
DA:336,0
DA:351,0
DA:362,0
DA:371,0
DA:374,0
DA:376,0
DA:380,0
DA:381,0
DA:383,0
DA:384,0
DA:386,0
DA:405,0
DA:421,0
DA:423,0
DA:428,0
DA:431,0
DA:433,0
DA:434,0
LF:46
LH:0
BRDA:380,0,0,0
BRDA:380,0,1,0
BRF:2
BRH:0
end_of_record
TN:
SF:server/migrateUsernameNormalized.ts
FN:19,normalizeUsername
FN:28,migrateUsernameNormalized
FN:81,(anonymous_2)
FNF:3
FNH:0
FNDA:0,normalizeUsername
FNDA:0,migrateUsernameNormalized
FNDA:0,(anonymous_2)
DA:10,0
DA:11,0
DA:12,0
DA:13,0
DA:20,0
DA:29,0
DA:31,0
DA:33,0
DA:34,0
DA:36,0
DA:37,0
DA:38,0
DA:39,0
DA:41,0
DA:43,0
DA:46,0
DA:48,0
DA:49,0
DA:50,0
DA:51,0
DA:53,0
DA:57,0
DA:58,0
DA:59,0
DA:63,0
DA:68,0
DA:70,0
DA:71,0
DA:75,0
DA:76,0
DA:77,0
DA:79,0
DA:80,0
DA:81,0
DA:82,0
DA:83,0
DA:87,0
DA:88,0
DA:91,0
DA:94,0
LF:40
LH:0
BRDA:46,0,0,0
BRDA:46,0,1,0
BRDA:57,1,0,0
BRDA:57,1,1,0
BRDA:70,2,0,0
BRDA:70,2,1,0
BRDA:79,3,0,0
BRDA:79,3,1,0
BRDA:82,4,0,0
BRDA:82,4,1,0
BRF:10
BRH:0
end_of_record
TN:
SF:server/neonAdapter.ts
FN:91,(anonymous_7)
FN:98,(anonymous_8)
FN:108,(anonymous_9)
FN:115,(anonymous_10)
FN:128,(anonymous_11)
FN:168,(anonymous_12)
FN:171,(anonymous_13)
FN:173,(anonymous_14)
FN:180,(anonymous_15)
FN:203,(anonymous_16)
FN:219,(anonymous_17)
FN:237,(anonymous_18)
FN:259,(anonymous_19)
FN:275,(anonymous_20)
FN:295,(anonymous_21)
FN:307,(anonymous_22)
FN:320,(anonymous_23)
FN:333,(anonymous_24)
FN:344,(anonymous_25)
FN:360,(anonymous_26)
FN:377,(anonymous_27)
FN:392,(anonymous_28)
FN:410,(anonymous_29)
FN:424,(anonymous_30)
FN:437,(anonymous_31)
FN:440,(anonymous_32)
FN:447,(anonymous_33)
FN:459,(anonymous_34)
FN:466,(anonymous_35)
FN:477,(anonymous_36)
FN:496,(anonymous_37)
FN:519,(anonymous_38)
FN:528,(anonymous_39)
FN:559,(anonymous_40)
FN:590,(anonymous_41)
FN:622,(anonymous_42)
FN:644,(anonymous_43)
FN:654,(anonymous_44)
FN:668,(anonymous_45)
FN:682,(anonymous_46)
FN:701,(anonymous_47)
FN:718,(anonymous_48)
FN:729,(anonymous_49)
FN:761,(anonymous_50)
FN:771,(anonymous_51)
FN:824,(anonymous_52)
FN:886,(anonymous_53)
FN:897,(anonymous_54)
FN:928,(anonymous_55)
FN:939,(anonymous_56)
FN:946,(anonymous_57)
FN:967,(anonymous_58)
FN:988,(anonymous_59)
FN:996,(anonymous_60)
FN:1012,(anonymous_61)
FN:1094,(anonymous_62)
FN:1368,(anonymous_63)
FN:1379,(anonymous_64)
FN:1398,(anonymous_65)
FN:1555,(anonymous_66)
FN:1689,(anonymous_67)
FN:1720,(anonymous_68)
FN:1855,(anonymous_69)
FN:1920,(anonymous_70)
FN:1943,(anonymous_71)
FN:1965,(anonymous_72)
FN:1974,(anonymous_73)
FN:1997,(anonymous_74)
FN:2023,(anonymous_75)
FN:2133,(anonymous_76)
FN:2136,(anonymous_77)
FN:2144,(anonymous_78)
FN:2150,(anonymous_79)
FN:2158,(anonymous_80)
FN:2167,(anonymous_81)
FN:2175,(anonymous_82)
FN:2181,(anonymous_83)
FN:2188,(anonymous_84)
FN:2202,(anonymous_85)
FN:2215,(anonymous_86)
FN:2226,(anonymous_87)
FN:2232,(anonymous_88)
FN:2239,(anonymous_89)
FN:2254,(anonymous_90)
FN:2274,(anonymous_91)
FN:2292,(anonymous_92)
FN:2298,(anonymous_93)
FN:2306,(anonymous_94)
FN:2328,(anonymous_95)
FN:2364,(anonymous_96)
FN:2371,(anonymous_97)
FN:2378,(anonymous_98)
FN:2384,(anonymous_99)
FN:2391,(anonymous_100)
FN:2394,(anonymous_101)
FN:2402,(anonymous_102)
FN:2408,(anonymous_103)
FN:2415,(anonymous_104)
FN:2432,(anonymous_105)
FN:2446,(anonymous_106)
FN:2463,(anonymous_107)
FN:2470,(anonymous_108)
FN:2471,(anonymous_109)
FN:2479,(anonymous_110)
FN:2486,(anonymous_111)
FN:2496,(anonymous_112)
FN:2504,(anonymous_113)
FN:2511,(anonymous_114)
FN:2519,(anonymous_115)
FN:2541,(anonymous_116)
FN:2552,(anonymous_117)
FN:2563,(anonymous_118)
FN:2573,(anonymous_119)
FN:2582,(anonymous_120)
FN:2586,(anonymous_121)
FN:2592,(anonymous_122)
FN:2599,(anonymous_123)
FN:2613,(anonymous_124)
FN:2632,(anonymous_125)
FN:2653,(anonymous_126)
FN:2666,(anonymous_127)
FN:2702,(anonymous_128)
FN:2709,(anonymous_129)
FN:2716,(anonymous_130)
FN:2720,(anonymous_131)
FN:2726,(anonymous_132)
FN:2733,(anonymous_133)
FN:2747,(anonymous_134)
FN:2765,(anonymous_135)
FN:2784,(anonymous_136)
FN:2795,(anonymous_137)
FN:2818,(anonymous_138)
FN:2829,(anonymous_139)
FN:2855,(anonymous_140)
FN:2879,(anonymous_141)
FN:2893,(anonymous_142)
FN:2907,(anonymous_143)
FN:2932,(anonymous_144)
FN:2938,(anonymous_145)
FN:2945,(anonymous_146)
FN:2964,(anonymous_147)
FN:2967,(anonymous_148)
FN:2974,(anonymous_149)
FN:2988,(anonymous_150)
FN:3007,(anonymous_151)
FN:3026,(anonymous_152)
FN:3037,(anonymous_153)
FN:3051,(anonymous_154)
FN:3071,(anonymous_155)
FN:3074,(anonymous_156)
FN:3081,(anonymous_157)
FN:3095,(anonymous_158)
FN:3118,(anonymous_159)
FN:3128,(anonymous_160)
FN:3133,(anonymous_161)
FN:3138,(anonymous_162)
FN:3146,(anonymous_163)
FN:3170,(anonymous_164)
FN:3191,(anonymous_165)
FN:3205,(anonymous_166)
FN:3216,(anonymous_167)
FN:3222,(anonymous_168)
FN:3229,(anonymous_169)
FN:3243,(anonymous_170)
FN:3251,(anonymous_171)
FN:3258,(anonymous_172)
FN:3278,(anonymous_173)
FN:3295,(anonymous_174)
FN:3309,(anonymous_175)
FN:3320,(anonymous_176)
FN:3326,(anonymous_177)
FN:3333,(anonymous_178)
FN:3340,(anonymous_179)
FN:3347,(anonymous_180)
FN:3394,(anonymous_181)
FN:3420,(anonymous_182)
FN:3430,(anonymous_183)
FN:3506,(anonymous_184)
FN:3511,(anonymous_185)
FN:3513,(anonymous_186)
FN:3528,(anonymous_187)
FN:3530,(anonymous_188)
FN:3544,(anonymous_189)
FN:3546,(anonymous_190)
FN:3555,(anonymous_191)
FN:3559,(anonymous_192)
FN:3568,(anonymous_193)
FN:3596,(anonymous_194)
FN:3625,(anonymous_195)
FN:3639,(anonymous_196)
FN:3650,(anonymous_197)
FN:3654,(anonymous_198)
FN:3675,(anonymous_199)
FN:3686,(anonymous_200)
FN:3690,(anonymous_201)
FN:3694,(anonymous_202)
FN:3699,(anonymous_203)
FNF:197
FNH:0
FNDA:0,(anonymous_7)
FNDA:0,(anonymous_8)
FNDA:0,(anonymous_9)
FNDA:0,(anonymous_10)
FNDA:0,(anonymous_11)
FNDA:0,(anonymous_12)
FNDA:0,(anonymous_13)
FNDA:0,(anonymous_14)
FNDA:0,(anonymous_15)
FNDA:0,(anonymous_16)
FNDA:0,(anonymous_17)
FNDA:0,(anonymous_18)
FNDA:0,(anonymous_19)
FNDA:0,(anonymous_20)
FNDA:0,(anonymous_21)
FNDA:0,(anonymous_22)
FNDA:0,(anonymous_23)
FNDA:0,(anonymous_24)
FNDA:0,(anonymous_25)
FNDA:0,(anonymous_26)
FNDA:0,(anonymous_27)
FNDA:0,(anonymous_28)
FNDA:0,(anonymous_29)
FNDA:0,(anonymous_30)
FNDA:0,(anonymous_31)
FNDA:0,(anonymous_32)
FNDA:0,(anonymous_33)
FNDA:0,(anonymous_34)
FNDA:0,(anonymous_35)
FNDA:0,(anonymous_36)
FNDA:0,(anonymous_37)
FNDA:0,(anonymous_38)
FNDA:0,(anonymous_39)
FNDA:0,(anonymous_40)
FNDA:0,(anonymous_41)
FNDA:0,(anonymous_42)
FNDA:0,(anonymous_43)
FNDA:0,(anonymous_44)
FNDA:0,(anonymous_45)
FNDA:0,(anonymous_46)
FNDA:0,(anonymous_47)
FNDA:0,(anonymous_48)
FNDA:0,(anonymous_49)
FNDA:0,(anonymous_50)
FNDA:0,(anonymous_51)
FNDA:0,(anonymous_52)
FNDA:0,(anonymous_53)
FNDA:0,(anonymous_54)
FNDA:0,(anonymous_55)
FNDA:0,(anonymous_56)
FNDA:0,(anonymous_57)
FNDA:0,(anonymous_58)
FNDA:0,(anonymous_59)
FNDA:0,(anonymous_60)
FNDA:0,(anonymous_61)
FNDA:0,(anonymous_62)
FNDA:0,(anonymous_63)
FNDA:0,(anonymous_64)
FNDA:0,(anonymous_65)
FNDA:0,(anonymous_66)
FNDA:0,(anonymous_67)
FNDA:0,(anonymous_68)
FNDA:0,(anonymous_69)
FNDA:0,(anonymous_70)
FNDA:0,(anonymous_71)
FNDA:0,(anonymous_72)
FNDA:0,(anonymous_73)
FNDA:0,(anonymous_74)
FNDA:0,(anonymous_75)
FNDA:0,(anonymous_76)
FNDA:0,(anonymous_77)
FNDA:0,(anonymous_78)
FNDA:0,(anonymous_79)
FNDA:0,(anonymous_80)
FNDA:0,(anonymous_81)
FNDA:0,(anonymous_82)
FNDA:0,(anonymous_83)
FNDA:0,(anonymous_84)
FNDA:0,(anonymous_85)
FNDA:0,(anonymous_86)
FNDA:0,(anonymous_87)
FNDA:0,(anonymous_88)
FNDA:0,(anonymous_89)
FNDA:0,(anonymous_90)
FNDA:0,(anonymous_91)
FNDA:0,(anonymous_92)
FNDA:0,(anonymous_93)
FNDA:0,(anonymous_94)
FNDA:0,(anonymous_95)
FNDA:0,(anonymous_96)
FNDA:0,(anonymous_97)
FNDA:0,(anonymous_98)
FNDA:0,(anonymous_99)
FNDA:0,(anonymous_100)
FNDA:0,(anonymous_101)
FNDA:0,(anonymous_102)
FNDA:0,(anonymous_103)
FNDA:0,(anonymous_104)
FNDA:0,(anonymous_105)
FNDA:0,(anonymous_106)
FNDA:0,(anonymous_107)
FNDA:0,(anonymous_108)
FNDA:0,(anonymous_109)
FNDA:0,(anonymous_110)
FNDA:0,(anonymous_111)
FNDA:0,(anonymous_112)
FNDA:0,(anonymous_113)
FNDA:0,(anonymous_114)
FNDA:0,(anonymous_115)
FNDA:0,(anonymous_116)
FNDA:0,(anonymous_117)
FNDA:0,(anonymous_118)
FNDA:0,(anonymous_119)
FNDA:0,(anonymous_120)
FNDA:0,(anonymous_121)
FNDA:0,(anonymous_122)
FNDA:0,(anonymous_123)
FNDA:0,(anonymous_124)
FNDA:0,(anonymous_125)
FNDA:0,(anonymous_126)
FNDA:0,(anonymous_127)
FNDA:0,(anonymous_128)
FNDA:0,(anonymous_129)
FNDA:0,(anonymous_130)
FNDA:0,(anonymous_131)
FNDA:0,(anonymous_132)
FNDA:0,(anonymous_133)
FNDA:0,(anonymous_134)
FNDA:0,(anonymous_135)
FNDA:0,(anonymous_136)
FNDA:0,(anonymous_137)
FNDA:0,(anonymous_138)
FNDA:0,(anonymous_139)
FNDA:0,(anonymous_140)
FNDA:0,(anonymous_141)
FNDA:0,(anonymous_142)
FNDA:0,(anonymous_143)
FNDA:0,(anonymous_144)
FNDA:0,(anonymous_145)
FNDA:0,(anonymous_146)
FNDA:0,(anonymous_147)
FNDA:0,(anonymous_148)
FNDA:0,(anonymous_149)
FNDA:0,(anonymous_150)
FNDA:0,(anonymous_151)
FNDA:0,(anonymous_152)
FNDA:0,(anonymous_153)
FNDA:0,(anonymous_154)
FNDA:0,(anonymous_155)
FNDA:0,(anonymous_156)
FNDA:0,(anonymous_157)
FNDA:0,(anonymous_158)
FNDA:0,(anonymous_159)
FNDA:0,(anonymous_160)
FNDA:0,(anonymous_161)
FNDA:0,(anonymous_162)
FNDA:0,(anonymous_163)
FNDA:0,(anonymous_164)
FNDA:0,(anonymous_165)
FNDA:0,(anonymous_166)
FNDA:0,(anonymous_167)
FNDA:0,(anonymous_168)
FNDA:0,(anonymous_169)
FNDA:0,(anonymous_170)
FNDA:0,(anonymous_171)
FNDA:0,(anonymous_172)
FNDA:0,(anonymous_173)
FNDA:0,(anonymous_174)
FNDA:0,(anonymous_175)
FNDA:0,(anonymous_176)
FNDA:0,(anonymous_177)
FNDA:0,(anonymous_178)
FNDA:0,(anonymous_179)
FNDA:0,(anonymous_180)
FNDA:0,(anonymous_181)
FNDA:0,(anonymous_182)
FNDA:0,(anonymous_183)
FNDA:0,(anonymous_184)
FNDA:0,(anonymous_185)
FNDA:0,(anonymous_186)
FNDA:0,(anonymous_187)
FNDA:0,(anonymous_188)
FNDA:0,(anonymous_189)
FNDA:0,(anonymous_190)
FNDA:0,(anonymous_191)
FNDA:0,(anonymous_192)
FNDA:0,(anonymous_193)
FNDA:0,(anonymous_194)
FNDA:0,(anonymous_195)
FNDA:0,(anonymous_196)
FNDA:0,(anonymous_197)
FNDA:0,(anonymous_198)
FNDA:0,(anonymous_199)
FNDA:0,(anonymous_200)
FNDA:0,(anonymous_201)
FNDA:0,(anonymous_202)
FNDA:0,(anonymous_203)
DA:28,0
DA:29,0
DA:30,0
DA:31,0
DA:32,0
DA:33,0
DA:34,0
DA:35,0
DA:90,0
DA:92,0
DA:93,0
DA:95,0
DA:99,0
DA:100,0
DA:102,0
DA:103,0
DA:105,0
DA:109,0
DA:110,0
DA:112,0
DA:116,0
DA:117,0
DA:119,0
DA:120,0
DA:122,0
DA:123,0
DA:125,0
DA:129,0
DA:169,0
DA:171,0
DA:173,0
DA:177,0
DA:181,0
DA:184,0
DA:185,0
DA:187,0
DA:188,0
DA:193,0
DA:194,0
DA:196,0
DA:197,0
DA:198,0
DA:199,0
DA:210,0
DA:220,0
DA:221,0
DA:222,0
DA:223,0
DA:238,0
DA:260,0
DA:276,0
DA:296,0
DA:308,0
DA:309,0
DA:321,0
DA:334,0
DA:345,0
DA:361,0
DA:362,0
DA:363,0
DA:378,0
DA:393,0
DA:411,0
DA:425,0
DA:438,0
DA:439,0
DA:440,0
DA:442,0
DA:443,0
DA:448,0
DA:449,0
DA:459,0
DA:461,0
DA:462,0
DA:467,0
DA:468,0
DA:469,0
DA:470,0
DA:472,0
DA:473,0
DA:478,0
DA:479,0
DA:484,0
DA:485,0
DA:487,0
DA:488,0
DA:497,0
DA:499,0
DA:501,0
DA:507,0
DA:508,0
DA:510,0
DA:511,0
DA:520,0
DA:529,0
DA:531,0
DA:532,0
DA:533,0
DA:534,0
DA:538,0
DA:540,0
DA:548,0
DA:552,0
DA:554,0
DA:555,0
DA:560,0
DA:562,0
DA:563,0
DA:567,0
DA:570,0
DA:571,0
DA:573,0
DA:574,0
DA:577,0
DA:583,0
DA:585,0
DA:586,0
DA:591,0
DA:592,0
DA:595,0
DA:596,0
DA:599,0
DA:603,0
DA:607,0
DA:614,0
DA:615,0
DA:617,0
DA:618,0
DA:623,0
DA:625,0
DA:626,0
DA:627,0
DA:631,0
DA:632,0
DA:635,0
DA:636,0
DA:638,0
DA:639,0
DA:645,0
DA:646,0
DA:647,0
DA:649,0
DA:650,0
DA:655,0
DA:656,0
DA:661,0
DA:663,0
DA:664,0
DA:669,0
DA:670,0
DA:675,0
DA:677,0
DA:678,0
DA:683,0
DA:684,0
DA:685,0
DA:686,0
DA:693,0
DA:694,0
DA:696,0
DA:697,0
DA:702,0
DA:703,0
DA:705,0
DA:711,0
DA:713,0
DA:714,0
DA:719,0
DA:720,0
DA:721,0
DA:723,0
DA:724,0
DA:730,0
DA:732,0
DA:754,0
DA:756,0
DA:757,0
DA:762,0
DA:763,0
DA:764,0
DA:766,0
DA:767,0
DA:772,0
DA:773,0
DA:783,0
DA:784,0
DA:785,0
DA:786,0
DA:787,0
DA:788,0
DA:789,0
DA:791,0
DA:792,0
DA:796,0
DA:813,0
DA:817,0
DA:819,0
DA:820,0
DA:825,0
DA:826,0
DA:836,0
DA:838,0
DA:839,0
DA:840,0
DA:841,0
DA:842,0
DA:843,0
DA:844,0
DA:845,0
DA:846,0
DA:847,0
DA:848,0
DA:849,0
DA:850,0
DA:851,0
DA:852,0
DA:853,0
DA:854,0
DA:855,0
DA:856,0
DA:857,0
DA:858,0
DA:859,0
DA:860,0
DA:861,0
DA:863,0
DA:864,0
DA:867,0
DA:869,0
DA:870,0
DA:873,0
DA:879,0
DA:881,0
DA:882,0
DA:887,0
DA:888,0
DA:889,0
DA:891,0
DA:892,0
DA:898,0
DA:899,0
DA:900,0
DA:903,0
DA:904,0
DA:905,0
DA:906,0
DA:907,0
DA:909,0
DA:910,0
DA:912,0
DA:913,0
DA:917,0
DA:922,0
DA:923,0
DA:929,0
DA:931,0
DA:933,0
DA:935,0
DA:938,0
DA:939,0
DA:940,0
DA:941,0
DA:942,0
DA:946,0
DA:947,0
DA:948,0
DA:949,0
DA:950,0
DA:952,0
DA:953,0
DA:954,0
DA:955,0
DA:959,0
DA:961,0
DA:962,0
DA:968,0
DA:970,0
DA:971,0
DA:975,0
DA:981,0
DA:982,0
DA:983,0
DA:987,0
DA:988,0
DA:989,0
DA:990,0
DA:991,0
DA:996,0
DA:997,0
DA:998,0
DA:999,0
DA:1003,0
DA:1004,0
DA:1006,0
DA:1008,0
DA:1013,0
DA:1095,0
DA:1097,0
DA:1100,0
DA:1108,0
DA:1127,0
DA:1141,0
DA:1165,0
DA:1189,0
DA:1218,0
DA:1225,0
DA:1239,0
DA:1244,0
DA:1258,0
DA:1264,0
DA:1273,0
DA:1279,0
DA:1293,0
DA:1312,0
DA:1341,0
DA:1361,0
DA:1363,0
DA:1364,0
DA:1369,0
DA:1371,0
DA:1372,0
DA:1374,0
DA:1375,0
DA:1380,0
DA:1381,0
DA:1384,0
DA:1386,0
DA:1388,0
DA:1393,0
DA:1394,0
DA:1399,0
DA:1401,0
DA:1407,0
DA:1408,0
DA:1411,0
DA:1413,0
DA:1414,0
DA:1415,0
DA:1419,0
DA:1420,0
DA:1424,0
DA:1427,0
DA:1428,0
DA:1434,0
DA:1435,0
DA:1440,0
DA:1441,0
DA:1444,0
DA:1445,0
DA:1446,0
DA:1447,0
DA:1449,0
DA:1450,0
DA:1452,0
DA:1453,0
DA:1458,0
DA:1459,0
DA:1462,0
DA:1463,0
DA:1464,0
DA:1465,0
DA:1466,0
DA:1467,0
DA:1468,0
DA:1469,0
DA:1470,0
DA:1471,0
DA:1472,0
DA:1473,0
DA:1478,0
DA:1479,0
DA:1480,0
DA:1481,0
DA:1482,0
DA:1483,0
DA:1485,0
DA:1486,0
DA:1491,0
DA:1492,0
DA:1493,0
DA:1494,0
DA:1495,0
DA:1496,0
DA:1497,0
DA:1498,0
DA:1499,0
DA:1500,0
DA:1501,0
DA:1502,0
DA:1503,0
DA:1504,0
DA:1505,0
DA:1510,0
DA:1511,0
DA:1512,0
DA:1513,0
DA:1514,0
DA:1515,0
DA:1516,0
DA:1517,0
DA:1518,0
DA:1519,0
DA:1520,0
DA:1521,0
DA:1522,0
DA:1523,0
DA:1524,0
DA:1529,0
DA:1530,0
DA:1531,0
DA:1532,0
DA:1533,0
DA:1534,0
DA:1535,0
DA:1536,0
DA:1537,0
DA:1538,0
DA:1539,0
DA:1540,0
DA:1541,0
DA:1542,0
DA:1543,0
DA:1544,0
DA:1545,0
DA:1546,0
DA:1551,0
DA:1554,0
DA:1555,0
DA:1556,0
DA:1557,0
DA:1558,0
DA:1559,0
DA:1560,0
DA:1561,0
DA:1562,0
DA:1563,0
DA:1564,0
DA:1569,0
DA:1570,0
DA:1571,0
DA:1572,0
DA:1576,0
DA:1577,0
DA:1578,0
DA:1579,0
DA:1583,0
DA:1584,0
DA:1585,0
DA:1586,0
DA:1587,0
DA:1588,0
DA:1589,0
DA:1590,0
DA:1591,0
DA:1592,0
DA:1593,0
DA:1594,0
DA:1595,0
DA:1601,0
DA:1602,0
DA:1603,0
DA:1604,0
DA:1605,0
DA:1608,0
DA:1609,0
DA:1610,0
DA:1611,0
DA:1612,0
DA:1615,0
DA:1616,0
DA:1617,0
DA:1618,0
DA:1619,0
DA:1623,0
DA:1624,0
DA:1629,0
DA:1630,0
DA:1634,0
DA:1637,0
DA:1639,0
DA:1640,0
DA:1641,0
DA:1645,0
DA:1646,0
DA:1647,0
DA:1648,0
DA:1652,0
DA:1653,0
DA:1654,0
DA:1655,0
DA:1658,0
DA:1661,0
DA:1674,0
DA:1675,0
DA:1690,0
DA:1692,0
DA:1694,0
DA:1695,0
DA:1697,0
DA:1699,0
DA:1700,0
DA:1701,0
DA:1705,0
DA:1706,0
DA:1707,0
DA:1708,0
DA:1710,0
DA:1712,0
DA:1713,0
DA:1716,0
DA:1720,0
DA:1722,0
DA:1723,0
DA:1724,0
DA:1727,0
DA:1731,0
DA:1732,0
DA:1733,0
DA:1734,0
DA:1735,0
DA:1736,0
DA:1737,0
DA:1738,0
DA:1739,0
DA:1744,0
DA:1745,0
DA:1746,0
DA:1747,0
DA:1748,0
DA:1750,0
DA:1755,0
DA:1756,0
DA:1757,0
DA:1758,0
DA:1759,0
DA:1760,0
DA:1761,0
DA:1762,0
DA:1763,0
DA:1764,0
DA:1765,0
DA:1770,0
DA:1771,0
DA:1772,0
DA:1773,0
DA:1774,0
DA:1775,0
DA:1776,0
DA:1777,0
DA:1778,0
DA:1779,0
DA:1780,0
DA:1785,0
DA:1786,0
DA:1787,0
DA:1788,0
DA:1789,0
DA:1790,0
DA:1791,0
DA:1792,0
DA:1793,0
DA:1794,0
DA:1795,0
DA:1796,0
DA:1798,0
DA:1804,0
DA:1805,0
DA:1806,0
DA:1810,0
DA:1811,0
DA:1812,0
DA:1813,0
DA:1814,0
DA:1819,0
DA:1820,0
DA:1821,0
DA:1822,0
DA:1824,0
DA:1829,0
DA:1830,0
DA:1831,0
DA:1832,0
DA:1834,0
DA:1839,0
DA:1840,0
DA:1841,0
DA:1845,0
DA:1848,0
DA:1851,0
DA:1856,0
DA:1858,0
DA:1860,0
DA:1861,0
DA:1862,0
DA:1864,0
DA:1865,0
DA:1867,0
DA:1868,0
DA:1872,0
DA:1874,0
DA:1876,0
DA:1878,0
DA:1883,0
DA:1886,0
DA:1893,0
DA:1896,0
DA:1900,0
DA:1909,0
DA:1910,0
DA:1921,0
DA:1922,0
DA:1938,0
DA:1939,0
DA:1944,0
DA:1945,0
DA:1951,0
DA:1952,0
DA:1953,0
DA:1955,0
DA:1956,0
DA:1958,0
DA:1960,0
DA:1961,0
DA:1966,0
DA:1967,0
DA:1969,0
DA:1970,0
DA:1975,0
DA:1976,0
DA:1992,0
DA:1993,0
DA:1998,0
DA:1999,0
DA:2005,0
DA:2006,0
DA:2007,0
DA:2009,0
DA:2010,0
DA:2011,0
DA:2013,0
DA:2016,0
DA:2018,0
DA:2019,0
DA:2024,0
DA:2025,0
DA:2029,0
DA:2030,0
DA:2032,0
DA:2033,0
DA:2035,0
DA:2036,0
DA:2038,0
DA:2039,0
DA:2041,0
DA:2042,0
DA:2044,0
DA:2045,0
DA:2047,0
DA:2048,0
DA:2050,0
DA:2051,0
DA:2054,0
DA:2055,0
DA:2057,0
DA:2058,0
DA:2060,0
DA:2061,0
DA:2063,0
DA:2064,0
DA:2066,0
DA:2067,0
DA:2069,0
DA:2070,0
DA:2072,0
DA:2073,0
DA:2075,0
DA:2076,0
DA:2078,0
DA:2079,0
DA:2081,0
DA:2082,0
DA:2084,0
DA:2085,0
DA:2087,0
DA:2088,0
DA:2090,0
DA:2091,0
DA:2093,0
DA:2094,0
DA:2096,0
DA:2097,0
DA:2099,0
DA:2100,0
DA:2103,0
DA:2104,0
DA:2109,0
DA:2110,0
DA:2112,0
DA:2113,0
DA:2115,0
DA:2116,0
DA:2118,0
DA:2119,0
DA:2121,0
DA:2125,0
DA:2126,0
DA:2134,0
DA:2135,0
DA:2136,0
DA:2138,0
DA:2139,0
DA:2145,0
DA:2146,0
DA:2150,0
DA:2152,0
DA:2153,0
DA:2159,0
DA:2160,0
DA:2167,0
DA:2169,0
DA:2170,0
DA:2176,0
DA:2177,0
DA:2181,0
DA:2183,0
DA:2184,0
DA:2189,0
DA:2190,0
DA:2195,0
DA:2197,0
DA:2198,0
DA:2203,0
DA:2204,0
DA:2207,0
DA:2209,0
DA:2210,0
DA:2216,0
DA:2217,0
DA:2218,0
DA:2220,0
DA:2221,0
DA:2227,0
DA:2228,0
DA:2232,0
DA:2234,0
DA:2235,0
DA:2240,0
DA:2241,0
DA:2246,0
DA:2248,0
DA:2249,0
DA:2255,0
DA:2256,0
DA:2266,0
DA:2268,0
DA:2269,0
DA:2275,0
DA:2276,0
DA:2278,0
DA:2279,0
DA:2280,0
DA:2284,0
DA:2286,0
DA:2287,0
DA:2293,0
DA:2294,0
DA:2298,0
DA:2300,0
DA:2301,0
DA:2309,0
DA:2310,0
DA:2320,0
DA:2322,0
DA:2323,0
DA:2329,0
DA:2331,0
DA:2337,0
DA:2338,0
DA:2341,0
DA:2343,0
DA:2354,0
DA:2356,0
DA:2357,0
DA:2365,0
DA:2366,0
DA:2371,0
DA:2373,0
DA:2374,0
DA:2379,0
DA:2380,0
DA:2384,0
DA:2386,0
DA:2387,0
DA:2392,0
DA:2393,0
DA:2394,0
DA:2396,0
DA:2397,0
DA:2403,0
DA:2404,0
DA:2408,0
DA:2410,0
DA:2411,0
DA:2416,0
DA:2417,0
DA:2425,0
DA:2427,0
DA:2428,0
DA:2433,0
DA:2434,0
DA:2439,0
DA:2441,0
DA:2442,0
DA:2447,0
DA:2448,0
DA:2456,0
DA:2458,0
DA:2459,0
DA:2464,0
DA:2465,0
DA:2469,0
DA:2470,0
DA:2471,0
DA:2472,0
DA:2473,0
DA:2475,0
DA:2479,0
DA:2481,0
DA:2482,0
DA:2487,0
DA:2488,0
DA:2496,0
DA:2498,0
DA:2499,0
DA:2505,0
DA:2506,0
DA:2511,0
DA:2513,0
DA:2514,0
DA:2523,0
DA:2524,0
DA:2525,0
DA:2526,0
DA:2527,0
DA:2528,0
DA:2529,0
DA:2534,0
DA:2536,0
DA:2537,0
DA:2542,0
DA:2543,0
DA:2544,0
DA:2546,0
DA:2547,0
DA:2553,0
DA:2554,0
DA:2555,0
DA:2557,0
DA:2558,0
DA:2564,0
DA:2565,0
DA:2573,0
DA:2574,0
DA:2577,0
DA:2578,0
DA:2583,0
DA:2587,0
DA:2588,0
DA:2592,0
DA:2594,0
DA:2595,0
DA:2600,0
DA:2601,0
DA:2606,0
DA:2608,0
DA:2609,0
DA:2614,0
DA:2615,0
DA:2625,0
DA:2627,0
DA:2628,0
DA:2636,0
DA:2637,0
DA:2638,0
DA:2639,0
DA:2640,0
DA:2641,0
DA:2646,0
DA:2648,0
DA:2649,0
DA:2654,0
DA:2655,0
DA:2658,0
DA:2659,0
DA:2661,0
DA:2662,0
DA:2667,0
DA:2669,0
DA:2675,0
DA:2676,0
DA:2680,0
DA:2690,0
DA:2695,0
DA:2697,0
DA:2698,0
DA:2703,0
DA:2704,0
DA:2709,0
DA:2711,0
DA:2712,0
DA:2717,0
DA:2721,0
DA:2722,0
DA:2726,0
DA:2728,0
DA:2729,0
DA:2734,0
DA:2735,0
DA:2740,0
DA:2742,0
DA:2743,0
DA:2748,0
DA:2749,0
DA:2758,0
DA:2760,0
DA:2761,0
DA:2766,0
DA:2767,0
DA:2768,0
DA:2769,0
DA:2770,0
DA:2771,0
DA:2772,0
DA:2777,0
DA:2779,0
DA:2780,0
DA:2785,0
DA:2786,0
DA:2787,0
DA:2789,0
DA:2790,0
DA:2796,0
DA:2797,0
DA:2798,0
DA:2813,0
DA:2814,0
DA:2819,0
DA:2820,0
DA:2821,0
DA:2823,0
DA:2824,0
DA:2830,0
DA:2831,0
DA:2837,0
DA:2838,0
DA:2839,0
DA:2841,0
DA:2842,0
DA:2843,0
DA:2845,0
DA:2848,0
DA:2850,0
DA:2851,0
DA:2856,0
DA:2857,0
DA:2873,0
DA:2874,0
DA:2880,0
DA:2881,0
DA:2886,0
DA:2888,0
DA:2889,0
DA:2894,0
DA:2895,0
DA:2900,0
DA:2902,0
DA:2903,0
DA:2908,0
DA:2909,0
DA:2924,0
DA:2926,0
DA:2927,0
DA:2933,0
DA:2934,0
DA:2938,0
DA:2940,0
DA:2941,0
DA:2946,0
DA:2947,0
DA:2957,0
DA:2959,0
DA:2960,0
DA:2965,0
DA:2966,0
DA:2967,0
DA:2969,0
DA:2970,0
DA:2975,0
DA:2976,0
DA:2981,0
DA:2983,0
DA:2984,0
DA:2989,0
DA:2990,0
DA:3000,0
DA:3002,0
DA:3003,0
DA:3008,0
DA:3009,0
DA:3010,0
DA:3011,0
DA:3012,0
DA:3013,0
DA:3014,0
DA:3019,0
DA:3021,0
DA:3022,0
DA:3027,0
DA:3028,0
DA:3029,0
DA:3031,0
DA:3032,0
DA:3038,0
DA:3039,0
DA:3044,0
DA:3046,0
DA:3047,0
DA:3052,0
DA:3053,0
DA:3064,0
DA:3066,0
DA:3067,0
DA:3072,0
DA:3073,0
DA:3074,0
DA:3076,0
DA:3077,0
DA:3082,0
DA:3083,0
DA:3088,0
DA:3090,0
DA:3091,0
DA:3099,0
DA:3100,0
DA:3101,0
DA:3102,0
DA:3103,0
DA:3104,0
DA:3105,0
DA:3106,0
DA:3111,0
DA:3113,0
DA:3114,0
DA:3119,0
DA:3120,0
DA:3121,0
DA:3123,0
DA:3124,0
DA:3129,0
DA:3130,0
DA:3133,0
DA:3134,0
DA:3135,0
DA:3137,0
DA:3138,0
DA:3140,0
DA:3141,0
DA:3147,0
DA:3148,0
DA:3154,0
DA:3155,0
DA:3156,0
DA:3157,0
DA:3158,0
DA:3161,0
DA:3163,0
DA:3164,0
DA:3171,0
DA:3172,0
DA:3184,0
DA:3186,0
DA:3187,0
DA:3192,0
DA:3193,0
DA:3198,0
DA:3200,0
DA:3201,0
DA:3206,0
DA:3207,0
DA:3208,0
DA:3210,0
DA:3211,0
DA:3217,0
DA:3218,0
DA:3222,0
DA:3224,0
DA:3225,0
DA:3230,0
DA:3231,0
DA:3236,0
DA:3238,0
DA:3239,0
DA:3244,0
DA:3245,0
DA:3251,0
DA:3253,0
DA:3254,0
DA:3259,0
DA:3260,0
DA:3271,0
DA:3273,0
DA:3274,0
DA:3282,0
DA:3283,0
DA:3288,0
DA:3290,0
DA:3291,0
DA:3296,0
DA:3297,0
DA:3302,0
DA:3304,0
DA:3305,0
DA:3310,0
DA:3311,0
DA:3312,0
DA:3314,0
DA:3315,0
DA:3321,0
DA:3322,0
DA:3326,0
DA:3328,0
DA:3329,0
DA:3334,0
DA:3335,0
DA:3340,0
DA:3342,0
DA:3343,0
DA:3348,0
DA:3350,0
DA:3352,0
DA:3358,0
DA:3360,0
DA:3371,0
DA:3375,0
DA:3387,0
DA:3389,0
DA:3390,0
DA:3395,0
DA:3396,0
DA:3401,0
DA:3402,0
DA:3403,0
DA:3405,0
DA:3413,0
DA:3415,0
DA:3416,0
DA:3421,0
DA:3422,0
DA:3423,0
DA:3425,0
DA:3426,0
DA:3437,0
DA:3438,0
DA:3442,0
DA:3444,0
DA:3446,0
DA:3447,0
DA:3450,0
DA:3451,0
DA:3453,0
DA:3454,0
DA:3464,0
DA:3465,0
DA:3467,0
DA:3468,0
DA:3469,0
DA:3476,0
DA:3486,0
DA:3488,0
DA:3489,0
DA:3490,0
DA:3491,0
DA:3499,0
DA:3501,0
DA:3502,0
DA:3507,0
DA:3508,0
DA:3512,0
DA:3513,0
DA:3514,0
DA:3523,0
DA:3524,0
DA:3525,0
DA:3529,0
DA:3530,0
DA:3531,0
DA:3532,0
DA:3534,0
DA:3539,0
DA:3540,0
DA:3541,0
DA:3545,0
DA:3546,0
DA:3547,0
DA:3548,0
DA:3550,0
DA:3551,0
DA:3556,0
DA:3560,0
DA:3561,0
DA:3562,0
DA:3564,0
DA:3569,0
DA:3570,0
DA:3589,0
DA:3591,0
DA:3592,0
DA:3597,0
DA:3598,0
DA:3599,0
DA:3600,0
DA:3601,0
DA:3602,0
DA:3603,0
DA:3604,0
DA:3605,0
DA:3606,0
DA:3607,0
DA:3608,0
DA:3609,0
DA:3610,0
DA:3611,0
DA:3618,0
DA:3620,0
DA:3621,0
DA:3626,0
DA:3627,0
DA:3632,0
DA:3634,0
DA:3635,0
DA:3640,0
DA:3641,0
DA:3642,0
DA:3644,0
DA:3645,0
DA:3651,0
DA:3655,0
DA:3656,0
DA:3668,0
DA:3670,0
DA:3671,0
DA:3679,0
DA:3680,0
DA:3681,0
DA:3683,0
DA:3687,0
DA:3691,0
DA:3695,0
DA:3700,0
LF:1259
LH:0
BRDA:92,0,0,0
BRDA:92,0,1,0
BRDA:99,1,0,0
BRDA:99,1,1,0
BRDA:102,2,0,0
BRDA:102,2,1,0
BRDA:109,3,0,0
BRDA:109,3,1,0
BRDA:112,4,0,0
BRDA:112,4,1,0
BRDA:116,5,0,0
BRDA:116,5,1,0
BRDA:119,6,0,0
BRDA:119,6,1,0
BRDA:122,7,0,0
BRDA:122,7,1,0
BRDA:131,8,0,0
BRDA:131,8,1,0
BRDA:132,9,0,0
BRDA:132,9,1,0
BRDA:133,10,0,0
BRDA:133,10,1,0
BRDA:134,11,0,0
BRDA:134,11,1,0
BRDA:135,12,0,0
BRDA:135,12,1,0
BRDA:136,13,0,0
BRDA:136,13,1,0
BRDA:137,14,0,0
BRDA:137,14,1,0
BRDA:138,15,0,0
BRDA:138,15,1,0
BRDA:139,16,0,0
BRDA:139,16,1,0
BRDA:140,17,0,0
BRDA:140,17,1,0
BRDA:141,18,0,0
BRDA:141,18,1,0
BRDA:142,19,0,0
BRDA:142,19,1,0
BRDA:143,20,0,0
BRDA:143,20,1,0
BRDA:144,21,0,0
BRDA:144,21,1,0
BRDA:145,22,0,0
BRDA:145,22,1,0
BRDA:146,23,0,0
BRDA:146,23,1,0
BRDA:147,24,0,0
BRDA:147,24,1,0
BRDA:151,25,0,0
BRDA:151,25,1,0
BRDA:152,26,0,0
BRDA:152,26,1,0
BRDA:153,27,0,0
BRDA:153,27,1,0
BRDA:155,28,0,0
BRDA:155,28,1,0
BRDA:159,29,0,0
BRDA:159,29,1,0
BRDA:160,30,0,0
BRDA:160,30,1,0
BRDA:161,31,0,0
BRDA:161,31,1,0
BRDA:162,32,0,0
BRDA:162,32,1,0
BRDA:163,33,0,0
BRDA:163,33,1,0
BRDA:164,34,0,0
BRDA:164,34,1,0
BRDA:177,35,0,0
BRDA:177,35,1,0
BRDA:182,36,0,0
BRDA:182,36,1,0
BRDA:182,37,0,0
BRDA:182,37,1,0
BRDA:193,38,0,0
BRDA:193,38,1,0
BRDA:214,39,0,0
BRDA:214,39,1,0
BRDA:215,40,0,0
BRDA:215,40,1,0
BRDA:227,41,0,0
BRDA:227,41,1,0
BRDA:228,42,0,0
BRDA:228,42,1,0
BRDA:230,43,0,0
BRDA:230,43,1,0
BRDA:230,44,0,0
BRDA:230,44,1,0
BRDA:232,45,0,0
BRDA:232,45,1,0
BRDA:233,46,0,0
BRDA:233,46,1,0
BRDA:240,47,0,0
BRDA:240,47,1,0
BRDA:241,48,0,0
BRDA:241,48,1,0
BRDA:242,49,0,0
BRDA:242,49,1,0
BRDA:243,50,0,0
BRDA:243,50,1,0
BRDA:244,51,0,0
BRDA:244,51,1,0
BRDA:245,52,0,0
BRDA:245,52,1,0
BRDA:246,53,0,0
BRDA:246,53,1,0
BRDA:247,54,0,0
BRDA:247,54,1,0
BRDA:248,55,0,0
BRDA:248,55,1,0
BRDA:249,56,0,0
BRDA:249,56,1,0
BRDA:250,57,0,0
BRDA:250,57,1,0
BRDA:251,58,0,0
BRDA:251,58,1,0
BRDA:252,59,0,0
BRDA:252,59,1,0
BRDA:253,60,0,0
BRDA:253,60,1,0
BRDA:262,61,0,0
BRDA:262,61,1,0
BRDA:263,62,0,0
BRDA:263,62,1,0
BRDA:264,63,0,0
BRDA:264,63,1,0
BRDA:265,64,0,0
BRDA:265,64,1,0
BRDA:267,65,0,0
BRDA:267,65,1,0
BRDA:268,66,0,0
BRDA:268,66,1,0
BRDA:269,67,0,0
BRDA:269,67,1,0
BRDA:278,68,0,0
BRDA:278,68,1,0
BRDA:279,69,0,0
BRDA:279,69,1,0
BRDA:280,70,0,0
BRDA:280,70,1,0
BRDA:281,71,0,0
BRDA:281,71,1,0
BRDA:282,72,0,0
BRDA:282,72,1,0
BRDA:284,73,0,0
BRDA:284,73,1,0
BRDA:285,74,0,0
BRDA:285,74,1,0
BRDA:286,75,0,0
BRDA:286,75,1,0
BRDA:288,76,0,0
BRDA:288,76,1,0
BRDA:289,77,0,0
BRDA:289,77,1,0
BRDA:298,78,0,0
BRDA:298,78,1,0
BRDA:299,79,0,0
BRDA:299,79,1,0
BRDA:300,80,0,0
BRDA:300,80,1,0
BRDA:301,81,0,0
BRDA:301,81,1,0
BRDA:308,82,0,0
BRDA:308,82,1,0
BRDA:311,83,0,0
BRDA:311,83,1,0
BRDA:313,84,0,0
BRDA:313,84,1,0
BRDA:314,85,0,0
BRDA:314,85,1,0
BRDA:323,86,0,0
BRDA:323,86,1,0
BRDA:324,87,0,0
BRDA:324,87,1,0
BRDA:325,88,0,0
BRDA:325,88,1,0
BRDA:326,89,0,0
BRDA:326,89,1,0
BRDA:327,90,0,0
BRDA:327,90,1,0
BRDA:336,91,0,0
BRDA:336,91,1,0
BRDA:337,92,0,0
BRDA:337,92,1,0
BRDA:337,92,2,0
BRDA:338,93,0,0
BRDA:338,93,1,0
BRDA:339,94,0,0
BRDA:339,94,1,0
BRDA:347,95,0,0
BRDA:347,95,1,0
BRDA:348,96,0,0
BRDA:348,96,1,0
BRDA:349,97,0,0
BRDA:349,97,1,0
BRDA:350,98,0,0
BRDA:350,98,1,0
BRDA:350,98,2,0
BRDA:352,99,0,0
BRDA:352,99,1,0
BRDA:353,100,0,0
BRDA:353,100,1,0
BRDA:354,101,0,0
BRDA:354,101,1,0
BRDA:361,102,0,0
BRDA:361,102,1,0
BRDA:362,103,0,0
BRDA:362,103,1,0
BRDA:365,104,0,0
BRDA:365,104,1,0
BRDA:366,105,0,0
BRDA:366,105,1,0
BRDA:367,106,0,0
BRDA:367,106,1,0
BRDA:368,107,0,0
BRDA:368,107,1,0
BRDA:373,108,0,0
BRDA:373,108,1,0
BRDA:380,109,0,0
BRDA:380,109,1,0
BRDA:381,110,0,0
BRDA:381,110,1,0
BRDA:382,111,0,0
BRDA:382,111,1,0
BRDA:383,112,0,0
BRDA:383,112,1,0
BRDA:386,113,0,0
BRDA:386,113,1,0
BRDA:395,114,0,0
BRDA:395,114,1,0
BRDA:397,115,0,0
BRDA:397,115,1,0
BRDA:398,116,0,0
BRDA:398,116,1,0
BRDA:400,117,0,0
BRDA:400,117,1,0
BRDA:401,118,0,0
BRDA:401,118,1,0
BRDA:402,119,0,0
BRDA:402,119,1,0
BRDA:403,120,0,0
BRDA:403,120,1,0
BRDA:403,121,0,0
BRDA:403,121,1,0
BRDA:406,122,0,0
BRDA:406,122,1,0
BRDA:413,123,0,0
BRDA:413,123,1,0
BRDA:414,124,0,0
BRDA:414,124,1,0
BRDA:415,125,0,0
BRDA:415,125,1,0
BRDA:416,126,0,0
BRDA:416,126,1,0
BRDA:417,127,0,0
BRDA:417,127,1,0
BRDA:420,128,0,0
BRDA:420,128,1,0
BRDA:427,129,0,0
BRDA:427,129,1,0
BRDA:428,130,0,0
BRDA:428,130,1,0
BRDA:429,131,0,0
BRDA:429,131,1,0
BRDA:430,132,0,0
BRDA:430,132,1,0
BRDA:431,133,0,0
BRDA:431,133,1,0
BRDA:469,134,0,0
BRDA:469,134,1,0
BRDA:470,135,0,0
BRDA:470,135,1,0
BRDA:484,136,0,0
BRDA:484,136,1,0
BRDA:485,137,0,0
BRDA:485,137,1,0
BRDA:507,138,0,0
BRDA:507,138,1,0
BRDA:508,139,0,0
BRDA:508,139,1,0
BRDA:531,140,0,0
BRDA:531,140,1,0
BRDA:533,141,0,0
BRDA:533,141,1,0
BRDA:562,142,0,0
BRDA:562,142,1,0
BRDA:562,143,0,0
BRDA:562,143,1,0
BRDA:570,144,0,0
BRDA:570,144,1,0
BRDA:573,145,0,0
BRDA:573,145,1,0
BRDA:583,146,0,0
BRDA:583,146,1,0
BRDA:595,147,0,0
BRDA:595,147,1,0
BRDA:595,148,0,0
BRDA:595,148,1,0
BRDA:603,149,0,0
BRDA:603,149,1,0
BRDA:626,150,0,0
BRDA:626,150,1,0
BRDA:626,151,0,0
BRDA:626,151,1,0
BRDA:631,152,0,0
BRDA:631,152,1,0
BRDA:631,153,0,0
BRDA:631,153,1,0
BRDA:675,154,0,0
BRDA:675,154,1,0
BRDA:711,155,0,0
BRDA:711,155,1,0
BRDA:764,156,0,0
BRDA:764,156,1,0
BRDA:784,157,0,0
BRDA:784,157,1,0
BRDA:788,158,0,0
BRDA:788,158,1,0
BRDA:791,159,0,0
BRDA:791,159,1,0
BRDA:797,160,0,0
BRDA:797,160,1,0
BRDA:798,161,0,0
BRDA:798,161,1,0
BRDA:800,162,0,0
BRDA:800,162,1,0
BRDA:801,163,0,0
BRDA:801,163,1,0
BRDA:802,164,0,0
BRDA:802,164,1,0
BRDA:803,165,0,0
BRDA:803,165,1,0
BRDA:804,166,0,0
BRDA:804,166,1,0
BRDA:804,166,2,0
BRDA:805,167,0,0
BRDA:805,167,1,0
BRDA:806,168,0,0
BRDA:806,168,1,0
BRDA:807,169,0,0
BRDA:807,169,1,0
BRDA:808,170,0,0
BRDA:808,170,1,0
BRDA:838,171,0,0
BRDA:838,171,1,0
BRDA:839,172,0,0
BRDA:839,172,1,0
BRDA:840,173,0,0
BRDA:840,173,1,0
BRDA:841,174,0,0
BRDA:841,174,1,0
BRDA:841,175,0,0
BRDA:841,175,1,0
BRDA:842,176,0,0
BRDA:842,176,1,0
BRDA:843,177,0,0
BRDA:843,177,1,0
BRDA:845,178,0,0
BRDA:845,178,1,0
BRDA:846,179,0,0
BRDA:846,179,1,0
BRDA:847,180,0,0
BRDA:847,180,1,0
BRDA:848,181,0,0
BRDA:848,181,1,0
BRDA:849,182,0,0
BRDA:849,182,1,0
BRDA:849,183,0,0
BRDA:849,183,1,0
BRDA:850,184,0,0
BRDA:850,184,1,0
BRDA:851,185,0,0
BRDA:851,185,1,0
BRDA:852,186,0,0
BRDA:852,186,1,0
BRDA:852,187,0,0
BRDA:852,187,1,0
BRDA:853,188,0,0
BRDA:853,188,1,0
BRDA:853,189,0,0
BRDA:853,189,1,0
BRDA:854,190,0,0
BRDA:854,190,1,0
BRDA:856,191,0,0
BRDA:856,191,1,0
BRDA:860,192,0,0
BRDA:860,192,1,0
BRDA:863,193,0,0
BRDA:863,193,1,0
BRDA:869,194,0,0
BRDA:869,194,1,0
BRDA:870,195,0,0
BRDA:870,195,1,0
BRDA:879,196,0,0
BRDA:879,196,1,0
BRDA:900,197,0,0
BRDA:900,197,1,0
BRDA:904,198,0,0
BRDA:904,198,1,0
BRDA:905,199,0,0
BRDA:905,199,1,0
BRDA:912,200,0,0
BRDA:912,200,1,0
BRDA:933,201,0,0
BRDA:933,201,1,0
BRDA:941,202,0,0
BRDA:941,202,1,0
BRDA:941,203,0,0
BRDA:941,203,1,0
BRDA:947,204,0,0
BRDA:947,204,1,0
BRDA:948,205,0,0
BRDA:948,205,1,0
BRDA:949,206,0,0
BRDA:949,206,1,0
BRDA:950,207,0,0
BRDA:950,207,1,0
BRDA:970,208,0,0
BRDA:970,208,1,0
BRDA:981,209,0,0
BRDA:981,209,1,0
BRDA:990,210,0,0
BRDA:990,210,1,0
BRDA:990,211,0,0
BRDA:990,211,1,0
BRDA:997,212,0,0
BRDA:997,212,1,0
BRDA:997,213,0,0
BRDA:997,213,1,0
BRDA:1101,214,0,0
BRDA:1101,214,1,0
BRDA:1102,215,0,0
BRDA:1102,215,1,0
BRDA:1103,216,0,0
BRDA:1103,216,1,0
BRDA:1104,217,0,0
BRDA:1104,217,1,0
BRDA:1111,218,0,0
BRDA:1111,218,1,0
BRDA:1116,219,0,0
BRDA:1116,219,1,0
BRDA:1121,220,0,0
BRDA:1121,220,1,0
BRDA:1130,221,0,0
BRDA:1130,221,1,0
BRDA:1135,222,0,0
BRDA:1135,222,1,0
BRDA:1144,223,0,0
BRDA:1144,223,1,0
BRDA:1149,224,0,0
BRDA:1149,224,1,0
BRDA:1154,225,0,0
BRDA:1154,225,1,0
BRDA:1159,226,0,0
BRDA:1159,226,1,0
BRDA:1168,227,0,0
BRDA:1168,227,1,0
BRDA:1173,228,0,0
BRDA:1173,228,1,0
BRDA:1178,229,0,0
BRDA:1178,229,1,0
BRDA:1183,230,0,0
BRDA:1183,230,1,0
BRDA:1192,231,0,0
BRDA:1192,231,1,0
BRDA:1197,232,0,0
BRDA:1197,232,1,0
BRDA:1202,233,0,0
BRDA:1202,233,1,0
BRDA:1207,234,0,0
BRDA:1207,234,1,0
BRDA:1212,235,0,0
BRDA:1212,235,1,0
BRDA:1219,236,0,0
BRDA:1219,236,1,0
BRDA:1220,237,0,0
BRDA:1220,237,1,0
BRDA:1221,238,0,0
BRDA:1221,238,1,0
BRDA:1228,239,0,0
BRDA:1228,239,1,0
BRDA:1233,240,0,0
BRDA:1233,240,1,0
BRDA:1240,241,0,0
BRDA:1240,241,1,0
BRDA:1247,242,0,0
BRDA:1247,242,1,0
BRDA:1252,243,0,0
BRDA:1252,243,1,0
BRDA:1259,244,0,0
BRDA:1259,244,1,0
BRDA:1260,245,0,0
BRDA:1260,245,1,0
BRDA:1267,246,0,0
BRDA:1267,246,1,0
BRDA:1274,247,0,0
BRDA:1274,247,1,0
BRDA:1275,248,0,0
BRDA:1275,248,1,0
BRDA:1282,249,0,0
BRDA:1282,249,1,0
BRDA:1287,250,0,0
BRDA:1287,250,1,0
BRDA:1296,251,0,0
BRDA:1296,251,1,0
BRDA:1301,252,0,0
BRDA:1301,252,1,0
BRDA:1306,253,0,0
BRDA:1306,253,1,0
BRDA:1315,254,0,0
BRDA:1315,254,1,0
BRDA:1320,255,0,0
BRDA:1320,255,1,0
BRDA:1325,256,0,0
BRDA:1325,256,1,0
BRDA:1330,257,0,0
BRDA:1330,257,1,0
BRDA:1335,258,0,0
BRDA:1335,258,1,0
BRDA:1407,259,0,0
BRDA:1407,259,1,0
BRDA:1407,260,0,0
BRDA:1407,260,1,0
BRDA:1413,261,0,0
BRDA:1413,261,1,0
BRDA:1419,262,0,0
BRDA:1419,262,1,0
BRDA:1424,263,0,0
BRDA:1424,263,1,0
BRDA:1427,264,0,0
BRDA:1427,264,1,0
BRDA:1427,265,0,0
BRDA:1427,265,1,0
BRDA:1434,266,0,0
BRDA:1434,266,1,0
BRDA:1434,267,0,0
BRDA:1434,267,1,0
BRDA:1445,268,0,0
BRDA:1445,268,1,0
BRDA:1452,269,0,0
BRDA:1452,269,1,0
BRDA:1452,270,0,0
BRDA:1452,270,1,0
BRDA:1462,271,0,0
BRDA:1462,271,1,0
BRDA:1463,272,0,0
BRDA:1463,272,1,0
BRDA:1465,273,0,0
BRDA:1465,273,1,0
BRDA:1468,274,0,0
BRDA:1468,274,1,0
BRDA:1468,275,0,0
BRDA:1468,275,1,0
BRDA:1471,276,0,0
BRDA:1471,276,1,0
BRDA:1478,277,0,0
BRDA:1478,277,1,0
BRDA:1479,278,0,0
BRDA:1479,278,1,0
BRDA:1481,279,0,0
BRDA:1481,279,1,0
BRDA:1481,280,0,0
BRDA:1481,280,1,0
BRDA:1491,281,0,0
BRDA:1491,281,1,0
BRDA:1492,282,0,0
BRDA:1492,282,1,0
BRDA:1494,283,0,0
BRDA:1494,283,1,0
BRDA:1494,284,0,0
BRDA:1494,284,1,0
BRDA:1497,285,0,0
BRDA:1497,285,1,0
BRDA:1500,286,0,0
BRDA:1500,286,1,0
BRDA:1503,287,0,0
BRDA:1503,287,1,0
BRDA:1510,288,0,0
BRDA:1510,288,1,0
BRDA:1511,289,0,0
BRDA:1511,289,1,0
BRDA:1513,290,0,0
BRDA:1513,290,1,0
BRDA:1513,291,0,0
BRDA:1513,291,1,0
BRDA:1516,292,0,0
BRDA:1516,292,1,0
BRDA:1519,293,0,0
BRDA:1519,293,1,0
BRDA:1522,294,0,0
BRDA:1522,294,1,0
BRDA:1529,295,0,0
BRDA:1529,295,1,0
BRDA:1530,296,0,0
BRDA:1530,296,1,0
BRDA:1530,297,0,0
BRDA:1530,297,1,0
BRDA:1530,297,2,0
BRDA:1532,298,0,0
BRDA:1532,298,1,0
BRDA:1532,299,0,0
BRDA:1532,299,1,0
BRDA:1535,300,0,0
BRDA:1535,300,1,0
BRDA:1535,301,0,0
BRDA:1535,301,1,0
BRDA:1538,302,0,0
BRDA:1538,302,1,0
BRDA:1538,303,0,0
BRDA:1538,303,1,0
BRDA:1541,304,0,0
BRDA:1541,304,1,0
BRDA:1541,305,0,0
BRDA:1541,305,1,0
BRDA:1544,306,0,0
BRDA:1544,306,1,0
BRDA:1552,307,0,0
BRDA:1552,307,1,0
BRDA:1552,307,2,0
BRDA:1554,308,0,0
BRDA:1554,308,1,0
BRDA:1554,309,0,0
BRDA:1554,309,1,0
BRDA:1556,310,0,0
BRDA:1556,310,1,0
BRDA:1559,311,0,0
BRDA:1559,311,1,0
BRDA:1562,312,0,0
BRDA:1562,312,1,0
BRDA:1569,313,0,0
BRDA:1569,313,1,0
BRDA:1569,313,2,0
BRDA:1570,314,0,0
BRDA:1570,314,1,0
BRDA:1570,315,0,0
BRDA:1570,315,1,0
BRDA:1576,316,0,0
BRDA:1576,316,1,0
BRDA:1577,317,0,0
BRDA:1577,317,1,0
BRDA:1577,318,0,0
BRDA:1577,318,1,0
BRDA:1577,318,2,0
BRDA:1583,319,0,0
BRDA:1583,319,1,0
BRDA:1584,320,0,0
BRDA:1584,320,1,0
BRDA:1584,321,0,0
BRDA:1584,321,1,0
BRDA:1586,322,0,0
BRDA:1586,322,1,0
BRDA:1587,323,0,0
BRDA:1587,323,1,0
BRDA:1587,324,0,0
BRDA:1587,324,1,0
BRDA:1590,325,0,0
BRDA:1590,325,1,0
BRDA:1590,326,0,0
BRDA:1590,326,1,0
BRDA:1593,327,0,0
BRDA:1593,327,1,0
BRDA:1593,328,0,0
BRDA:1593,328,1,0
BRDA:1601,329,0,0
BRDA:1601,329,1,0
BRDA:1601,329,2,0
BRDA:1602,330,0,0
BRDA:1602,330,1,0
BRDA:1608,331,0,0
BRDA:1608,331,1,0
BRDA:1608,331,2,0
BRDA:1609,332,0,0
BRDA:1609,332,1,0
BRDA:1615,333,0,0
BRDA:1615,333,1,0
BRDA:1615,333,2,0
BRDA:1616,334,0,0
BRDA:1616,334,1,0
BRDA:1623,335,0,0
BRDA:1623,335,1,0
BRDA:1624,336,0,0
BRDA:1624,336,1,0
BRDA:1625,337,0,0
BRDA:1625,337,1,0
BRDA:1625,337,2,0
BRDA:1635,338,0,0
BRDA:1635,338,1,0
BRDA:1635,338,2,0
BRDA:1637,339,0,0
BRDA:1637,339,1,0
BRDA:1645,340,0,0
BRDA:1645,340,1,0
BRDA:1646,341,0,0
BRDA:1646,341,1,0
BRDA:1646,342,0,0
BRDA:1646,342,1,0
BRDA:1646,342,2,0
BRDA:1652,343,0,0
BRDA:1652,343,1,0
BRDA:1653,344,0,0
BRDA:1653,344,1,0
BRDA:1653,345,0,0
BRDA:1653,345,1,0
BRDA:1653,345,2,0
BRDA:1699,346,0,0
BRDA:1699,346,1,0
BRDA:1706,347,0,0
BRDA:1706,347,1,0
BRDA:1712,348,0,0
BRDA:1712,348,1,0
BRDA:1712,349,0,0
BRDA:1712,349,1,0
BRDA:1723,350,0,0
BRDA:1723,350,1,0
BRDA:1723,351,0,0
BRDA:1723,351,1,0
BRDA:1727,352,0,0
BRDA:1727,352,1,0
BRDA:1732,353,0,0
BRDA:1732,353,1,0
BRDA:1734,354,0,0
BRDA:1734,354,1,0
BRDA:1735,355,0,0
BRDA:1735,355,1,0
BRDA:1736,356,0,0
BRDA:1736,356,1,0
BRDA:1736,357,0,0
BRDA:1736,357,1,0
BRDA:1737,358,0,0
BRDA:1737,358,1,0
BRDA:1738,359,0,0
BRDA:1738,359,1,0
BRDA:1739,360,0,0
BRDA:1739,360,1,0
BRDA:1745,361,0,0
BRDA:1745,361,1,0
BRDA:1747,362,0,0
BRDA:1747,362,1,0
BRDA:1747,363,0,0
BRDA:1747,363,1,0
BRDA:1748,364,0,0
BRDA:1748,364,1,0
BRDA:1750,365,0,0
BRDA:1750,365,1,0
BRDA:1756,366,0,0
BRDA:1756,366,1,0
BRDA:1758,367,0,0
BRDA:1758,367,1,0
BRDA:1758,368,0,0
BRDA:1758,368,1,0
BRDA:1759,369,0,0
BRDA:1759,369,1,0
BRDA:1760,370,0,0
BRDA:1760,370,1,0
BRDA:1761,371,0,0
BRDA:1761,371,1,0
BRDA:1762,372,0,0
BRDA:1762,372,1,0
BRDA:1763,373,0,0
BRDA:1763,373,1,0
BRDA:1764,374,0,0
BRDA:1764,374,1,0
BRDA:1765,375,0,0
BRDA:1765,375,1,0
BRDA:1771,376,0,0
BRDA:1771,376,1,0
BRDA:1773,377,0,0
BRDA:1773,377,1,0
BRDA:1773,378,0,0
BRDA:1773,378,1,0
BRDA:1774,379,0,0
BRDA:1774,379,1,0
BRDA:1775,380,0,0
BRDA:1775,380,1,0
BRDA:1776,381,0,0
BRDA:1776,381,1,0
BRDA:1777,382,0,0
BRDA:1777,382,1,0
BRDA:1778,383,0,0
BRDA:1778,383,1,0
BRDA:1779,384,0,0
BRDA:1779,384,1,0
BRDA:1780,385,0,0
BRDA:1780,385,1,0
BRDA:1786,386,0,0
BRDA:1786,386,1,0
BRDA:1786,387,0,0
BRDA:1786,387,1,0
BRDA:1788,388,0,0
BRDA:1788,388,1,0
BRDA:1788,389,0,0
BRDA:1788,389,1,0
BRDA:1789,390,0,0
BRDA:1789,390,1,0
BRDA:1790,391,0,0
BRDA:1790,391,1,0
BRDA:1791,392,0,0
BRDA:1791,392,1,0
BRDA:1792,393,0,0
BRDA:1792,393,1,0
BRDA:1793,394,0,0
BRDA:1793,394,1,0
BRDA:1794,395,0,0
BRDA:1794,395,1,0
BRDA:1795,396,0,0
BRDA:1795,396,1,0
BRDA:1796,397,0,0
BRDA:1796,397,1,0
BRDA:1798,398,0,0
BRDA:1798,398,1,0
BRDA:1805,399,0,0
BRDA:1805,399,1,0
BRDA:1805,400,0,0
BRDA:1805,400,1,0
BRDA:1806,401,0,0
BRDA:1806,401,1,0
BRDA:1811,402,0,0
BRDA:1811,402,1,0
BRDA:1811,403,0,0
BRDA:1811,403,1,0
BRDA:1813,404,0,0
BRDA:1813,404,1,0
BRDA:1813,405,0,0
BRDA:1813,405,1,0
BRDA:1814,406,0,0
BRDA:1814,406,1,0
BRDA:1820,407,0,0
BRDA:1820,407,1,0
BRDA:1820,408,0,0
BRDA:1820,408,1,0
BRDA:1821,409,0,0
BRDA:1821,409,1,0
BRDA:1822,410,0,0
BRDA:1822,410,1,0
BRDA:1824,411,0,0
BRDA:1824,411,1,0
BRDA:1830,412,0,0
BRDA:1830,412,1,0
BRDA:1830,413,0,0
BRDA:1830,413,1,0
BRDA:1831,414,0,0
BRDA:1831,414,1,0
BRDA:1832,415,0,0
BRDA:1832,415,1,0
BRDA:1834,416,0,0
BRDA:1834,416,1,0
BRDA:1840,417,0,0
BRDA:1840,417,1,0
BRDA:1840,418,0,0
BRDA:1840,418,1,0
BRDA:1841,419,0,0
BRDA:1841,419,1,0
BRDA:1867,420,0,0
BRDA:1867,420,1,0
BRDA:1874,421,0,0
BRDA:1874,421,1,0
BRDA:1874,422,0,0
BRDA:1874,422,1,0
BRDA:1876,423,0,0
BRDA:1876,423,1,0
BRDA:1952,424,0,0
BRDA:1952,424,1,0
BRDA:1955,425,0,0
BRDA:1955,425,1,0
BRDA:2006,426,0,0
BRDA:2006,426,1,0
BRDA:2009,427,0,0
BRDA:2009,427,1,0
BRDA:2195,428,0,0
BRDA:2195,428,1,0
BRDA:2246,429,0,0
BRDA:2246,429,1,0
BRDA:2261,430,0,0
BRDA:2261,430,1,0
BRDA:2278,431,0,0
BRDA:2278,431,1,0
BRDA:2280,432,0,0
BRDA:2280,432,1,0
BRDA:2314,433,0,0
BRDA:2314,433,1,0
BRDA:2315,434,0,0
BRDA:2315,434,1,0
BRDA:2337,435,0,0
BRDA:2337,435,1,0
BRDA:2425,436,0,0
BRDA:2425,436,1,0
BRDA:2472,437,0,0
BRDA:2472,437,1,0
BRDA:2525,438,0,0
BRDA:2525,438,1,0
BRDA:2525,439,0,0
BRDA:2525,439,1,0
BRDA:2526,440,0,0
BRDA:2526,440,1,0
BRDA:2526,441,0,0
BRDA:2526,441,1,0
BRDA:2527,442,0,0
BRDA:2527,442,1,0
BRDA:2527,443,0,0
BRDA:2527,443,1,0
BRDA:2528,444,0,0
BRDA:2528,444,1,0
BRDA:2528,445,0,0
BRDA:2528,445,1,0
BRDA:2534,446,0,0
BRDA:2534,446,1,0
BRDA:2606,447,0,0
BRDA:2606,447,1,0
BRDA:2618,448,0,0
BRDA:2618,448,1,0
BRDA:2619,449,0,0
BRDA:2619,449,1,0
BRDA:2620,450,0,0
BRDA:2620,450,1,0
BRDA:2638,451,0,0
BRDA:2638,451,1,0
BRDA:2638,452,0,0
BRDA:2638,452,1,0
BRDA:2639,453,0,0
BRDA:2639,453,1,0
BRDA:2639,454,0,0
BRDA:2639,454,1,0
BRDA:2640,455,0,0
BRDA:2640,455,1,0
BRDA:2640,456,0,0
BRDA:2640,456,1,0
BRDA:2646,457,0,0
BRDA:2646,457,1,0
BRDA:2675,458,0,0
BRDA:2675,458,1,0
BRDA:2740,459,0,0
BRDA:2740,459,1,0
BRDA:2768,460,0,0
BRDA:2768,460,1,0
BRDA:2769,461,0,0
BRDA:2769,461,1,0
BRDA:2769,462,0,0
BRDA:2769,462,1,0
BRDA:2770,463,0,0
BRDA:2770,463,1,0
BRDA:2771,464,0,0
BRDA:2771,464,1,0
BRDA:2777,465,0,0
BRDA:2777,465,1,0
BRDA:2838,466,0,0
BRDA:2838,466,1,0
BRDA:2841,467,0,0
BRDA:2841,467,1,0
BRDA:2886,468,0,0
BRDA:2886,468,1,0
BRDA:2900,469,0,0
BRDA:2900,469,1,0
BRDA:2950,470,0,0
BRDA:2950,470,1,0
BRDA:2951,471,0,0
BRDA:2951,471,1,0
BRDA:2952,472,0,0
BRDA:2952,472,1,0
BRDA:2953,473,0,0
BRDA:2953,473,1,0
BRDA:2981,474,0,0
BRDA:2981,474,1,0
BRDA:2993,475,0,0
BRDA:2993,475,1,0
BRDA:2994,476,0,0
BRDA:2994,476,1,0
BRDA:2995,477,0,0
BRDA:2995,477,1,0
BRDA:2996,478,0,0
BRDA:2996,478,1,0
BRDA:3010,479,0,0
BRDA:3010,479,1,0
BRDA:3011,480,0,0
BRDA:3011,480,1,0
BRDA:3011,481,0,0
BRDA:3011,481,1,0
BRDA:3012,482,0,0
BRDA:3012,482,1,0
BRDA:3013,483,0,0
BRDA:3013,483,1,0
BRDA:3013,484,0,0
BRDA:3013,484,1,0
BRDA:3019,485,0,0
BRDA:3019,485,1,0
BRDA:3044,486,0,0
BRDA:3044,486,1,0
BRDA:3057,487,0,0
BRDA:3057,487,1,0
BRDA:3058,488,0,0
BRDA:3058,488,1,0
BRDA:3059,489,0,0
BRDA:3059,489,1,0
BRDA:3088,490,0,0
BRDA:3088,490,1,0
BRDA:3101,491,0,0
BRDA:3101,491,1,0
BRDA:3101,492,0,0
BRDA:3101,492,1,0
BRDA:3102,493,0,0
BRDA:3102,493,1,0
BRDA:3103,494,0,0
BRDA:3103,494,1,0
BRDA:3104,495,0,0
BRDA:3104,495,1,0
BRDA:3104,496,0,0
BRDA:3104,496,1,0
BRDA:3105,497,0,0
BRDA:3105,497,1,0
BRDA:3105,498,0,0
BRDA:3105,498,1,0
BRDA:3111,499,0,0
BRDA:3111,499,1,0
BRDA:3134,500,0,0
BRDA:3134,500,1,0
BRDA:3155,501,0,0
BRDA:3155,501,1,0
BRDA:3156,502,0,0
BRDA:3156,502,1,0
BRDA:3157,503,0,0
BRDA:3157,503,1,0
BRDA:3176,504,0,0
BRDA:3176,504,1,0
BRDA:3177,505,0,0
BRDA:3177,505,1,0
BRDA:3178,506,0,0
BRDA:3178,506,1,0
BRDA:3179,507,0,0
BRDA:3179,507,1,0
BRDA:3180,508,0,0
BRDA:3180,508,1,0
BRDA:3198,509,0,0
BRDA:3198,509,1,0
BRDA:3236,510,0,0
BRDA:3236,510,1,0
BRDA:3243,511,0,0
BRDA:3266,512,0,0
BRDA:3266,512,1,0
BRDA:3288,513,0,0
BRDA:3288,513,1,0
BRDA:3302,514,0,0
BRDA:3302,514,1,0
BRDA:3350,515,0,0
BRDA:3350,515,1,0
BRDA:3358,516,0,0
BRDA:3358,516,1,0
BRDA:3366,517,0,0
BRDA:3366,517,1,0
BRDA:3382,518,0,0
BRDA:3382,518,1,0
BRDA:3402,519,0,0
BRDA:3402,519,1,0
BRDA:3413,520,0,0
BRDA:3413,520,1,0
BRDA:3437,521,0,0
BRDA:3437,521,1,0
BRDA:3442,522,0,0
BRDA:3442,522,1,0
BRDA:3446,523,0,0
BRDA:3446,523,1,0
BRDA:3450,524,0,0
BRDA:3450,524,1,0
BRDA:3472,525,0,0
BRDA:3472,525,1,0
BRDA:3473,526,0,0
BRDA:3473,526,1,0
BRDA:3490,527,0,0
BRDA:3490,527,1,0
BRDA:3490,528,0,0
BRDA:3490,528,1,0
BRDA:3513,529,0,0
BRDA:3513,529,1,0
BRDA:3517,530,0,0
BRDA:3517,530,1,0
BRDA:3518,531,0,0
BRDA:3518,531,1,0
BRDA:3519,532,0,0
BRDA:3519,532,1,0
BRDA:3520,533,0,0
BRDA:3520,533,1,0
BRDA:3521,534,0,0
BRDA:3521,534,1,0
BRDA:3531,535,0,0
BRDA:3531,535,1,0
BRDA:3547,536,0,0
BRDA:3547,536,1,0
BRDA:3561,537,0,0
BRDA:3561,537,1,0
BRDA:3574,538,0,0
BRDA:3574,538,1,0
BRDA:3576,539,0,0
BRDA:3576,539,1,0
BRDA:3577,540,0,0
BRDA:3577,540,1,0
BRDA:3581,541,0,0
BRDA:3581,541,1,0
BRDA:3582,542,0,0
BRDA:3582,542,1,0
BRDA:3583,543,0,0
BRDA:3583,543,1,0
BRDA:3584,544,0,0
BRDA:3584,544,1,0
BRDA:3599,545,0,0
BRDA:3599,545,1,0
BRDA:3600,546,0,0
BRDA:3600,546,1,0
BRDA:3600,547,0,0
BRDA:3600,547,1,0
BRDA:3601,548,0,0
BRDA:3601,548,1,0
BRDA:3602,549,0,0
BRDA:3602,549,1,0
BRDA:3602,550,0,0
BRDA:3602,550,1,0
BRDA:3603,551,0,0
BRDA:3603,551,1,0
BRDA:3603,552,0,0
BRDA:3603,552,1,0
BRDA:3604,553,0,0
BRDA:3604,553,1,0
BRDA:3604,554,0,0
BRDA:3604,554,1,0
BRDA:3605,555,0,0
BRDA:3605,555,1,0
BRDA:3605,556,0,0
BRDA:3605,556,1,0
BRDA:3606,557,0,0
BRDA:3606,557,1,0
BRDA:3606,558,0,0
BRDA:3606,558,1,0
BRDA:3607,559,0,0
BRDA:3607,559,1,0
BRDA:3607,560,0,0
BRDA:3607,560,1,0
BRDA:3608,561,0,0
BRDA:3608,561,1,0
BRDA:3608,562,0,0
BRDA:3608,562,1,0
BRDA:3609,563,0,0
BRDA:3609,563,1,0
BRDA:3609,564,0,0
BRDA:3609,564,1,0
BRDA:3610,565,0,0
BRDA:3610,565,1,0
BRDA:3610,566,0,0
BRDA:3610,566,1,0
BRDA:3618,567,0,0
BRDA:3618,567,1,0
BRDA:3632,568,0,0
BRDA:3632,568,1,0
BRDA:3661,569,0,0
BRDA:3661,569,1,0
BRDA:3662,570,0,0
BRDA:3662,570,1,0
BRDA:3680,571,0,0
BRDA:3680,571,1,0
BRF:1157
BRH:0
end_of_record
TN:
SF:server/neonConfig.ts
FN:25,withRetry
FN:53,(anonymous_1)
FN:73,createQuerySignal
FN:91,dbQuery
FN:121,getConnectionMetrics
FN:128,dbQueryWithMetrics
FN:148,checkDatabaseHealth
FNF:7
FNH:0
FNDA:0,withRetry
FNDA:0,(anonymous_1)
FNDA:0,createQuerySignal
FNDA:0,dbQuery
FNDA:0,getConnectionMetrics
FNDA:0,dbQueryWithMetrics
FNDA:0,checkDatabaseHealth
DA:1,0
DA:2,0
DA:6,0
DA:10,0
DA:16,0
DA:30,0
DA:31,0
DA:33,0
DA:34,0
DA:35,0
DA:36,0
DA:41,0
DA:46,0
DA:47,0
DA:50,0
DA:53,0
DA:56,0
DA:57,0
DA:64,0
DA:73,0
DA:76,0
DA:80,0
DA:82,0
DA:85,0
DA:91,0
DA:92,0
DA:96,0
DA:99,0
DA:110,0
DA:121,0
DA:122,0
DA:128,0
DA:129,0
DA:130,0
DA:132,0
DA:133,0
DA:134,0
DA:135,0
DA:136,0
DA:138,0
DA:140,0
DA:141,0
DA:148,0
DA:153,0
DA:154,0
DA:155,0
DA:156,0
DA:162,0
DA:163,0
DA:174,0
DA:175,0
DA:177,0
LF:52
LH:0
BRDA:6,0,0,0
BRDA:6,0,1,0
BRDA:27,1,0,0
BRDA:28,2,0,0
BRDA:34,3,0,0
BRDA:34,3,1,0
BRDA:41,4,0,0
BRDA:41,4,1,0
BRDA:41,4,2,0
BRDA:41,4,3,0
BRDA:46,5,0,0
BRDA:46,5,1,0
BRDA:74,6,0,0
BRDA:162,7,0,0
BRDA:162,7,1,0
BRF:15
BRH:0
end_of_record
TN:
SF:server/recalcularCamposVazios.ts
FN:9,recalcularCamposVazios
FN:37,(anonymous_1)
FN:115,(anonymous_2)
FN:162,(anonymous_3)
FN:163,(anonymous_4)
FNF:5
FNH:0
FNDA:0,recalcularCamposVazios
FNDA:0,(anonymous_1)
FNDA:0,(anonymous_2)
FNDA:0,(anonymous_3)
FNDA:0,(anonymous_4)
DA:1,0
DA:2,0
DA:5,0
DA:7,0
DA:10,0
DA:12,0
DA:14,0
DA:15,0
DA:17,0
DA:18,0
DA:19,0
DA:21,0
DA:23,0
DA:37,0
DA:38,0
DA:45,0
DA:48,0
DA:54,0
DA:55,0
DA:57,0
DA:60,0
DA:62,0
DA:63,0
DA:67,0
DA:68,0
DA:69,0
DA:70,0
DA:73,0
DA:76,0
DA:77,0
DA:78,0
DA:79,0
DA:82,0
DA:83,0
DA:86,0
DA:88,0
DA:89,0
DA:90,0
DA:93,0
DA:94,0
DA:95,0
DA:97,0
DA:98,0
DA:100,0
DA:101,0
DA:102,0
DA:104,0
DA:105,0
DA:106,0
DA:108,0
DA:109,0
DA:110,0
DA:111,0
DA:112,0
DA:114,0
DA:115,0
DA:116,0
DA:117,0
DA:118,0
DA:121,0
DA:122,0
DA:124,0
DA:125,0
DA:126,0
DA:128,0
DA:129,0
DA:130,0
DA:131,0
DA:132,0
DA:133,0
DA:136,0
DA:138,0
DA:141,0
DA:142,0
DA:143,0
DA:147,0
DA:151,0
DA:152,0
DA:155,0
DA:156,0
DA:161,0
DA:162,0
DA:164,0
DA:165,0
LF:84
LH:0
BRDA:38,0,0,0
BRDA:38,0,1,0
BRDA:38,0,2,0
BRDA:38,0,3,0
BRDA:54,1,0,0
BRDA:54,1,1,0
BRDA:62,2,0,0
BRDA:62,2,1,0
BRDA:77,3,0,0
BRDA:77,3,1,0
BRDA:93,4,0,0
BRDA:93,4,1,0
BRDA:93,5,0,0
BRDA:93,5,1,0
BRDA:94,6,0,0
BRDA:94,6,1,0
BRDA:94,7,0,0
BRDA:94,7,1,0
BRDA:95,8,0,0
BRDA:95,8,1,0
BRDA:95,9,0,0
BRDA:95,9,1,0
BRDA:97,10,0,0
BRDA:97,10,1,0
BRDA:97,11,0,0
BRDA:97,11,1,0
BRDA:98,12,0,0
BRDA:98,12,1,0
BRDA:98,13,0,0
BRDA:98,13,1,0
BRDA:100,14,0,0
BRDA:100,14,1,0
BRDA:100,15,0,0
BRDA:100,15,1,0
BRDA:101,16,0,0
BRDA:101,16,1,0
BRDA:101,17,0,0
BRDA:101,17,1,0
BRDA:102,18,0,0
BRDA:102,18,1,0
BRDA:102,19,0,0
BRDA:102,19,1,0
BRDA:104,20,0,0
BRDA:104,20,1,0
BRDA:104,21,0,0
BRDA:104,21,1,0
BRDA:105,22,0,0
BRDA:105,22,1,0
BRDA:105,23,0,0
BRDA:105,23,1,0
BRDA:106,24,0,0
BRDA:106,24,1,0
BRDA:106,25,0,0
BRDA:106,25,1,0
BRDA:108,26,0,0
BRDA:108,26,1,0
BRDA:108,27,0,0
BRDA:108,27,1,0
BRDA:109,28,0,0
BRDA:109,28,1,0
BRDA:109,29,0,0
BRDA:109,29,1,0
BRDA:110,30,0,0
BRDA:110,30,1,0
BRDA:110,31,0,0
BRDA:110,31,1,0
BRDA:111,32,0,0
BRDA:111,32,1,0
BRDA:111,33,0,0
BRDA:111,33,1,0
BRDA:112,34,0,0
BRDA:112,34,1,0
BRDA:112,35,0,0
BRDA:112,35,1,0
BRDA:114,36,0,0
BRDA:114,36,1,0
BRDA:116,37,0,0
BRDA:116,37,1,0
BRDA:116,38,0,0
BRDA:116,38,1,0
BRDA:117,39,0,0
BRDA:117,39,1,0
BRDA:117,40,0,0
BRDA:117,40,1,0
BRDA:118,41,0,0
BRDA:118,41,1,0
BRDA:118,42,0,0
BRDA:118,42,1,0
BRDA:121,43,0,0
BRDA:121,43,1,0
BRDA:121,44,0,0
BRDA:121,44,1,0
BRDA:122,45,0,0
BRDA:122,45,1,0
BRDA:122,46,0,0
BRDA:122,46,1,0
BRDA:124,47,0,0
BRDA:124,47,1,0
BRDA:124,48,0,0
BRDA:124,48,1,0
BRDA:125,49,0,0
BRDA:125,49,1,0
BRDA:125,50,0,0
BRDA:125,50,1,0
BRDA:126,51,0,0
BRDA:126,51,1,0
BRDA:126,52,0,0
BRDA:126,52,1,0
BRDA:128,53,0,0
BRDA:128,53,1,0
BRDA:128,54,0,0
BRDA:128,54,1,0
BRDA:129,55,0,0
BRDA:129,55,1,0
BRDA:129,56,0,0
BRDA:129,56,1,0
BRDA:130,57,0,0
BRDA:130,57,1,0
BRDA:130,58,0,0
BRDA:130,58,1,0
BRDA:131,59,0,0
BRDA:131,59,1,0
BRDA:131,60,0,0
BRDA:131,60,1,0
BRDA:132,61,0,0
BRDA:132,61,1,0
BRDA:132,62,0,0
BRDA:132,62,1,0
BRDA:133,63,0,0
BRDA:133,63,1,0
BRDA:133,64,0,0
BRDA:133,64,1,0
BRDA:136,65,0,0
BRDA:136,65,1,0
BRDA:136,66,0,0
BRDA:136,66,1,0
BRDA:141,67,0,0
BRDA:141,67,1,0
BRF:138
BRH:0
end_of_record
TN:
SF:server/resetDatabase.ts
FN:12,resetDatabase
FNF:1
FNH:0
FNDA:0,resetDatabase
DA:6,0
DA:7,0
DA:8,0
DA:9,0
DA:10,0
DA:13,0
DA:15,0
DA:17,0
DA:18,0
DA:19,0
DA:22,0
DA:23,0
DA:26,0
DA:27,0
DA:28,0
DA:30,0
DA:31,0
DA:36,0
DA:37,0
DA:40,0
DA:41,0
DA:42,0
DA:44,0
DA:45,0
DA:47,0
DA:49,0
DA:50,0
DA:54,0
LF:28
LH:0
BRDA:30,0,0,0
BRDA:30,0,1,0
BRDA:30,1,0,0
BRDA:30,1,1,0
BRF:4
BRH:0
end_of_record
TN:
SF:server/schema.ts
FN:27,(anonymous_0)
FN:45,(anonymous_1)
FN:90,(anonymous_2)
FN:116,(anonymous_3)
FN:120,(anonymous_4)
FN:141,(anonymous_5)
FN:142,(anonymous_6)
FN:146,(anonymous_7)
FN:159,(anonymous_8)
FN:160,(anonymous_9)
FN:166,(anonymous_10)
FN:183,(anonymous_11)
FN:184,(anonymous_12)
FN:185,(anonymous_13)
FN:193,(anonymous_14)
FN:207,(anonymous_15)
FN:208,(anonymous_16)
FN:211,(anonymous_17)
FN:225,(anonymous_18)
FN:229,(anonymous_19)
FN:241,(anonymous_20)
FN:246,(anonymous_21)
FN:259,(anonymous_22)
FN:268,(anonymous_23)
FN:279,(anonymous_24)
FN:280,(anonymous_25)
FN:286,(anonymous_26)
FN:298,(anonymous_27)
FN:305,(anonymous_28)
FN:316,(anonymous_29)
FN:326,(anonymous_30)
FN:343,(anonymous_31)
FN:359,(anonymous_32)
FN:369,(anonymous_33)
FN:375,(anonymous_34)
FN:396,(anonymous_35)
FN:403,(anonymous_36)
FN:424,(anonymous_37)
FN:432,(anonymous_38)
FN:451,(anonymous_39)
FN:452,(anonymous_40)
FN:456,(anonymous_41)
FN:476,(anonymous_42)
FN:477,(anonymous_43)
FN:480,(anonymous_44)
FN:490,(anonymous_45)
FN:495,(anonymous_46)
FN:508,(anonymous_47)
FN:514,(anonymous_48)
FN:525,(anonymous_49)
FN:526,(anonymous_50)
FN:529,(anonymous_51)
FN:542,(anonymous_52)
FN:549,(anonymous_53)
FN:561,(anonymous_54)
FN:562,(anonymous_55)
FN:566,(anonymous_56)
FN:577,(anonymous_57)
FN:578,(anonymous_58)
FN:581,(anonymous_59)
FN:603,(anonymous_60)
FN:610,(anonymous_61)
FN:612,(anonymous_62)
FN:613,(anonymous_63)
FN:617,(anonymous_64)
FNF:65
FNH:0
FNDA:0,(anonymous_0)
FNDA:0,(anonymous_1)
FNDA:0,(anonymous_2)
FNDA:0,(anonymous_3)
FNDA:0,(anonymous_4)
FNDA:0,(anonymous_5)
FNDA:0,(anonymous_6)
FNDA:0,(anonymous_7)
FNDA:0,(anonymous_8)
FNDA:0,(anonymous_9)
FNDA:0,(anonymous_10)
FNDA:0,(anonymous_11)
FNDA:0,(anonymous_12)
FNDA:0,(anonymous_13)
FNDA:0,(anonymous_14)
FNDA:0,(anonymous_15)
FNDA:0,(anonymous_16)
FNDA:0,(anonymous_17)
FNDA:0,(anonymous_18)
FNDA:0,(anonymous_19)
FNDA:0,(anonymous_20)
FNDA:0,(anonymous_21)
FNDA:0,(anonymous_22)
FNDA:0,(anonymous_23)
FNDA:0,(anonymous_24)
FNDA:0,(anonymous_25)
FNDA:0,(anonymous_26)
FNDA:0,(anonymous_27)
FNDA:0,(anonymous_28)
FNDA:0,(anonymous_29)
FNDA:0,(anonymous_30)
FNDA:0,(anonymous_31)
FNDA:0,(anonymous_32)
FNDA:0,(anonymous_33)
FNDA:0,(anonymous_34)
FNDA:0,(anonymous_35)
FNDA:0,(anonymous_36)
FNDA:0,(anonymous_37)
FNDA:0,(anonymous_38)
FNDA:0,(anonymous_39)
FNDA:0,(anonymous_40)
FNDA:0,(anonymous_41)
FNDA:0,(anonymous_42)
FNDA:0,(anonymous_43)
FNDA:0,(anonymous_44)
FNDA:0,(anonymous_45)
FNDA:0,(anonymous_46)
FNDA:0,(anonymous_47)
FNDA:0,(anonymous_48)
FNDA:0,(anonymous_49)
FNDA:0,(anonymous_50)
FNDA:0,(anonymous_51)
FNDA:0,(anonymous_52)
FNDA:0,(anonymous_53)
FNDA:0,(anonymous_54)
FNDA:0,(anonymous_55)
FNDA:0,(anonymous_56)
FNDA:0,(anonymous_57)
FNDA:0,(anonymous_58)
FNDA:0,(anonymous_59)
FNDA:0,(anonymous_60)
FNDA:0,(anonymous_61)
FNDA:0,(anonymous_62)
FNDA:0,(anonymous_63)
FNDA:0,(anonymous_64)
DA:1,9
DA:16,9
DA:27,0
DA:35,9
DA:45,0
DA:90,0
DA:106,9
DA:116,0
DA:120,0
DA:127,9
DA:141,0
DA:142,0
DA:146,0
DA:155,9
DA:159,0
DA:160,0
DA:166,0
DA:174,9
DA:183,0
DA:184,0
DA:185,0
DA:193,0
DA:202,9
DA:207,0
DA:208,0
DA:211,0
DA:219,9
DA:225,0
DA:229,0
DA:235,9
DA:241,0
DA:246,0
DA:254,9
DA:259,0
DA:268,0
DA:275,9
DA:279,0
DA:280,0
DA:286,0
DA:294,9
DA:298,0
DA:305,0
DA:312,9
DA:316,0
DA:326,0
DA:333,9
DA:343,0
DA:349,9
DA:359,0
DA:365,9
DA:369,0
DA:375,0
DA:382,9
DA:392,9
DA:396,0
DA:403,0
DA:409,9
DA:420,9
DA:424,0
DA:432,0
DA:447,9
DA:451,0
DA:452,0
DA:456,0
DA:463,9
DA:472,9
DA:476,0
DA:477,0
DA:480,0
DA:486,9
DA:490,0
DA:495,0
DA:502,9
DA:508,0
DA:514,0
DA:521,9
DA:525,0
DA:526,0
DA:529,0
DA:536,9
DA:542,0
DA:549,0
DA:557,9
DA:561,0
DA:562,0
DA:566,0
DA:573,9
DA:577,0
DA:578,0
DA:581,0
DA:588,9
DA:596,9
DA:603,0
DA:610,0
DA:612,0
DA:613,0
DA:617,0
DA:626,9
LF:98
LH:33
BRF:0
BRH:0
end_of_record
TN:
SF:server/setupNeonData.ts
FN:7,setupNeonData
FN:13,(anonymous_7)
FN:16,(anonymous_8)
FNF:3
FNH:0
FNDA:0,setupNeonData
FNDA:0,(anonymous_7)
FNDA:0,(anonymous_8)
DA:1,0
DA:2,0
DA:5,0
DA:7,0
DA:8,0
DA:10,0
DA:12,0
DA:13,0
DA:14,0
DA:15,0
DA:16,0
DA:19,0
DA:20,0
DA:25,0
DA:28,0
DA:29,0
DA:30,0
DA:31,0
DA:81,0
DA:84,0
DA:85,0
DA:86,0
DA:90,0
DA:219,0
DA:221,0
DA:222,0
DA:224,0
DA:228,0
DA:232,0
DA:233,0
DA:250,0
DA:253,0
DA:254,0
DA:290,0
DA:291,0
DA:292,0
DA:295,0
DA:296,0
DA:297,0
DA:298,0
DA:299,0
DA:300,0
DA:302,0
LF:43
LH:0
BRDA:5,0,0,0
BRDA:5,0,1,0
BRDA:14,1,0,0
BRDA:14,1,1,0
BRDA:16,2,0,0
BRDA:16,2,1,0
BRDA:19,3,0,0
BRDA:19,3,1,0
BRDA:19,4,0,0
BRDA:19,4,1,0
BRDA:28,5,0,0
BRDA:28,5,1,0
BRDA:84,6,0,0
BRDA:84,6,1,0
BRF:14
BRH:0
end_of_record
TN:
SF:server/testLogin.ts
FN:9,testLogin
FNF:1
FNH:0
FNDA:0,testLogin
DA:5,0
DA:6,0
DA:7,0
DA:10,0
DA:12,0
DA:14,0
DA:16,0
DA:18,0
DA:19,0
DA:20,0
DA:23,0
DA:24,0
DA:25,0
DA:26,0
DA:29,0
DA:30,0
DA:31,0
DA:32,0
DA:33,0
DA:35,0
DA:37,0
DA:38,0
DA:39,0
DA:41,0
DA:42,0
DA:43,0
DA:44,0
DA:47,0
DA:50,0
DA:53,0
DA:56,0
LF:31
LH:0
BRDA:18,0,0,0
BRDA:18,0,1,0
BRDA:26,1,0,0
BRDA:26,1,1,0
BRDA:30,2,0,0
BRDA:30,2,1,0
BRDA:31,3,0,0
BRDA:31,3,1,0
BRDA:38,4,0,0
BRDA:38,4,1,0
BRF:10
BRH:0
end_of_record
TN:
SF:server/adapters/churchAdapter.ts
FN:15,toChurch
FN:35,generateChurchCode
FN:45,getAllChurches
FN:47,(anonymous_3)
FN:53,getChurchById
FN:62,getChurchByCode
FN:75,getChurchesByDistrictId
FN:81,(anonymous_7)
FN:87,getChurchesByStatus
FN:90,(anonymous_9)
FN:96,createChurch
FN:118,updateChurch
FN:142,deleteChurch
FN:153,countChurches
FN:173,countChurchMembers
FN:186,getChurchStats
FN:236,getChurchesPaginated
FN:277,(anonymous_17)
FNF:18
FNH:0
FNDA:0,toChurch
FNDA:0,generateChurchCode
FNDA:0,getAllChurches
FNDA:0,(anonymous_3)
FNDA:0,getChurchById
FNDA:0,getChurchByCode
FNDA:0,getChurchesByDistrictId
FNDA:0,(anonymous_7)
FNDA:0,getChurchesByStatus
FNDA:0,(anonymous_9)
FNDA:0,createChurch
FNDA:0,updateChurch
FNDA:0,deleteChurch
FNDA:0,countChurches
FNDA:0,countChurchMembers
FNDA:0,getChurchStats
FNDA:0,getChurchesPaginated
FNDA:0,(anonymous_17)
DA:6,0
DA:7,0
DA:8,0
DA:15,0
DA:16,0
DA:35,0
DA:36,0
DA:37,0
DA:38,0
DA:39,0
DA:45,0
DA:46,0
DA:47,0
DA:53,0
DA:54,0
DA:55,0
DA:56,0
DA:62,0
DA:63,0
DA:68,0
DA:69,0
DA:75,0
DA:76,0
DA:81,0
DA:87,0
DA:89,0
DA:90,0
DA:96,0
DA:97,0
DA:99,0
DA:112,0
DA:118,0
DA:119,0
DA:121,0
DA:122,0
DA:123,0
DA:127,0
DA:129,0
DA:135,0
DA:136,0
DA:142,0
DA:143,0
DA:147,0
DA:153,0
DA:154,0
DA:156,0
DA:157,0
DA:160,0
DA:162,0
DA:167,0
DA:173,0
DA:175,0
DA:180,0
DA:186,0
DA:195,0
DA:224,0
DA:236,0
DA:245,0
DA:246,0
DA:248,0
DA:249,0
DA:252,0
DA:253,0
DA:257,0
DA:261,0
DA:275,0
DA:276,0
DA:277,0
DA:279,0
DA:282,0
LF:70
LH:0
BRDA:18,0,0,0
BRDA:18,0,1,0
BRDA:19,1,0,0
BRDA:19,1,1,0
BRDA:20,2,0,0
BRDA:20,2,1,0
BRDA:21,3,0,0
BRDA:21,3,1,0
BRDA:22,4,0,0
BRDA:22,4,1,0
BRDA:23,5,0,0
BRDA:23,5,1,0
BRDA:24,6,0,0
BRDA:24,6,1,0
BRDA:26,7,0,0
BRDA:26,7,1,0
BRDA:26,8,0,0
BRDA:26,8,1,0
BRDA:28,9,0,0
BRDA:28,9,1,0
BRDA:28,10,0,0
BRDA:28,10,1,0
BRDA:38,11,0,0
BRDA:38,11,1,0
BRDA:55,12,0,0
BRDA:55,12,1,0
BRDA:68,13,0,0
BRDA:68,13,1,0
BRDA:97,14,0,0
BRDA:97,14,1,0
BRDA:122,15,0,0
BRDA:122,15,1,0
BRDA:135,16,0,0
BRDA:135,16,1,0
BRDA:156,17,0,0
BRDA:156,17,1,0
BRDA:160,18,0,0
BRDA:160,18,1,0
BRDA:167,19,0,0
BRDA:167,19,1,0
BRDA:180,20,0,0
BRDA:180,20,1,0
BRDA:225,21,0,0
BRDA:225,21,1,0
BRDA:226,22,0,0
BRDA:226,22,1,0
BRDA:227,23,0,0
BRDA:227,23,1,0
BRDA:228,24,0,0
BRDA:228,24,1,0
BRDA:229,25,0,0
BRDA:229,25,1,0
BRDA:237,26,0,0
BRDA:238,27,0,0
BRDA:248,28,0,0
BRDA:248,28,1,0
BRDA:252,29,0,0
BRDA:252,29,1,0
BRDA:257,30,0,0
BRDA:257,30,1,0
BRDA:275,31,0,0
BRDA:275,31,1,0
BRF:62
BRH:0
end_of_record
TN:
SF:server/adapters/eventAdapter.ts
FN:15,toEvent
FN:46,getAllEvents
FN:48,(anonymous_2)
FN:54,getEventById
FN:63,getEventsByChurchId
FN:69,(anonymous_5)
FN:75,getEventsByDistrictId
FN:94,(anonymous_7)
FN:100,getEventsByDateRange
FN:134,(anonymous_9)
FN:140,getUpcomingEvents
FN:154,(anonymous_11)
FN:160,getPastEvents
FN:174,(anonymous_13)
FN:180,createEvent
FN:204,updateEvent
FN:232,deleteEvent
FN:243,updateEventStatus
FN:260,countEvents
FN:304,getEventsPaginated
FN:367,(anonymous_20)
FNF:21
FNH:0
FNDA:0,toEvent
FNDA:0,getAllEvents
FNDA:0,(anonymous_2)
FNDA:0,getEventById
FNDA:0,getEventsByChurchId
FNDA:0,(anonymous_5)
FNDA:0,getEventsByDistrictId
FNDA:0,(anonymous_7)
FNDA:0,getEventsByDateRange
FNDA:0,(anonymous_9)
FNDA:0,getUpcomingEvents
FNDA:0,(anonymous_11)
FNDA:0,getPastEvents
FNDA:0,(anonymous_13)
FNDA:0,createEvent
FNDA:0,updateEvent
FNDA:0,deleteEvent
FNDA:0,updateEventStatus
FNDA:0,countEvents
FNDA:0,getEventsPaginated
FNDA:0,(anonymous_20)
DA:6,0
DA:7,0
DA:8,0
DA:15,0
DA:16,0
DA:46,0
DA:47,0
DA:48,0
DA:54,0
DA:55,0
DA:56,0
DA:57,0
DA:63,0
DA:64,0
DA:69,0
DA:75,0
DA:76,0
DA:94,0
DA:100,0
DA:106,0
DA:108,0
DA:109,0
DA:112,0
DA:113,0
DA:128,0
DA:134,0
DA:140,0
DA:141,0
DA:143,0
DA:144,0
DA:147,0
DA:154,0
DA:160,0
DA:161,0
DA:163,0
DA:164,0
DA:167,0
DA:174,0
DA:180,0
DA:181,0
DA:198,0
DA:204,0
DA:205,0
DA:207,0
DA:208,0
DA:209,0
DA:210,0
DA:212,0
DA:217,0
DA:219,0
DA:225,0
DA:226,0
DA:232,0
DA:233,0
DA:237,0
DA:243,0
DA:244,0
DA:253,0
DA:254,0
DA:260,0
DA:265,0
DA:267,0
DA:268,0
DA:271,0
DA:272,0
DA:287,0
DA:288,0
DA:291,0
DA:293,0
DA:298,0
DA:304,0
DA:316,0
DA:317,0
DA:319,0
DA:320,0
DA:323,0
DA:324,0
DA:339,0
DA:340,0
DA:342,0
DA:343,0
DA:345,0
DA:346,0
DA:349,0
DA:351,0
DA:365,0
DA:366,0
DA:367,0
DA:369,0
DA:372,0
LF:90
LH:0
BRDA:18,0,0,0
BRDA:18,0,1,0
BRDA:19,1,0,0
BRDA:19,1,1,0
BRDA:20,2,0,0
BRDA:20,2,1,0
BRDA:21,3,0,0
BRDA:21,3,1,0
BRDA:21,4,0,0
BRDA:21,4,1,0
BRDA:23,5,0,0
BRDA:23,5,1,0
BRDA:25,6,0,0
BRDA:25,6,1,0
BRDA:28,7,0,0
BRDA:28,7,1,0
BRDA:29,8,0,0
BRDA:29,8,1,0
BRDA:30,9,0,0
BRDA:30,9,1,0
BRDA:31,10,0,0
BRDA:31,10,1,0
BRDA:32,11,0,0
BRDA:32,11,1,0
BRDA:33,12,0,0
BRDA:33,12,1,0
BRDA:35,13,0,0
BRDA:35,13,1,0
BRDA:37,14,0,0
BRDA:37,14,1,0
BRDA:37,15,0,0
BRDA:37,15,1,0
BRDA:39,16,0,0
BRDA:39,16,1,0
BRDA:39,17,0,0
BRDA:39,17,1,0
BRDA:56,18,0,0
BRDA:56,18,1,0
BRDA:108,19,0,0
BRDA:108,19,1,0
BRDA:112,20,0,0
BRDA:112,20,1,0
BRDA:140,21,0,0
BRDA:143,22,0,0
BRDA:143,22,1,0
BRDA:160,23,0,0
BRDA:163,24,0,0
BRDA:163,24,1,0
BRDA:184,25,0,0
BRDA:184,25,1,0
BRDA:184,25,2,0
BRDA:186,26,0,0
BRDA:186,26,1,0
BRDA:187,27,0,0
BRDA:187,27,1,0
BRDA:189,28,0,0
BRDA:189,28,1,0
BRDA:192,29,0,0
BRDA:192,29,1,0
BRDA:192,29,2,0
BRDA:193,30,0,0
BRDA:193,30,1,0
BRDA:194,31,0,0
BRDA:194,31,1,0
BRDA:208,32,0,0
BRDA:208,32,1,0
BRDA:209,33,0,0
BRDA:209,33,1,0
BRDA:209,34,0,0
BRDA:209,34,1,0
BRDA:210,35,0,0
BRDA:210,35,1,0
BRDA:225,36,0,0
BRDA:225,36,1,0
BRDA:253,37,0,0
BRDA:253,37,1,0
BRDA:267,38,0,0
BRDA:267,38,1,0
BRDA:271,39,0,0
BRDA:271,39,1,0
BRDA:287,40,0,0
BRDA:287,40,1,0
BRDA:291,41,0,0
BRDA:291,41,1,0
BRDA:298,42,0,0
BRDA:298,42,1,0
BRDA:305,43,0,0
BRDA:306,44,0,0
BRDA:319,45,0,0
BRDA:319,45,1,0
BRDA:323,46,0,0
BRDA:323,46,1,0
BRDA:339,47,0,0
BRDA:339,47,1,0
BRDA:342,48,0,0
BRDA:342,48,1,0
BRDA:345,49,0,0
BRDA:345,49,1,0
BRDA:349,50,0,0
BRDA:349,50,1,0
BRDA:365,51,0,0
BRDA:365,51,1,0
BRF:102
BRH:0
end_of_record
TN:
SF:server/adapters/index.ts
FNF:0
FNH:0
DA:6,0
DA:7,0
DA:8,0
DA:10,0
DA:11,0
DA:12,0
DA:14,0
DA:20,0
LF:8
LH:0
BRF:0
BRH:0
end_of_record
TN:
SF:server/adapters/userAdapter.ts
FN:16,toUser
FN:62,getAllUsers
FN:64,(anonymous_8)
FN:70,getVisitedUsers
FN:76,(anonymous_10)
FN:82,getUserById
FN:91,getUserByEmail
FN:100,getUsersByChurchId
FN:106,(anonymous_14)
FN:112,getUsersByDistrictId
FN:118,(anonymous_16)
FN:124,getUsersByRole
FN:130,(anonymous_18)
FN:136,createUser
FN:178,updateUser
FN:206,updateUserDirectly
FN:233,deleteUser
FN:244,countUsers
FN:252,countUsersByStatus
FN:263,getUsersPaginated
FN:317,(anonymous_26)
FN:325,emailExists
FN:343,updateLastLogin
FN:353,updateUserPoints
FN:365,getUsersRanking
FN:368,(anonymous_31)
FNF:26
FNH:0
FNDA:0,toUser
FNDA:0,getAllUsers
FNDA:0,(anonymous_8)
FNDA:0,getVisitedUsers
FNDA:0,(anonymous_10)
FNDA:0,getUserById
FNDA:0,getUserByEmail
FNDA:0,getUsersByChurchId
FNDA:0,(anonymous_14)
FNDA:0,getUsersByDistrictId
FNDA:0,(anonymous_16)
FNDA:0,getUsersByRole
FNDA:0,(anonymous_18)
FNDA:0,createUser
FNDA:0,updateUser
FNDA:0,updateUserDirectly
FNDA:0,deleteUser
FNDA:0,countUsers
FNDA:0,countUsersByStatus
FNDA:0,getUsersPaginated
FNDA:0,(anonymous_26)
FNDA:0,emailExists
FNDA:0,updateLastLogin
FNDA:0,updateUserPoints
FNDA:0,getUsersRanking
FNDA:0,(anonymous_31)
DA:6,0
DA:7,0
DA:8,0
DA:9,0
DA:16,0
DA:17,0
DA:62,0
DA:63,0
DA:64,0
DA:70,0
DA:71,0
DA:76,0
DA:82,0
DA:83,0
DA:84,0
DA:85,0
DA:91,0
DA:92,0
DA:93,0
DA:94,0
DA:100,0
DA:101,0
DA:106,0
DA:112,0
DA:113,0
DA:118,0
DA:124,0
DA:125,0
DA:130,0
DA:136,0
DA:137,0
DA:142,0
DA:157,0
DA:158,0
DA:159,0
DA:160,0
DA:161,0
DA:164,0
DA:166,0
DA:172,0
DA:178,0
DA:179,0
DA:181,0
DA:182,0
DA:183,0
DA:184,0
DA:186,0
DA:191,0
DA:193,0
DA:199,0
DA:200,0
DA:206,0
DA:210,0
DA:212,0
DA:213,0
DA:214,0
DA:218,0
DA:220,0
DA:226,0
DA:227,0
DA:233,0
DA:234,0
DA:238,0
DA:244,0
DA:245,0
DA:246,0
DA:252,0
DA:253,0
DA:257,0
DA:263,0
DA:274,0
DA:275,0
DA:278,0
DA:279,0
DA:281,0
DA:282,0
DA:284,0
DA:285,0
DA:287,0
DA:288,0
DA:292,0
DA:293,0
DA:299,0
DA:301,0
DA:315,0
DA:316,0
DA:317,0
DA:319,0
DA:325,0
DA:326,0
DA:327,0
DA:328,0
DA:331,0
DA:337,0
DA:343,0
DA:344,0
DA:353,0
DA:354,0
DA:355,0
DA:356,0
DA:359,0
DA:365,0
DA:366,0
DA:368,0
DA:371,0
LF:105
LH:0
BRDA:19,0,0,0
BRDA:19,0,1,0
BRDA:20,1,0,0
BRDA:20,1,1,0
BRDA:21,2,0,0
BRDA:21,2,1,0
BRDA:22,3,0,0
BRDA:22,3,1,0
BRDA:23,4,0,0
BRDA:23,4,1,0
BRDA:24,5,0,0
BRDA:24,5,1,0
BRDA:25,6,0,0
BRDA:25,6,1,0
BRDA:26,7,0,0
BRDA:26,7,1,0
BRDA:27,8,0,0
BRDA:27,8,1,0
BRDA:28,9,0,0
BRDA:28,9,1,0
BRDA:29,10,0,0
BRDA:29,10,1,0
BRDA:30,11,0,0
BRDA:30,11,1,0
BRDA:31,12,0,0
BRDA:31,12,1,0
BRDA:32,13,0,0
BRDA:32,13,1,0
BRDA:32,14,0,0
BRDA:32,14,1,0
BRDA:33,15,0,0
BRDA:33,15,1,0
BRDA:34,16,0,0
BRDA:34,16,1,0
BRDA:35,17,0,0
BRDA:35,17,1,0
BRDA:36,18,0,0
BRDA:36,18,1,0
BRDA:37,19,0,0
BRDA:37,19,1,0
BRDA:38,20,0,0
BRDA:38,20,1,0
BRDA:39,21,0,0
BRDA:39,21,1,0
BRDA:41,22,0,0
BRDA:41,22,1,0
BRDA:41,23,0,0
BRDA:41,23,1,0
BRDA:43,24,0,0
BRDA:43,24,1,0
BRDA:43,25,0,0
BRDA:43,25,1,0
BRDA:45,26,0,0
BRDA:45,26,1,0
BRDA:47,27,0,0
BRDA:47,27,1,0
BRDA:51,28,0,0
BRDA:51,28,1,0
BRDA:53,29,0,0
BRDA:53,29,1,0
BRDA:84,30,0,0
BRDA:84,30,1,0
BRDA:93,31,0,0
BRDA:93,31,1,0
BRDA:137,32,0,0
BRDA:137,32,1,0
BRDA:146,33,0,0
BRDA:146,33,1,0
BRDA:147,34,0,0
BRDA:147,34,1,0
BRDA:148,35,0,0
BRDA:148,35,1,0
BRDA:149,36,0,0
BRDA:149,36,1,0
BRDA:150,37,0,0
BRDA:150,37,1,0
BRDA:151,38,0,0
BRDA:151,38,1,0
BRDA:158,39,0,0
BRDA:158,39,1,0
BRDA:159,40,0,0
BRDA:159,40,1,0
BRDA:160,41,0,0
BRDA:160,41,1,0
BRDA:161,42,0,0
BRDA:161,42,1,0
BRDA:182,43,0,0
BRDA:182,43,1,0
BRDA:183,44,0,0
BRDA:183,44,1,0
BRDA:183,45,0,0
BRDA:183,45,1,0
BRDA:199,46,0,0
BRDA:199,46,1,0
BRDA:213,47,0,0
BRDA:213,47,1,0
BRDA:226,48,0,0
BRDA:226,48,1,0
BRDA:246,49,0,0
BRDA:246,49,1,0
BRDA:257,50,0,0
BRDA:257,50,1,0
BRDA:264,51,0,0
BRDA:265,52,0,0
BRDA:278,53,0,0
BRDA:278,53,1,0
BRDA:281,54,0,0
BRDA:281,54,1,0
BRDA:284,55,0,0
BRDA:284,55,1,0
BRDA:287,56,0,0
BRDA:287,56,1,0
BRDA:292,57,0,0
BRDA:292,57,1,0
BRDA:299,58,0,0
BRDA:299,58,1,0
BRDA:315,59,0,0
BRDA:315,59,1,0
BRDA:327,60,0,0
BRDA:327,60,1,0
BRDA:355,61,0,0
BRDA:355,61,1,0
BRDA:365,62,0,0
BRF:123
BRH:0
end_of_record
TN:
SF:server/config/jwtConfig.ts
FNF:0
FNH:0
DA:8,0
DA:9,0
DA:12,0
DA:13,0
DA:14,0
DA:16,0
DA:17,0
DA:21,0
DA:22,0
DA:24,0
DA:25,0
DA:30,0
DA:33,0
DA:37,0
DA:38,0
DA:41,0
DA:42,0
DA:45,0
LF:18
LH:0
BRDA:12,0,0,0
BRDA:12,0,1,0
BRDA:13,1,0,0
BRDA:13,1,1,0
BRDA:16,2,0,0
BRDA:16,2,1,0
BRDA:21,3,0,0
BRDA:21,3,1,0
BRDA:24,4,0,0
BRDA:24,4,1,0
BRDA:30,5,0,0
BRDA:30,5,1,0
BRDA:31,6,0,0
BRDA:31,6,1,0
BRDA:33,7,0,0
BRDA:33,7,1,0
BRDA:34,8,0,0
BRDA:34,8,1,0
BRDA:41,9,0,0
BRDA:41,9,1,0
BRDA:41,10,0,0
BRDA:41,10,1,0
BRF:22
BRH:0
end_of_record
TN:
SF:server/config/redisConfig.ts
FN:34,(anonymous_0)
FN:37,(anonymous_1)
FN:47,(anonymous_2)
FN:51,(anonymous_3)
FN:60,(anonymous_4)
FN:67,(anonymous_5)
FN:71,(anonymous_6)
FN:78,(anonymous_7)
FN:87,(anonymous_8)
FN:111,(anonymous_9)
FN:129,(anonymous_10)
FN:146,(anonymous_11)
FN:158,(anonymous_12)
FN:163,(anonymous_13)
FN:168,(anonymous_14)
FN:176,(anonymous_15)
FN:177,(anonymous_16)
FN:177,(anonymous_17)
FN:178,(anonymous_18)
FN:179,(anonymous_19)
FN:179,(anonymous_20)
FN:180,(anonymous_21)
FN:181,(anonymous_22)
FN:182,(anonymous_23)
FN:182,(anonymous_24)
FN:191,(anonymous_25)
FN:193,(anonymous_26)
FN:199,(anonymous_27)
FN:203,(anonymous_28)
FN:233,(anonymous_29)
FN:248,(anonymous_30)
FN:263,(anonymous_31)
FN:274,(anonymous_32)
FN:278,(anonymous_33)
FN:286,getRateLimitStore
FN:293,closeRateLimitStore
FN:295,(anonymous_36)
FN:326,createRateLimiter
FN:330,(anonymous_38)
FN:337,(anonymous_39)
FNF:40
FNH:0
FNDA:0,(anonymous_0)
FNDA:0,(anonymous_1)
FNDA:0,(anonymous_2)
FNDA:0,(anonymous_3)
FNDA:0,(anonymous_4)
FNDA:0,(anonymous_5)
FNDA:0,(anonymous_6)
FNDA:0,(anonymous_7)
FNDA:0,(anonymous_8)
FNDA:0,(anonymous_9)
FNDA:0,(anonymous_10)
FNDA:0,(anonymous_11)
FNDA:0,(anonymous_12)
FNDA:0,(anonymous_13)
FNDA:0,(anonymous_14)
FNDA:0,(anonymous_15)
FNDA:0,(anonymous_16)
FNDA:0,(anonymous_17)
FNDA:0,(anonymous_18)
FNDA:0,(anonymous_19)
FNDA:0,(anonymous_20)
FNDA:0,(anonymous_21)
FNDA:0,(anonymous_22)
FNDA:0,(anonymous_23)
FNDA:0,(anonymous_24)
FNDA:0,(anonymous_25)
FNDA:0,(anonymous_26)
FNDA:0,(anonymous_27)
FNDA:0,(anonymous_28)
FNDA:0,(anonymous_29)
FNDA:0,(anonymous_30)
FNDA:0,(anonymous_31)
FNDA:0,(anonymous_32)
FNDA:0,(anonymous_33)
FNDA:0,getRateLimitStore
FNDA:0,closeRateLimitStore
FNDA:0,(anonymous_36)
FNDA:0,createRateLimiter
FNDA:0,(anonymous_38)
FNDA:0,(anonymous_39)
DA:21,0
DA:35,0
DA:38,0
DA:39,0
DA:40,0
DA:41,0
DA:42,0
DA:44,0
DA:48,0
DA:52,0
DA:53,0
DA:54,0
DA:55,0
DA:56,0
DA:57,0
DA:61,0
DA:62,0
DA:63,0
DA:68,0
DA:72,0
DA:73,0
DA:74,0
DA:75,0
DA:79,0
DA:80,0
DA:81,0
DA:82,0
DA:88,0
DA:104,0
DA:106,0
DA:108,0
DA:109,0
DA:112,0
DA:113,0
DA:114,0
DA:117,0
DA:118,0
DA:119,0
DA:120,0
DA:122,0
DA:124,0
DA:125,0
DA:130,0
DA:133,0
DA:135,0
DA:136,0
DA:137,0
DA:138,0
DA:141,0
DA:147,0
DA:148,0
DA:149,0
DA:151,0
DA:158,0
DA:159,0
DA:160,0
DA:163,0
DA:164,0
DA:165,0
DA:168,0
DA:169,0
DA:172,0
DA:175,0
DA:176,0
DA:177,0
DA:178,0
DA:179,0
DA:180,0
DA:181,0
DA:182,0
DA:185,0
DA:186,0
DA:187,0
DA:192,0
DA:193,0
DA:194,0
DA:200,0
DA:204,0
DA:206,0
DA:207,0
DA:208,0
DA:209,0
DA:211,0
DA:212,0
DA:213,0
DA:216,0
DA:218,0
DA:223,0
DA:224,0
DA:226,0
DA:227,0
DA:230,0
DA:234,0
DA:236,0
DA:237,0
DA:238,0
DA:239,0
DA:245,0
DA:249,0
DA:251,0
DA:252,0
DA:253,0
DA:254,0
DA:260,0
DA:264,0
DA:265,0
DA:266,0
DA:268,0
DA:269,0
DA:270,0
DA:275,0
DA:279,0
DA:284,0
DA:286,0
DA:287,0
DA:288,0
DA:290,0
DA:293,0
DA:294,0
DA:295,0
DA:296,0
DA:299,0
DA:326,0
DA:330,0
DA:333,0
DA:335,0
DA:337,0
DA:338,0
DA:340,0
DA:341,0
DA:343,0
DA:344,0
DA:345,0
DA:347,0
DA:348,0
DA:349,0
DA:354,0
DA:357,0
DA:360,0
DA:361,0
DA:366,0
LF:141
LH:0
BRDA:22,0,0,0
BRDA:22,0,1,0
BRDA:23,1,0,0
BRDA:23,1,1,0
BRDA:24,2,0,0
BRDA:24,2,1,0
BRDA:25,3,0,0
BRDA:25,3,1,0
BRDA:39,4,0,0
BRDA:39,4,1,0
BRDA:40,5,0,0
BRDA:40,5,1,0
BRDA:53,6,0,0
BRDA:53,6,1,0
BRDA:55,7,0,0
BRDA:55,7,1,0
BRDA:62,8,0,0
BRDA:62,8,1,0
BRDA:73,9,0,0
BRDA:73,9,1,0
BRDA:75,10,0,0
BRDA:75,10,1,0
BRDA:81,11,0,0
BRDA:81,11,1,0
BRDA:111,12,0,0
BRDA:113,13,0,0
BRDA:113,13,1,0
BRDA:117,14,0,0
BRDA:117,14,1,0
BRDA:120,15,0,0
BRDA:120,15,1,0
BRDA:135,16,0,0
BRDA:135,16,1,0
BRDA:147,17,0,0
BRDA:147,17,1,0
BRDA:147,18,0,0
BRDA:147,18,1,0
BRDA:151,19,0,0
BRDA:151,19,1,0
BRDA:155,20,0,0
BRDA:155,20,1,0
BRDA:192,21,0,0
BRDA:192,21,1,0
BRDA:206,22,0,0
BRDA:206,22,1,0
BRDA:206,23,0,0
BRDA:206,23,1,0
BRDA:211,24,0,0
BRDA:211,24,1,0
BRDA:226,25,0,0
BRDA:226,25,1,0
BRDA:230,26,0,0
BRDA:230,26,1,0
BRDA:236,27,0,0
BRDA:236,27,1,0
BRDA:236,28,0,0
BRDA:236,28,1,0
BRDA:239,29,0,0
BRDA:239,29,1,0
BRDA:251,30,0,0
BRDA:251,30,1,0
BRDA:251,31,0,0
BRDA:251,31,1,0
BRDA:264,32,0,0
BRDA:264,32,1,0
BRDA:268,33,0,0
BRDA:268,33,1,0
BRDA:287,34,0,0
BRDA:287,34,1,0
BRDA:294,35,0,0
BRDA:294,35,1,0
BRDA:330,36,0,0
BRDA:330,37,0,0
BRDA:330,37,1,0
BRDA:331,38,0,0
BRDA:332,39,0,0
BRDA:347,40,0,0
BRDA:347,40,1,0
BRF:78
BRH:0
end_of_record
TN:
SF:server/errors/index.ts
FN:27,(anonymous_0)
FN:48,(anonymous_1)
FN:66,(anonymous_2)
FN:71,(anonymous_3)
FN:93,(anonymous_4)
FN:103,(anonymous_5)
FN:113,(anonymous_6)
FN:124,(anonymous_7)
FN:136,(anonymous_8)
FN:147,(anonymous_9)
FN:157,(anonymous_10)
FN:167,(anonymous_11)
FN:183,(anonymous_12)
FN:192,(anonymous_13)
FN:200,isOperationalError
FN:210,toApplicationError
FNF:16
FNH:16
FNDA:61,(anonymous_0)
FNDA:9,(anonymous_1)
FNDA:12,(anonymous_2)
FNDA:2,(anonymous_3)
FNDA:5,(anonymous_4)
FNDA:5,(anonymous_5)
FNDA:8,(anonymous_6)
FNDA:3,(anonymous_7)
FNDA:3,(anonymous_8)
FNDA:9,(anonymous_9)
FNDA:4,(anonymous_10)
FNDA:1,(anonymous_11)
FNDA:2,(anonymous_12)
FNDA:1,(anonymous_13)
FNDA:7,isOperationalError
FNDA:6,toApplicationError
DA:21,4
DA:34,61
DA:35,61
DA:36,61
DA:37,61
DA:38,61
DA:39,61
DA:42,61
DA:49,9
DA:63,4
DA:67,12
DA:68,12
DA:74,2
DA:76,2
DA:77,4
DA:78,4
DA:79,4
DA:81,4
DA:84,2
DA:92,4
DA:94,5
DA:102,4
DA:104,5
DA:112,4
DA:114,8
DA:115,8
DA:123,4
DA:125,3
DA:133,4
DA:137,3
DA:138,3
DA:146,4
DA:148,9
DA:156,4
DA:158,4
DA:166,4
DA:168,1
DA:182,4
DA:184,2
DA:191,4
DA:193,1
DA:200,4
DA:201,7
DA:202,5
DA:204,2
DA:210,4
DA:211,6
DA:212,2
DA:215,4
DA:216,3
DA:219,1
LF:51
LH:51
BRDA:29,0,0,3
BRDA:30,1,0,3
BRDA:31,2,0,4
BRDA:53,3,0,9
BRDA:53,3,1,4
BRDA:66,4,0,6
BRDA:67,5,0,4
BRDA:67,5,1,8
BRDA:78,6,0,4
BRDA:78,6,1,0
BRDA:93,7,0,4
BRDA:103,8,0,4
BRDA:113,9,0,5
BRDA:114,10,0,2
BRDA:114,10,1,6
BRDA:124,11,0,2
BRDA:136,12,0,2
BRDA:137,13,0,1
BRDA:137,13,1,2
BRDA:147,14,0,5
BRDA:157,15,0,2
BRDA:167,16,0,0
BRDA:173,17,0,1
BRDA:173,17,1,0
BRDA:183,18,0,1
BRDA:192,19,0,1
BRDA:201,20,0,5
BRDA:201,20,1,2
BRDA:211,21,0,2
BRDA:211,21,1,4
BRDA:215,22,0,3
BRDA:215,22,1,1
BRF:32
BRH:29
end_of_record
TN:
SF:server/middleware/asyncHandler.ts
FN:30,asyncHandler
FN:31,(anonymous_1)
FN:32,(anonymous_2)
FN:55,errorHandler
FN:94,notFoundHandler
FNF:5
FNH:5
FNDA:3,asyncHandler
FNDA:3,(anonymous_1)
FNDA:2,(anonymous_2)
FNDA:3,errorHandler
FNDA:1,notFoundHandler
DA:10,1
DA:11,1
DA:30,1
DA:31,3
DA:32,3
DA:34,2
DA:36,2
DA:45,2
DA:46,2
DA:55,1
DA:62,3
DA:65,3
DA:68,3
DA:69,1
DA:78,2
DA:88,3
DA:94,1
DA:95,1
LF:18
LH:18
BRDA:40,0,0,2
BRDA:40,0,1,0
BRDA:41,1,0,2
BRDA:41,1,1,0
BRDA:65,2,0,2
BRDA:65,2,1,1
BRDA:68,3,0,1
BRDA:68,3,1,2
BRF:8
BRH:6
end_of_record
TN:
SF:server/middleware/auditMiddleware.ts
FN:36,auditMiddleware
FN:37,(anonymous_1)
FN:45,(anonymous_2)
FN:73,(anonymous_3)
FN:129,getActionFromMethod
FN:146,auditLoginMiddleware
FN:147,(anonymous_6)
FN:150,(anonymous_7)
FN:153,(anonymous_8)
FN:190,auditSensitiveOperation
FN:191,(anonymous_10)
FN:202,(anonymous_11)
FNF:12
FNH:0
FNDA:0,auditMiddleware
FNDA:0,(anonymous_1)
FNDA:0,(anonymous_2)
FNDA:0,(anonymous_3)
FNDA:0,getActionFromMethod
FNDA:0,auditLoginMiddleware
FNDA:0,(anonymous_6)
FNDA:0,(anonymous_7)
FNDA:0,(anonymous_8)
FNDA:0,auditSensitiveOperation
FNDA:0,(anonymous_10)
FNDA:0,(anonymous_11)
DA:7,0
DA:8,0
DA:36,0
DA:37,0
DA:38,0
DA:39,0
DA:42,0
DA:45,0
DA:46,0
DA:47,0
DA:50,0
DA:51,0
DA:53,0
DA:61,0
DA:62,0
DA:63,0
DA:70,0
DA:73,0
DA:74,0
DA:75,0
DA:77,0
DA:84,0
DA:86,0
DA:94,0
DA:96,0
DA:103,0
DA:105,0
DA:111,0
DA:114,0
DA:119,0
DA:122,0
DA:130,0
DA:132,0
DA:135,0
DA:137,0
DA:139,0
DA:146,0
DA:147,0
DA:148,0
DA:150,0
DA:151,0
DA:153,0
DA:154,0
DA:155,0
DA:157,0
DA:158,0
DA:168,0
DA:176,0
DA:180,0
DA:183,0
DA:190,0
DA:191,0
DA:192,0
DA:194,0
DA:202,0
DA:203,0
DA:204,0
DA:218,0
DA:222,0
DA:226,0
LF:60
LH:0
BRDA:50,0,0,0
BRDA:50,0,1,0
BRDA:50,1,0,0
BRDA:50,1,1,0
BRDA:54,2,0,0
BRDA:54,2,1,0
BRDA:55,3,0,0
BRDA:55,3,1,0
BRDA:62,4,0,0
BRDA:62,4,1,0
BRDA:70,5,0,0
BRDA:70,5,1,0
BRDA:75,6,0,0
BRDA:75,6,1,0
BRDA:75,6,2,0
BRDA:75,6,3,0
BRDA:80,7,0,0
BRDA:80,7,1,0
BRDA:89,8,0,0
BRDA:89,8,1,0
BRDA:99,9,0,0
BRDA:99,9,1,0
BRDA:130,10,0,0
BRDA:130,10,1,0
BRDA:130,10,2,0
BRDA:130,10,3,0
BRDA:130,10,4,0
BRDA:157,11,0,0
BRDA:157,11,1,0
BRDA:157,12,0,0
BRDA:157,12,1,0
BRDA:169,13,0,0
BRDA:169,13,1,0
BRDA:170,14,0,0
BRDA:170,14,1,0
BRDA:171,15,0,0
BRDA:171,15,1,0
BRDA:205,16,0,0
BRDA:205,16,1,0
BRDA:206,17,0,0
BRDA:206,17,1,0
BRF:41
BRH:0
end_of_record
TN:
SF:server/middleware/cache.ts
FN:17,generateCacheKey
FN:38,cacheMiddleware
FN:39,(anonymous_2)
FN:61,(anonymous_3)
FN:64,(anonymous_4)
FN:93,invalidateCache
FN:107,invalidateCacheMiddleware
FN:108,(anonymous_7)
FN:112,(anonymous_8)
FN:115,(anonymous_9)
FN:116,(anonymous_10)
FNF:11
FNH:9
FNDA:5,generateCacheKey
FNDA:6,cacheMiddleware
FNDA:6,(anonymous_2)
FNDA:1,(anonymous_3)
FNDA:0,(anonymous_4)
FNDA:4,invalidateCache
[...]
DA:98,23
DA:100,23
DA:101,42
DA:102,13
DA:104,29
DA:108,23
DA:111,0
DA:117,25
DA:118,19
DA:124,25
DA:129,12
DA:130,11
DA:138,6
DA:139,1
DA:147,2
DA:148,1
DA:156,2
DA:157,1
DA:165,1
DA:166,1
DA:175,1
DA:176,1
DA:177,1
DA:185,1
DA:186,1
DA:187,1
DA:195,1
DA:196,1
DA:197,1
DA:205,1
DA:206,1
DA:207,1
DA:212,25
LF:64
LH:62
BRDA:42,0,0,0
BRDA:42,0,1,3
BRDA:43,1,0,0
BRDA:43,1,1,3
BRDA:52,2,0,0
BRDA:52,2,1,1
BRDA:63,3,0,8
BRDA:63,3,1,21
BRDA:68,4,0,9
BRDA:68,4,1,12
BRDA:69,5,0,2
BRDA:69,5,1,7
BRDA:70,6,0,1
BRDA:70,6,1,1
BRDA:73,7,0,1
BRDA:73,7,1,0
BRDA:73,8,0,1
BRDA:73,8,1,0
BRDA:73,8,2,0
BRDA:85,9,0,10
BRDA:87,10,0,1
BRDA:87,10,1,24
BRDA:89,11,0,0
BRDA:89,11,1,24
BRDA:89,12,0,24
BRDA:89,12,1,24
BRDA:93,13,0,1
BRDA:93,13,1,23
BRDA:97,14,0,23
BRDA:97,14,1,0
BRDA:101,15,0,13
BRDA:101,15,1,29
BRDA:101,16,0,42
BRDA:101,16,1,14
BRDA:129,17,0,11
BRDA:129,17,1,1
BRDA:129,18,0,12
BRDA:129,18,1,11
BRDA:138,19,0,1
BRDA:138,19,1,5
BRDA:147,20,0,1
BRDA:147,20,1,1
BRDA:147,21,0,2
BRDA:147,21,1,1
BRDA:156,22,0,1
BRDA:156,22,1,1
BRDA:156,23,0,2
BRDA:156,23,1,1
BRDA:165,24,0,1
BRDA:165,24,1,0
BRDA:165,25,0,1
BRDA:165,25,1,1
BRDA:175,26,0,1
BRDA:175,26,1,0
BRDA:175,27,0,1
BRDA:175,27,1,1
BRDA:185,28,0,1
BRDA:185,28,1,0
BRDA:185,29,0,1
BRDA:185,29,1,1
BRDA:186,30,0,1
BRDA:186,30,1,0
BRDA:195,31,0,1
BRDA:195,31,1,0
BRDA:195,32,0,1
BRDA:195,32,1,1
BRDA:196,33,0,1
BRDA:196,33,1,0
BRDA:205,34,0,1
BRDA:205,34,1,0
BRDA:206,35,0,1
BRDA:206,35,1,0
BRF:72
BRH:56
end_of_record
TN:
SF:server/utils/migrationRunner.ts
FN:23,ensureMigrationsTable
FN:36,getExecutedMigrations
FN:38,(anonymous_8)
FN:44,markMigrationAsExecuted
FN:51,getMigrationFiles
FN:59,(anonymous_11)
FN:60,(anonymous_12)
FN:67,runMigrations
FN:77,(anonymous_14)
FN:92,(anonymous_15)
FN:121,rollbackLastMigration
FN:142,(anonymous_17)
FN:160,getMigrationStatus
FN:171,(anonymous_19)
FN:174,(anonymous_20)
FN:185,(anonymous_21)
FN:186,(anonymous_22)
FN:190,(anonymous_23)
FN:191,(anonymous_24)
FN:195,(anonymous_25)
FN:196,(anonymous_26)
FN:203,(anonymous_27)
FNF:22
FNH:0
FNDA:0,ensureMigrationsTable
FNDA:0,getExecutedMigrations
FNDA:0,(anonymous_8)
FNDA:0,markMigrationAsExecuted
FNDA:0,getMigrationFiles
FNDA:0,(anonymous_11)
FNDA:0,(anonymous_12)
FNDA:0,runMigrations
FNDA:0,(anonymous_14)
FNDA:0,(anonymous_15)
FNDA:0,rollbackLastMigration
FNDA:0,(anonymous_17)
FNDA:0,getMigrationStatus
FNDA:0,(anonymous_19)
FNDA:0,(anonymous_20)
FNDA:0,(anonymous_21)
FNDA:0,(anonymous_22)
FNDA:0,(anonymous_23)
FNDA:0,(anonymous_24)
FNDA:0,(anonymous_25)
FNDA:0,(anonymous_26)
FNDA:0,(anonymous_27)
DA:6,0
DA:7,0
DA:8,0
DA:9,0
DA:11,0
DA:12,0
DA:24,0
DA:37,0
DA:38,0
DA:45,0
DA:52,0
DA:54,0
DA:55,0
DA:58,0
DA:59,0
DA:60,0
DA:67,0
DA:68,0
DA:70,0
DA:71,0
DA:73,0
DA:74,0
DA:76,0
DA:77,0
DA:80,0
DA:81,0
DA:82,0
DA:85,0
DA:87,0
DA:88,0
DA:90,0
DA:91,0
DA:92,0
DA:94,0
DA:95,0
DA:96,0
DA:97,0
DA:99,0
DA:100,0
DA:103,0
DA:104,0
DA:106,0
DA:107,0
DA:111,0
DA:113,0
DA:114,0
DA:121,0
DA:122,0
DA:124,0
DA:125,0
DA:127,0
DA:133,0
DA:134,0
DA:135,0
DA:138,0
DA:139,0
DA:141,0
DA:142,0
DA:144,0
DA:145,0
DA:146,0
DA:147,0
DA:149,0
DA:152,0
DA:153,0
DA:160,0
DA:161,0
DA:163,0
DA:169,0
DA:171,0
DA:174,0
DA:179,0
DA:180,0
DA:182,0
DA:184,0
DA:185,0
DA:186,0
DA:187,0
DA:189,0
DA:190,0
DA:191,0
DA:192,0
DA:194,0
DA:196,0
DA:201,0
DA:203,0
DA:204,0
DA:206,0
DA:207,0
LF:89
LH:0
BRDA:11,0,0,0
BRDA:11,0,1,0
BRDA:54,1,0,0
BRDA:54,1,1,0
BRDA:59,2,0,0
BRDA:59,2,1,0
BRDA:80,3,0,0
BRDA:80,3,1,0
BRDA:94,4,0,0
BRDA:94,4,1,0
BRDA:96,5,0,0
BRDA:96,5,1,0
BRDA:133,6,0,0
BRDA:133,6,1,0
BRDA:144,7,0,0
BRDA:144,7,1,0
BRDA:179,8,0,0
BRDA:179,8,1,0
BRDA:182,9,0,0
BRDA:182,9,1,0
BRDA:182,9,2,0
BRDA:182,9,3,0
BRDA:198,10,0,0
BRDA:198,10,1,0
BRDA:199,11,0,0
BRDA:199,11,1,0
BRF:26
BRH:0
end_of_record
TN:
SF:server/utils/pagination.ts
FN:41,extractPaginationParams
FN:68,createPaginationMeta
FN:88,createPaginatedResponse
FN:103,paginateArray
FN:118,validatePaginationParams
FN:145,generatePaginationLinks
FN:151,(anonymous_6)
FNF:7
FNH:0
FNDA:0,extractPaginationParams
FNDA:0,createPaginationMeta
FNDA:0,createPaginatedResponse
FNDA:0,paginateArray
FNDA:0,validatePaginationParams
FNDA:0,generatePaginationLinks
FNDA:0,(anonymous_6)
DA:31,0
DA:41,0
DA:45,0
DA:50,0
DA:51,0
DA:56,0
DA:58,0
DA:59,0
DA:60,0
DA:62,0
DA:68,0
DA:73,0
DA:75,0
DA:88,0
DA:94,0
DA:103,0
DA:108,0
DA:109,0
DA:110,0
DA:112,0
DA:118,0
DA:122,0
DA:124,0
DA:125,0
DA:128,0
DA:129,0
DA:132,0
DA:133,0
DA:136,0
DA:145,0
DA:151,0
DA:153,0
DA:162,0
LF:33
LH:0
BRDA:47,0,0,0
BRDA:47,0,1,0
BRDA:47,0,2,0
BRDA:50,1,0,0
BRDA:50,1,1,0
BRDA:50,1,2,0
BRDA:58,2,0,0
BRDA:58,2,1,0
BRDA:58,2,2,0
BRDA:60,3,0,0
BRDA:60,3,1,0
BRDA:124,4,0,0
BRDA:124,4,1,0
BRDA:128,5,0,0
BRDA:128,5,1,0
BRDA:132,6,0,0
BRDA:132,6,1,0
BRDA:157,7,0,0
BRDA:157,7,1,0
BRDA:158,8,0,0
BRDA:158,8,1,0
BRF:21
BRH:0
end_of_record
TN:
SF:server/utils/paramValidation.ts
FN:156,parseId
FN:167,parseIdOrNull
FNF:2
FNH:0
FNDA:0,parseId
FNDA:0,parseIdOrNull
DA:8,0
DA:15,0
DA:25,0
DA:35,0
DA:45,0
DA:55,0
DA:65,0
DA:75,0
DA:85,0
DA:95,0
DA:105,0
DA:115,0
DA:125,0
DA:137,0
DA:145,0
DA:156,0
DA:157,0
DA:158,0
DA:159,0
DA:161,0
DA:167,0
DA:168,0
DA:169,0
DA:170,0
DA:171,0
LF:25
LH:0
BRDA:156,0,0,0
BRDA:157,1,0,0
BRDA:157,1,1,0
BRDA:158,2,0,0
BRDA:158,2,1,0
BRDA:158,3,0,0
BRDA:158,3,1,0
BRDA:168,4,0,0
BRDA:168,4,1,0
BRDA:170,5,0,0
BRDA:170,5,1,0
BRDA:170,6,0,0
BRDA:170,6,1,0
BRF:13
BRH:0
end_of_record
TN:
SF:server/utils/parsers.ts
FN:9,(anonymous_0)
FN:11,(anonymous_1)
FN:15,(anonymous_2)
FN:16,(anonymous_3)
FN:25,(anonymous_4)
FN:39,(anonymous_5)
FN:54,(anonymous_6)
FN:71,(anonymous_7)
FN:283,(anonymous_8)
FN:297,(anonymous_9)
FN:309,(anonymous_10)
FN:326,(anonymous_11)
FN:342,(anonymous_12)
FN:345,(anonymous_13)
FN:346,(anonymous_14)
FN:351,(anonymous_15)
FN:352,(anonymous_16)
FN:360,(anonymous_17)
FN:373,(anonymous_18)
FNF:19
FNH:19
FNDA:9,(anonymous_0)
FNDA:6,(anonymous_1)
FNDA:7,(anonymous_2)
FNDA:7,(anonymous_3)
FNDA:25,(anonymous_4)
FNDA:13,(anonymous_5)
FNDA:10,(anonymous_6)
FNDA:22,(anonymous_7)
FNDA:4,(anonymous_8)
FNDA:9,(anonymous_9)
FNDA:10,(anonymous_10)
FNDA:29,(anonymous_11)
FNDA:9,(anonymous_12)
FNDA:12,(anonymous_13)
FNDA:12,(anonymous_14)
FNDA:6,(anonymous_15)
FNDA:6,(anonymous_16)
FNDA:7,(anonymous_17)
FNDA:18,(anonymous_18)
DA:9,1
DA:10,9
DA:11,6
DA:12,4
DA:13,2
DA:15,7
DA:16,7
DA:18,2
DA:25,1
DA:26,25
DA:27,23
DA:28,19
DA:29,15
DA:30,15
DA:32,4
DA:39,1
DA:40,13
DA:41,4
DA:43,9
DA:44,5
DA:45,5
DA:47,4
DA:54,1
DA:55,10
DA:56,3
DA:58,7
DA:60,5
DA:61,5
DA:62,5
DA:64,2
DA:71,1
DA:72,22
DA:74,18
DA:76,18
DA:77,2
DA:81,16
DA:84,16
DA:86,0
DA:87,0
DA:88,0
DA:90,0
DA:91,0
DA:96,16
DA:97,11
DA:98,11
DA:99,10
DA:100,10
DA:101,10
DA:102,10
DA:105,10
DA:106,3
DA:110,10
DA:115,7
DA:116,7
DA:121,6
DA:127,5
DA:128,1
DA:129,1
DA:130,1
DA:131,1
DA:133,1
DA:137,1
DA:138,1
DA:139,1
DA:146,9
DA:147,1
DA:148,1
DA:149,1
DA:150,1
DA:151,1
DA:153,1
DA:158,1
DA:159,1
DA:164,1
DA:170,8
DA:171,1
DA:172,1
DA:173,1
DA:174,1
DA:176,1
DA:182,1
DA:183,1
DA:188,1
DA:194,7
DA:195,1
DA:196,1
DA:197,1
DA:198,1
DA:199,1
DA:201,1
DA:206,1
DA:207,1
DA:212,1
DA:218,6
DA:219,1
DA:220,1
DA:221,1
DA:222,1
DA:223,1
DA:225,1
DA:230,1
DA:231,1
DA:236,1
DA:242,5
DA:243,1
DA:244,1
DA:245,1
DA:246,1
DA:247,1
DA:249,1
DA:251,1
DA:256,1
DA:257,1
DA:262,1
DA:268,4
DA:269,4
DA:271,0
DA:274,4
DA:276,0
DA:283,1
DA:284,4
DA:285,4
DA:287,2
DA:288,2
DA:289,2
DA:291,2
DA:297,1
DA:298,9
DA:300,6
DA:301,6
DA:303,6
DA:309,1
DA:310,10
DA:313,7
DA:316,7
DA:317,4
DA:320,3
DA:326,1
DA:327,29
DA:328,8
DA:330,21
DA:331,14
DA:332,14
DA:333,11
DA:336,10
DA:342,1
DA:343,9
DA:344,3
DA:345,12
DA:346,12
DA:348,6
DA:349,2
DA:351,6
DA:352,6
DA:354,4
DA:360,1
DA:361,7
DA:362,5
DA:364,3
DA:373,1
DA:374,18
DA:376,18
DA:378,14
DA:379,14
LF:164
LH:157
BRDA:10,0,0,3
BRDA:10,0,1,6
BRDA:11,1,0,2
BRDA:11,1,1,4
BRDA:12,2,0,2
BRDA:12,2,1,2
BRDA:26,3,0,2
BRDA:26,3,1,23
BRDA:27,4,0,4
BRDA:27,4,1,19
BRDA:28,5,0,15
BRDA:28,5,1,4
BRDA:30,6,0,15
BRDA:30,6,1,12
BRDA:30,6,2,8
BRDA:30,6,3,7
BRDA:40,7,0,4
BRDA:40,7,1,9
BRDA:41,8,0,1
BRDA:41,8,1,3
BRDA:43,9,0,5
BRDA:43,9,1,4
BRDA:45,10,0,2
BRDA:45,10,1,3
BRDA:55,11,0,3
BRDA:55,11,1,7
BRDA:56,12,0,1
BRDA:56,12,1,2
BRDA:58,13,0,5
BRDA:58,13,1,2
BRDA:62,14,0,1
BRDA:62,14,1,4
BRDA:72,15,0,4
BRDA:72,15,1,18
BRDA:76,16,0,2
BRDA:76,16,1,16
BRDA:77,17,0,1
BRDA:77,17,1,1
BRDA:84,18,0,0
BRDA:84,18,1,16
BRDA:84,19,0,16
BRDA:84,19,1,0
BRDA:90,20,0,0
BRDA:90,20,1,0
BRDA:90,21,0,0
BRDA:90,21,1,0
BRDA:96,22,0,11
BRDA:96,22,1,5
BRDA:98,23,0,10
BRDA:98,23,1,1
BRDA:105,24,0,3
BRDA:105,24,1,7
BRDA:106,25,0,2
BRDA:106,25,1,1
BRDA:110,26,0,7
BRDA:110,26,1,3
BRDA:111,27,0,10
BRDA:111,27,1,10
BRDA:111,27,2,8
BRDA:111,27,3,8
BRDA:111,27,4,7
BRDA:111,27,5,7
BRDA:116,28,0,6
BRDA:116,28,1,1
BRDA:117,29,0,7
BRDA:117,29,1,6
BRDA:117,29,2,6
BRDA:127,30,0,1
BRDA:127,30,1,4
BRDA:133,31,0,1
BRDA:133,31,1,0
BRDA:134,32,0,1
BRDA:134,32,1,1
BRDA:134,32,2,1
BRDA:134,32,3,1
BRDA:138,33,0,1
BRDA:138,33,1,0
BRDA:138,34,0,1
BRDA:138,34,1,1
BRDA:146,35,0,1
BRDA:146,35,1,8
BRDA:153,36,0,1
BRDA:153,36,1,0
BRDA:154,37,0,1
BRDA:154,37,1,1
BRDA:154,37,2,1
BRDA:154,37,3,1
BRDA:154,37,4,1
BRDA:154,37,5,1
BRDA:159,38,0,1
BRDA:159,38,1,0
BRDA:160,39,0,1
BRDA:160,39,1,1
BRDA:160,39,2,1
BRDA:170,40,0,1
BRDA:170,40,1,7
BRDA:176,41,0,1
BRDA:176,41,1,0
BRDA:177,42,0,1
BRDA:177,42,1,1
BRDA:177,42,2,1
BRDA:177,42,3,1
BRDA:177,42,4,1
BRDA:177,42,5,1
BRDA:183,43,0,1
BRDA:183,43,1,0
BRDA:184,44,0,1
BRDA:184,44,1,1
BRDA:184,44,2,1
BRDA:194,45,0,1
BRDA:194,45,1,6
BRDA:201,46,0,1
BRDA:201,46,1,0
BRDA:202,47,0,1
BRDA:202,47,1,1
BRDA:202,47,2,1
BRDA:202,47,3,1
BRDA:202,47,4,1
BRDA:202,47,5,1
BRDA:207,48,0,1
BRDA:207,48,1,0
BRDA:208,49,0,1
BRDA:208,49,1,1
BRDA:208,49,2,1
BRDA:218,50,0,1
BRDA:218,50,1,5
BRDA:225,51,0,1
BRDA:225,51,1,0
BRDA:226,52,0,1
BRDA:226,52,1,1
BRDA:226,52,2,1
BRDA:226,52,3,1
BRDA:226,52,4,1
BRDA:226,52,5,1
BRDA:231,53,0,1
BRDA:231,53,1,0
BRDA:232,54,0,1
BRDA:232,54,1,1
BRDA:232,54,2,1
BRDA:242,55,0,1
BRDA:242,55,1,4
BRDA:249,56,0,1
BRDA:249,56,1,0
BRDA:251,57,0,1
BRDA:251,57,1,0
BRDA:252,58,0,1
BRDA:252,58,1,1
BRDA:252,58,2,1
BRDA:252,58,3,1
BRDA:252,58,4,1
BRDA:252,58,5,1
BRDA:257,59,0,1
BRDA:257,59,1,0
BRDA:258,60,0,1
BRDA:258,60,1,1
BRDA:258,60,2,1
BRDA:269,61,0,0
BRDA:269,61,1,4
BRDA:269,62,0,4
BRDA:269,62,1,0
BRDA:285,63,0,2
BRDA:285,63,1,2
BRDA:298,64,0,3
BRDA:298,64,1,6
BRDA:298,65,0,9
BRDA:298,65,1,7
BRDA:303,66,0,2
BRDA:303,66,1,4
BRDA:310,67,0,3
BRDA:310,67,1,7
BRDA:310,68,0,10
BRDA:310,68,1,8
BRDA:316,69,0,4
BRDA:316,69,1,3
BRDA:316,70,0,7
BRDA:316,70,1,6
BRDA:327,71,0,8
BRDA:327,71,1,21
BRDA:327,72,0,29
BRDA:327,72,1,13
BRDA:327,72,2,12
BRDA:330,73,0,14
BRDA:330,73,1,7
BRDA:332,74,0,11
BRDA:332,74,1,3
BRDA:332,75,0,14
BRDA:332,75,1,11
BRDA:343,76,0,3
BRDA:343,76,1,6
BRDA:348,77,0,2
BRDA:348,77,1,4
BRDA:361,78,0,2
BRDA:361,78,1,5
BRDA:362,79,0,2
BRDA:362,79,1,3
BRDA:376,80,0,4
BRDA:376,80,1,14
BRDA:379,81,0,10
BRDA:379,81,1,4
BRF:199
BRH:178
end_of_record
TN:
SF:server/utils/passwordValidator.ts
FN:52,validatePasswordStrength
FN:123,requireStrongPassword
FN:138,getPasswordSuggestions
FNF:3
FNH:1
FNDA:3,validatePasswordStrength
FNDA:0,requireStrongPassword
FNDA:0,getPasswordSuggestions
DA:19,1
DA:31,1
DA:52,1
DA:53,3
DA:54,3
DA:57,3
DA:58,1
DA:60,2
DA:63,3
DA:64,0
DA:68,3
DA:69,1
DA:70,2
DA:71,2
DA:75,3
DA:76,1
DA:77,2
DA:78,2
DA:82,3
DA:83,0
DA:84,3
DA:85,3
DA:89,3
DA:90,1
DA:91,2
DA:92,2
DA:96,3
DA:97,0
DA:98,0
DA:102,3
DA:103,3
DA:107,3
DA:108,1
DA:109,1
DA:110,1
DA:112,3
DA:123,1
DA:124,0
DA:126,0
DA:127,0
DA:130,0
DA:131,0
DA:138,1
DA:139,0
DA:140,0
DA:142,0
DA:143,0
DA:146,0
DA:147,0
DA:150,0
DA:151,0
DA:154,0
DA:155,0
DA:158,0
DA:159,0
DA:162,0
DA:163,0
DA:166,0
LF:58
LH:34
BRDA:57,0,0,1
BRDA:57,0,1,2
BRDA:57,1,0,3
BRDA:57,1,1,3
BRDA:63,2,0,0
BRDA:63,2,1,3
BRDA:68,3,0,1
BRDA:68,3,1,2
BRDA:68,4,0,3
BRDA:68,4,1,3
BRDA:70,5,0,2
BRDA:70,5,1,0
BRDA:75,6,0,1
BRDA:75,6,1,2
BRDA:75,7,0,3
BRDA:75,7,1,3
BRDA:77,8,0,2
BRDA:77,8,1,0
BRDA:82,9,0,0
BRDA:82,9,1,3
BRDA:82,10,0,3
BRDA:82,10,1,3
BRDA:84,11,0,3
BRDA:84,11,1,0
BRDA:89,12,0,1
BRDA:89,12,1,2
BRDA:89,13,0,3
BRDA:89,13,1,3
BRDA:91,14,0,2
BRDA:91,14,1,0
BRDA:96,15,0,0
BRDA:96,15,1,3
BRDA:102,16,0,2
BRDA:102,16,1,1
BRDA:103,17,0,0
BRDA:103,17,1,3
BRDA:107,18,0,2
BRDA:107,18,1,1
BRDA:108,19,0,0
BRDA:108,19,1,1
BRDA:109,20,0,0
BRDA:109,20,1,1
BRDA:126,21,0,0
BRDA:126,21,1,0
BRDA:130,22,0,0
BRDA:130,22,1,0
BRDA:142,23,0,0
BRDA:142,23,1,0
BRDA:146,24,0,0
BRDA:146,24,1,0
BRDA:150,25,0,0
BRDA:150,25,1,0
BRDA:154,26,0,0
BRDA:154,26,1,0
BRDA:158,27,0,0
BRDA:158,27,1,0
BRDA:162,28,0,0
BRDA:162,28,1,0
BRDA:162,29,0,0
BRDA:162,29,1,0
BRF:60
BRH:32
end_of_record
TN:
SF:server/utils/permissions.ts
FN:13,(anonymous_0)
FN:21,(anonymous_1)
FN:29,(anonymous_2)
FN:37,(anonymous_3)
FN:45,(anonymous_4)
FN:52,(anonymous_5)
FN:60,(anonymous_6)
FN:75,(anonymous_7)
FN:96,(anonymous_8)
FN:109,(anonymous_9)
FN:117,(anonymous_10)
FNF:11
FNH:11
FNDA:21,(anonymous_0)
FNDA:65,(anonymous_1)
FNDA:31,(anonymous_2)
FNDA:5,(anonymous_3)
FNDA:8,(anonymous_4)
FNDA:8,(anonymous_5)
FNDA:9,(anonymous_6)
FNDA:15,(anonymous_7)
FNDA:9,(anonymous_8)
FNDA:5,(anonymous_9)
FNDA:7,(anonymous_10)
DA:13,1
DA:14,21
DA:15,17
DA:21,1
DA:22,65
DA:23,58
DA:29,1
DA:30,31
DA:31,28
DA:37,1
DA:38,5
DA:39,4
DA:45,1
DA:46,8
DA:52,1
DA:53,8
DA:60,1
DA:64,9
DA:65,8
DA:66,4
DA:67,3
DA:75,1
DA:79,15
DA:82,13
DA:85,8
DA:86,5
DA:89,3
DA:96,1
DA:100,9
DA:101,8
DA:102,5
DA:103,3
DA:109,1
DA:110,5
DA:117,1
DA:121,7
DA:122,6
DA:123,3
DA:124,2
LF:39
LH:39
BRDA:14,0,0,4
BRDA:14,0,1,17
BRDA:15,1,0,17
BRDA:15,1,1,13
BRDA:22,2,0,7
BRDA:22,2,1,58
BRDA:30,3,0,3
BRDA:30,3,1,28
BRDA:38,4,0,1
BRDA:38,4,1,4
BRDA:39,5,0,4
BRDA:39,5,1,3
BRDA:64,6,0,1
BRDA:64,6,1,8
BRDA:65,7,0,4
BRDA:65,7,1,4
BRDA:66,8,0,1
BRDA:66,8,1,3
BRDA:66,9,0,4
BRDA:66,9,1,3
BRDA:79,10,0,2
BRDA:79,10,1,13
BRDA:82,11,0,5
BRDA:82,11,1,8
BRDA:85,12,0,5
BRDA:85,12,1,3
BRDA:100,13,0,1
BRDA:100,13,1,8
BRDA:101,14,0,3
BRDA:101,14,1,5
BRDA:102,15,0,2
BRDA:102,15,1,3
BRDA:102,16,0,5
BRDA:102,16,1,4
BRDA:121,17,0,1
BRDA:121,17,1,6
BRDA:122,18,0,3
BRDA:122,18,1,3
BRDA:123,19,0,1
BRDA:123,19,1,2
BRDA:123,20,0,3
BRDA:123,20,1,2
BRF:42
BRH:42
end_of_record
TN:
SF:server/utils/route-helpers.ts
FN:51,(anonymous_0)
FN:54,(anonymous_1)
FN:55,(anonymous_2)
FN:65,(anonymous_3)
FN:87,(anonymous_4)
FN:108,(anonymous_5)
FN:111,(anonymous_6)
FN:114,(anonymous_7)
FN:117,(anonymous_8)
FN:120,(anonymous_9)
FN:123,(anonymous_10)
FN:126,(anonymous_11)
FN:132,(anonymous_12)
FN:142,(anonymous_13)
FN:150,(anonymous_14)
FN:158,(anonymous_15)
FN:171,(anonymous_16)
FN:183,(anonymous_17)
FN:192,(anonymous_18)
FN:196,(anonymous_19)
FN:210,(anonymous_20)
FN:211,(anonymous_21)
FN:224,(anonymous_22)
FN:240,(anonymous_23)
FN:241,(anonymous_24)
FN:256,(anonymous_25)
FN:260,(anonymous_26)
FN:274,(anonymous_27)
FN:278,(anonymous_28)
FN:300,(anonymous_29)
FN:305,(anonymous_30)
FN:326,(anonymous_31)
FN:332,(anonymous_32)
FN:366,(anonymous_33)
FN:372,(anonymous_34)
FNF:35
FNH:0
FNDA:0,(anonymous_0)
FNDA:0,(anonymous_1)
FNDA:0,(anonymous_2)
FNDA:0,(anonymous_3)
FNDA:0,(anonymous_4)
FNDA:0,(anonymous_5)
FNDA:0,(anonymous_6)
FNDA:0,(anonymous_7)
FNDA:0,(anonymous_8)
FNDA:0,(anonymous_9)
FNDA:0,(anonymous_10)
FNDA:0,(anonymous_11)
FNDA:0,(anonymous_12)
FNDA:0,(anonymous_13)
FNDA:0,(anonymous_14)
FNDA:0,(anonymous_15)
FNDA:0,(anonymous_16)
FNDA:0,(anonymous_17)
FNDA:0,(anonymous_18)
FNDA:0,(anonymous_19)
FNDA:0,(anonymous_20)
FNDA:0,(anonymous_21)
FNDA:0,(anonymous_22)
FNDA:0,(anonymous_23)
FNDA:0,(anonymous_24)
FNDA:0,(anonymous_25)
FNDA:0,(anonymous_26)
FNDA:0,(anonymous_27)
FNDA:0,(anonymous_28)
FNDA:0,(anonymous_29)
FNDA:0,(anonymous_30)
FNDA:0,(anonymous_31)
FNDA:0,(anonymous_32)
FNDA:0,(anonymous_33)
FNDA:0,(anonymous_34)
DA:7,0
DA:8,0
DA:13,0
DA:51,0
DA:54,0
DA:55,0
DA:56,0
DA:57,0
DA:65,0
DA:71,0
DA:72,0
DA:77,0
DA:78,0
DA:81,0
DA:87,0
DA:93,0
DA:98,0
DA:99,0
DA:102,0
DA:108,0
DA:109,0
DA:111,0
DA:112,0
DA:114,0
DA:115,0
DA:117,0
DA:118,0
DA:120,0
DA:121,0
DA:123,0
DA:124,0
DA:126,0
DA:127,0
DA:132,0
DA:133,0
DA:134,0
DA:135,0
DA:136,0
DA:142,0
DA:143,0
DA:144,0
DA:150,0
DA:151,0
DA:152,0
DA:158,0
DA:159,0
DA:171,0
DA:172,0
DA:173,0
DA:174,0
DA:175,0
DA:177,0
DA:183,0
DA:184,0
DA:185,0
DA:186,0
DA:192,0
DA:196,0
DA:197,0
DA:198,0
DA:201,0
DA:210,0
DA:211,0
DA:212,0
DA:213,0
DA:214,0
DA:215,0
DA:217,0
DA:224,0
DA:229,0
DA:230,0
DA:231,0
DA:232,0
DA:234,0
DA:240,0
DA:241,0
DA:242,0
DA:243,0
DA:245,0
DA:246,0
DA:247,0
DA:249,0
DA:256,0
DA:260,0
DA:261,0
DA:262,0
DA:263,0
DA:265,0
DA:266,0
DA:274,0
DA:278,0
DA:279,0
DA:280,0
DA:281,0
DA:284,0
DA:285,0
DA:286,0
DA:287,0
DA:289,0
DA:291,0
DA:292,0
DA:300,0
DA:305,0
DA:306,0
DA:307,0
DA:310,0
DA:311,0
DA:312,0
DA:315,0
DA:317,0
DA:318,0
DA:326,0
DA:332,0
DA:333,0
DA:334,0
DA:335,0
DA:338,0
DA:339,0
DA:340,0
DA:341,0
DA:344,0
DA:345,0
DA:346,0
DA:350,0
DA:351,0
DA:352,0
DA:355,0
DA:357,0
DA:358,0
DA:366,0
DA:372,0
DA:373,0
DA:374,0
DA:375,0
DA:378,0
DA:379,0
DA:380,0
DA:381,0
DA:384,0
DA:385,0
DA:386,0
DA:390,0
DA:391,0
DA:392,0
DA:395,0
DA:397,0
DA:398,0
DA:403,0
LF:148
LH:0
BRDA:77,0,0,0
BRDA:77,0,1,0
BRDA:90,1,0,0
BRDA:98,2,0,0
BRDA:98,2,1,0
BRDA:111,3,0,0
BRDA:114,4,0,0
BRDA:117,5,0,0
BRDA:123,6,0,0
BRDA:126,7,0,0
BRDA:134,8,0,0
BRDA:134,8,1,0
BRDA:135,9,0,0
BRDA:135,9,1,0
BRDA:136,10,0,0
BRDA:136,10,1,0
BRDA:144,11,0,0
BRDA:144,11,1,0
BRDA:144,12,0,0
BRDA:144,12,1,0
BRDA:152,13,0,0
BRDA:152,13,1,0
BRDA:152,14,0,0
BRDA:152,14,1,0
BRDA:160,15,0,0
BRDA:160,15,1,0
BRDA:161,16,0,0
BRDA:161,16,1,0
BRDA:163,17,0,0
BRDA:163,17,1,0
BRDA:164,18,0,0
BRDA:164,18,1,0
BRDA:173,19,0,0
BRDA:173,19,1,0
BRDA:174,20,0,0
BRDA:174,20,1,0
BRDA:177,21,0,0
BRDA:177,21,1,0
BRDA:177,21,2,0
BRDA:184,22,0,0
BRDA:184,22,1,0
BRDA:186,23,0,0
BRDA:186,23,1,0
BRDA:198,24,0,0
BRDA:198,24,1,0
BRDA:198,24,2,0
BRDA:213,25,0,0
BRDA:213,25,1,0
BRDA:230,26,0,0
BRDA:230,26,1,0
BRDA:243,27,0,0
BRDA:243,27,1,0
BRDA:245,28,0,0
BRDA:245,28,1,0
BRDA:245,29,0,0
BRDA:245,29,1,0
BRDA:280,30,0,0
BRDA:280,30,1,0
BRDA:286,31,0,0
BRDA:286,31,1,0
BRDA:310,32,0,0
BRDA:310,32,1,0
BRDA:334,33,0,0
BRDA:334,33,1,0
BRDA:340,34,0,0
BRDA:340,34,1,0
BRDA:345,35,0,0
BRDA:345,35,1,0
BRDA:350,36,0,0
BRDA:350,36,1,0
BRDA:374,37,0,0
BRDA:374,37,1,0
BRDA:380,38,0,0
BRDA:380,38,1,0
BRDA:385,39,0,0
BRDA:385,39,1,0
BRDA:390,40,0,0
BRDA:390,40,1,0
BRF:78
BRH:0
end_of_record
TN:
SF:server/utils/validators.ts
FN:12,generateChurchCode
FN:15,(anonymous_1)
FN:17,(anonymous_2)
FN:30,generateDistrictCode
FN:33,(anonymous_4)
FN:35,(anonymous_5)
FN:47,isValidCpfFormat
FN:57,formatCpf
FN:68,isValidPhoneFormat
FN:78,formatPhone
FN:94,isValidEmail
FN:104,normalizeString
FN:117,sanitizeForCode
FN:130,generateUniqueId
FN:142,truncateString
FN:152,capitalizeWords
FN:156,(anonymous_16)
FN:165,calculateAge
FN:181,isValidDate
FNF:19
FNH:0
FNDA:0,generateChurchCode
FNDA:0,(anonymous_1)
FNDA:0,(anonymous_2)
FNDA:0,generateDistrictCode
FNDA:0,(anonymous_4)
FNDA:0,(anonymous_5)
FNDA:0,isValidCpfFormat
FNDA:0,formatCpf
FNDA:0,isValidPhoneFormat
FNDA:0,formatPhone
FNDA:0,isValidEmail
FNDA:0,normalizeString
FNDA:0,sanitizeForCode
FNDA:0,generateUniqueId
FNDA:0,truncateString
FNDA:0,capitalizeWords
FNDA:0,(anonymous_16)
FNDA:0,calculateAge
FNDA:0,isValidDate
DA:12,0
DA:13,0
DA:15,0
DA:17,0
DA:21,0
DA:30,0
DA:31,0
DA:33,0
DA:35,0
DA:39,0
DA:47,0
DA:48,0
DA:49,0
DA:57,0
DA:58,0
DA:59,0
DA:60,0
DA:68,0
DA:69,0
DA:70,0
DA:78,0
DA:79,0
DA:80,0
DA:81,0
DA:83,0
DA:84,0
DA:86,0
DA:94,0
DA:95,0
DA:96,0
DA:104,0
DA:105,0
DA:117,0
DA:118,0
DA:130,0
DA:131,0
DA:132,0
DA:133,0
DA:142,0
DA:143,0
DA:144,0
DA:152,0
DA:153,0
DA:156,0
DA:165,0
DA:166,0
DA:167,0
DA:168,0
DA:169,0
DA:170,0
DA:171,0
DA:173,0
DA:181,0
DA:182,0
DA:183,0
DA:185,0
DA:186,0
DA:187,0
DA:189,0
DA:192,0
LF:60
LH:0
BRDA:21,0,0,0
BRDA:21,0,1,0
BRDA:39,1,0,0
BRDA:39,1,1,0
BRDA:59,2,0,0
BRDA:59,2,1,0
BRDA:70,3,0,0
BRDA:70,3,1,0
BRDA:80,4,0,0
BRDA:80,4,1,0
BRDA:83,5,0,0
BRDA:83,5,1,0
BRDA:130,6,0,0
BRDA:143,7,0,0
BRDA:143,7,1,0
BRDA:166,8,0,0
BRDA:166,8,1,0
BRDA:170,9,0,0
BRDA:170,9,1,0
BRDA:170,10,0,0
BRDA:170,10,1,0
BRDA:170,10,2,0
BRDA:182,11,0,0
BRDA:182,11,1,0
BRDA:185,12,0,0
BRDA:185,12,1,0
BRF:26
BRH:0
end_of_record
